<?xml version="1.0" encoding="UTF-8"?>

<!-- generated on Sun Apr 30 18:24:55 2017 by SUMO gui Version 0.21.0
<?xml version="1.0" encoding="UTF-8"?>

<configuration xmlns:xsi="http://www.w3.org/2001/XMLSchema-instance" xsi:noNamespaceSchemaLocation="http://sumo-sim.org/xsd/sumo-gui.exeConfiguration.xsd">

    <input>
        <net-file value="test_scenario/test.net.xml"/>
        <route-files value="test_scenario/test.rou.xml"/>
    </input>

    <output>
        <summary-output value="test_scenario/test-summary.xml"/>
        <tripinfo-output value="test_scenario/test-tripinfo.xml"/>
        <vehroute-output value="test_scenario/test-route.rou.xml"/>
        <vehroute-output.last-route value="true"/>
        <vehroute-output.sorted value="true"/>
        <save-state.prefix value="test_scenario/state"/>
    </output>

    <time>
        <begin value="100"/>
        <end value="600"/>
        <step-length value="0.100000"/>
    </time>

    <processing>
        <ignore-junction-blocker value="20"/>
        <time-to-teleport value="600"/>
        <max-depart-delay value="600"/>
    </processing>

    <report>
        <verbose value="true"/>
    </report>

    <emissions>
        <phemlight-path value="test_scenario/./PHEMlight/"/>
        <device.emissions.probability value="1"/>
    </emissions>

</configuration>
-->

<tripinfos xmlns:xsi="http://www.w3.org/2001/XMLSchema-instance" xsi:noNamespaceSchemaLocation="http://sumo-sim.org/xsd/tripinfo_file.xsd">
    <tripinfo id="201" depart="100.50" departLane="7/9to6/9_0" departPos="4.10" departSpeed="0.00" departDelay="0.00" arrival="249.70" arrivalLane="6/1to6/0_0" arrivalPos="95.25" arrivalSpeed="13.90" duration="149.20" routeLength="905.65" waitSteps="633" rerouteNo="0" devices="vehroute_201 tripinfo_201 emissions_201" vType="HumanStandard" vaporized="">
        <emissions CO_abs="2086.266844" CO2_abs="245131.103265" HC_abs="66.607229" PMx_abs="24.448741" NOx_abs="472.531102" fuel_abs="97.730063"/>
    </tripinfo>
    <tripinfo id="240" depart="120.00" departLane="10/11to10/10_0" departPos="4.10" departSpeed="0.00" departDelay="0.00" arrival="271.00" arrivalLane="9/1to9/0_0" arrivalPos="95.25" arrivalSpeed="13.90" duration="151.00" routeLength="1091.40" waitSteps="525" rerouteNo="0" devices="vehroute_240 tripinfo_240 emissions_240" vType="HumanStandard" vaporized="">
        <emissions CO_abs="1725.405908" CO2_abs="262263.668718" HC_abs="65.230809" PMx_abs="23.822775" NOx_abs="489.003188" fuel_abs="104.560583"/>
    </tripinfo>
    <tripinfo id="235" depart="117.50" departLane="6/9to6/8_0" departPos="4.10" departSpeed="0.00" departDelay="0.00" arrival="280.00" arrivalLane="7/1to7/0_0" arrivalPos="95.25" arrivalSpeed="13.90" duration="162.50" routeLength="905.65" waitSteps="705" rerouteNo="0" devices="vehroute_235 tripinfo_235 emissions_235" vType="HumanStandard" vaporized="">
        <emissions CO_abs="2853.717389" CO2_abs="273058.086306" HC_abs="79.310997" PMx_abs="30.004067" NOx_abs="546.207029" fuel_abs="108.864104"/>
    </tripinfo>
    <tripinfo id="217" depart="108.50" departLane="0/8to1/8_0" departPos="4.10" departSpeed="0.00" departDelay="0.00" arrival="287.10" arrivalLane="8/9to9/9_0" arrivalPos="90.50" arrivalSpeed="13.90" duration="178.60" routeLength="905.65" waitSteps="861" rerouteNo="0" devices="vehroute_217 tripinfo_217 emissions_217" vType="HumanStandard" vaporized="">
        <emissions CO_abs="2892.531499" CO2_abs="276165.677898" HC_abs="81.131952" PMx_abs="30.150736" NOx_abs="550.845403" fuel_abs="110.103052"/>
    </tripinfo>
    <tripinfo id="212" depart="106.00" departLane="10/9to9/9_0" departPos="4.10" departSpeed="0.00" departDelay="0.00" arrival="294.70" arrivalLane="9/1to9/0_0" arrivalPos="95.25" arrivalSpeed="13.90" duration="188.70" routeLength="905.65" waitSteps="985" rerouteNo="0" devices="vehroute_212 tripinfo_212 emissions_212" vType="HumanStandard" vaporized="">
        <emissions CO_abs="2485.520144" CO2_abs="262913.704884" HC_abs="75.051726" PMx_abs="27.211285" NOx_abs="513.534245" fuel_abs="104.819704"/>
    </tripinfo>
    <tripinfo id="287" depart="143.50" departLane="3/11to3/10_0" departPos="4.10" departSpeed="0.00" departDelay="0.00" arrival="302.40" arrivalLane="7/3to8/3_0" arrivalPos="90.50" arrivalSpeed="13.90" duration="158.90" routeLength="1177.15" waitSteps="509" rerouteNo="0" devices="vehroute_287 tripinfo_287 emissions_287" vType="HumanStandard" vaporized="">
        <emissions CO_abs="2300.929053" CO2_abs="298745.603866" HC_abs="77.153418" PMx_abs="28.997928" NOx_abs="570.433167" fuel_abs="119.105368"/>
    </tripinfo>
    <tripinfo id="282" depart="141.00" departLane="8/1to9/1_0" departPos="4.10" departSpeed="0.00" departDelay="0.00" arrival="303.40" arrivalLane="9/10to10/10_0" arrivalPos="90.50" arrivalSpeed="13.90" duration="162.40" routeLength="991.40" waitSteps="663" rerouteNo="0" devices="vehroute_282 tripinfo_282 emissions_282" vType="HumanStandard" vaporized="">
        <emissions CO_abs="2926.080659" CO2_abs="288295.798763" HC_abs="82.537097" PMx_abs="31.137200" NOx_abs="573.994690" fuel_abs="114.939152"/>
    </tripinfo>
    <tripinfo id="231" depart="115.50" departLane="3/11to3/10_0" departPos="4.10" departSpeed="0.00" departDelay="0.00" arrival="317.80" arrivalLane="4/1to4/2_0" arrivalPos="90.50" arrivalSpeed="6.18" duration="202.30" routeLength="1086.65" waitSteps="910" rerouteNo="0" devices="vehroute_231 tripinfo_231 emissions_231" vType="HumanStandard" vaporized="">
        <emissions CO_abs="3013.662542" CO2_abs="310297.548514" HC_abs="88.188263" PMx_abs="32.844798" NOx_abs="611.560624" fuel_abs="123.710921"/>
    </tripinfo>
    <tripinfo id="216" depart="108.00" departLane="3/2to3/3_0" departPos="4.10" departSpeed="0.00" departDelay="0.00" arrival="317.80" arrivalLane="8/9to9/9_0" arrivalPos="90.50" arrivalSpeed="6.18" duration="209.80" routeLength="1172.40" waitSteps="955" rerouteNo="0" devices="vehroute_216 tripinfo_216 emissions_216" vType="HumanStandard" vaporized="">
        <emissions CO_abs="2321.739734" CO2_abs="297040.692984" HC_abs="77.974516" PMx_abs="28.757222" NOx_abs="566.453642" fuel_abs="118.425641"/>
    </tripinfo>
    <tripinfo id="274" depart="137.00" departLane="0/8to1/8_0" departPos="4.10" departSpeed="0.00" departDelay="0.00" arrival="320.30" arrivalLane="8/8to9/8_0" arrivalPos="90.50" arrivalSpeed="8.94" duration="183.30" routeLength="815.15" waitSteps="1004" rerouteNo="0" devices="vehroute_274 tripinfo_274 emissions_274" vType="HumanStandard" vaporized="">
        <emissions CO_abs="2225.034711" CO2_abs="235754.698421" HC_abs="67.922263" PMx_abs="24.207855" NOx_abs="458.962644" fuel_abs="93.991818"/>
    </tripinfo>
    <tripinfo id="221" depart="110.50" departLane="0/3to1/3_0" departPos="4.10" departSpeed="0.00" departDelay="0.00" arrival="324.60" arrivalLane="9/6to9/5_0" arrivalPos="90.50" arrivalSpeed="13.90" duration="214.10" routeLength="1177.15" waitSteps="973" rerouteNo="0" devices="vehroute_221 tripinfo_221 emissions_221" vType="HumanStandard" vaporized="">
        <emissions CO_abs="3069.793039" CO2_abs="328295.897618" HC_abs="91.166851" PMx_abs="34.362191" NOx_abs="644.643668" fuel_abs="130.886596"/>
    </tripinfo>
    <tripinfo id="218" depart="109.00" departLane="3/7to2/7_0" departPos="4.10" departSpeed="0.00" departDelay="0.00" arrival="325.00" arrivalLane="9/1to9/0_0" arrivalPos="95.25" arrivalSpeed="13.90" duration="216.00" routeLength="1358.15" waitSteps="893" rerouteNo="0" devices="vehroute_218 tripinfo_218 emissions_218" vType="HumanStandard" vaporized="">
        <emissions CO_abs="2795.386234" CO2_abs="351532.432713" HC_abs="92.840799" PMx_abs="34.242700" NOx_abs="671.928018" fuel_abs="140.150675"/>
    </tripinfo>
    <tripinfo id="305" depart="152.50" departLane="6/8to6/7_0" departPos="4.10" departSpeed="0.00" departDelay="0.00" arrival="325.30" arrivalLane="1/1to1/0_0" arrivalPos="95.25" arrivalSpeed="13.90" duration="172.80" routeLength="1177.15" waitSteps="597" rerouteNo="0" devices="vehroute_305 tripinfo_305 emissions_305" vType="HumanStandard" vaporized="">
        <emissions CO_abs="2859.551507" CO2_abs="319863.925562" HC_abs="86.881132" PMx_abs="32.993309" NOx_abs="624.629659" fuel_abs="127.524905"/>
    </tripinfo>
    <tripinfo id="210" depart="105.00" departLane="9/3to10/3_0" departPos="4.10" departSpeed="0.00" departDelay="0.00" arrival="326.70" arrivalLane="1/1to0/1_0" arrivalPos="95.25" arrivalSpeed="13.90" duration="221.70" routeLength="1177.15" waitSteps="1051" rerouteNo="0" devices="vehroute_210 tripinfo_210 emissions_210" vType="HumanStandard" vaporized="">
        <emissions CO_abs="3075.110112" CO2_abs="327800.829069" HC_abs="91.260860" PMx_abs="34.332391" NOx_abs="643.765030" fuel_abs="130.689219"/>
    </tripinfo>
    <tripinfo id="214" depart="107.00" departLane="0/4to1/4_0" departPos="4.10" departSpeed="0.00" departDelay="0.00" arrival="327.30" arrivalLane="9/8to9/9_0" arrivalPos="90.50" arrivalSpeed="13.90" duration="220.30" routeLength="1267.65" waitSteps="943" rerouteNo="0" devices="vehroute_214 tripinfo_214 emissions_214" vType="HumanStandard" vaporized="">
        <emissions CO_abs="3408.825612" CO2_abs="357154.411554" HC_abs="99.297056" PMx_abs="37.912232" NOx_abs="705.106862" fuel_abs="142.392046"/>
    </tripinfo>
    <tripinfo id="228" depart="114.00" departLane="5/10to4/10_0" departPos="4.10" departSpeed="0.00" departDelay="0.00" arrival="328.50" arrivalLane="9/1to9/0_0" arrivalPos="95.25" arrivalSpeed="13.90" duration="214.50" routeLength="1448.65" waitSteps="732" rerouteNo="0" devices="vehroute_228 tripinfo_228 emissions_228" vType="HumanStandard" vaporized="">
        <emissions CO_abs="3492.758481" CO2_abs="391613.232315" HC_abs="106.079015" PMx_abs="40.393982" NOx_abs="764.862088" fuel_abs="156.130267"/>
    </tripinfo>
    <tripinfo id="242" depart="121.00" departLane="7/1to8/1_0" departPos="4.10" departSpeed="0.00" departDelay="0.00" arrival="332.10" arrivalLane="5/9to5/10_0" arrivalPos="90.50" arrivalSpeed="13.90" duration="211.10" routeLength="1172.40" waitSteps="992" rerouteNo="0" devices="vehroute_242 tripinfo_242 emissions_242" vType="HumanStandard" vaporized="">
        <emissions CO_abs="2617.919165" CO2_abs="312551.361602" HC_abs="84.428633" PMx_abs="30.990339" NOx_abs="601.129953" fuel_abs="124.609502"/>
    </tripinfo>
    <tripinfo id="215" depart="107.50" departLane="10/4to10/5_0" departPos="4.10" departSpeed="0.00" departDelay="0.00" arrival="335.40" arrivalLane="1/3to1/2_0" arrivalPos="90.50" arrivalSpeed="13.23" duration="227.90" routeLength="1172.40" waitSteps="1086" rerouteNo="0" devices="vehroute_215 tripinfo_215 emissions_215" vType="HumanStandard" vaporized="">
        <emissions CO_abs="3496.436098" CO2_abs="342541.790469" HC_abs="97.815002" PMx_abs="37.411660" NOx_abs="683.898463" fuel_abs="136.566204"/>
    </tripinfo>
    <tripinfo id="260" depart="132.00" departLane="6/1to6/2_0" departPos="4.10" departSpeed="0.00" departDelay="2.00" arrival="339.30" arrivalLane="2/9to2/10_0" arrivalPos="90.50" arrivalSpeed="13.90" duration="207.30" routeLength="1172.40" waitSteps="953" rerouteNo="0" devices="vehroute_260 tripinfo_260 emissions_260" vType="HumanStandard" vaporized="">
        <emissions CO_abs="2585.872960" CO2_abs="311780.332119" HC_abs="84.271629" PMx_abs="30.700762" NOx_abs="598.066588" fuel_abs="124.302105"/>
    </tripinfo>
    <tripinfo id="255" depart="127.50" departLane="8/1to9/1_0" departPos="4.10" departSpeed="0.00" departDelay="0.00" arrival="340.60" arrivalLane="5/10to5/11_0" arrivalPos="95.25" arrivalSpeed="13.90" duration="213.10" routeLength="1358.15" waitSteps="852" rerouteNo="0" devices="vehroute_255 tripinfo_255 emissions_255" vType="HumanStandard" vaporized="">
        <emissions CO_abs="2979.126081" CO2_abs="356660.672167" HC_abs="94.832897" PMx_abs="35.691513" NOx_abs="688.672363" fuel_abs="142.195221"/>
    </tripinfo>
    <tripinfo id="220" depart="110.00" departLane="5/2to4/2_0" departPos="4.10" departSpeed="0.00" departDelay="0.00" arrival="340.60" arrivalLane="2/10to2/11_0" arrivalPos="95.25" arrivalSpeed="13.90" duration="230.60" routeLength="1086.65" waitSteps="1261" rerouteNo="0" devices="vehroute_220 tripinfo_220 emissions_220" vType="HumanStandard" vaporized="">
        <emissions CO_abs="2607.712629" CO2_abs="304272.785800" HC_abs="86.387856" PMx_abs="29.549181" NOx_abs="579.785714" fuel_abs="121.308952"/>
    </tripinfo>
    <tripinfo id="206" depart="103.00" departLane="3/11to3/10_0" departPos="4.10" departSpeed="0.00" departDelay="0.00" arrival="341.40" arrivalLane="1/3to1/2_0" arrivalPos="90.50" arrivalSpeed="9.63" duration="238.40" routeLength="996.15" waitSteps="1330" rerouteNo="0" devices="vehroute_206 tripinfo_206 emissions_206" vType="HumanStandard" vaporized="">
        <emissions CO_abs="3283.388901" CO2_abs="305473.732409" HC_abs="92.022850" PMx_abs="33.250951" NOx_abs="609.181219" fuel_abs="121.787719"/>
    </tripinfo>
    <tripinfo id="290" depart="145.00" departLane="3/1to3/2_0" departPos="4.10" departSpeed="0.00" departDelay="0.00" arrival="346.50" arrivalLane="10/6to10/7_0" arrivalPos="90.50" arrivalSpeed="13.90" duration="201.50" routeLength="1172.40" waitSteps="866" rerouteNo="0" devices="vehroute_290 tripinfo_290 emissions_290" vType="HumanStandard" vaporized="">
        <emissions CO_abs="2581.722980" CO2_abs="306208.796437" HC_abs="80.425913" PMx_abs="31.088004" NOx_abs="594.739204" fuel_abs="122.080820"/>
    </tripinfo>
    <tripinfo id="209" depart="104.50" departLane="5/9to4/9_0" departPos="4.10" departSpeed="0.00" departDelay="0.00" arrival="346.90" arrivalLane="1/1to1/0_0" arrivalPos="95.25" arrivalSpeed="13.90" duration="242.40" routeLength="1177.15" waitSteps="1236" rerouteNo="0" devices="vehroute_209 tripinfo_209 emissions_209" vType="HumanStandard" vaporized="">
        <emissions CO_abs="3206.433385" CO2_abs="343447.163817" HC_abs="99.528730" PMx_abs="34.835477" NOx_abs="665.353375" fuel_abs="136.927171"/>
    </tripinfo>
    <tripinfo id="371" depart="185.50" departLane="3/0to3/1_0" departPos="4.10" departSpeed="0.00" departDelay="0.00" arrival="347.40" arrivalLane="3/9to3/10_0" arrivalPos="90.50" arrivalSpeed="13.90" duration="161.90" routeLength="905.65" waitSteps="777" rerouteNo="0" devices="vehroute_371 tripinfo_371 emissions_371" vType="HumanStandard" vaporized="">
        <emissions CO_abs="1680.037318" CO2_abs="230248.427581" HC_abs="60.072442" PMx_abs="21.470422" NOx_abs="432.957946" fuel_abs="91.796578"/>
    </tripinfo>
    <tripinfo id="205" depart="102.50" departLane="10/5to9/5_0" departPos="4.10" departSpeed="0.00" departDelay="0.00" arrival="347.60" arrivalLane="1/8to0/8_0" arrivalPos="95.25" arrivalSpeed="13.90" duration="245.10" routeLength="1177.15" waitSteps="1244" rerouteNo="0" devices="vehroute_205 tripinfo_205 emissions_205" vType="HumanStandard" vaporized="">
        <emissions CO_abs="3205.479562" CO2_abs="337383.890210" HC_abs="95.708043" PMx_abs="35.196894" NOx_abs="661.183032" fuel_abs="134.509836"/>
    </tripinfo>
    <tripinfo id="252" depart="126.00" departLane="10/4to10/5_0" departPos="4.10" departSpeed="0.00" departDelay="0.00" arrival="348.40" arrivalLane="1/8to0/8_0" arrivalPos="95.25" arrivalSpeed="13.90" duration="222.40" routeLength="1267.65" waitSteps="950" rerouteNo="0" devices="vehroute_252 tripinfo_252 emissions_252" vType="HumanStandard" vaporized="">
        <emissions CO_abs="3123.694905" CO2_abs="349487.178539" HC_abs="96.689204" PMx_abs="35.563781" NOx_abs="678.737301" fuel_abs="139.335243"/>
    </tripinfo>
    <tripinfo id="233" depart="116.50" departLane="6/0to6/1_0" departPos="4.10" departSpeed="0.00" departDelay="0.00" arrival="349.10" arrivalLane="1/9to0/9_0" arrivalPos="95.25" arrivalSpeed="13.90" duration="232.60" routeLength="1362.90" waitSteps="1002" rerouteNo="0" devices="vehroute_233 tripinfo_233 emissions_233" vType="HumanStandard" vaporized="">
        <emissions CO_abs="3230.755320" CO2_abs="368956.621004" HC_abs="101.646212" PMx_abs="37.029033" NOx_abs="713.410314" fuel_abs="147.097418"/>
    </tripinfo>
    <tripinfo id="271" depart="135.50" departLane="8/1to7/1_0" departPos="4.10" departSpeed="0.00" departDelay="0.00" arrival="350.60" arrivalLane="5/9to5/10_0" arrivalPos="90.50" arrivalSpeed="8.88" duration="215.10" routeLength="1081.90" waitSteps="1083" rerouteNo="0" devices="vehroute_271 tripinfo_271 emissions_271" vType="HumanStandard" vaporized="">
        <emissions CO_abs="2276.732621" CO2_abs="282347.241928" HC_abs="76.286929" PMx_abs="27.297443" NOx_abs="537.912170" fuel_abs="112.567578"/>
    </tripinfo>
    <tripinfo id="347" depart="173.50" departLane="10/8to9/8_0" departPos="4.10" departSpeed="0.00" departDelay="0.00" arrival="351.80" arrivalLane="3/3to2/3_0" arrivalPos="90.50" arrivalSpeed="13.90" duration="178.30" routeLength="1172.40" waitSteps="730" rerouteNo="0" devices="vehroute_347 tripinfo_347 emissions_347" vType="HumanStandard" vaporized="">
        <emissions CO_abs="1821.572121" CO2_abs="278514.266604" HC_abs="68.345514" PMx_abs="25.460746" NOx_abs="520.640970" fuel_abs="111.039455"/>
    </tripinfo>
    <tripinfo id="276" depart="138.00" departLane="4/3to4/4_0" departPos="4.10" departSpeed="0.00" departDelay="0.00" arrival="353.80" arrivalLane="10/9to11/9_0" arrivalPos="95.25" arrivalSpeed="13.90" duration="215.80" routeLength="1177.15" waitSteps="1009" rerouteNo="0" devices="vehroute_276 tripinfo_276 emissions_276" vType="HumanStandard" vaporized="">
        <emissions CO_abs="2581.740020" CO2_abs="306422.115494" HC_abs="80.459559" PMx_abs="31.101823" NOx_abs="595.097909" fuel_abs="122.165867"/>
    </tripinfo>
    <tripinfo id="314" depart="157.00" departLane="9/9to9/10_0" departPos="4.10" departSpeed="0.00" departDelay="0.00" arrival="354.10" arrivalLane="6/1to6/0_0" arrivalPos="95.25" arrivalSpeed="13.90" duration="197.10" routeLength="1267.65" waitSteps="757" rerouteNo="0" devices="vehroute_314 tripinfo_314 emissions_314" vType="HumanStandard" vaporized="">
        <emissions CO_abs="2664.531518" CO2_abs="331587.378900" HC_abs="88.119980" PMx_abs="32.376300" NOx_abs="634.277483" fuel_abs="132.198880"/>
    </tripinfo>
    <tripinfo id="208" depart="104.00" departLane="3/8to4/8_0" departPos="4.10" departSpeed="0.00" departDelay="0.00" arrival="355.80" arrivalLane="10/3to11/3_0" arrivalPos="95.25" arrivalSpeed="13.90" duration="251.80" routeLength="1177.15" waitSteps="1348" rerouteNo="0" devices="vehroute_208 tripinfo_208 emissions_208" vType="HumanStandard" vaporized="">
        <emissions CO_abs="3092.703770" CO2_abs="334671.140724" HC_abs="94.950782" PMx_abs="34.246299" NOx_abs="650.825803" fuel_abs="133.428307"/>
    </tripinfo>
    <tripinfo id="222" depart="111.00" departLane="8/1to7/1_0" departPos="4.10" departSpeed="0.00" departDelay="0.00" arrival="356.00" arrivalLane="5/10to5/11_0" arrivalPos="95.25" arrivalSpeed="13.90" duration="245.00" routeLength="1177.15" waitSteps="1325" rerouteNo="0" devices="vehroute_222 tripinfo_222 emissions_222" vType="HumanStandard" vaporized="">
        <emissions CO_abs="2628.887511" CO2_abs="321177.208046" HC_abs="89.858356" PMx_abs="30.587126" NOx_abs="607.659671" fuel_abs="128.048495"/>
    </tripinfo>
    <tripinfo id="402" depart="201.00" departLane="6/0to6/1_0" departPos="4.10" departSpeed="0.00" departDelay="0.00" arrival="356.00" arrivalLane="6/10to6/11_0" arrivalPos="95.25" arrivalSpeed="13.90" duration="155.00" routeLength="1000.90" waitSteps="609" rerouteNo="0" devices="vehroute_402 tripinfo_402 emissions_402" vType="HumanStandard" vaporized="">
        <emissions CO_abs="2301.392864" CO2_abs="268223.245484" HC_abs="72.060099" PMx_abs="27.131016" NOx_abs="519.884088" fuel_abs="106.936552"/>
    </tripinfo>
    <tripinfo id="263" depart="131.50" departLane="10/9to10/8_0" departPos="4.10" departSpeed="0.00" departDelay="0.00" arrival="362.70" arrivalLane="2/3to3/3_0" arrivalPos="90.50" arrivalSpeed="6.07" duration="231.20" routeLength="1353.40" waitSteps="959" rerouteNo="0" devices="vehroute_263 tripinfo_263 emissions_263" vType="HumanStandard" vaporized="">
        <emissions CO_abs="3450.032149" CO2_abs="369788.588311" HC_abs="101.684728" PMx_abs="38.905723" NOx_abs="727.814880" fuel_abs="147.429104"/>
    </tripinfo>
    <tripinfo id="284" depart="142.00" departLane="8/11to8/10_0" departPos="4.10" departSpeed="0.00" departDelay="0.00" arrival="362.80" arrivalLane="6/2to7/2_0" arrivalPos="90.50" arrivalSpeed="6.18" duration="220.80" routeLength="1086.65" waitSteps="1084" rerouteNo="0" devices="vehroute_284 tripinfo_284 emissions_284" vType="HumanStandard" vaporized="">
        <emissions CO_abs="3402.604539" CO2_abs="323336.469771" HC_abs="93.940647" PMx_abs="35.701039" NOx_abs="648.082497" fuel_abs="128.909329"/>
    </tripinfo>
    <tripinfo id="350" depart="175.00" departLane="9/3to9/4_0" departPos="4.10" departSpeed="0.00" departDelay="0.00" arrival="362.80" arrivalLane="3/9to2/9_0" arrivalPos="90.50" arrivalSpeed="6.19" duration="187.80" routeLength="1172.40" waitSteps="748" rerouteNo="0" devices="vehroute_350 tripinfo_350 emissions_350" vType="HumanStandard" vaporized="">
        <emissions CO_abs="2583.212665" CO2_abs="308476.848682" HC_abs="83.265847" PMx_abs="30.617846" NOx_abs="593.429385" fuel_abs="122.985055"/>
    </tripinfo>
    <tripinfo id="248" depart="124.00" departLane="4/11to4/10_0" departPos="4.10" departSpeed="0.00" departDelay="0.00" arrival="362.80" arrivalLane="9/1to9/2_0" arrivalPos="90.50" arrivalSpeed="6.18" duration="238.80" routeLength="1448.65" waitSteps="913" rerouteNo="0" devices="vehroute_248 tripinfo_248 emissions_248" vType="HumanStandard" vaporized="">
        <emissions CO_abs="3656.171803" CO2_abs="396816.825449" HC_abs="109.132919" PMx_abs="41.437423" NOx_abs="778.379380" fuel_abs="158.204854"/>
    </tripinfo>
    <tripinfo id="295" depart="147.50" departLane="1/4to1/3_0" departPos="4.10" departSpeed="0.00" departDelay="0.00" arrival="365.80" arrivalLane="9/2to10/2_0" arrivalPos="90.50" arrivalSpeed="4.11" duration="218.30" routeLength="991.40" waitSteps="1123" rerouteNo="0" devices="vehroute_295 tripinfo_295 emissions_295" vType="HumanStandard" vaporized="">
        <emissions CO_abs="2688.007662" CO2_abs="284079.748455" HC_abs="82.001904" PMx_abs="29.177159" NOx_abs="553.091414" fuel_abs="113.258282"/>
    </tripinfo>
    <tripinfo id="213" depart="106.50" departLane="3/8to3/7_0" departPos="4.10" departSpeed="0.00" departDelay="0.00" arrival="369.10" arrivalLane="9/1to10/1_0" arrivalPos="90.50" arrivalSpeed="8.60" duration="262.60" routeLength="1262.90" waitSteps="1285" rerouteNo="0" devices="vehroute_213 tripinfo_213 emissions_213" vType="HumanStandard" vaporized="">
        <emissions CO_abs="3558.104210" CO2_abs="363001.490400" HC_abs="103.295266" PMx_abs="38.581940" NOx_abs="716.979949" fuel_abs="144.723179"/>
    </tripinfo>
    <tripinfo id="226" depart="113.00" departLane="8/11to8/10_0" departPos="4.10" departSpeed="0.00" departDelay="0.00" arrival="369.60" arrivalLane="6/1to6/2_0" arrivalPos="90.50" arrivalSpeed="13.90" duration="256.60" routeLength="1177.15" waitSteps="1362" rerouteNo="0" devices="vehroute_226 tripinfo_226 emissions_226" vType="HumanStandard" vaporized="">
        <emissions CO_abs="3505.592378" CO2_abs="349085.417852" HC_abs="101.714964" PMx_abs="37.173442" NOx_abs="689.357843" fuel_abs="139.175048"/>
    </tripinfo>
    <tripinfo id="309" depart="154.50" departLane="5/0to5/1_0" departPos="4.10" departSpeed="0.00" departDelay="0.00" arrival="369.70" arrivalLane="5/9to4/9_0" arrivalPos="90.50" arrivalSpeed="13.90" duration="215.20" routeLength="905.65" waitSteps="1241" rerouteNo="0" devices="vehroute_309 tripinfo_309 emissions_309" vType="HumanStandard" vaporized="">
        <emissions CO_abs="2703.745004" CO2_abs="279103.142596" HC_abs="84.210114" PMx_abs="28.207436" NOx_abs="539.345332" fuel_abs="111.274178"/>
    </tripinfo>
    <tripinfo id="281" depart="140.50" departLane="5/0to5/1_0" departPos="4.10" departSpeed="0.00" departDelay="0.00" arrival="370.00" arrivalLane="1/10to1/9_0" arrivalPos="90.50" arrivalSpeed="13.90" duration="229.50" routeLength="1358.15" waitSteps="949" rerouteNo="0" devices="vehroute_281 tripinfo_281 emissions_281" vType="HumanStandard" vaporized="">
        <emissions CO_abs="3464.567470" CO2_abs="375750.674740" HC_abs="103.661945" PMx_abs="39.138774" NOx_abs="736.476500" fuel_abs="149.806099"/>
    </tripinfo>
    <tripinfo id="338" depart="169.00" departLane="1/0to1/1_0" departPos="4.10" departSpeed="0.00" departDelay="0.00" arrival="373.40" arrivalLane="2/9to3/9_0" arrivalPos="90.50" arrivalSpeed="13.90" duration="204.40" routeLength="996.15" waitSteps="1065" rerouteNo="0" devices="vehroute_338 tripinfo_338 emissions_338" vType="HumanStandard" vaporized="">
        <emissions CO_abs="2728.724055" CO2_abs="289374.697513" HC_abs="84.698967" PMx_abs="29.221458" NOx_abs="560.251623" fuel_abs="115.369297"/>
    </tripinfo>
    <tripinfo id="262" depart="131.00" departLane="7/0to7/1_0" departPos="4.10" departSpeed="0.00" departDelay="0.00" arrival="377.80" arrivalLane="5/10to4/10_0" arrivalPos="90.50" arrivalSpeed="8.79" duration="246.80" routeLength="1177.15" waitSteps="1175" rerouteNo="0" devices="vehroute_262 tripinfo_262 emissions_262" vType="HumanStandard" vaporized="">
        <emissions CO_abs="3400.286734" CO2_abs="342088.670685" HC_abs="98.773962" PMx_abs="36.393040" NOx_abs="675.470506" fuel_abs="136.385550"/>
    </tripinfo>
    <tripinfo id="359" depart="179.50" departLane="6/0to6/1_0" departPos="4.10" departSpeed="0.00" departDelay="0.00" arrival="379.90" arrivalLane="8/9to8/10_0" arrivalPos="90.50" arrivalSpeed="13.90" duration="200.40" routeLength="1086.65" waitSteps="954" rerouteNo="0" devices="vehroute_359 tripinfo_359 emissions_359" vType="HumanStandard" vaporized="">
        <emissions CO_abs="2631.333861" CO2_abs="299444.068986" HC_abs="82.898399" PMx_abs="30.112820" NOx_abs="578.787875" fuel_abs="119.383816"/>
    </tripinfo>
    <tripinfo id="455" depart="229.00" departLane="3/2to3/3_0" departPos="4.10" departSpeed="0.00" departDelay="1.50" arrival="380.30" arrivalLane="5/10to5/11_0" arrivalPos="95.25" arrivalSpeed="13.90" duration="151.30" routeLength="996.15" waitSteps="583" rerouteNo="0" devices="vehroute_455 tripinfo_455 emissions_455" vType="HumanStandard" vaporized="">
        <emissions CO_abs="2121.613504" CO2_abs="262695.290698" HC_abs="70.571042" PMx_abs="25.538506" NOx_abs="501.510368" fuel_abs="104.732644"/>
    </tripinfo>
    <tripinfo id="273" depart="136.50" departLane="3/9to4/9_0" departPos="4.10" departSpeed="0.00" departDelay="0.00" arrival="384.30" arrivalLane="7/1to7/0_0" arrivalPos="95.25" arrivalSpeed="13.90" duration="247.80" routeLength="1177.15" waitSteps="1309" rerouteNo="0" devices="vehroute_273 tripinfo_273 emissions_273" vType="HumanStandard" vaporized="">
        <emissions CO_abs="3148.581658" CO2_abs="335750.523037" HC_abs="95.495817" PMx_abs="34.624766" NOx_abs="655.036962" fuel_abs="133.858639"/>
    </tripinfo>
    <tripinfo id="259" depart="129.50" departLane="2/10to1/10_0" departPos="4.10" departSpeed="0.00" departDelay="0.00" arrival="387.50" arrivalLane="4/2to4/1_0" arrivalPos="90.50" arrivalSpeed="13.90" duration="258.00" routeLength="1172.40" waitSteps="1405" rerouteNo="0" devices="vehroute_259 tripinfo_259 emissions_259" vType="HumanStandard" vaporized="">
        <emissions CO_abs="3299.548817" CO2_abs="344323.071723" HC_abs="101.235225" PMx_abs="35.077819" NOx_abs="668.750448" fuel_abs="137.276376"/>
    </tripinfo>
    <tripinfo id="330" depart="165.00" departLane="4/10to4/9_0" departPos="4.10" departSpeed="0.00" departDelay="0.00" arrival="389.00" arrivalLane="7/1to8/1_0" arrivalPos="90.50" arrivalSpeed="7.43" duration="224.00" routeLength="1172.40" waitSteps="1088" rerouteNo="0" devices="vehroute_330 tripinfo_330 emissions_330" vType="HumanStandard" vaporized="">
        <emissions CO_abs="2836.012084" CO2_abs="324824.929957" HC_abs="92.137085" PMx_abs="31.950335" NOx_abs="622.121963" fuel_abs="129.502778"/>
    </tripinfo>
    <tripinfo id="346" depart="173.00" departLane="1/10to1/9_0" departPos="4.10" departSpeed="0.00" departDelay="0.00" arrival="393.80" arrivalLane="5/2to5/1_0" arrivalPos="90.50" arrivalSpeed="13.90" duration="220.80" routeLength="1172.40" waitSteps="1067" rerouteNo="0" devices="vehroute_346 tripinfo_346 emissions_346" vType="HumanStandard" vaporized="">
        <emissions CO_abs="3026.409257" CO2_abs="327799.354552" HC_abs="92.615234" PMx_abs="33.471030" NOx_abs="637.931844" fuel_abs="130.688631"/>
    </tripinfo>
    <tripinfo id="265" depart="132.50" departLane="3/8to3/9_0" departPos="4.10" departSpeed="0.00" departDelay="0.00" arrival="396.20" arrivalLane="8/1to8/0_0" arrivalPos="95.25" arrivalSpeed="13.90" duration="263.70" routeLength="1358.15" waitSteps="1256" rerouteNo="0" devices="vehroute_265 tripinfo_265 emissions_265" vType="HumanStandard" vaporized="">
        <emissions CO_abs="3893.059714" CO2_abs="390090.171455" HC_abs="110.945295" PMx_abs="42.048828" NOx_abs="774.670748" fuel_abs="155.523024"/>
    </tripinfo>
    <tripinfo id="219" depart="109.50" departLane="10/9to10/10_0" departPos="4.10" departSpeed="0.00" departDelay="0.00" arrival="407.80" arrivalLane="4/1to4/2_0" arrivalPos="90.50" arrivalSpeed="6.18" duration="298.30" routeLength="1534.40" waitSteps="1419" rerouteNo="0" devices="vehroute_219 tripinfo_219 emissions_219" vType="HumanStandard" vaporized="">
        <emissions CO_abs="4009.845307" CO2_abs="424839.021259" HC_abs="118.053920" PMx_abs="44.773456" NOx_abs="836.265163" fuel_abs="169.376874"/>
    </tripinfo>
    <tripinfo id="423" depart="211.50" departLane="7/11to7/10_0" departPos="4.10" departSpeed="0.00" departDelay="0.00" arrival="407.80" arrivalLane="8/1to9/1_0" arrivalPos="90.50" arrivalSpeed="6.18" duration="196.30" routeLength="1086.65" waitSteps="861" rerouteNo="0" devices="vehroute_423 tripinfo_423 emissions_423" vType="HumanStandard" vaporized="">
        <emissions CO_abs="2703.752165" CO2_abs="298814.448545" HC_abs="83.163221" PMx_abs="30.549380" NOx_abs="581.164175" fuel_abs="119.132792"/>
    </tripinfo>
    <tripinfo id="236" depart="118.00" departLane="2/9to2/8_0" departPos="4.10" departSpeed="0.00" departDelay="0.00" arrival="407.80" arrivalLane="10/3to10/4_0" arrivalPos="90.50" arrivalSpeed="6.18" duration="289.80" routeLength="1353.40" waitSteps="1505" rerouteNo="0" devices="vehroute_236 tripinfo_236 emissions_236" vType="HumanStandard" vaporized="">
        <emissions CO_abs="3284.183441" CO2_abs="370655.237365" HC_abs="103.141865" PMx_abs="37.369755" NOx_abs="716.905142" fuel_abs="147.774628"/>
    </tripinfo>
    <tripinfo id="432" depart="216.00" departLane="3/11to3/10_0" departPos="4.10" departSpeed="0.00" departDelay="0.00" arrival="407.80" arrivalLane="6/2to6/1_0" arrivalPos="90.50" arrivalSpeed="6.18" duration="191.80" routeLength="1177.15" waitSteps="771" rerouteNo="0" devices="vehroute_432 tripinfo_432 emissions_432" vType="HumanStandard" vaporized="">
        <emissions CO_abs="2806.570682" CO2_abs="315467.640498" HC_abs="85.981331" PMx_abs="32.336613" NOx_abs="614.606602" fuel_abs="125.772172"/>
    </tripinfo>
    <tripinfo id="257" depart="128.50" departLane="10/1to10/2_0" departPos="4.10" departSpeed="0.00" departDelay="0.00" arrival="409.10" arrivalLane="1/6to1/7_0" arrivalPos="90.50" arrivalSpeed="8.42" duration="280.60" routeLength="1353.40" waitSteps="1461" rerouteNo="0" devices="vehroute_257 tripinfo_257 emissions_257" vType="HumanStandard" vaporized="">
        <emissions CO_abs="2916.712370" CO2_abs="359500.829683" HC_abs="99.898897" PMx_abs="34.173763" NOx_abs="680.078874" fuel_abs="143.327543"/>
    </tripinfo>
    <tripinfo id="243" depart="121.50" departLane="5/1to6/1_0" departPos="4.10" departSpeed="0.00" departDelay="0.00" arrival="409.10" arrivalLane="10/10to10/9_0" arrivalPos="90.50" arrivalSpeed="8.42" duration="287.60" routeLength="1353.40" waitSteps="1498" rerouteNo="0" devices="vehroute_243 tripinfo_243 emissions_243" vType="HumanStandard" vaporized="">
        <emissions CO_abs="2857.533748" CO2_abs="349177.391337" HC_abs="93.015853" PMx_abs="34.477058" NOx_abs="670.492823" fuel_abs="139.211749"/>
    </tripinfo>
    <tripinfo id="203" depart="101.50" departLane="4/11to4/10_0" departPos="4.10" departSpeed="0.00" departDelay="0.00" arrival="410.20" arrivalLane="1/1to1/2_0" arrivalPos="90.50" arrivalSpeed="10.16" duration="308.70" routeLength="1267.65" waitSteps="1720" rerouteNo="0" devices="vehroute_203 tripinfo_203 emissions_203" vType="HumanStandard" vaporized="">
        <emissions CO_abs="4167.448015" CO2_abs="386275.981350" HC_abs="114.370948" PMx_abs="42.899135" NOx_abs="775.660634" fuel_abs="154.002347"/>
    </tripinfo>
    <tripinfo id="223" depart="111.50" departLane="10/9to9/9_0" departPos="4.10" departSpeed="0.00" departDelay="0.00" arrival="414.60" arrivalLane="2/3to1/3_0" arrivalPos="90.50" arrivalSpeed="13.90" duration="303.10" routeLength="1353.40" waitSteps="1643" rerouteNo="0" devices="vehroute_223 tripinfo_223 emissions_223" vType="HumanStandard" vaporized="">
        <emissions CO_abs="3882.213861" CO2_abs="401018.812318" HC_abs="117.301434" PMx_abs="41.452168" NOx_abs="782.546743" fuel_abs="159.880107"/>
    </tripinfo>
    <tripinfo id="320" depart="160.00" departLane="3/10to4/10_0" departPos="4.10" departSpeed="0.00" departDelay="0.00" arrival="414.60" arrivalLane="6/1to5/1_0" arrivalPos="90.50" arrivalSpeed="13.90" duration="254.60" routeLength="1172.40" waitSteps="1321" rerouteNo="0" devices="vehroute_320 tripinfo_320 emissions_320" vType="HumanStandard" vaporized="">
        <emissions CO_abs="3880.021227" CO2_abs="359493.227838" HC_abs="106.234389" PMx_abs="39.977809" NOx_abs="722.375233" fuel_abs="143.324473"/>
    </tripinfo>
    <tripinfo id="280" depart="140.00" departLane="8/3to9/3_0" departPos="4.10" departSpeed="0.00" departDelay="0.00" arrival="414.90" arrivalLane="2/9to2/10_0" arrivalPos="90.50" arrivalSpeed="13.90" duration="274.90" routeLength="1353.40" waitSteps="1436" rerouteNo="0" devices="vehroute_280 tripinfo_280 emissions_280" vType="HumanStandard" vaporized="">
        <emissions CO_abs="3275.637510" CO2_abs="376863.702901" HC_abs="106.293915" PMx_abs="37.113595" NOx_abs="722.208941" fuel_abs="150.249850"/>
    </tripinfo>
    <tripinfo id="232" depart="116.00" departLane="2/5to2/4_0" departPos="4.10" departSpeed="0.00" departDelay="0.00" arrival="415.00" arrivalLane="10/5to11/5_0" arrivalPos="95.25" arrivalSpeed="13.90" duration="299.00" routeLength="996.15" waitSteps="1881" rerouteNo="0" devices="vehroute_232 tripinfo_232 emissions_232" vType="HumanStandard" vaporized="">
        <emissions CO_abs="3782.764266" CO2_abs="335709.401121" HC_abs="105.472368" PMx_abs="36.908794" NOx_abs="670.527814" fuel_abs="133.842208"/>
    </tripinfo>
    <tripinfo id="493" depart="246.50" departLane="10/3to9/3_0" departPos="4.10" departSpeed="0.00" departDelay="0.00" arrival="415.00" arrivalLane="1/2to0/2_0" arrivalPos="95.25" arrivalSpeed="13.90" duration="168.50" routeLength="996.15" waitSteps="664" rerouteNo="0" devices="vehroute_493 tripinfo_493 emissions_493" vType="HumanStandard" vaporized="">
        <emissions CO_abs="2891.807818" CO2_abs="289975.003998" HC_abs="82.834771" PMx_abs="31.122869" NOx_abs="574.941070" fuel_abs="115.608627"/>
    </tripinfo>
    <tripinfo id="244" depart="122.00" departLane="0/2to1/2_0" departPos="4.10" departSpeed="0.00" departDelay="0.00" arrival="415.00" arrivalLane="8/9to7/9_0" arrivalPos="90.50" arrivalSpeed="13.90" duration="293.00" routeLength="1448.65" waitSteps="1521" rerouteNo="0" devices="vehroute_244 tripinfo_244 emissions_244" vType="HumanStandard" vaporized="">
        <emissions CO_abs="3761.805000" CO2_abs="411295.486923" HC_abs="116.885037" PMx_abs="41.701599" NOx_abs="797.109925" fuel_abs="163.977274"/>
    </tripinfo>
    <tripinfo id="438" depart="219.00" departLane="2/0to2/1_0" departPos="4.10" departSpeed="0.00" departDelay="0.00" arrival="415.10" arrivalLane="8/8to7/8_0" arrivalPos="90.50" arrivalSpeed="13.90" duration="196.10" routeLength="1358.15" waitSteps="715" rerouteNo="0" devices="vehroute_438 tripinfo_438 emissions_438" vType="HumanStandard" vaporized="">
        <emissions CO_abs="2454.163336" CO2_abs="334996.128114" HC_abs="85.359778" PMx_abs="31.732565" NOx_abs="634.692312" fuel_abs="133.557910"/>
    </tripinfo>
    <tripinfo id="337" depart="168.50" departLane="2/0to2/1_0" departPos="4.10" departSpeed="0.00" departDelay="0.00" arrival="415.30" arrivalLane="2/10to2/11_0" arrivalPos="95.25" arrivalSpeed="13.90" duration="246.80" routeLength="1000.90" waitSteps="1498" rerouteNo="0" devices="vehroute_337 tripinfo_337 emissions_337" vType="HumanStandard" vaporized="">
        <emissions CO_abs="2474.244415" CO2_abs="292868.503001" HC_abs="87.173269" PMx_abs="27.087597" NOx_abs="547.453664" fuel_abs="116.762232"/>
    </tripinfo>
    <tripinfo id="475" depart="237.50" departLane="3/9to3/8_0" departPos="4.10" departSpeed="0.00" departDelay="0.00" arrival="415.30" arrivalLane="3/1to3/0_0" arrivalPos="95.25" arrivalSpeed="13.90" duration="177.80" routeLength="815.15" waitSteps="1009" rerouteNo="0" devices="vehroute_475 tripinfo_475 emissions_475" vType="HumanStandard" vaporized="">
        <emissions CO_abs="1828.636179" CO2_abs="228999.239822" HC_abs="65.861312" PMx_abs="20.971436" NOx_abs="426.801933" fuel_abs="91.298532"/>
    </tripinfo>
    <tripinfo id="200" depart="100.00" departLane="1/4to2/4_0" departPos="4.10" departSpeed="0.00" departDelay="0.00" arrival="415.30" arrivalLane="10/10to10/11_0" arrivalPos="95.25" arrivalSpeed="13.90" duration="315.30" routeLength="1448.65" waitSteps="1703" rerouteNo="0" devices="vehroute_200 tripinfo_200 emissions_200" vType="HumanStandard" vaporized="">
        <emissions CO_abs="3700.917889" CO2_abs="411815.663044" HC_abs="117.594844" PMx_abs="41.126315" NOx_abs="793.171865" fuel_abs="164.184661"/>
    </tripinfo>
    <tripinfo id="430" depart="215.00" departLane="7/11to7/10_0" departPos="4.10" departSpeed="0.00" departDelay="0.00" arrival="415.50" arrivalLane="1/5to1/4_0" arrivalPos="90.50" arrivalSpeed="13.45" duration="200.50" routeLength="1177.15" waitSteps="869" rerouteNo="0" devices="vehroute_430 tripinfo_430 emissions_430" vType="HumanStandard" vaporized="">
        <emissions CO_abs="2892.752812" CO2_abs="322691.420512" HC_abs="90.297649" PMx_abs="32.548497" NOx_abs="625.080204" fuel_abs="128.652179"/>
    </tripinfo>
    <tripinfo id="211" depart="105.50" departLane="1/8to1/9_0" departPos="4.10" departSpeed="0.00" departDelay="0.00" arrival="415.50" arrivalLane="9/4to9/3_0" arrivalPos="90.50" arrivalSpeed="13.90" duration="310.00" routeLength="1353.40" waitSteps="1673" rerouteNo="0" devices="vehroute_211 tripinfo_211 emissions_211" vType="HumanStandard" vaporized="">
        <emissions CO_abs="4428.561603" CO2_abs="414624.573817" HC_abs="122.975739" PMx_abs="45.634028" NOx_abs="829.522447" fuel_abs="165.304501"/>
    </tripinfo>
    <tripinfo id="264" depart="132.00" departLane="6/10to5/10_0" departPos="4.10" departSpeed="0.00" departDelay="0.00" arrival="415.80" arrivalLane="1/3to0/3_0" arrivalPos="95.25" arrivalSpeed="13.90" duration="283.80" routeLength="1177.15" waitSteps="1499" rerouteNo="0" devices="vehroute_264 tripinfo_264 emissions_264" vType="HumanStandard" vaporized="">
        <emissions CO_abs="3864.304830" CO2_abs="370024.247199" HC_abs="113.137449" PMx_abs="39.148980" NOx_abs="728.055656" fuel_abs="147.523027"/>
    </tripinfo>
    <tripinfo id="294" depart="147.00" departLane="1/2to2/2_0" departPos="4.10" departSpeed="0.00" departDelay="0.00" arrival="416.10" arrivalLane="9/6to9/7_0" arrivalPos="90.50" arrivalSpeed="13.90" duration="269.10" routeLength="1172.40" waitSteps="1466" rerouteNo="0" devices="vehroute_294 tripinfo_294 emissions_294" vType="HumanStandard" vaporized="">
        <emissions CO_abs="3488.141306" CO2_abs="347138.210997" HC_abs="100.353112" PMx_abs="37.194120" NOx_abs="687.318548" fuel_abs="138.398727"/>
    </tripinfo>
    <tripinfo id="365" depart="182.50" departLane="2/11to2/10_0" departPos="4.10" departSpeed="0.00" departDelay="0.00" arrival="416.40" arrivalLane="6/1to5/1_0" arrivalPos="90.50" arrivalSpeed="13.90" duration="233.90" routeLength="1358.15" waitSteps="1016" rerouteNo="0" devices="vehroute_365 tripinfo_365 emissions_365" vType="HumanStandard" vaporized="">
        <emissions CO_abs="3383.625029" CO2_abs="372435.001916" HC_abs="102.252366" PMx_abs="38.551000" NOx_abs="728.113096" fuel_abs="148.484193"/>
    </tripinfo>
    <tripinfo id="311" depart="156.70" departLane="2/8to3/8_0" departPos="4.10" departSpeed="0.00" departDelay="1.20" arrival="416.60" arrivalLane="10/7to11/7_0" arrivalPos="95.25" arrivalSpeed="13.90" duration="259.90" routeLength="905.65" waitSteps="1567" rerouteNo="0" devices="vehroute_311 tripinfo_311 emissions_311" vType="HumanStandard" vaporized="">
        <emissions CO_abs="3506.966376" CO2_abs="302419.182533" HC_abs="93.753592" PMx_abs="34.366317" NOx_abs="612.472888" fuel_abs="120.569906"/>
    </tripinfo>
    <tripinfo id="249" depart="124.50" departLane="8/2to9/2_0" departPos="4.10" departSpeed="0.00" departDelay="0.00" arrival="417.10" arrivalLane="3/9to3/10_0" arrivalPos="90.50" arrivalSpeed="9.24" duration="292.60" routeLength="1353.40" waitSteps="1564" rerouteNo="0" devices="vehroute_249 tripinfo_249 emissions_249" vType="HumanStandard" vaporized="">
        <emissions CO_abs="3789.883483" CO2_abs="394382.967168" HC_abs="114.655748" PMx_abs="40.715774" NOx_abs="769.460713" fuel_abs="157.234498"/>
    </tripinfo>
    <tripinfo id="317" depart="160.30" departLane="11/7to10/7_0" departPos="4.10" departSpeed="0.00" departDelay="1.80" arrival="417.30" arrivalLane="2/8to1/8_0" arrivalPos="90.50" arrivalSpeed="13.90" duration="257.00" routeLength="996.15" waitSteps="1471" rerouteNo="0" devices="vehroute_317 tripinfo_317 emissions_317" vType="HumanStandard" vaporized="">
        <emissions CO_abs="3512.874410" CO2_abs="316623.349211" HC_abs="95.457305" PMx_abs="35.470851" NOx_abs="637.780300" fuel_abs="126.232899"/>
    </tripinfo>
    <tripinfo id="363" depart="181.50" departLane="9/4to9/3_0" departPos="4.10" departSpeed="0.00" departDelay="0.00" arrival="417.70" arrivalLane="1/9to0/9_0" arrivalPos="95.25" arrivalSpeed="13.90" duration="236.20" routeLength="1448.65" waitSteps="1028" rerouteNo="0" devices="vehroute_363 tripinfo_363 emissions_363" vType="HumanStandard" vaporized="">
        <emissions CO_abs="2830.492498" CO2_abs="373101.015794" HC_abs="99.357243" PMx_abs="35.096828" NOx_abs="703.563990" fuel_abs="148.749747"/>
    </tripinfo>
    <tripinfo id="478" depart="239.00" departLane="10/9to9/9_0" departPos="4.10" departSpeed="0.00" departDelay="0.00" arrival="417.70" arrivalLane="1/10to0/10_0" arrivalPos="95.25" arrivalSpeed="13.90" duration="178.70" routeLength="996.15" waitSteps="732" rerouteNo="0" devices="vehroute_478 tripinfo_478 emissions_478" vType="HumanStandard" vaporized="">
        <emissions CO_abs="2958.225830" CO2_abs="289402.280316" HC_abs="83.070888" PMx_abs="31.516581" NOx_abs="577.140723" fuel_abs="115.380287"/>
    </tripinfo>
    <tripinfo id="388" depart="194.00" departLane="10/1to10/2_0" departPos="4.10" departSpeed="0.00" departDelay="0.00" arrival="418.20" arrivalLane="1/3to1/4_0" arrivalPos="90.50" arrivalSpeed="13.90" duration="224.20" routeLength="1081.90" waitSteps="1128" rerouteNo="0" devices="vehroute_388 tripinfo_388 emissions_388" vType="HumanStandard" vaporized="">
        <emissions CO_abs="2788.583097" CO2_abs="301963.569026" HC_abs="84.453736" PMx_abs="31.061886" NOx_abs="589.525277" fuel_abs="120.388295"/>
    </tripinfo>
    <tripinfo id="308" depart="154.00" departLane="4/8to4/9_0" departPos="4.10" departSpeed="0.00" departDelay="0.00" arrival="418.50" arrivalLane="9/1to9/0_0" arrivalPos="95.25" arrivalSpeed="13.90" duration="264.50" routeLength="1358.15" waitSteps="1269" rerouteNo="0" devices="vehroute_308 tripinfo_308 emissions_308" vType="HumanStandard" vaporized="">
        <emissions CO_abs="3616.122612" CO2_abs="382293.698347" HC_abs="107.562884" PMx_abs="39.983310" NOx_abs="750.128682" fuel_abs="152.414697"/>
    </tripinfo>
    <tripinfo id="270" depart="135.00" departLane="10/2to10/1_0" departPos="4.10" departSpeed="0.00" departDelay="0.00" arrival="419.00" arrivalLane="1/6to0/6_0" arrivalPos="95.25" arrivalSpeed="13.90" duration="284.00" routeLength="1448.65" waitSteps="1432" rerouteNo="0" devices="vehroute_270 tripinfo_270 emissions_270" vType="HumanStandard" vaporized="">
        <emissions CO_abs="2886.486403" CO2_abs="374636.954200" HC_abs="100.373176" PMx_abs="35.455102" NOx_abs="707.795678" fuel_abs="149.362098"/>
    </tripinfo>
    <tripinfo id="417" depart="208.50" departLane="10/9to10/8_0" departPos="4.10" departSpeed="0.00" departDelay="0.00" arrival="419.30" arrivalLane="1/7to1/6_0" arrivalPos="90.50" arrivalSpeed="12.73" duration="210.80" routeLength="1081.90" waitSteps="923" rerouteNo="0" devices="vehroute_417 tripinfo_417 emissions_417" vType="HumanStandard" vaporized="">
        <emissions CO_abs="3644.219806" CO2_abs="332089.933898" HC_abs="98.595487" PMx_abs="37.162488" NOx_abs="669.712202" fuel_abs="132.399192"/>
    </tripinfo>
    <tripinfo id="464" depart="232.00" departLane="5/9to5/8_0" departPos="4.10" departSpeed="0.00" departDelay="0.00" arrival="419.30" arrivalLane="9/1to9/0_0" arrivalPos="95.25" arrivalSpeed="13.90" duration="187.30" routeLength="1177.15" waitSteps="730" rerouteNo="0" devices="vehroute_464 tripinfo_464 emissions_464" vType="HumanStandard" vaporized="">
        <emissions CO_abs="2541.786261" CO2_abs="308974.151468" HC_abs="82.623936" PMx_abs="30.525004" NOx_abs="593.392231" fuel_abs="123.183325"/>
    </tripinfo>
    <tripinfo id="250" depart="125.00" departLane="0/7to1/7_0" departPos="4.10" departSpeed="0.00" departDelay="0.00" arrival="422.10" arrivalLane="10/5to10/4_0" arrivalPos="90.50" arrivalSpeed="13.90" duration="297.10" routeLength="1177.15" waitSteps="1770" rerouteNo="0" devices="vehroute_250 tripinfo_250 emissions_250" vType="HumanStandard" vaporized="">
        <emissions CO_abs="3324.019561" CO2_abs="349953.438083" HC_abs="103.165738" PMx_abs="35.475569" NOx_abs="677.524020" fuel_abs="139.521119"/>
    </tripinfo>
    <tripinfo id="492" depart="246.00" departLane="5/1to5/2_0" departPos="4.10" departSpeed="0.00" departDelay="0.00" arrival="422.10" arrivalLane="5/9to5/10_0" arrivalPos="90.50" arrivalSpeed="13.90" duration="176.10" routeLength="810.40" waitSteps="995" rerouteNo="0" devices="vehroute_492 tripinfo_492 emissions_492" vType="HumanStandard" vaporized="">
        <emissions CO_abs="1820.353150" CO2_abs="227361.865676" HC_abs="65.273263" PMx_abs="20.888778" NOx_abs="424.274318" fuel_abs="90.645736"/>
    </tripinfo>
    <tripinfo id="374" depart="187.00" departLane="7/10to8/10_0" departPos="4.10" departSpeed="0.00" departDelay="0.00" arrival="422.10" arrivalLane="5/2to5/1_0" arrivalPos="90.50" arrivalSpeed="13.90" duration="235.10" routeLength="1172.40" waitSteps="1185" rerouteNo="0" devices="vehroute_374 tripinfo_374 emissions_374" vType="HumanStandard" vaporized="">
        <emissions CO_abs="3110.502243" CO2_abs="331729.175401" HC_abs="93.524236" PMx_abs="34.430409" NOx_abs="648.926440" fuel_abs="132.255390"/>
    </tripinfo>
    <tripinfo id="230" depart="115.00" departLane="11/1to10/1_0" departPos="4.10" departSpeed="0.00" departDelay="0.00" arrival="422.10" arrivalLane="5/8to5/9_0" arrivalPos="90.50" arrivalSpeed="13.90" duration="307.10" routeLength="1267.65" waitSteps="1794" rerouteNo="0" devices="vehroute_230 tripinfo_230 emissions_230" vType="HumanStandard" vaporized="">
        <emissions CO_abs="3386.956512" CO2_abs="371178.826511" HC_abs="108.977613" PMx_abs="36.680437" NOx_abs="711.551765" fuel_abs="147.983364"/>
    </tripinfo>
    <tripinfo id="443" depart="221.50" departLane="9/9to8/9_0" departPos="4.10" departSpeed="0.00" departDelay="0.00" arrival="422.10" arrivalLane="4/2to4/1_0" arrivalPos="90.50" arrivalSpeed="13.90" duration="200.60" routeLength="1172.40" waitSteps="885" rerouteNo="0" devices="vehroute_443 tripinfo_443 emissions_443" vType="HumanStandard" vaporized="">
        <emissions CO_abs="2641.666909" CO2_abs="315810.683596" HC_abs="86.106392" PMx_abs="31.078559" NOx_abs="605.507104" fuel_abs="125.908944"/>
    </tripinfo>
    <tripinfo id="207" depart="103.50" departLane="8/10to7/10_0" departPos="4.10" departSpeed="0.00" departDelay="0.00" arrival="422.20" arrivalLane="1/2to0/2_0" arrivalPos="95.25" arrivalSpeed="13.90" duration="318.70" routeLength="1448.65" waitSteps="1665" rerouteNo="0" devices="vehroute_207 tripinfo_207 emissions_207" vType="HumanStandard" vaporized="">
        <emissions CO_abs="3958.754270" CO2_abs="426299.845065" HC_abs="126.280765" PMx_abs="42.382711" NOx_abs="818.895986" fuel_abs="169.959273"/>
    </tripinfo>
    <tripinfo id="302" depart="151.00" departLane="10/7to9/7_0" departPos="4.10" departSpeed="0.00" departDelay="0.00" arrival="422.50" arrivalLane="2/1to2/0_0" arrivalPos="95.25" arrivalSpeed="13.90" duration="271.50" routeLength="1358.15" waitSteps="1389" rerouteNo="0" devices="vehroute_302 tripinfo_302 emissions_302" vType="HumanStandard" vaporized="">
        <emissions CO_abs="3277.146469" CO2_abs="378541.778370" HC_abs="106.683582" PMx_abs="37.181825" NOx_abs="724.831482" fuel_abs="150.918873"/>
    </tripinfo>
    <tripinfo id="283" depart="141.50" departLane="1/2to1/3_0" departPos="4.10" departSpeed="0.00" departDelay="0.00" arrival="422.50" arrivalLane="10/1to10/0_0" arrivalPos="95.25" arrivalSpeed="13.90" duration="281.00" routeLength="1177.15" waitSteps="1556" rerouteNo="0" devices="vehroute_283 tripinfo_283 emissions_283" vType="HumanStandard" vaporized="">
        <emissions CO_abs="3496.193555" CO2_abs="347040.201843" HC_abs="100.231166" PMx_abs="37.281992" NOx_abs="687.849737" fuel_abs="138.359652"/>
    </tripinfo>
    <tripinfo id="335" depart="167.50" departLane="7/1to7/2_0" departPos="4.10" departSpeed="0.00" departDelay="0.00" arrival="423.00" arrivalLane="2/9to2/10_0" arrivalPos="90.50" arrivalSpeed="13.90" duration="255.50" routeLength="1262.90" waitSteps="1347" rerouteNo="0" devices="vehroute_335 tripinfo_335 emissions_335" vType="HumanStandard" vaporized="">
        <emissions CO_abs="2778.485101" CO2_abs="342197.834013" HC_abs="95.201708" PMx_abs="32.533242" NOx_abs="647.304480" fuel_abs="136.429102"/>
    </tripinfo>
    <tripinfo id="300" depart="150.00" departLane="9/0to9/1_0" departPos="4.10" departSpeed="0.00" departDelay="0.00" arrival="423.00" arrivalLane="4/8to4/9_0" arrivalPos="90.50" arrivalSpeed="13.90" duration="273.00" routeLength="1267.65" waitSteps="1505" rerouteNo="0" devices="vehroute_300 tripinfo_300 emissions_300" vType="HumanStandard" vaporized="">
        <emissions CO_abs="2923.147837" CO2_abs="349290.133784" HC_abs="98.274075" PMx_abs="33.582618" NOx_abs="663.336630" fuel_abs="139.256690"/>
    </tripinfo>
    <tripinfo id="310" depart="155.00" departLane="9/4to10/4_0" departPos="4.10" departSpeed="0.00" departDelay="0.00" arrival="423.50" arrivalLane="1/4to0/4_0" arrivalPos="95.25" arrivalSpeed="13.90" duration="268.50" routeLength="1177.15" waitSteps="1455" rerouteNo="0" devices="vehroute_310 tripinfo_310 emissions_310" vType="HumanStandard" vaporized="">
        <emissions CO_abs="3503.481705" CO2_abs="350113.905475" HC_abs="102.587698" PMx_abs="37.043456" NOx_abs="689.491491" fuel_abs="139.585088"/>
    </tripinfo>
    <tripinfo id="224" depart="112.00" departLane="1/0to1/1_0" departPos="4.10" departSpeed="0.00" departDelay="0.00" arrival="424.10" arrivalLane="9/10to9/11_0" arrivalPos="95.25" arrivalSpeed="13.90" duration="312.10" routeLength="1724.90" waitSteps="1429" rerouteNo="0" devices="vehroute_224 tripinfo_224 emissions_224" vType="HumanStandard" vaporized="">
        <emissions CO_abs="3695.819505" CO2_abs="456372.522445" HC_abs="123.705194" PMx_abs="44.183064" NOx_abs="869.544767" fuel_abs="181.948827"/>
    </tripinfo>
    <tripinfo id="298" depart="149.00" departLane="9/2to9/3_0" departPos="4.10" departSpeed="0.00" departDelay="0.00" arrival="424.20" arrivalLane="2/10to2/11_0" arrivalPos="95.25" arrivalSpeed="13.90" duration="275.20" routeLength="1448.65" waitSteps="1376" rerouteNo="0" devices="vehroute_298 tripinfo_298 emissions_298" vType="HumanStandard" vaporized="">
        <emissions CO_abs="3289.900893" CO2_abs="403331.843993" HC_abs="115.327023" PMx_abs="37.677723" NOx_abs="757.190184" fuel_abs="160.802302"/>
    </tripinfo>
    <tripinfo id="456" depart="228.00" departLane="5/0to5/1_0" departPos="4.10" departSpeed="0.00" departDelay="0.00" arrival="424.80" arrivalLane="3/8to3/9_0" arrivalPos="90.50" arrivalSpeed="13.90" duration="196.80" routeLength="996.15" waitSteps="972" rerouteNo="0" devices="vehroute_456 tripinfo_456 emissions_456" vType="HumanStandard" vaporized="">
        <emissions CO_abs="2865.143890" CO2_abs="289014.157396" HC_abs="81.991415" PMx_abs="31.072445" NOx_abs="573.280503" fuel_abs="115.225555"/>
    </tripinfo>
    <tripinfo id="312" depart="156.00" departLane="4/2to4/1_0" departPos="4.10" departSpeed="0.00" departDelay="0.00" arrival="424.80" arrivalLane="9/10to9/11_0" arrivalPos="95.25" arrivalSpeed="13.90" duration="268.80" routeLength="1448.65" waitSteps="1182" rerouteNo="0" devices="vehroute_312 tripinfo_312 emissions_312" vType="HumanStandard" vaporized="">
        <emissions CO_abs="3950.042586" CO2_abs="413359.991951" HC_abs="117.105194" PMx_abs="43.340461" NOx_abs="811.760241" fuel_abs="164.800353"/>
    </tripinfo>
    <tripinfo id="245" depart="122.50" departLane="8/2to7/2_0" departPos="4.10" departSpeed="0.00" departDelay="0.00" arrival="425.30" arrivalLane="1/9to0/9_0" arrivalPos="95.25" arrivalSpeed="13.90" duration="302.80" routeLength="1358.15" waitSteps="1691" rerouteNo="0" devices="vehroute_245 tripinfo_245 emissions_245" vType="HumanStandard" vaporized="">
        <emissions CO_abs="3688.052231" CO2_abs="397356.969693" HC_abs="116.313466" PMx_abs="39.838416" NOx_abs="766.081882" fuel_abs="158.420192"/>
    </tripinfo>
    <tripinfo id="253" depart="126.50" departLane="0/6to1/6_0" departPos="4.10" departSpeed="0.00" departDelay="0.00" arrival="426.00" arrivalLane="10/4to11/4_0" arrivalPos="95.25" arrivalSpeed="13.90" duration="299.50" routeLength="1181.90" waitSteps="1769" rerouteNo="0" devices="vehroute_253 tripinfo_253 emissions_253" vType="HumanStandard" vaporized="">
        <emissions CO_abs="3741.602117" CO2_abs="366449.889055" HC_abs="110.322253" PMx_abs="38.564208" NOx_abs="719.704925" fuel_abs="146.097992"/>
    </tripinfo>
    <tripinfo id="256" depart="128.00" departLane="11/3to10/3_0" departPos="4.10" departSpeed="0.00" departDelay="0.00" arrival="426.50" arrivalLane="1/5to1/6_0" arrivalPos="90.50" arrivalSpeed="13.90" duration="298.50" routeLength="1177.15" waitSteps="1780" rerouteNo="0" devices="vehroute_256 tripinfo_256 emissions_256" vType="HumanStandard" vaporized="">
        <emissions CO_abs="3313.915361" CO2_abs="349035.063348" HC_abs="102.561307" PMx_abs="35.465131" NOx_abs="676.379312" fuel_abs="139.154977"/>
    </tripinfo>
    <tripinfo id="509" depart="254.50" departLane="3/0to3/1_0" departPos="4.10" departSpeed="0.00" departDelay="0.00" arrival="426.70" arrivalLane="2/8to2/9_0" arrivalPos="90.50" arrivalSpeed="13.34" duration="172.20" routeLength="905.65" waitSteps="824" rerouteNo="0" devices="vehroute_509 tripinfo_509 emissions_509" vType="HumanStandard" vaporized="">
        <emissions CO_abs="2550.339901" CO2_abs="260317.369286" HC_abs="74.147827" PMx_abs="27.524431" NOx_abs="513.867870" fuel_abs="103.784580"/>
    </tripinfo>
    <tripinfo id="326" depart="163.00" departLane="4/1to3/1_0" departPos="4.10" departSpeed="0.00" departDelay="0.00" arrival="427.00" arrivalLane="9/10to9/11_0" arrivalPos="95.25" arrivalSpeed="13.90" duration="264.00" routeLength="1539.15" waitSteps="1114" rerouteNo="0" devices="vehroute_326 tripinfo_326 emissions_326" vType="HumanStandard" vaporized="">
        <emissions CO_abs="3565.751000" CO2_abs="412513.211261" HC_abs="112.034416" PMx_abs="41.584350" NOx_abs="798.513711" fuel_abs="164.462774"/>
    </tripinfo>
    <tripinfo id="297" depart="148.50" departLane="9/10to8/10_0" departPos="4.10" departSpeed="0.00" departDelay="0.00" arrival="427.00" arrivalLane="2/5to2/4_0" arrivalPos="90.50" arrivalSpeed="13.90" duration="278.50" routeLength="1172.40" waitSteps="1531" rerouteNo="0" devices="vehroute_297 tripinfo_297 emissions_297" vType="HumanStandard" vaporized="">
        <emissions CO_abs="3652.404117" CO2_abs="361012.359135" HC_abs="108.531025" PMx_abs="37.747226" NOx_abs="707.403183" fuel_abs="143.930132"/>
    </tripinfo>
    <tripinfo id="267" depart="133.50" departLane="11/3to10/3_0" departPos="4.10" departSpeed="0.00" departDelay="0.00" arrival="428.20" arrivalLane="2/2to2/1_0" arrivalPos="90.50" arrivalSpeed="13.90" duration="294.70" routeLength="996.15" waitSteps="1779" rerouteNo="0" devices="vehroute_267 tripinfo_267 emissions_267" vType="HumanStandard" vaporized="">
        <emissions CO_abs="4121.427685" CO2_abs="344586.630955" HC_abs="108.756386" PMx_abs="39.619554" NOx_abs="701.051087" fuel_abs="137.381415"/>
    </tripinfo>
    <tripinfo id="431" depart="215.50" departLane="10/1to10/2_0" departPos="4.10" departSpeed="0.00" departDelay="0.00" arrival="428.30" arrivalLane="1/4to0/4_0" arrivalPos="95.25" arrivalSpeed="13.90" duration="212.80" routeLength="1177.15" waitSteps="899" rerouteNo="0" devices="vehroute_431 tripinfo_431 emissions_431" vType="HumanStandard" vaporized="">
        <emissions CO_abs="3155.858002" CO2_abs="330925.245512" HC_abs="92.821101" PMx_abs="34.792806" NOx_abs="651.354385" fuel_abs="131.934873"/>
    </tripinfo>
    <tripinfo id="482" depart="241.00" departLane="10/0to10/1_0" departPos="4.10" departSpeed="0.00" departDelay="0.00" arrival="429.30" arrivalLane="10/9to10/10_0" arrivalPos="90.50" arrivalSpeed="13.90" duration="188.30" routeLength="905.65" waitSteps="1045" rerouteNo="0" devices="vehroute_482 tripinfo_482 emissions_482" vType="HumanStandard" vaporized="">
        <emissions CO_abs="1851.573799" CO2_abs="246772.250844" HC_abs="69.561127" PMx_abs="22.052046" NOx_abs="456.035765" fuel_abs="98.384369"/>
    </tripinfo>
    <tripinfo id="343" depart="171.50" departLane="10/11to10/10_0" departPos="4.10" departSpeed="0.00" departDelay="0.00" arrival="429.30" arrivalLane="7/2to7/1_0" arrivalPos="90.50" arrivalSpeed="13.90" duration="257.80" routeLength="1177.15" waitSteps="1395" rerouteNo="0" devices="vehroute_343 tripinfo_343 emissions_343" vType="HumanStandard" vaporized="">
        <emissions CO_abs="3457.064196" CO2_abs="348875.805849" HC_abs="101.281542" PMx_abs="36.888590" NOx_abs="687.049076" fuel_abs="139.091481"/>
    </tripinfo>
    <tripinfo id="507" depart="253.50" departLane="6/1to6/2_0" departPos="4.10" departSpeed="0.00" departDelay="0.00" arrival="429.70" arrivalLane="4/10to4/11_0" arrivalPos="95.25" arrivalSpeed="13.90" duration="176.20" routeLength="1086.65" waitSteps="765" rerouteNo="0" devices="vehroute_507 tripinfo_507 emissions_507" vType="HumanStandard" vaporized="">
        <emissions CO_abs="2067.000847" CO2_abs="274786.498566" HC_abs="71.172950" PMx_abs="26.232140" NOx_abs="521.388914" fuel_abs="109.553235"/>
    </tripinfo>
    <tripinfo id="301" depart="150.50" departLane="8/0to8/1_0" departPos="4.10" departSpeed="0.00" departDelay="0.00" arrival="429.90" arrivalLane="1/6to1/7_0" arrivalPos="90.50" arrivalSpeed="12.17" duration="279.40" routeLength="1267.65" waitSteps="1434" rerouteNo="0" devices="vehroute_301 tripinfo_301 emissions_301" vType="HumanStandard" vaporized="">
        <emissions CO_abs="3511.750678" CO2_abs="369176.372647" HC_abs="108.593013" PMx_abs="37.518191" NOx_abs="715.599534" fuel_abs="147.185009"/>
    </tripinfo>
    <tripinfo id="399" depart="199.50" departLane="4/10to4/9_0" departPos="4.10" departSpeed="0.00" departDelay="0.00" arrival="430.00" arrivalLane="2/2to2/1_0" arrivalPos="90.50" arrivalSpeed="13.90" duration="230.50" routeLength="991.40" waitSteps="1182" rerouteNo="0" devices="vehroute_399 tripinfo_399 emissions_399" vType="HumanStandard" vaporized="">
        <emissions CO_abs="3905.252353" CO2_abs="330374.807289" HC_abs="102.106023" PMx_abs="38.152077" NOx_abs="674.076380" fuel_abs="131.715383"/>
    </tripinfo>
    <tripinfo id="527" depart="263.50" departLane="10/1to10/2_0" departPos="4.10" departSpeed="0.00" departDelay="0.00" arrival="430.20" arrivalLane="10/9to10/10_0" arrivalPos="90.50" arrivalSpeed="13.90" duration="166.70" routeLength="810.40" waitSteps="888" rerouteNo="0" devices="vehroute_527 tripinfo_527 emissions_527" vType="HumanStandard" vaporized="">
        <emissions CO_abs="2039.376715" CO2_abs="231202.098292" HC_abs="66.028935" PMx_abs="22.798685" NOx_abs="443.079690" fuel_abs="92.176773"/>
    </tripinfo>
    <tripinfo id="597" depart="298.50" departLane="4/2to4/3_0" departPos="4.10" departSpeed="0.00" departDelay="0.00" arrival="430.60" arrivalLane="4/10to4/11_0" arrivalPos="95.25" arrivalSpeed="13.90" duration="132.10" routeLength="815.15" waitSteps="538" rerouteNo="0" devices="vehroute_597 tripinfo_597 emissions_597" vType="HumanStandard" vaporized="">
        <emissions CO_abs="1948.258738" CO2_abs="223453.005992" HC_abs="61.165969" PMx_abs="22.549624" NOx_abs="432.510676" fuel_abs="89.087331"/>
    </tripinfo>
    <tripinfo id="204" depart="102.00" departLane="0/10to1/10_0" departPos="4.10" departSpeed="0.00" departDelay="0.00" arrival="431.80" arrivalLane="10/7to11/7_0" arrivalPos="95.25" arrivalSpeed="13.90" duration="329.80" routeLength="1272.40" waitSteps="1999" rerouteNo="0" devices="vehroute_204 tripinfo_204 emissions_204" vType="HumanStandard" vaporized="">
        <emissions CO_abs="3857.388197" CO2_abs="391737.580041" HC_abs="118.446442" PMx_abs="39.990200" NOx_abs="760.055958" fuel_abs="156.179813"/>
    </tripinfo>
    <tripinfo id="227" depart="113.50" departLane="9/1to10/1_0" departPos="4.10" departSpeed="0.00" departDelay="0.00" arrival="432.00" arrivalLane="2/9to1/9_0" arrivalPos="90.50" arrivalSpeed="13.90" duration="318.50" routeLength="1624.90" waitSteps="1548" rerouteNo="0" devices="vehroute_227 tripinfo_227 emissions_227" vType="HumanStandard" vaporized="">
        <emissions CO_abs="4457.944254" CO2_abs="466510.770353" HC_abs="132.975868" PMx_abs="48.690921" NOx_abs="914.378354" fuel_abs="185.990762"/>
    </tripinfo>
    <tripinfo id="303" depart="151.50" departLane="5/1to6/1_0" departPos="4.10" departSpeed="0.00" departDelay="0.00" arrival="432.80" arrivalLane="10/8to10/9_0" arrivalPos="90.50" arrivalSpeed="8.86" duration="281.30" routeLength="1172.40" waitSteps="1513" rerouteNo="0" devices="vehroute_303 tripinfo_303 emissions_303" vType="HumanStandard" vaporized="">
        <emissions CO_abs="3663.482491" CO2_abs="348779.922887" HC_abs="102.538047" PMx_abs="38.015934" NOx_abs="695.996334" fuel_abs="139.053244"/>
    </tripinfo>
    <tripinfo id="279" depart="139.50" departLane="9/5to10/5_0" departPos="4.10" departSpeed="0.00" departDelay="0.00" arrival="433.10" arrivalLane="1/7to0/7_0" arrivalPos="95.25" arrivalSpeed="13.90" duration="293.60" routeLength="1177.15" waitSteps="1673" rerouteNo="0" devices="vehroute_279 tripinfo_279 emissions_279" vType="HumanStandard" vaporized="">
        <emissions CO_abs="3569.805274" CO2_abs="353472.903166" HC_abs="103.224070" PMx_abs="37.739246" NOx_abs="698.712831" fuel_abs="140.924269"/>
    </tripinfo>
    <tripinfo id="202" depart="101.00" departLane="9/0to9/1_0" departPos="4.10" departSpeed="0.00" departDelay="0.00" arrival="433.20" arrivalLane="2/9to2/10_0" arrivalPos="90.50" arrivalSpeed="13.90" duration="332.20" routeLength="1539.15" waitSteps="1844" rerouteNo="0" devices="vehroute_202 tripinfo_202 emissions_202" vType="HumanStandard" vaporized="">
        <emissions CO_abs="3772.590340" CO2_abs="435302.475790" HC_abs="125.281976" PMx_abs="42.049704" NOx_abs="828.176787" fuel_abs="173.548501"/>
    </tripinfo>
    <tripinfo id="289" depart="144.50" departLane="0/6to1/6_0" departPos="4.10" departSpeed="0.00" departDelay="0.00" arrival="433.40" arrivalLane="10/3to10/2_0" arrivalPos="90.50" arrivalSpeed="13.90" duration="288.90" routeLength="1267.65" waitSteps="1560" rerouteNo="0" devices="vehroute_289 tripinfo_289 emissions_289" vType="HumanStandard" vaporized="">
        <emissions CO_abs="3841.237371" CO2_abs="375192.483123" HC_abs="108.472809" PMx_abs="40.715501" NOx_abs="746.923784" fuel_abs="149.583537"/>
    </tripinfo>
    <tripinfo id="334" depart="167.00" departLane="9/5to10/5_0" departPos="4.10" departSpeed="0.00" departDelay="0.00" arrival="434.00" arrivalLane="1/7to0/7_0" arrivalPos="95.25" arrivalSpeed="13.90" duration="267.00" routeLength="1177.15" waitSteps="1359" rerouteNo="0" devices="vehroute_334 tripinfo_334 emissions_334" vType="HumanStandard" vaporized="">
        <emissions CO_abs="3791.967472" CO2_abs="357993.829179" HC_abs="105.041806" PMx_abs="39.470611" NOx_abs="716.851172" fuel_abs="142.726687"/>
    </tripinfo>
    <tripinfo id="254" depart="127.00" departLane="7/10to8/10_0" departPos="4.10" departSpeed="0.00" departDelay="0.00" arrival="436.50" arrivalLane="10/1to9/1_0" arrivalPos="90.50" arrivalSpeed="13.90" duration="309.50" routeLength="1172.40" waitSteps="1875" rerouteNo="0" devices="vehroute_254 tripinfo_254 emissions_254" vType="HumanStandard" vaporized="">
        <emissions CO_abs="3697.591353" CO2_abs="360781.948480" HC_abs="109.151690" PMx_abs="37.835516" NOx_abs="708.135095" fuel_abs="143.838268"/>
    </tripinfo>
    <tripinfo id="296" depart="148.00" departLane="1/1to1/2_0" departPos="4.10" departSpeed="0.00" departDelay="0.00" arrival="436.60" arrivalLane="10/6to10/7_0" arrivalPos="90.50" arrivalSpeed="13.90" duration="288.60" routeLength="1353.40" waitSteps="1507" rerouteNo="0" devices="vehroute_296 tripinfo_296 emissions_296" vType="HumanStandard" vaporized="">
        <emissions CO_abs="3540.502061" CO2_abs="379105.524183" HC_abs="106.213048" PMx_abs="39.361410" NOx_abs="742.151328" fuel_abs="151.143622"/>
    </tripinfo>
    <tripinfo id="444" depart="222.00" departLane="11/1to10/1_0" departPos="4.10" departSpeed="0.00" departDelay="0.00" arrival="437.30" arrivalLane="10/9to10/10_0" arrivalPos="90.50" arrivalSpeed="13.90" duration="215.30" routeLength="905.65" waitSteps="1254" rerouteNo="0" devices="vehroute_444 tripinfo_444 emissions_444" vType="HumanStandard" vaporized="">
        <emissions CO_abs="2524.386763" CO2_abs="269198.018654" HC_abs="79.873840" PMx_abs="26.885270" NOx_abs="518.201459" fuel_abs="107.325160"/>
    </tripinfo>
    <tripinfo id="292" depart="146.00" departLane="1/1to2/1_0" departPos="4.10" departSpeed="0.00" departDelay="0.00" arrival="438.10" arrivalLane="10/5to10/6_0" arrivalPos="90.50" arrivalSpeed="11.82" duration="292.10" routeLength="1262.90" waitSteps="1597" rerouteNo="0" devices="vehroute_292 tripinfo_292 emissions_292" vType="HumanStandard" vaporized="">
        <emissions CO_abs="3333.922577" CO2_abs="357454.795820" HC_abs="101.621992" PMx_abs="36.730937" NOx_abs="696.429545" fuel_abs="142.511803"/>
    </tripinfo>
    <tripinfo id="522" depart="261.00" departLane="9/11to9/10_0" departPos="4.10" departSpeed="0.00" departDelay="0.00" arrival="438.30" arrivalLane="8/1to9/1_0" arrivalPos="90.50" arrivalSpeed="13.90" duration="177.30" routeLength="1086.65" waitSteps="713" rerouteNo="0" devices="vehroute_522 tripinfo_522 emissions_522" vType="HumanStandard" vaporized="">
        <emissions CO_abs="3379.592338" CO2_abs="322869.894507" HC_abs="93.005917" PMx_abs="35.604370" NOx_abs="647.669900" fuel_abs="128.723315"/>
    </tripinfo>
    <tripinfo id="408" depart="204.00" departLane="4/11to4/10_0" departPos="4.10" departSpeed="0.00" departDelay="0.00" arrival="438.40" arrivalLane="2/3to2/2_0" arrivalPos="90.50" arrivalSpeed="9.51" duration="234.40" routeLength="996.15" waitSteps="1241" rerouteNo="0" devices="vehroute_408 tripinfo_408 emissions_408" vType="HumanStandard" vaporized="">
        <emissions CO_abs="3708.447967" CO2_abs="325331.405295" HC_abs="100.371183" PMx_abs="36.562341" NOx_abs="656.163711" fuel_abs="129.704660"/>
    </tripinfo>
    <tripinfo id="247" depart="123.50" departLane="7/0to7/1_0" departPos="4.10" departSpeed="0.00" departDelay="0.00" arrival="439.80" arrivalLane="10/9to9/9_0" arrivalPos="90.50" arrivalSpeed="13.90" duration="316.30" routeLength="1177.15" waitSteps="1851" rerouteNo="0" devices="vehroute_247 tripinfo_247 emissions_247" vType="HumanStandard" vaporized="">
        <emissions CO_abs="4395.648782" CO2_abs="388865.831189" HC_abs="120.995741" PMx_abs="43.105765" NOx_abs="779.938593" fuel_abs="155.034866"/>
    </tripinfo>
    <tripinfo id="451" depart="225.50" departLane="5/9to5/10_0" departPos="4.10" departSpeed="0.00" departDelay="0.00" arrival="440.60" arrivalLane="3/1to3/0_0" arrivalPos="95.25" arrivalSpeed="13.90" duration="215.10" routeLength="1177.15" waitSteps="931" rerouteNo="0" devices="vehroute_451 tripinfo_451 emissions_451" vType="HumanStandard" vaporized="">
        <emissions CO_abs="3766.286993" CO2_abs="355437.940438" HC_abs="103.057435" PMx_abs="39.442051" NOx_abs="714.315539" fuel_abs="141.707696"/>
    </tripinfo>
    <tripinfo id="416" depart="208.00" departLane="5/2to4/2_0" departPos="4.10" departSpeed="0.00" departDelay="0.00" arrival="441.40" arrivalLane="1/10to0/10_0" arrivalPos="95.25" arrivalSpeed="13.90" duration="233.40" routeLength="1177.15" waitSteps="1177" rerouteNo="0" devices="vehroute_416 tripinfo_416 emissions_416" vType="HumanStandard" vaporized="">
        <emissions CO_abs="2675.500670" CO2_abs="321062.867837" HC_abs="89.665051" PMx_abs="30.994899" NOx_abs="610.549941" fuel_abs="128.002907"/>
    </tripinfo>
    <tripinfo id="419" depart="209.50" departLane="9/3to9/4_0" departPos="4.10" departSpeed="0.00" departDelay="0.00" arrival="442.20" arrivalLane="1/3to0/3_0" arrivalPos="95.25" arrivalSpeed="13.90" duration="232.70" routeLength="996.15" waitSteps="1253" rerouteNo="0" devices="vehroute_419 tripinfo_419 emissions_419" vType="HumanStandard" vaporized="">
        <emissions CO_abs="2716.570880" CO2_abs="292592.352749" HC_abs="85.565691" PMx_abs="29.380867" NOx_abs="564.361792" fuel_abs="116.652128"/>
    </tripinfo>
    <tripinfo id="234" depart="117.00" departLane="9/2to9/3_0" departPos="4.10" departSpeed="0.00" departDelay="0.00" arrival="452.80" arrivalLane="3/10to2/10_0" arrivalPos="90.50" arrivalSpeed="6.18" duration="335.80" routeLength="1353.40" waitSteps="2001" rerouteNo="0" devices="vehroute_234 tripinfo_234 emissions_234" vType="HumanStandard" vaporized="">
        <emissions CO_abs="3687.467160" CO2_abs="397064.622661" HC_abs="117.758322" PMx_abs="39.397705" NOx_abs="762.345765" fuel_abs="158.303635"/>
    </tripinfo>
    <tripinfo id="362" depart="181.00" departLane="9/11to9/10_0" departPos="4.10" departSpeed="0.00" departDelay="0.00" arrival="452.80" arrivalLane="3/2to2/2_0" arrivalPos="90.50" arrivalSpeed="6.18" duration="271.80" routeLength="1448.65" waitSteps="1334" rerouteNo="0" devices="vehroute_362 tripinfo_362 emissions_362" vType="HumanStandard" vaporized="">
        <emissions CO_abs="2914.497124" CO2_abs="374839.610314" HC_abs="102.022359" PMx_abs="35.227061" NOx_abs="706.291427" fuel_abs="149.442891"/>
    </tripinfo>
    <tripinfo id="239" depart="119.50" departLane="10/9to9/9_0" departPos="4.10" departSpeed="0.00" departDelay="0.00" arrival="452.80" arrivalLane="3/3to2/3_0" arrivalPos="90.50" arrivalSpeed="6.18" duration="333.30" routeLength="1262.90" waitSteps="1980" rerouteNo="0" devices="vehroute_239 tripinfo_239 emissions_239" vType="HumanStandard" vaporized="">
        <emissions CO_abs="4131.520661" CO2_abs="394595.758619" HC_abs="120.209508" PMx_abs="41.972566" NOx_abs="777.954192" fuel_abs="157.319316"/>
    </tripinfo>
    <tripinfo id="321" depart="160.50" departLane="11/5to10/5_0" departPos="4.10" departSpeed="0.00" departDelay="0.00" arrival="452.80" arrivalLane="3/4to2/4_0" arrivalPos="90.50" arrivalSpeed="6.18" duration="292.30" routeLength="905.65" waitSteps="1867" rerouteNo="0" devices="vehroute_321 tripinfo_321 emissions_321" vType="HumanStandard" vaporized="">
        <emissions CO_abs="3668.346938" CO2_abs="310941.332206" HC_abs="99.408511" PMx_abs="35.041068" NOx_abs="626.993507" fuel_abs="123.967550"/>
    </tripinfo>
    <tripinfo id="450" depart="225.00" departLane="10/2to10/3_0" departPos="4.10" departSpeed="0.00" departDelay="0.00" arrival="452.80" arrivalLane="2/1to1/1_0" arrivalPos="90.50" arrivalSpeed="6.18" duration="227.80" routeLength="1081.90" waitSteps="1091" rerouteNo="0" devices="vehroute_450 tripinfo_450 emissions_450" vType="HumanStandard" vaporized="">
        <emissions CO_abs="3232.161033" CO2_abs="317972.601332" HC_abs="92.485408" PMx_abs="34.207494" NOx_abs="630.559924" fuel_abs="126.770838"/>
    </tripinfo>
    <tripinfo id="306" depart="153.00" departLane="1/6to1/5_0" departPos="4.10" departSpeed="0.00" departDelay="0.00" arrival="452.80" arrivalLane="9/2to9/1_0" arrivalPos="90.50" arrivalSpeed="6.18" duration="299.80" routeLength="1172.40" waitSteps="1777" rerouteNo="0" devices="vehroute_306 tripinfo_306 emissions_306" vType="HumanStandard" vaporized="">
        <emissions CO_abs="3373.343085" CO2_abs="350465.463392" HC_abs="105.239534" PMx_abs="35.388182" NOx_abs="677.065640" fuel_abs="139.725251"/>
    </tripinfo>
    <tripinfo id="246" depart="123.00" departLane="0/9to1/9_0" departPos="4.10" departSpeed="0.00" departDelay="0.00" arrival="452.80" arrivalLane="9/7to10/7_0" arrivalPos="90.50" arrivalSpeed="6.18" duration="329.80" routeLength="1086.65" waitSteps="2052" rerouteNo="0" devices="vehroute_246 tripinfo_246 emissions_246" vType="HumanStandard" vaporized="">
        <emissions CO_abs="4224.678867" CO2_abs="366159.373703" HC_abs="115.932988" PMx_abs="40.814002" NOx_abs="735.214229" fuel_abs="145.982142"/>
    </tripinfo>
    <tripinfo id="428" depart="214.00" departLane="2/9to2/8_0" departPos="4.10" departSpeed="0.00" departDelay="0.00" arrival="452.80" arrivalLane="9/4to10/4_0" arrivalPos="90.50" arrivalSpeed="6.18" duration="238.80" routeLength="1172.40" waitSteps="1156" rerouteNo="0" devices="vehroute_428 tripinfo_428 emissions_428" vType="HumanStandard" vaporized="">
        <emissions CO_abs="3237.092726" CO2_abs="336544.817206" HC_abs="96.615128" PMx_abs="35.099311" NOx_abs="659.403383" fuel_abs="134.175306"/>
    </tripinfo>
    <tripinfo id="354" depart="177.00" departLane="1/4to2/4_0" departPos="4.10" departSpeed="0.00" departDelay="0.00" arrival="452.80" arrivalLane="9/9to10/9_0" arrivalPos="90.50" arrivalSpeed="6.18" duration="275.80" routeLength="1262.90" waitSteps="1444" rerouteNo="0" devices="vehroute_354 tripinfo_354 emissions_354" vType="HumanStandard" vaporized="">
        <emissions CO_abs="3560.894864" CO2_abs="361488.884680" HC_abs="103.110366" PMx_abs="38.535033" NOx_abs="714.525909" fuel_abs="144.120127"/>
    </tripinfo>
    <tripinfo id="348" depart="174.00" departLane="4/10to5/10_0" departPos="4.10" departSpeed="0.00" departDelay="0.00" arrival="452.80" arrivalLane="3/1to4/1_0" arrivalPos="90.50" arrivalSpeed="6.18" duration="278.80" routeLength="1172.40" waitSteps="1561" rerouteNo="0" devices="vehroute_348 tripinfo_348 emissions_348" vType="HumanStandard" vaporized="">
        <emissions CO_abs="3678.930237" CO2_abs="355162.319985" HC_abs="106.083071" PMx_abs="37.999801" NOx_abs="702.363447" fuel_abs="141.597808"/>
    </tripinfo>
    <tripinfo id="384" depart="192.00" departLane="4/10to4/9_0" departPos="4.10" departSpeed="0.00" departDelay="0.00" arrival="453.20" arrivalLane="10/3to11/3_0" arrivalPos="95.25" arrivalSpeed="13.90" duration="261.20" routeLength="1267.65" waitSteps="1319" rerouteNo="0" devices="vehroute_384 tripinfo_384 emissions_384" vType="HumanStandard" vaporized="">
        <emissions CO_abs="3452.132493" CO2_abs="358468.926912" HC_abs="99.663001" PMx_abs="38.294268" NOx_abs="709.481765" fuel_abs="142.916122"/>
    </tripinfo>
    <tripinfo id="316" depart="158.00" departLane="11/7to10/7_0" departPos="4.10" departSpeed="0.00" departDelay="0.00" arrival="454.10" arrivalLane="1/9to2/9_0" arrivalPos="90.50" arrivalSpeed="8.42" duration="296.10" routeLength="1177.15" waitSteps="1696" rerouteNo="0" devices="vehroute_316 tripinfo_316 emissions_316" vType="HumanStandard" vaporized="">
        <emissions CO_abs="3788.566854" CO2_abs="359563.315100" HC_abs="107.272796" PMx_abs="38.974806" NOx_abs="714.995572" fuel_abs="143.352416"/>
    </tripinfo>
    <tripinfo id="421" depart="210.50" departLane="2/0to2/1_0" departPos="4.10" departSpeed="0.00" departDelay="0.00" arrival="454.10" arrivalLane="7/10to6/10_0" arrivalPos="90.50" arrivalSpeed="8.42" duration="243.60" routeLength="1448.65" waitSteps="973" rerouteNo="0" devices="vehroute_421 tripinfo_421 emissions_421" vType="HumanStandard" vaporized="">
        <emissions CO_abs="3360.120193" CO2_abs="387907.673838" HC_abs="105.736083" PMx_abs="39.078675" NOx_abs="750.487049" fuel_abs="154.652918"/>
    </tripinfo>
    <tripinfo id="324" depart="162.00" departLane="2/10to2/9_0" departPos="4.10" departSpeed="0.00" departDelay="0.00" arrival="454.10" arrivalLane="9/4to10/4_0" arrivalPos="90.50" arrivalSpeed="8.42" duration="292.10" routeLength="1262.90" waitSteps="1624" rerouteNo="0" devices="vehroute_324 tripinfo_324 emissions_324" vType="HumanStandard" vaporized="">
        <emissions CO_abs="3035.593876" CO2_abs="351108.781274" HC_abs="100.106976" PMx_abs="34.184008" NOx_abs="669.668049" fuel_abs="139.981751"/>
    </tripinfo>
    <tripinfo id="364" depart="182.00" departLane="7/0to7/1_0" departPos="4.10" departSpeed="0.00" departDelay="0.00" arrival="454.10" arrivalLane="9/9to10/9_0" arrivalPos="90.50" arrivalSpeed="8.42" duration="272.10" routeLength="1086.65" waitSteps="1549" rerouteNo="0" devices="vehroute_364 tripinfo_364 emissions_364" vType="HumanStandard" vaporized="">
        <emissions CO_abs="3380.460837" CO2_abs="323951.943915" HC_abs="95.820423" PMx_abs="34.937430" NOx_abs="643.872653" fuel_abs="129.154706"/>
    </tripinfo>
    <tripinfo id="285" depart="142.50" departLane="9/11to9/10_0" departPos="4.10" departSpeed="0.00" departDelay="0.00" arrival="454.10" arrivalLane="3/1to4/1_0" arrivalPos="90.50" arrivalSpeed="8.42" duration="311.60" routeLength="1539.15" waitSteps="1549" rerouteNo="0" devices="vehroute_285 tripinfo_285 emissions_285" vType="HumanStandard" vaporized="">
        <emissions CO_abs="3952.134976" CO2_abs="431944.496818" HC_abs="122.491688" PMx_abs="43.895900" NOx_abs="837.825843" fuel_abs="172.209719"/>
    </tripinfo>
    <tripinfo id="299" depart="149.50" departLane="4/1to5/1_0" departPos="4.10" departSpeed="0.00" departDelay="0.00" arrival="454.10" arrivalLane="3/10to4/10_0" arrivalPos="90.50" arrivalSpeed="8.42" duration="304.60" routeLength="1172.40" waitSteps="1790" rerouteNo="0" devices="vehroute_299 tripinfo_299 emissions_299" vType="HumanStandard" vaporized="">
        <emissions CO_abs="3425.915302" CO2_abs="347199.722459" HC_abs="102.440559" PMx_abs="36.204853" NOx_abs="679.486770" fuel_abs="138.423248"/>
    </tripinfo>
    <tripinfo id="325" depart="162.50" departLane="10/2to10/1_0" departPos="4.10" departSpeed="0.00" departDelay="0.00" arrival="454.20" arrivalLane="2/5to1/5_0" arrivalPos="90.50" arrivalSpeed="7.55" duration="291.70" routeLength="1262.90" waitSteps="1611" rerouteNo="0" devices="vehroute_325 tripinfo_325 emissions_325" vType="HumanStandard" vaporized="">
        <emissions CO_abs="3348.308932" CO2_abs="361452.182805" HC_abs="105.048429" PMx_abs="36.404023" NOx_abs="698.108024" fuel_abs="144.105498"/>
    </tripinfo>
    <tripinfo id="329" depart="164.50" departLane="11/4to10/4_0" departPos="4.10" departSpeed="0.00" departDelay="0.00" arrival="454.50" arrivalLane="2/8to1/8_0" arrivalPos="90.50" arrivalSpeed="4.10" duration="290.00" routeLength="1267.65" waitSteps="1532" rerouteNo="0" devices="vehroute_329 tripinfo_329 emissions_329" vType="HumanStandard" vaporized="">
        <emissions CO_abs="4013.063680" CO2_abs="382647.076182" HC_abs="113.019931" PMx_abs="41.671300" NOx_abs="762.269126" fuel_abs="152.555563"/>
    </tripinfo>
    <tripinfo id="396" depart="198.00" departLane="3/0to3/1_0" departPos="4.10" departSpeed="0.00" departDelay="0.00" arrival="455.20" arrivalLane="9/7to10/7_0" arrivalPos="90.50" arrivalSpeed="10.16" duration="257.20" routeLength="1267.65" waitSteps="1260" rerouteNo="0" devices="vehroute_396 tripinfo_396 emissions_396" vType="HumanStandard" vaporized="">
        <emissions CO_abs="3268.161121" CO2_abs="350264.575896" HC_abs="97.058482" PMx_abs="36.698585" NOx_abs="687.868091" fuel_abs="139.645175"/>
    </tripinfo>
    <tripinfo id="390" depart="199.20" departLane="5/1to5/2_0" departPos="4.10" departSpeed="0.00" departDelay="4.20" arrival="455.20" arrivalLane="3/10to4/10_0" arrivalPos="90.50" arrivalSpeed="10.16" duration="256.00" routeLength="1081.90" waitSteps="1390" rerouteNo="0" devices="vehroute_390 tripinfo_390 emissions_390" vType="HumanStandard" vaporized="">
        <emissions CO_abs="3031.551124" CO2_abs="311666.788259" HC_abs="90.010062" PMx_abs="32.705152" NOx_abs="611.606138" fuel_abs="124.256811"/>
    </tripinfo>
    <tripinfo id="387" depart="193.50" departLane="0/8to1/8_0" departPos="4.10" departSpeed="0.00" departDelay="0.00" arrival="456.70" arrivalLane="9/3to10/3_0" arrivalPos="90.50" arrivalSpeed="7.04" duration="263.20" routeLength="1358.15" waitSteps="1223" rerouteNo="0" devices="vehroute_387 tripinfo_387 emissions_387" vType="HumanStandard" vaporized="">
        <emissions CO_abs="3307.323027" CO2_abs="369557.545237" HC_abs="102.428803" PMx_abs="37.592582" NOx_abs="717.538512" fuel_abs="147.336993"/>
    </tripinfo>
    <tripinfo id="266" depart="133.00" departLane="2/11to2/10_0" departPos="4.10" departSpeed="0.00" departDelay="0.00" arrival="459.60" arrivalLane="9/4to8/4_0" arrivalPos="90.50" arrivalSpeed="13.90" duration="326.60" routeLength="1358.15" waitSteps="1887" rerouteNo="0" devices="vehroute_266 tripinfo_266 emissions_266" vType="HumanStandard" vaporized="">
        <emissions CO_abs="3821.215259" CO2_abs="401190.152811" HC_abs="118.132964" PMx_abs="40.801659" NOx_abs="777.654857" fuel_abs="159.948418"/>
    </tripinfo>
    <tripinfo id="333" depart="166.50" departLane="1/6to2/6_0" departPos="4.10" departSpeed="0.00" departDelay="0.00" arrival="459.60" arrivalLane="10/7to10/6_0" arrivalPos="90.50" arrivalSpeed="13.90" duration="293.10" routeLength="991.40" waitSteps="1827" rerouteNo="0" devices="vehroute_333 tripinfo_333 emissions_333" vType="HumanStandard" vaporized="">
        <emissions CO_abs="3781.877710" CO2_abs="334026.830102" HC_abs="105.145978" PMx_abs="36.813556" NOx_abs="667.788194" fuel_abs="133.171392"/>
    </tripinfo>
    <tripinfo id="341" depart="170.50" departLane="0/4to1/4_0" departPos="4.10" departSpeed="0.00" departDelay="0.00" arrival="459.60" arrivalLane="10/8to10/7_0" arrivalPos="90.50" arrivalSpeed="13.90" duration="289.10" routeLength="1358.15" waitSteps="1490" rerouteNo="0" devices="vehroute_341 tripinfo_341 emissions_341" vType="HumanStandard" vaporized="">
        <emissions CO_abs="4393.890533" CO2_abs="413223.117245" HC_abs="121.627044" PMx_abs="45.537957" NOx_abs="827.517285" fuel_abs="164.745764"/>
    </tripinfo>
    <tripinfo id="261" depart="130.50" departLane="9/8to8/8_0" departPos="4.10" departSpeed="0.00" departDelay="0.00" arrival="459.60" arrivalLane="1/2to1/3_0" arrivalPos="90.50" arrivalSpeed="13.90" duration="329.10" routeLength="1353.40" waitSteps="1915" rerouteNo="0" devices="vehroute_261 tripinfo_261 emissions_261" vType="HumanStandard" vaporized="">
        <emissions CO_abs="4150.938048" CO2_abs="413097.346877" HC_abs="123.583872" PMx_abs="43.158319" NOx_abs="809.097280" fuel_abs="164.695627"/>
    </tripinfo>
    <tripinfo id="462" depart="231.00" departLane="8/11to8/10_0" departPos="4.10" departSpeed="0.00" departDelay="0.00" arrival="459.80" arrivalLane="9/1to8/1_0" arrivalPos="90.50" arrivalSpeed="13.90" duration="228.80" routeLength="1086.65" waitSteps="1258" rerouteNo="0" devices="vehroute_462 tripinfo_462 emissions_462" vType="HumanStandard" vaporized="">
        <emissions CO_abs="2305.657589" CO2_abs="290406.298555" HC_abs="80.883438" PMx_abs="27.077445" NOx_abs="545.957684" fuel_abs="115.780601"/>
    </tripinfo>
    <tripinfo id="268" depart="134.00" departLane="1/1to2/1_0" departPos="4.10" departSpeed="0.00" departDelay="0.00" arrival="459.90" arrivalLane="8/6to9/6_0" arrivalPos="90.50" arrivalSpeed="13.90" duration="325.90" routeLength="1172.40" waitSteps="2039" rerouteNo="0" devices="vehroute_268 tripinfo_268 emissions_268" vType="HumanStandard" vaporized="">
        <emissions CO_abs="3451.864293" CO2_abs="359245.336731" HC_abs="108.967384" PMx_abs="35.904881" NOx_abs="691.313135" fuel_abs="143.225652"/>
    </tripinfo>
    <tripinfo id="393" depart="196.50" departLane="1/3to2/3_0" departPos="4.10" departSpeed="0.00" departDelay="0.00" arrival="460.30" arrivalLane="10/3to11/3_0" arrivalPos="95.25" arrivalSpeed="13.90" duration="263.80" routeLength="905.65" waitSteps="1696" rerouteNo="0" devices="vehroute_393 tripinfo_393 emissions_393" vType="HumanStandard" vaporized="">
        <emissions CO_abs="2906.689645" CO2_abs="292211.836327" HC_abs="91.255325" PMx_abs="29.297742" NOx_abs="562.509698" fuel_abs="116.500408"/>
    </tripinfo>
    <tripinfo id="286" depart="143.00" departLane="2/8to2/9_0" departPos="4.10" departSpeed="0.00" departDelay="0.00" arrival="461.40" arrivalLane="9/1to8/1_0" arrivalPos="90.50" arrivalSpeed="13.90" duration="318.40" routeLength="1534.40" waitSteps="1618" rerouteNo="0" devices="vehroute_286 tripinfo_286 emissions_286" vType="HumanStandard" vaporized="">
        <emissions CO_abs="4408.435431" CO2_abs="443229.762947" HC_abs="127.520744" PMx_abs="47.133965" NOx_abs="876.058423" fuel_abs="176.708969"/>
    </tripinfo>
    <tripinfo id="625" depart="312.50" departLane="2/0to2/1_0" departPos="4.10" departSpeed="0.00" departDelay="0.00" arrival="462.50" arrivalLane="3/9to3/10_0" arrivalPos="90.50" arrivalSpeed="13.90" duration="150.00" routeLength="996.15" waitSteps="582" rerouteNo="0" devices="vehroute_625 tripinfo_625 emissions_625" vType="HumanStandard" vaporized="">
        <emissions CO_abs="1771.319952" CO2_abs="249153.528928" HC_abs="64.468674" PMx_abs="23.009579" NOx_abs="466.941340" fuel_abs="99.333759"/>
    </tripinfo>
    <tripinfo id="368" depart="184.00" departLane="2/8to1/8_0" departPos="4.10" departSpeed="0.00" departDelay="0.00" arrival="462.90" arrivalLane="10/9to11/9_0" arrivalPos="95.25" arrivalSpeed="13.90" duration="278.90" routeLength="1086.65" waitSteps="1637" rerouteNo="0" devices="vehroute_368 tripinfo_368 emissions_368" vType="HumanStandard" vaporized="">
        <emissions CO_abs="3191.505575" CO2_abs="320206.161087" HC_abs="93.095249" PMx_abs="33.964816" NOx_abs="631.362697" fuel_abs="127.661328"/>
    </tripinfo>
    <tripinfo id="269" depart="134.50" departLane="1/8to2/8_0" departPos="4.10" departSpeed="0.00" departDelay="0.00" arrival="463.20" arrivalLane="10/3to10/4_0" arrivalPos="90.50" arrivalSpeed="13.90" duration="328.70" routeLength="1353.40" waitSteps="1820" rerouteNo="0" devices="vehroute_269 tripinfo_269 emissions_269" vType="HumanStandard" vaporized="">
        <emissions CO_abs="4541.263750" CO2_abs="422580.619592" HC_abs="126.518782" PMx_abs="46.422939" NOx_abs="844.551381" fuel_abs="168.476452"/>
    </tripinfo>
    <tripinfo id="372" depart="186.00" departLane="0/10to1/10_0" departPos="4.10" departSpeed="0.00" departDelay="0.00" arrival="467.10" arrivalLane="8/5to9/5_0" arrivalPos="90.50" arrivalSpeed="13.90" duration="281.10" routeLength="1267.65" waitSteps="1524" rerouteNo="0" devices="vehroute_372 tripinfo_372 emissions_372" vType="HumanStandard" vaporized="">
        <emissions CO_abs="2999.002292" CO2_abs="348324.947603" HC_abs="98.355566" PMx_abs="33.970011" NOx_abs="665.554698" fuel_abs="138.871880"/>
    </tripinfo>
    <tripinfo id="413" depart="206.50" departLane="3/0to3/1_0" departPos="4.10" departSpeed="0.00" departDelay="0.00" arrival="468.10" arrivalLane="9/9to8/9_0" arrivalPos="90.50" arrivalSpeed="13.90" duration="261.60" routeLength="1448.65" waitSteps="1144" rerouteNo="0" devices="vehroute_413 tripinfo_413 emissions_413" vType="HumanStandard" vaporized="">
        <emissions CO_abs="3683.516416" CO2_abs="402752.677213" HC_abs="111.828772" PMx_abs="41.548896" NOx_abs="786.159216" fuel_abs="160.571387"/>
    </tripinfo>
    <tripinfo id="397" depart="198.50" departLane="5/0to5/1_0" departPos="4.10" departSpeed="0.00" departDelay="0.00" arrival="468.90" arrivalLane="7/10to8/10_0" arrivalPos="90.50" arrivalSpeed="13.90" duration="270.40" routeLength="1177.15" waitSteps="1524" rerouteNo="0" devices="vehroute_397 tripinfo_397 emissions_397" vType="HumanStandard" vaporized="">
        <emissions CO_abs="3171.328335" CO2_abs="341478.515158" HC_abs="99.707287" PMx_abs="34.253931" NOx_abs="658.923527" fuel_abs="136.142300"/>
    </tripinfo>
    <tripinfo id="595" depart="297.50" departLane="4/0to4/1_0" departPos="4.10" departSpeed="0.00" departDelay="0.00" arrival="469.00" arrivalLane="6/8to6/9_0" arrivalPos="90.50" arrivalSpeed="13.90" duration="171.50" routeLength="996.15" waitSteps="738" rerouteNo="0" devices="vehroute_595 tripinfo_595 emissions_595" vType="HumanStandard" vaporized="">
        <emissions CO_abs="2585.511433" CO2_abs="279338.778117" HC_abs="77.931881" PMx_abs="28.942113" NOx_abs="546.222170" fuel_abs="111.368136"/>
    </tripinfo>
    <tripinfo id="470" depart="235.00" departLane="2/10to2/9_0" departPos="4.10" departSpeed="0.00" departDelay="0.00" arrival="474.30" arrivalLane="5/1to6/1_0" arrivalPos="90.50" arrivalSpeed="13.90" duration="239.30" routeLength="1172.40" waitSteps="1270" rerouteNo="0" devices="vehroute_470 tripinfo_470 emissions_470" vType="HumanStandard" vaporized="">
        <emissions CO_abs="2764.499489" CO2_abs="326984.984869" HC_abs="92.542829" PMx_abs="31.519991" NOx_abs="621.468041" fuel_abs="130.363963"/>
    </tripinfo>
    <tripinfo id="500" depart="250.00" departLane="5/0to5/1_0" departPos="4.10" departSpeed="0.00" departDelay="0.00" arrival="479.20" arrivalLane="8/10to8/11_0" arrivalPos="95.25" arrivalSpeed="13.90" duration="229.20" routeLength="1272.40" waitSteps="1094" rerouteNo="0" devices="vehroute_500 tripinfo_500 emissions_500" vType="HumanStandard" vaporized="">
        <emissions CO_abs="2815.542002" CO2_abs="345007.305177" HC_abs="95.753023" PMx_abs="32.962558" NOx_abs="653.842055" fuel_abs="137.549196"/>
    </tripinfo>
    <tripinfo id="555" depart="278.80" departLane="0/2to1/2_0" departPos="4.10" departSpeed="0.00" departDelay="1.30" arrival="481.30" arrivalLane="4/10to4/11_0" arrivalPos="95.25" arrivalSpeed="13.90" duration="202.50" routeLength="1181.90" waitSteps="856" rerouteNo="0" devices="vehroute_555 tripinfo_555 emissions_555" vType="HumanStandard" vaporized="">
        <emissions CO_abs="3004.764556" CO2_abs="326169.828514" HC_abs="90.697031" PMx_abs="33.795469" NOx_abs="637.667243" fuel_abs="130.038966"/>
    </tripinfo>
    <tripinfo id="453" depart="226.50" departLane="1/10to1/9_0" departPos="4.10" departSpeed="0.00" departDelay="0.00" arrival="481.50" arrivalLane="5/1to6/1_0" arrivalPos="90.50" arrivalSpeed="13.90" duration="255.00" routeLength="1262.90" waitSteps="1196" rerouteNo="0" devices="vehroute_453 tripinfo_453 emissions_453" vType="HumanStandard" vaporized="">
        <emissions CO_abs="3468.811317" CO2_abs="363853.306369" HC_abs="104.293328" PMx_abs="37.768304" NOx_abs="711.479084" fuel_abs="145.062789"/>
    </tripinfo>
    <tripinfo id="560" depart="280.00" departLane="10/6to9/6_0" departPos="4.10" departSpeed="0.00" departDelay="0.00" arrival="481.90" arrivalLane="1/6to0/6_0" arrivalPos="95.25" arrivalSpeed="13.90" duration="201.90" routeLength="905.65" waitSteps="1109" rerouteNo="0" devices="vehroute_560 tripinfo_560 emissions_560" vType="HumanStandard" vaporized="">
        <emissions CO_abs="2166.843213" CO2_abs="250747.100843" HC_abs="69.986361" PMx_abs="24.794588" NOx_abs="481.365814" fuel_abs="99.969072"/>
    </tripinfo>
    <tripinfo id="559" depart="279.50" departLane="1/2to2/2_0" departPos="4.10" departSpeed="0.00" departDelay="0.00" arrival="484.20" arrivalLane="6/9to6/10_0" arrivalPos="90.50" arrivalSpeed="13.90" duration="204.70" routeLength="1172.40" waitSteps="875" rerouteNo="0" devices="vehroute_559 tripinfo_559 emissions_559" vType="HumanStandard" vaporized="">
        <emissions CO_abs="3318.975294" CO2_abs="337243.548369" HC_abs="95.409189" PMx_abs="36.092912" NOx_abs="668.070183" fuel_abs="134.453881"/>
    </tripinfo>
    <tripinfo id="575" depart="288.60" departLane="3/2to4/2_0" departPos="4.10" departSpeed="0.00" departDelay="1.10" arrival="484.50" arrivalLane="8/10to8/11_0" arrivalPos="95.25" arrivalSpeed="13.90" duration="195.90" routeLength="1267.65" waitSteps="721" rerouteNo="0" devices="vehroute_575 tripinfo_575 emissions_575" vType="HumanStandard" vaporized="">
        <emissions CO_abs="3031.334074" CO2_abs="344562.781796" HC_abs="94.382336" PMx_abs="34.898449" NOx_abs="668.344574" fuel_abs="137.371963"/>
    </tripinfo>
    <tripinfo id="684" depart="342.00" departLane="8/1to9/1_0" departPos="4.10" departSpeed="0.00" departDelay="0.00" arrival="490.50" arrivalLane="9/10to8/10_0" arrivalPos="90.50" arrivalSpeed="13.90" duration="148.50" routeLength="991.40" waitSteps="554" rerouteNo="0" devices="vehroute_684 tripinfo_684 emissions_684" vType="HumanStandard" vaporized="">
        <emissions CO_abs="2218.349790" CO2_abs="266774.632473" HC_abs="72.511786" PMx_abs="26.209224" NOx_abs="511.197837" fuel_abs="106.359013"/>
    </tripinfo>
    <tripinfo id="553" depart="276.50" departLane="0/2to1/2_0" departPos="4.10" departSpeed="0.00" departDelay="0.00" arrival="491.50" arrivalLane="5/10to5/11_0" arrivalPos="95.25" arrivalSpeed="13.90" duration="215.00" routeLength="1272.40" waitSteps="896" rerouteNo="0" devices="vehroute_553 tripinfo_553 emissions_553" vType="HumanStandard" vaporized="">
        <emissions CO_abs="3081.465677" CO2_abs="347794.133269" HC_abs="95.647312" PMx_abs="35.363692" NOx_abs="675.102411" fuel_abs="138.660254"/>
    </tripinfo>
    <tripinfo id="336" depart="168.00" departLane="10/4to10/5_0" departPos="4.10" departSpeed="0.00" departDelay="0.00" arrival="497.80" arrivalLane="1/8to1/7_0" arrivalPos="90.50" arrivalSpeed="6.18" duration="329.80" routeLength="1262.90" waitSteps="1900" rerouteNo="0" devices="vehroute_336 tripinfo_336 emissions_336" vType="HumanStandard" vaporized="">
        <emissions CO_abs="4232.957915" CO2_abs="395592.477048" HC_abs="119.865370" PMx_abs="42.927603" NOx_abs="786.513648" fuel_abs="157.716689"/>
    </tripinfo>
    <tripinfo id="380" depart="190.00" departLane="1/6to1/5_0" departPos="4.10" departSpeed="0.00" departDelay="0.00" arrival="497.80" arrivalLane="10/1to10/2_0" arrivalPos="90.50" arrivalSpeed="6.18" duration="307.80" routeLength="1353.40" waitSteps="1592" rerouteNo="0" devices="vehroute_380 tripinfo_380 emissions_380" vType="HumanStandard" vaporized="">
        <emissions CO_abs="4224.306835" CO2_abs="403696.533121" HC_abs="118.621470" PMx_abs="43.887530" NOx_abs="804.806951" fuel_abs="160.947660"/>
    </tripinfo>
    <tripinfo id="405" depart="202.50" departLane="4/1to4/2_0" departPos="4.10" departSpeed="0.00" departDelay="0.00" arrival="499.10" arrivalLane="10/7to10/8_0" arrivalPos="90.50" arrivalSpeed="8.42" duration="296.60" routeLength="1172.40" waitSteps="1648" rerouteNo="0" devices="vehroute_405 tripinfo_405 emissions_405" vType="HumanStandard" vaporized="">
        <emissions CO_abs="3697.786434" CO2_abs="352867.569357" HC_abs="103.701054" PMx_abs="38.567199" NOx_abs="703.922682" fuel_abs="140.682927"/>
    </tripinfo>
    <tripinfo id="391" depart="195.50" departLane="1/0to1/1_0" departPos="4.10" departSpeed="0.00" departDelay="0.00" arrival="499.10" arrivalLane="8/8to9/8_0" arrivalPos="90.50" arrivalSpeed="8.42" duration="303.60" routeLength="1448.65" waitSteps="1603" rerouteNo="0" devices="vehroute_391 tripinfo_391 emissions_391" vType="HumanStandard" vaporized="">
        <emissions CO_abs="3324.384013" CO2_abs="391428.315327" HC_abs="109.237397" PMx_abs="38.243381" NOx_abs="748.103934" fuel_abs="156.056544"/>
    </tripinfo>
    <tripinfo id="355" depart="177.50" departLane="10/5to10/4_0" departPos="4.10" departSpeed="0.00" departDelay="0.00" arrival="500.20" arrivalLane="1/5to1/4_0" arrivalPos="90.50" arrivalSpeed="10.16" duration="322.70" routeLength="1081.90" waitSteps="2023" rerouteNo="0" devices="vehroute_355 tripinfo_355 emissions_355" vType="HumanStandard" vaporized="">
        <emissions CO_abs="3650.544398" CO2_abs="343232.420740" HC_abs="105.399841" PMx_abs="36.740287" NOx_abs="678.249944" fuel_abs="136.841530"/>
    </tripinfo>
    <tripinfo id="272" depart="136.00" departLane="1/4to1/3_0" departPos="4.10" departSpeed="0.00" departDelay="0.00" arrival="500.20" arrivalLane="10/6to10/5_0" arrivalPos="90.50" arrivalSpeed="10.16" duration="364.20" routeLength="1262.90" waitSteps="2259" rerouteNo="0" devices="vehroute_272 tripinfo_272 emissions_272" vType="HumanStandard" vaporized="">
        <emissions CO_abs="4488.074265" CO2_abs="407265.026275" HC_abs="125.454548" PMx_abs="44.664037" NOx_abs="812.927761" fuel_abs="162.370349"/>
    </tripinfo>
    <tripinfo id="241" depart="120.50" departLane="2/2to2/3_0" departPos="4.10" departSpeed="0.00" departDelay="0.00" arrival="500.20" arrivalLane="10/10to10/9_0" arrivalPos="90.50" arrivalSpeed="10.16" duration="379.70" routeLength="1534.40" waitSteps="2150" rerouteNo="0" devices="vehroute_241 tripinfo_241 emissions_241" vType="HumanStandard" vaporized="">
        <emissions CO_abs="4418.036396" CO2_abs="448587.527856" HC_abs="130.793660" PMx_abs="47.098431" NOx_abs="880.682926" fuel_abs="178.845028"/>
    </tripinfo>
    <tripinfo id="383" depart="191.50" departLane="11/2to10/2_0" departPos="4.10" departSpeed="0.00" departDelay="0.00" arrival="501.20" arrivalLane="1/5to1/4_0" arrivalPos="90.50" arrivalSpeed="11.66" duration="309.70" routeLength="1267.65" waitSteps="1716" rerouteNo="0" devices="vehroute_383 tripinfo_383 emissions_383" vType="HumanStandard" vaporized="">
        <emissions CO_abs="3976.359000" CO2_abs="383224.221683" HC_abs="112.932523" PMx_abs="41.482418" NOx_abs="761.542179" fuel_abs="152.785662"/>
    </tripinfo>
    <tripinfo id="356" depart="178.00" departLane="11/9to10/9_0" departPos="4.10" departSpeed="0.00" departDelay="0.00" arrival="501.20" arrivalLane="2/6to2/7_0" arrivalPos="90.50" arrivalSpeed="11.66" duration="323.20" routeLength="1177.15" waitSteps="1921" rerouteNo="0" devices="vehroute_356 tripinfo_356 emissions_356" vType="HumanStandard" vaporized="">
        <emissions CO_abs="4063.999512" CO2_abs="373305.917948" HC_abs="113.795269" PMx_abs="40.897325" NOx_abs="744.859628" fuel_abs="148.831373"/>
    </tripinfo>
    <tripinfo id="420" depart="210.00" departLane="1/10to2/10_0" departPos="4.10" departSpeed="0.00" departDelay="0.00" arrival="501.20" arrivalLane="10/10to10/9_0" arrivalPos="90.50" arrivalSpeed="11.66" duration="291.20" routeLength="900.90" waitSteps="1872" rerouteNo="0" devices="vehroute_420 tripinfo_420 emissions_420" vType="HumanStandard" vaporized="">
        <emissions CO_abs="3160.826107" CO2_abs="293064.554857" HC_abs="91.733407" PMx_abs="31.249100" NOx_abs="577.948452" fuel_abs="116.840365"/>
    </tripinfo>
    <tripinfo id="415" depart="207.50" departLane="4/1to3/1_0" departPos="4.10" departSpeed="0.00" departDelay="0.00" arrival="501.90" arrivalLane="7/9to7/10_0" arrivalPos="90.50" arrivalSpeed="7.11" duration="294.40" routeLength="1262.90" waitSteps="1630" rerouteNo="0" devices="vehroute_415 tripinfo_415 emissions_415" vType="HumanStandard" vaporized="">
        <emissions CO_abs="3433.201705" CO2_abs="366004.573434" HC_abs="107.335878" PMx_abs="36.945247" NOx_abs="707.325562" fuel_abs="145.920465"/>
    </tripinfo>
    <tripinfo id="582" depart="291.00" departLane="3/0to3/1_0" departPos="4.10" departSpeed="0.00" departDelay="0.00" arrival="502.20" arrivalLane="5/8to5/9_0" arrivalPos="90.50" arrivalSpeed="4.15" duration="211.20" routeLength="996.15" waitSteps="1044" rerouteNo="0" devices="vehroute_582 tripinfo_582 emissions_582" vType="HumanStandard" vaporized="">
        <emissions CO_abs="2704.248391" CO2_abs="284570.348106" HC_abs="82.020944" PMx_abs="29.337646" NOx_abs="555.134643" fuel_abs="113.453875"/>
    </tripinfo>
    <tripinfo id="293" depart="146.50" departLane="3/1to4/1_0" departPos="4.10" departSpeed="0.00" departDelay="0.00" arrival="503.00" arrivalLane="10/10to10/9_0" arrivalPos="90.50" arrivalSpeed="13.90" duration="356.50" routeLength="1534.40" waitSteps="1892" rerouteNo="0" devices="vehroute_293 tripinfo_293 emissions_293" vType="HumanStandard" vaporized="">
        <emissions CO_abs="4479.868535" CO2_abs="448089.759358" HC_abs="128.951175" PMx_abs="47.972632" NOx_abs="887.132897" fuel_abs="178.646574"/>
    </tripinfo>
    <tripinfo id="225" depart="112.50" departLane="2/9to2/8_0" departPos="4.10" departSpeed="0.00" departDelay="0.00" arrival="504.60" arrivalLane="10/2to9/2_0" arrivalPos="90.50" arrivalSpeed="13.90" duration="392.10" routeLength="1443.90" waitSteps="2409" rerouteNo="0" devices="vehroute_225 tripinfo_225 emissions_225" vType="HumanStandard" vaporized="">
        <emissions CO_abs="4475.366122" CO2_abs="445992.979080" HC_abs="134.932478" PMx_abs="46.141923" NOx_abs="869.961703" fuel_abs="177.810612"/>
    </tripinfo>
    <tripinfo id="550" depart="275.00" departLane="9/8to9/7_0" departPos="4.10" departSpeed="0.00" departDelay="0.00" arrival="504.60" arrivalLane="3/2to2/2_0" arrivalPos="90.50" arrivalSpeed="13.90" duration="229.60" routeLength="1172.40" waitSteps="1183" rerouteNo="0" devices="vehroute_550 tripinfo_550 emissions_550" vType="HumanStandard" vaporized="">
        <emissions CO_abs="2724.229398" CO2_abs="325678.129490" HC_abs="92.668721" PMx_abs="31.056792" NOx_abs="616.276703" fuel_abs="129.842940"/>
    </tripinfo>
    <tripinfo id="307" depart="153.50" departLane="5/10to6/10_0" departPos="4.10" departSpeed="0.00" departDelay="0.00" arrival="504.60" arrivalLane="2/1to1/1_0" arrivalPos="90.50" arrivalSpeed="13.90" duration="351.10" routeLength="1353.40" waitSteps="2054" rerouteNo="0" devices="vehroute_307 tripinfo_307 emissions_307" vType="HumanStandard" vaporized="">
        <emissions CO_abs="4768.299579" CO2_abs="439063.304138" HC_abs="136.291613" PMx_abs="47.332556" NOx_abs="870.133179" fuel_abs="175.047838"/>
    </tripinfo>
    <tripinfo id="540" depart="270.00" departLane="0/4to1/4_0" departPos="4.10" departSpeed="0.00" departDelay="0.00" arrival="504.60" arrivalLane="9/6to9/5_0" arrivalPos="90.50" arrivalSpeed="13.90" duration="234.60" routeLength="1086.65" waitSteps="1248" rerouteNo="0" devices="vehroute_540 tripinfo_540 emissions_540" vType="HumanStandard" vaporized="">
        <emissions CO_abs="3075.350376" CO2_abs="313268.636880" HC_abs="88.990298" PMx_abs="33.398243" NOx_abs="619.364912" fuel_abs="124.895448"/>
    </tripinfo>
    <tripinfo id="370" depart="185.00" departLane="1/11to1/10_0" departPos="4.10" departSpeed="0.00" departDelay="0.00" arrival="504.60" arrivalLane="6/2to5/2_0" arrivalPos="90.50" arrivalSpeed="13.90" duration="319.60" routeLength="1358.15" waitSteps="1661" rerouteNo="0" devices="vehroute_370 tripinfo_370 emissions_370" vType="HumanStandard" vaporized="">
        <emissions CO_abs="4511.025943" CO2_abs="424718.732379" HC_abs="129.159909" PMx_abs="45.669576" NOx_abs="841.663741" fuel_abs="169.328880"/>
    </tripinfo>
    <tripinfo id="472" depart="236.00" departLane="10/11to10/10_0" departPos="4.10" departSpeed="0.00" departDelay="0.00" arrival="504.90" arrivalLane="4/5to4/4_0" arrivalPos="90.50" arrivalSpeed="13.90" duration="268.90" routeLength="1177.15" waitSteps="1437" rerouteNo="0" devices="vehroute_472 tripinfo_472 emissions_472" vType="HumanStandard" vaporized="">
        <emissions CO_abs="3174.538154" CO2_abs="340283.525979" HC_abs="99.181370" PMx_abs="34.208880" NOx_abs="657.718632" fuel_abs="135.665873"/>
    </tripinfo>
    <tripinfo id="229" depart="114.50" departLane="9/9to9/8_0" departPos="4.10" departSpeed="0.00" departDelay="0.00" arrival="504.90" arrivalLane="1/2to1/1_0" arrivalPos="90.50" arrivalSpeed="13.90" duration="390.40" routeLength="1443.90" waitSteps="2331" rerouteNo="0" devices="vehroute_229 tripinfo_229 emissions_229" vType="HumanStandard" vaporized="">
        <emissions CO_abs="4353.109612" CO2_abs="448213.741666" HC_abs="138.815590" PMx_abs="44.316188" NOx_abs="859.068206" fuel_abs="178.695995"/>
    </tripinfo>
    <tripinfo id="381" depart="190.50" departLane="9/5to10/5_0" departPos="4.10" departSpeed="0.00" departDelay="0.00" arrival="504.90" arrivalLane="1/9to1/10_0" arrivalPos="90.50" arrivalSpeed="13.90" duration="314.40" routeLength="1353.40" waitSteps="1695" rerouteNo="0" devices="vehroute_381 tripinfo_381 emissions_381" vType="HumanStandard" vaporized="">
        <emissions CO_abs="4085.590277" CO2_abs="410859.774236" HC_abs="122.459435" PMx_abs="42.732141" NOx_abs="803.262063" fuel_abs="163.803540"/>
    </tripinfo>
    <tripinfo id="418" depart="209.00" departLane="1/3to2/3_0" departPos="4.10" departSpeed="0.00" departDelay="0.00" arrival="504.90" arrivalLane="9/8to10/8_0" arrivalPos="90.50" arrivalSpeed="13.90" duration="295.90" routeLength="1262.90" waitSteps="1697" rerouteNo="0" devices="vehroute_418 tripinfo_418 emissions_418" vType="HumanStandard" vaporized="">
        <emissions CO_abs="3385.114129" CO2_abs="370762.335120" HC_abs="109.136573" PMx_abs="36.569568" NOx_abs="710.258993" fuel_abs="147.817315"/>
    </tripinfo>
    <tripinfo id="251" depart="125.50" departLane="1/1to2/1_0" departPos="4.10" departSpeed="0.00" departDelay="0.00" arrival="504.90" arrivalLane="9/9to10/9_0" arrivalPos="90.50" arrivalSpeed="13.90" duration="379.40" routeLength="1534.40" waitSteps="2234" rerouteNo="0" devices="vehroute_251 tripinfo_251 emissions_251" vType="HumanStandard" vaporized="">
        <emissions CO_abs="4299.663308" CO2_abs="454877.549066" HC_abs="134.176413" PMx_abs="45.940379" NOx_abs="879.299062" fuel_abs="181.352769"/>
    </tripinfo>
    <tripinfo id="277" depart="138.50" departLane="8/6to8/7_0" departPos="4.10" departSpeed="0.00" departDelay="0.00" arrival="505.00" arrivalLane="1/1to0/1_0" arrivalPos="95.25" arrivalSpeed="13.90" duration="366.50" routeLength="1358.15" waitSteps="2082" rerouteNo="0" devices="vehroute_277 tripinfo_277 emissions_277" vType="HumanStandard" vaporized="">
        <emissions CO_abs="5567.049939" CO2_abs="469098.079139" HC_abs="149.912020" PMx_abs="53.023947" NOx_abs="947.918216" fuel_abs="187.022221"/>
    </tripinfo>
    <tripinfo id="484" depart="242.00" departLane="9/2to9/1_0" departPos="4.10" departSpeed="0.00" departDelay="0.00" arrival="505.00" arrivalLane="9/10to9/11_0" arrivalPos="95.25" arrivalSpeed="13.90" duration="263.00" routeLength="1177.15" waitSteps="1411" rerouteNo="0" devices="vehroute_484 tripinfo_484 emissions_484" vType="HumanStandard" vaporized="">
        <emissions CO_abs="3882.926340" CO2_abs="364239.206598" HC_abs="109.181771" PMx_abs="39.536545" NOx_abs="725.616290" fuel_abs="145.216621"/>
    </tripinfo>
    <tripinfo id="508" depart="254.00" departLane="10/3to9/3_0" departPos="4.10" departSpeed="0.00" departDelay="0.00" arrival="505.00" arrivalLane="2/4to1/4_0" arrivalPos="90.50" arrivalSpeed="13.90" duration="251.00" routeLength="900.90" waitSteps="1575" rerouteNo="0" devices="vehroute_508 tripinfo_508 emissions_508" vType="HumanStandard" vaporized="">
        <emissions CO_abs="2832.779536" CO2_abs="283735.646418" HC_abs="86.967898" PMx_abs="28.954828" NOx_abs="550.257941" fuel_abs="113.121082"/>
    </tripinfo>
    <tripinfo id="414" depart="207.00" departLane="3/6to4/6_0" departPos="4.10" departSpeed="0.00" departDelay="0.00" arrival="505.30" arrivalLane="10/1to10/0_0" arrivalPos="95.25" arrivalSpeed="13.90" duration="298.30" routeLength="1177.15" waitSteps="1734" rerouteNo="0" devices="vehroute_414 tripinfo_414 emissions_414" vType="HumanStandard" vaporized="">
        <emissions CO_abs="3649.861835" CO2_abs="361845.974863" HC_abs="109.056546" PMx_abs="37.626149" NOx_abs="707.761370" fuel_abs="144.262482"/>
    </tripinfo>
    <tripinfo id="385" depart="192.50" departLane="0/10to1/10_0" departPos="4.10" departSpeed="0.00" departDelay="0.00" arrival="505.50" arrivalLane="8/3to7/3_0" arrivalPos="90.50" arrivalSpeed="13.90" duration="313.00" routeLength="1448.65" waitSteps="1587" rerouteNo="0" devices="vehroute_385 tripinfo_385 emissions_385" vType="HumanStandard" vaporized="">
        <emissions CO_abs="3934.931181" CO2_abs="415801.577335" HC_abs="120.699943" PMx_abs="42.506508" NOx_abs="808.157315" fuel_abs="165.773773"/>
    </tripinfo>
    <tripinfo id="389" depart="194.50" departLane="2/2to1/2_0" departPos="4.10" departSpeed="0.00" departDelay="0.00" arrival="505.80" arrivalLane="9/8to10/8_0" arrivalPos="90.50" arrivalSpeed="13.90" duration="311.30" routeLength="1443.90" waitSteps="1678" rerouteNo="0" devices="vehroute_389 tripinfo_389 emissions_389" vType="HumanStandard" vaporized="">
        <emissions CO_abs="3808.680435" CO2_abs="412602.245709" HC_abs="118.311435" PMx_abs="41.828912" NOx_abs="799.433997" fuel_abs="164.498256"/>
    </tripinfo>
    <tripinfo id="376" depart="188.00" departLane="7/9to7/8_0" departPos="4.10" departSpeed="0.00" departDelay="0.00" arrival="505.80" arrivalLane="1/2to0/2_0" arrivalPos="95.25" arrivalSpeed="13.90" duration="317.80" routeLength="1267.65" waitSteps="1754" rerouteNo="0" devices="vehroute_376 tripinfo_376 emissions_376" vType="HumanStandard" vaporized="">
        <emissions CO_abs="3643.167769" CO2_abs="371952.618697" HC_abs="109.916970" PMx_abs="38.363662" NOx_abs="725.792042" fuel_abs="148.291852"/>
    </tripinfo>
    <tripinfo id="377" depart="188.50" departLane="10/9to10/8_0" departPos="4.10" departSpeed="0.00" departDelay="0.00" arrival="505.80" arrivalLane="3/2to3/1_0" arrivalPos="90.50" arrivalSpeed="13.90" duration="317.30" routeLength="1353.40" waitSteps="1770" rerouteNo="0" devices="vehroute_377 tripinfo_377 emissions_377" vType="HumanStandard" vaporized="">
        <emissions CO_abs="3747.583960" CO2_abs="393398.704192" HC_abs="113.872466" PMx_abs="40.523425" NOx_abs="766.740781" fuel_abs="156.842089"/>
    </tripinfo>
    <tripinfo id="600" depart="300.00" departLane="4/11to4/10_0" departPos="4.10" departSpeed="0.00" departDelay="0.00" arrival="506.40" arrivalLane="9/4to9/3_0" arrivalPos="90.50" arrivalSpeed="13.90" duration="206.40" routeLength="1177.15" waitSteps="878" rerouteNo="0" devices="vehroute_600 tripinfo_600 emissions_600" vType="HumanStandard" vaporized="">
        <emissions CO_abs="3374.305861" CO2_abs="340188.937814" HC_abs="96.228767" PMx_abs="36.663126" NOx_abs="675.494300" fuel_abs="135.628162"/>
    </tripinfo>
    <tripinfo id="473" depart="236.50" departLane="11/8to10/8_0" departPos="4.10" departSpeed="0.00" departDelay="0.00" arrival="506.70" arrivalLane="1/7to1/6_0" arrivalPos="90.50" arrivalSpeed="13.90" duration="270.20" routeLength="1086.65" waitSteps="1548" rerouteNo="0" devices="vehroute_473 tripinfo_473 emissions_473" vType="HumanStandard" vaporized="">
        <emissions CO_abs="3644.083187" CO2_abs="341497.125025" HC_abs="102.355420" PMx_abs="37.261299" NOx_abs="680.735503" fuel_abs="136.149700"/>
    </tripinfo>
    <tripinfo id="375" depart="187.50" departLane="2/7to1/7_0" departPos="4.10" departSpeed="0.00" departDelay="0.00" arrival="506.70" arrivalLane="10/7to11/7_0" arrivalPos="95.25" arrivalSpeed="13.90" duration="319.20" routeLength="1177.15" waitSteps="1907" rerouteNo="0" devices="vehroute_375 tripinfo_375 emissions_375" vType="HumanStandard" vaporized="">
        <emissions CO_abs="4184.202441" CO2_abs="378536.053809" HC_abs="115.140321" PMx_abs="41.990370" NOx_abs="759.398490" fuel_abs="150.916549"/>
    </tripinfo>
    <tripinfo id="552" depart="276.00" departLane="3/10to4/10_0" departPos="4.10" departSpeed="0.00" departDelay="0.00" arrival="507.20" arrivalLane="9/3to9/2_0" arrivalPos="90.50" arrivalSpeed="13.90" duration="231.20" routeLength="1262.90" waitSteps="1031" rerouteNo="0" devices="vehroute_552 tripinfo_552 emissions_552" vType="HumanStandard" vaporized="">
        <emissions CO_abs="3167.136838" CO2_abs="347555.993214" HC_abs="95.777171" PMx_abs="35.952206" NOx_abs="679.262819" fuel_abs="138.565308"/>
    </tripinfo>
    <tripinfo id="487" depart="243.50" departLane="4/7to5/7_0" departPos="4.10" departSpeed="0.00" departDelay="0.00" arrival="507.70" arrivalLane="10/1to11/1_0" arrivalPos="95.25" arrivalSpeed="13.90" duration="264.20" routeLength="1177.15" waitSteps="1394" rerouteNo="0" devices="vehroute_487 tripinfo_487 emissions_487" vType="HumanStandard" vaporized="">
        <emissions CO_abs="3490.989116" CO2_abs="346474.870617" HC_abs="99.791735" PMx_abs="37.253112" NOx_abs="687.299163" fuel_abs="138.134263"/>
    </tripinfo>
    <tripinfo id="424" depart="214.90" departLane="4/2to3/2_0" departPos="4.10" departSpeed="0.00" departDelay="2.90" arrival="508.00" arrivalLane="8/10to9/10_0" arrivalPos="90.50" arrivalSpeed="13.61" duration="293.10" routeLength="1353.40" waitSteps="1520" rerouteNo="0" devices="vehroute_424 tripinfo_424 emissions_424" vType="HumanStandard" vaporized="">
        <emissions CO_abs="4027.877455" CO2_abs="402975.996455" HC_abs="118.056270" PMx_abs="42.629544" NOx_abs="793.376992" fuel_abs="160.660402"/>
    </tripinfo>
    <tripinfo id="517" depart="258.50" departLane="0/4to1/4_0" departPos="4.10" departSpeed="0.00" departDelay="0.00" arrival="508.60" arrivalLane="9/8to9/9_0" arrivalPos="90.50" arrivalSpeed="13.90" duration="250.10" routeLength="1267.65" waitSteps="1172" rerouteNo="0" devices="vehroute_517 tripinfo_517 emissions_517" vType="HumanStandard" vaporized="">
        <emissions CO_abs="3631.688768" CO2_abs="368294.506075" HC_abs="105.884875" PMx_abs="39.075876" NOx_abs="726.476029" fuel_abs="146.833422"/>
    </tripinfo>
    <tripinfo id="476" depart="238.00" departLane="10/3to10/4_0" departPos="4.10" departSpeed="0.00" departDelay="0.00" arrival="510.10" arrivalLane="1/6to1/5_0" arrivalPos="90.50" arrivalSpeed="4.10" duration="272.10" routeLength="1172.40" waitSteps="1350" rerouteNo="0" devices="vehroute_476 tripinfo_476 emissions_476" vType="HumanStandard" vaporized="">
        <emissions CO_abs="3986.925947" CO2_abs="366284.136784" HC_abs="110.720230" PMx_abs="40.334504" NOx_abs="732.766564" fuel_abs="146.031896"/>
    </tripinfo>
    <tripinfo id="546" depart="275.10" departLane="6/2to6/3_0" departPos="4.10" departSpeed="0.00" departDelay="2.10" arrival="511.00" arrivalLane="9/10to9/11_0" arrivalPos="95.25" arrivalSpeed="13.90" duration="235.90" routeLength="1086.65" waitSteps="1206" rerouteNo="0" devices="vehroute_546 tripinfo_546 emissions_546" vType="HumanStandard" vaporized="">
        <emissions CO_abs="3081.452501" CO2_abs="314145.293836" HC_abs="89.391467" PMx_abs="33.471259" NOx_abs="620.688839" fuel_abs="125.244957"/>
    </tripinfo>
    <tripinfo id="304" depart="152.00" departLane="10/1to10/2_0" departPos="4.10" departSpeed="0.00" departDelay="0.00" arrival="511.80" arrivalLane="3/9to4/9_0" arrivalPos="90.50" arrivalSpeed="13.90" duration="359.80" routeLength="1443.90" waitSteps="2168" rerouteNo="0" devices="vehroute_304 tripinfo_304 emissions_304" vType="HumanStandard" vaporized="">
        <emissions CO_abs="4083.403311" CO2_abs="434198.091391" HC_abs="130.627284" PMx_abs="42.992057" NOx_abs="832.682412" fuel_abs="173.108181"/>
    </tripinfo>
    <tripinfo id="452" depart="226.00" departLane="0/7to1/7_0" departPos="4.10" departSpeed="0.00" departDelay="0.00" arrival="512.00" arrivalLane="8/9to9/9_0" arrivalPos="90.50" arrivalSpeed="12.16" duration="286.00" routeLength="996.15" waitSteps="1692" rerouteNo="0" devices="vehroute_452 tripinfo_452 emissions_452" vType="HumanStandard" vaporized="">
        <emissions CO_abs="3221.029611" CO2_abs="310618.974563" HC_abs="94.270388" PMx_abs="32.903501" NOx_abs="611.377554" fuel_abs="123.839051"/>
    </tripinfo>
    <tripinfo id="411" depart="205.50" departLane="1/1to1/2_0" departPos="4.10" departSpeed="0.00" departDelay="0.00" arrival="512.00" arrivalLane="10/3to10/4_0" arrivalPos="90.50" arrivalSpeed="9.15" duration="306.50" routeLength="1081.90" waitSteps="1792" rerouteNo="0" devices="vehroute_411 tripinfo_411 emissions_411" vType="HumanStandard" vaporized="">
        <emissions CO_abs="3938.453669" CO2_abs="347999.793372" HC_abs="106.535599" PMx_abs="39.144495" NOx_abs="702.022777" fuel_abs="138.742202"/>
    </tripinfo>
    <tripinfo id="439" depart="219.50" departLane="7/2to6/2_0" departPos="4.10" departSpeed="0.00" departDelay="0.00" arrival="512.10" arrivalLane="1/8to1/9_0" arrivalPos="90.50" arrivalSpeed="13.90" duration="292.60" routeLength="1172.40" waitSteps="1765" rerouteNo="0" devices="vehroute_439 tripinfo_439 emissions_439" vType="HumanStandard" vaporized="">
        <emissions CO_abs="3311.500808" CO2_abs="352522.538907" HC_abs="106.419848" PMx_abs="34.776855" NOx_abs="675.053381" fuel_abs="140.545379"/>
    </tripinfo>
    <tripinfo id="406" depart="203.00" departLane="10/11to10/10_0" departPos="4.10" departSpeed="0.00" departDelay="0.00" arrival="512.10" arrivalLane="4/3to4/2_0" arrivalPos="90.50" arrivalSpeed="13.90" duration="309.10" routeLength="1358.15" waitSteps="1683" rerouteNo="0" devices="vehroute_406 tripinfo_406 emissions_406" vType="HumanStandard" vaporized="">
        <emissions CO_abs="3628.542840" CO2_abs="390082.786402" HC_abs="112.460105" PMx_abs="39.536684" NOx_abs="756.131582" fuel_abs="155.520086"/>
    </tripinfo>
    <tripinfo id="474" depart="237.00" departLane="11/1to10/1_0" departPos="4.10" departSpeed="0.00" departDelay="0.00" arrival="512.10" arrivalLane="5/8to5/9_0" arrivalPos="90.50" arrivalSpeed="13.90" duration="275.10" routeLength="1267.65" waitSteps="1456" rerouteNo="0" devices="vehroute_474 tripinfo_474 emissions_474" vType="HumanStandard" vaporized="">
        <emissions CO_abs="3175.603537" CO2_abs="350220.749401" HC_abs="97.118823" PMx_abs="35.952803" NOx_abs="682.278788" fuel_abs="139.627705"/>
    </tripinfo>
    <tripinfo id="488" depart="244.00" departLane="9/9to9/10_0" departPos="4.10" departSpeed="0.00" departDelay="0.00" arrival="512.20" arrivalLane="1/8to0/8_0" arrivalPos="95.25" arrivalSpeed="13.90" duration="268.20" routeLength="1086.65" waitSteps="1466" rerouteNo="0" devices="vehroute_488 tripinfo_488 emissions_488" vType="HumanStandard" vaporized="">
        <emissions CO_abs="4046.851108" CO2_abs="360288.086657" HC_abs="113.921021" PMx_abs="39.114695" NOx_abs="717.176175" fuel_abs="143.641350"/>
    </tripinfo>
    <tripinfo id="663" depart="331.50" departLane="8/2to8/3_0" departPos="4.10" departSpeed="0.00" departDelay="0.00" arrival="512.50" arrivalLane="7/10to7/11_0" arrivalPos="95.25" arrivalSpeed="13.90" duration="181.00" routeLength="905.65" waitSteps="903" rerouteNo="0" devices="vehroute_663 tripinfo_663 emissions_663" vType="HumanStandard" vaporized="">
        <emissions CO_abs="2614.957377" CO2_abs="267312.254205" HC_abs="77.384746" PMx_abs="28.045517" NOx_abs="524.902363" fuel_abs="106.573334"/>
    </tripinfo>
    <tripinfo id="496" depart="248.00" departLane="3/5to3/4_0" departPos="4.10" departSpeed="0.00" departDelay="0.00" arrival="512.50" arrivalLane="10/10to10/11_0" arrivalPos="95.25" arrivalSpeed="13.90" duration="264.50" routeLength="1358.15" waitSteps="1257" rerouteNo="0" devices="vehroute_496 tripinfo_496 emissions_496" vType="HumanStandard" vaporized="">
        <emissions CO_abs="3640.962536" CO2_abs="386125.215160" HC_abs="109.335090" PMx_abs="40.113543" NOx_abs="755.518154" fuel_abs="153.942264"/>
    </tripinfo>
    <tripinfo id="327" depart="163.50" departLane="2/1to1/1_0" departPos="4.10" departSpeed="0.00" departDelay="0.00" arrival="512.60" arrivalLane="9/10to9/9_0" arrivalPos="90.50" arrivalSpeed="13.90" duration="349.10" routeLength="1715.40" waitSteps="1760" rerouteNo="0" devices="vehroute_327 tripinfo_327 emissions_327" vType="HumanStandard" vaporized="">
        <emissions CO_abs="3968.111027" CO2_abs="466551.137776" HC_abs="130.011208" PMx_abs="45.719231" NOx_abs="892.429557" fuel_abs="186.006876"/>
    </tripinfo>
    <tripinfo id="520" depart="260.20" departLane="1/8to2/8_0" departPos="4.10" departSpeed="0.00" departDelay="0.20" arrival="513.00" arrivalLane="10/6to10/5_0" arrivalPos="90.50" arrivalSpeed="13.90" duration="252.80" routeLength="1081.90" waitSteps="1354" rerouteNo="0" devices="vehroute_520 tripinfo_520 emissions_520" vType="HumanStandard" vaporized="">
        <emissions CO_abs="3140.308725" CO2_abs="317395.483750" HC_abs="91.941488" PMx_abs="33.581420" NOx_abs="625.215417" fuel_abs="126.540754"/>
    </tripinfo>
    <tripinfo id="651" depart="326.30" departLane="9/8to9/9_0" departPos="4.10" departSpeed="0.00" departDelay="0.80" arrival="513.90" arrivalLane="1/7to0/7_0" arrivalPos="95.25" arrivalSpeed="13.90" duration="187.60" routeLength="1086.65" waitSteps="813" rerouteNo="0" devices="vehroute_651 tripinfo_651 emissions_651" vType="HumanStandard" vaporized="">
        <emissions CO_abs="2588.544954" CO2_abs="297424.987083" HC_abs="82.027422" PMx_abs="29.821175" NOx_abs="574.133068" fuel_abs="118.578839"/>
    </tripinfo>
    <tripinfo id="532" depart="266.00" departLane="3/2to3/3_0" departPos="4.10" departSpeed="0.00" departDelay="0.00" arrival="514.20" arrivalLane="9/10to9/9_0" arrivalPos="90.50" arrivalSpeed="13.90" duration="248.20" routeLength="1353.40" waitSteps="1156" rerouteNo="0" devices="vehroute_532 tripinfo_532 emissions_532" vType="HumanStandard" vaporized="">
        <emissions CO_abs="2907.394637" CO2_abs="357241.623157" HC_abs="96.565416" PMx_abs="34.753609" NOx_abs="682.033910" fuel_abs="142.426836"/>
    </tripinfo>
    <tripinfo id="505" depart="252.50" departLane="0/4to1/4_0" departPos="4.10" departSpeed="0.00" departDelay="0.00" arrival="514.40" arrivalLane="10/2to11/2_0" arrivalPos="95.25" arrivalSpeed="13.90" duration="261.90" routeLength="1181.90" waitSteps="1326" rerouteNo="0" devices="vehroute_505 tripinfo_505 emissions_505" vType="HumanStandard" vaporized="">
        <emissions CO_abs="3940.740080" CO2_abs="363205.682558" HC_abs="107.107818" PMx_abs="40.563075" NOx_abs="731.465916" fuel_abs="144.804570"/>
    </tripinfo>
    <tripinfo id="469" depart="238.70" departLane="9/10to8/10_0" departPos="4.10" departSpeed="0.00" departDelay="4.20" arrival="514.40" arrivalLane="3/4to2/4_0" arrivalPos="90.50" arrivalSpeed="13.90" duration="275.70" routeLength="1172.40" waitSteps="1481" rerouteNo="0" devices="vehroute_469 tripinfo_469 emissions_469" vType="HumanStandard" vaporized="">
        <emissions CO_abs="3386.858811" CO2_abs="345435.703584" HC_abs="101.776116" PMx_abs="35.743872" NOx_abs="674.950519" fuel_abs="137.719961"/>
    </tripinfo>
    <tripinfo id="448" depart="224.00" departLane="10/2to10/1_0" departPos="4.10" departSpeed="0.00" departDelay="0.00" arrival="514.80" arrivalLane="1/7to1/8_0" arrivalPos="90.50" arrivalSpeed="13.90" duration="290.80" routeLength="1534.40" waitSteps="1428" rerouteNo="0" devices="vehroute_448 tripinfo_448 emissions_448" vType="HumanStandard" vaporized="">
        <emissions CO_abs="2732.610513" CO2_abs="382547.307176" HC_abs="99.893036" PMx_abs="35.239281" NOx_abs="715.840565" fuel_abs="152.515848"/>
    </tripinfo>
    <tripinfo id="344" depart="172.00" departLane="8/10to9/10_0" departPos="4.10" departSpeed="0.00" departDelay="0.00" arrival="514.80" arrivalLane="1/4to0/4_0" arrivalPos="95.25" arrivalSpeed="13.90" duration="342.80" routeLength="1448.65" waitSteps="1842" rerouteNo="0" devices="vehroute_344 tripinfo_344 emissions_344" vType="HumanStandard" vaporized="">
        <emissions CO_abs="4216.602372" CO2_abs="427721.513797" HC_abs="126.821036" PMx_abs="44.312476" NOx_abs="835.587763" fuel_abs="170.526061"/>
    </tripinfo>
    <tripinfo id="569" depart="284.50" departLane="9/7to10/7_0" departPos="4.10" departSpeed="0.00" departDelay="0.00" arrival="516.00" arrivalLane="1/10to0/10_0" arrivalPos="95.25" arrivalSpeed="13.90" duration="231.50" routeLength="1267.65" waitSteps="1010" rerouteNo="0" devices="vehroute_569 tripinfo_569 emissions_569" vType="HumanStandard" vaporized="">
        <emissions CO_abs="3857.100186" CO2_abs="375464.108001" HC_abs="108.263689" PMx_abs="40.894497" NOx_abs="748.820036" fuel_abs="149.691829"/>
    </tripinfo>
    <tripinfo id="529" depart="264.50" departLane="11/5to10/5_0" departPos="4.10" departSpeed="0.00" departDelay="0.00" arrival="516.50" arrivalLane="2/7to2/8_0" arrivalPos="90.50" arrivalSpeed="13.90" duration="252.00" routeLength="1086.65" waitSteps="1414" rerouteNo="0" devices="vehroute_529 tripinfo_529 emissions_529" vType="HumanStandard" vaporized="">
        <emissions CO_abs="3001.416579" CO2_abs="313742.386302" HC_abs="89.712312" PMx_abs="32.718797" NOx_abs="614.557884" fuel_abs="125.084326"/>
    </tripinfo>
    <tripinfo id="463" depart="231.50" departLane="1/11to1/10_0" departPos="4.10" departSpeed="0.00" departDelay="0.00" arrival="516.50" arrivalLane="10/8to10/7_0" arrivalPos="90.50" arrivalSpeed="13.90" duration="285.00" routeLength="1177.15" waitSteps="1568" rerouteNo="0" devices="vehroute_463 tripinfo_463 emissions_463" vType="HumanStandard" vaporized="">
        <emissions CO_abs="3572.144220" CO2_abs="350776.471103" HC_abs="102.444840" PMx_abs="37.693015" NOx_abs="695.092107" fuel_abs="139.849243"/>
    </tripinfo>
    <tripinfo id="373" depart="186.50" departLane="7/1to8/1_0" departPos="4.10" departSpeed="0.00" departDelay="0.00" arrival="517.20" arrivalLane="2/9to2/10_0" arrivalPos="90.50" arrivalSpeed="13.90" duration="330.70" routeLength="1443.90" waitSteps="1832" rerouteNo="0" devices="vehroute_373 tripinfo_373 emissions_373" vType="HumanStandard" vaporized="">
        <emissions CO_abs="4333.415779" CO2_abs="436027.821334" HC_abs="129.336587" PMx_abs="45.443983" NOx_abs="853.539952" fuel_abs="173.837661"/>
    </tripinfo>
    <tripinfo id="512" depart="256.50" departLane="9/10to9/9_0" departPos="4.10" departSpeed="0.00" departDelay="0.50" arrival="517.50" arrivalLane="1/4to2/4_0" arrivalPos="90.50" arrivalSpeed="13.90" duration="261.00" routeLength="1353.40" waitSteps="1096" rerouteNo="0" devices="vehroute_512 tripinfo_512 emissions_512" vType="HumanStandard" vaporized="">
        <emissions CO_abs="4200.391967" CO2_abs="401997.438499" HC_abs="117.609510" PMx_abs="43.835031" NOx_abs="802.460049" fuel_abs="160.270258"/>
    </tripinfo>
    <tripinfo id="278" depart="139.00" departLane="2/10to3/10_0" departPos="4.10" departSpeed="0.00" departDelay="0.00" arrival="517.60" arrivalLane="1/2to1/1_0" arrivalPos="90.50" arrivalSpeed="9.76" duration="378.60" routeLength="1081.90" waitSteps="2370" rerouteNo="0" devices="vehroute_278 tripinfo_278 emissions_278" vType="HumanStandard" vaporized="">
        <emissions CO_abs="4888.703659" CO2_abs="390425.013634" HC_abs="127.654939" PMx_abs="45.412621" NOx_abs="797.616765" fuel_abs="155.656462"/>
    </tripinfo>
    <tripinfo id="352" depart="176.00" departLane="1/1to2/1_0" departPos="4.10" departSpeed="0.00" departDelay="0.00" arrival="517.90" arrivalLane="10/7to9/7_0" arrivalPos="90.50" arrivalSpeed="13.90" duration="341.90" routeLength="1443.90" waitSteps="1866" rerouteNo="0" devices="vehroute_352 tripinfo_352 emissions_352" vType="HumanStandard" vaporized="">
        <emissions CO_abs="4027.341239" CO2_abs="421349.228202" HC_abs="123.773716" PMx_abs="42.879543" NOx_abs="817.986462" fuel_abs="167.985534"/>
    </tripinfo>
    <tripinfo id="566" depart="285.10" departLane="9/7to8/7_0" departPos="4.10" departSpeed="0.00" departDelay="2.10" arrival="518.60" arrivalLane="1/9to0/9_0" arrivalPos="95.25" arrivalSpeed="13.90" duration="233.50" routeLength="996.15" waitSteps="1342" rerouteNo="0" devices="vehroute_566 tripinfo_566 emissions_566" vType="HumanStandard" vaporized="">
        <emissions CO_abs="3078.548153" CO2_abs="308768.732278" HC_abs="93.633901" PMx_abs="31.722822" NOx_abs="600.694778" fuel_abs="123.101394"/>
    </tripinfo>
    <tripinfo id="258" depart="129.00" departLane="11/8to10/8_0" departPos="4.10" departSpeed="0.00" departDelay="0.00" arrival="519.50" arrivalLane="2/4to2/3_0" arrivalPos="90.50" arrivalSpeed="13.90" duration="390.50" routeLength="1267.65" waitSteps="2289" rerouteNo="0" devices="vehroute_258 tripinfo_258 emissions_258" vType="HumanStandard" vaporized="">
        <emissions CO_abs="5513.029123" CO2_abs="451708.243565" HC_abs="145.883147" PMx_abs="51.789308" NOx_abs="918.268102" fuel_abs="180.089151"/>
    </tripinfo>
    <tripinfo id="516" depart="258.00" departLane="5/3to6/3_0" departPos="4.10" departSpeed="0.00" departDelay="0.00" arrival="519.70" arrivalLane="10/10to10/11_0" arrivalPos="95.25" arrivalSpeed="13.90" duration="261.70" routeLength="1177.15" waitSteps="1307" rerouteNo="0" devices="vehroute_516 tripinfo_516 emissions_516" vType="HumanStandard" vaporized="">
        <emissions CO_abs="3710.885174" CO2_abs="356869.985648" HC_abs="104.429234" PMx_abs="38.876862" NOx_abs="711.162061" fuel_abs="142.278630"/>
    </tripinfo>
    <tripinfo id="275" depart="137.50" departLane="9/1to10/1_0" departPos="4.10" departSpeed="0.00" departDelay="0.00" arrival="519.70" arrivalLane="4/10to4/11_0" arrivalPos="95.25" arrivalSpeed="13.90" duration="382.20" routeLength="1539.15" waitSteps="2244" rerouteNo="0" devices="vehroute_275 tripinfo_275 emissions_275" vType="HumanStandard" vaporized="">
        <emissions CO_abs="3926.255983" CO2_abs="438737.899618" HC_abs="126.139825" PMx_abs="43.453131" NOx_abs="842.253484" fuel_abs="174.918147"/>
    </tripinfo>
    <tripinfo id="646" depart="323.00" departLane="7/9to8/9_0" departPos="4.10" departSpeed="0.00" departDelay="0.00" arrival="519.70" arrivalLane="8/1to8/0_0" arrivalPos="95.25" arrivalSpeed="13.90" duration="196.70" routeLength="905.65" waitSteps="1077" rerouteNo="0" devices="vehroute_646 tripinfo_646 emissions_646" vType="HumanStandard" vaporized="">
        <emissions CO_abs="2194.795018" CO2_abs="251179.791860" HC_abs="70.110087" PMx_abs="25.019446" NOx_abs="483.572857" fuel_abs="100.141579"/>
    </tripinfo>
    <tripinfo id="342" depart="171.00" departLane="10/8to10/9_0" departPos="4.10" departSpeed="0.00" departDelay="0.00" arrival="519.90" arrivalLane="3/2to2/2_0" arrivalPos="90.50" arrivalSpeed="13.90" duration="348.90" routeLength="1443.90" waitSteps="1962" rerouteNo="0" devices="vehroute_342 tripinfo_342 emissions_342" vType="HumanStandard" vaporized="">
        <emissions CO_abs="3869.809448" CO2_abs="415906.400937" HC_abs="121.610538" PMx_abs="41.811803" NOx_abs="802.705503" fuel_abs="165.815566"/>
    </tripinfo>
    <tripinfo id="510" depart="255.00" departLane="6/1to7/1_0" departPos="4.10" departSpeed="0.00" departDelay="0.00" arrival="519.90" arrivalLane="4/10to5/10_0" arrivalPos="90.50" arrivalSpeed="13.90" duration="264.90" routeLength="1262.90" waitSteps="1365" rerouteNo="0" devices="vehroute_510 tripinfo_510 emissions_510" vType="HumanStandard" vaporized="">
        <emissions CO_abs="3491.269444" CO2_abs="362905.543018" HC_abs="103.242716" PMx_abs="38.124923" NOx_abs="713.090259" fuel_abs="144.684930"/>
    </tripinfo>
    <tripinfo id="567" depart="283.50" departLane="2/1to2/2_0" departPos="4.10" departSpeed="0.00" departDelay="0.00" arrival="520.20" arrivalLane="1/9to1/10_0" arrivalPos="90.50" arrivalSpeed="13.90" duration="236.70" routeLength="900.90" waitSteps="1392" rerouteNo="0" devices="vehroute_567 tripinfo_567 emissions_567" vType="HumanStandard" vaporized="">
        <emissions CO_abs="3042.029733" CO2_abs="283813.008428" HC_abs="86.081049" PMx_abs="30.759736" NOx_abs="564.327978" fuel_abs="113.151919"/>
    </tripinfo>
    <tripinfo id="319" depart="159.50" departLane="10/9to10/8_0" departPos="4.10" departSpeed="0.00" departDelay="0.00" arrival="520.20" arrivalLane="2/4to2/3_0" arrivalPos="90.50" arrivalSpeed="13.90" duration="360.70" routeLength="1262.90" waitSteps="2040" rerouteNo="0" devices="vehroute_319 tripinfo_319 emissions_319" vType="HumanStandard" vaporized="">
        <emissions CO_abs="4633.619508" CO2_abs="419797.398512" HC_abs="132.964151" PMx_abs="44.940154" NOx_abs="830.493548" fuel_abs="167.366805"/>
    </tripinfo>
    <tripinfo id="454" depart="227.00" departLane="2/5to3/5_0" departPos="4.10" departSpeed="0.00" departDelay="0.00" arrival="520.20" arrivalLane="10/7to11/7_0" arrivalPos="95.25" arrivalSpeed="13.90" duration="293.20" routeLength="996.15" waitSteps="1817" rerouteNo="0" devices="vehroute_454 tripinfo_454 emissions_454" vType="HumanStandard" vaporized="">
        <emissions CO_abs="3796.522242" CO2_abs="336016.307990" HC_abs="106.005637" PMx_abs="36.918293" NOx_abs="670.831301" fuel_abs="133.964566"/>
    </tripinfo>
    <tripinfo id="626" depart="313.00" departLane="10/5to10/4_0" departPos="4.10" departSpeed="0.00" departDelay="0.00" arrival="520.50" arrivalLane="1/7to1/8_0" arrivalPos="90.50" arrivalSpeed="13.90" duration="207.50" routeLength="1262.90" waitSteps="883" rerouteNo="0" devices="vehroute_626 tripinfo_626 emissions_626" vType="HumanStandard" vaporized="">
        <emissions CO_abs="2106.112377" CO2_abs="304592.257216" HC_abs="76.840186" PMx_abs="28.096326" NOx_abs="571.520390" fuel_abs="121.436349"/>
    </tripinfo>
    <tripinfo id="601" depart="301.80" departLane="4/1to4/2_0" departPos="4.10" departSpeed="0.00" departDelay="1.30" arrival="520.60" arrivalLane="3/10to3/11_0" arrivalPos="95.25" arrivalSpeed="13.90" duration="218.80" routeLength="996.15" waitSteps="1144" rerouteNo="0" devices="vehroute_601 tripinfo_601 emissions_601" vType="HumanStandard" vaporized="">
        <emissions CO_abs="3091.218378" CO2_abs="301002.506129" HC_abs="88.125979" PMx_abs="32.500524" NOx_abs="597.527227" fuel_abs="120.005119"/>
    </tripinfo>
    <tripinfo id="351" depart="175.50" departLane="10/9to10/8_0" departPos="4.10" departSpeed="0.00" departDelay="0.00" arrival="520.90" arrivalLane="2/4to2/3_0" arrivalPos="90.50" arrivalSpeed="13.90" duration="345.40" routeLength="1262.90" waitSteps="1850" rerouteNo="0" devices="vehroute_351 tripinfo_351 emissions_351" vType="HumanStandard" vaporized="">
        <emissions CO_abs="4382.620033" CO2_abs="401957.509325" HC_abs="123.812783" PMx_abs="43.432057" NOx_abs="799.394937" fuel_abs="160.254319"/>
    </tripinfo>
    <tripinfo id="460" depart="231.00" departLane="3/1to3/2_0" departPos="4.10" departSpeed="0.00" departDelay="1.00" arrival="520.90" arrivalLane="10/8to9/8_0" arrivalPos="90.50" arrivalSpeed="13.90" duration="289.90" routeLength="1353.40" waitSteps="1426" rerouteNo="0" devices="vehroute_460 tripinfo_460 emissions_460" vType="HumanStandard" vaporized="">
        <emissions CO_abs="3818.332034" CO2_abs="391183.996397" HC_abs="111.675408" PMx_abs="41.401956" NOx_abs="770.998618" fuel_abs="155.959117"/>
    </tripinfo>
    <tripinfo id="586" depart="293.00" departLane="5/11to5/10_0" departPos="4.10" departSpeed="0.00" departDelay="0.00" arrival="521.10" arrivalLane="4/3to4/2_0" arrivalPos="90.50" arrivalSpeed="13.90" duration="228.10" routeLength="905.65" waitSteps="1235" rerouteNo="0" devices="vehroute_586 tripinfo_586 emissions_586" vType="HumanStandard" vaporized="">
        <emissions CO_abs="2815.794412" CO2_abs="277824.798557" HC_abs="83.329727" PMx_abs="29.096425" NOx_abs="545.095003" fuel_abs="110.764514"/>
    </tripinfo>
    <tripinfo id="528" depart="264.00" departLane="10/10to9/10_0" departPos="4.10" departSpeed="0.00" departDelay="0.00" arrival="521.10" arrivalLane="1/7to0/7_0" arrivalPos="95.25" arrivalSpeed="13.90" duration="257.10" routeLength="1177.15" waitSteps="1341" rerouteNo="0" devices="vehroute_528 tripinfo_528 emissions_528" vType="HumanStandard" vaporized="">
        <emissions CO_abs="3563.310715" CO2_abs="354925.390048" HC_abs="104.571544" PMx_abs="37.499856" NOx_abs="698.413960" fuel_abs="141.503354"/>
    </tripinfo>
    <tripinfo id="521" depart="260.50" departLane="6/10to7/10_0" departPos="4.10" departSpeed="0.00" departDelay="0.00" arrival="521.20" arrivalLane="6/1to7/1_0" arrivalPos="90.50" arrivalSpeed="13.90" duration="260.70" routeLength="1081.90" waitSteps="1466" rerouteNo="0" devices="vehroute_521 tripinfo_521 emissions_521" vType="HumanStandard" vaporized="">
        <emissions CO_abs="3675.576736" CO2_abs="342326.945072" HC_abs="103.762573" PMx_abs="37.224292" NOx_abs="681.255555" fuel_abs="136.480534"/>
    </tripinfo>
    <tripinfo id="400" depart="200.00" departLane="2/6to2/5_0" departPos="4.10" departSpeed="0.00" departDelay="0.00" arrival="521.60" arrivalLane="10/2to11/2_0" arrivalPos="95.25" arrivalSpeed="13.90" duration="321.60" routeLength="1177.15" waitSteps="1884" rerouteNo="0" devices="vehroute_400 tripinfo_400 emissions_400" vType="HumanStandard" vaporized="">
        <emissions CO_abs="4444.174731" CO2_abs="386182.749355" HC_abs="118.540651" PMx_abs="43.897640" NOx_abs="782.675356" fuel_abs="153.965161"/>
    </tripinfo>
    <tripinfo id="481" depart="240.50" departLane="7/10to6/10_0" departPos="4.10" departSpeed="0.00" departDelay="0.00" arrival="521.60" arrivalLane="2/1to1/1_0" arrivalPos="90.50" arrivalSpeed="13.90" duration="281.10" routeLength="1353.40" waitSteps="1344" rerouteNo="0" devices="vehroute_481 tripinfo_481 emissions_481" vType="HumanStandard" vaporized="">
        <emissions CO_abs="3522.450252" CO2_abs="382700.717627" HC_abs="109.488757" PMx_abs="38.726947" NOx_abs="741.423694" fuel_abs="152.576967"/>
    </tripinfo>
    <tripinfo id="332" depart="166.00" departLane="3/2to3/3_0" departPos="4.10" departSpeed="0.00" departDelay="0.00" arrival="522.00" arrivalLane="10/10to9/10_0" arrivalPos="90.50" arrivalSpeed="13.90" duration="356.00" routeLength="1443.90" waitSteps="1949" rerouteNo="0" devices="vehroute_332 tripinfo_332 emissions_332" vType="HumanStandard" vaporized="">
        <emissions CO_abs="4822.692136" CO2_abs="452757.029372" HC_abs="136.900905" PMx_abs="49.019224" NOx_abs="899.692559" fuel_abs="180.507325"/>
    </tripinfo>
    <tripinfo id="531" depart="265.50" departLane="0/9to1/9_0" departPos="4.10" departSpeed="0.00" departDelay="0.00" arrival="522.30" arrivalLane="10/6to11/6_0" arrivalPos="95.25" arrivalSpeed="13.90" duration="256.80" routeLength="1272.40" waitSteps="1290" rerouteNo="0" devices="vehroute_531 tripinfo_531 emissions_531" vType="HumanStandard" vaporized="">
        <emissions CO_abs="3078.136324" CO2_abs="348378.968893" HC_abs="96.421639" PMx_abs="35.202966" NOx_abs="674.444270" fuel_abs="138.893419"/>
    </tripinfo>
    <tripinfo id="692" depart="346.00" departLane="3/2to3/3_0" departPos="4.10" departSpeed="0.00" departDelay="0.00" arrival="522.30" arrivalLane="1/10to1/11_0" arrivalPos="95.25" arrivalSpeed="13.90" duration="176.30" routeLength="996.15" waitSteps="815" rerouteNo="0" devices="vehroute_692 tripinfo_692 emissions_692" vType="HumanStandard" vaporized="">
        <emissions CO_abs="1788.631697" CO2_abs="245604.721454" HC_abs="63.298521" PMx_abs="22.953163" NOx_abs="463.142795" fuel_abs="97.918901"/>
    </tripinfo>
    <tripinfo id="573" depart="286.50" departLane="7/1to6/1_0" departPos="4.10" departSpeed="0.00" departDelay="0.00" arrival="522.80" arrivalLane="1/8to1/9_0" arrivalPos="90.50" arrivalSpeed="13.90" duration="236.30" routeLength="1262.90" waitSteps="1162" rerouteNo="0" devices="vehroute_573 tripinfo_573 emissions_573" vType="HumanStandard" vaporized="">
        <emissions CO_abs="2323.223693" CO2_abs="322330.347992" HC_abs="86.324222" PMx_abs="29.269090" NOx_abs="599.766287" fuel_abs="128.508250"/>
    </tripinfo>
    <tripinfo id="497" depart="248.50" departLane="2/11to2/10_0" departPos="4.10" departSpeed="0.00" departDelay="0.00" arrival="523.00" arrivalLane="2/1to1/1_0" arrivalPos="90.50" arrivalSpeed="13.90" duration="274.50" routeLength="996.15" waitSteps="1609" rerouteNo="0" devices="vehroute_497 tripinfo_497 emissions_497" vType="HumanStandard" vaporized="">
        <emissions CO_abs="3003.425037" CO2_abs="306334.962520" HC_abs="94.751386" PMx_abs="30.402509" NOx_abs="588.971024" fuel_abs="122.131084"/>
    </tripinfo>
    <tripinfo id="479" depart="239.50" departLane="7/9to7/10_0" departPos="4.10" departSpeed="0.00" departDelay="0.00" arrival="523.00" arrivalLane="2/1to2/0_0" arrivalPos="95.25" arrivalSpeed="13.90" duration="283.50" routeLength="1448.65" waitSteps="1246" rerouteNo="0" devices="vehroute_479 tripinfo_479 emissions_479" vType="HumanStandard" vaporized="">
        <emissions CO_abs="3843.851182" CO2_abs="410482.109642" HC_abs="116.801203" PMx_abs="42.142890" NOx_abs="800.372522" fuel_abs="163.652985"/>
    </tripinfo>
    <tripinfo id="367" depart="183.50" departLane="4/0to4/1_0" departPos="4.10" departSpeed="0.00" departDelay="0.00" arrival="525.80" arrivalLane="10/8to10/9_0" arrivalPos="90.50" arrivalSpeed="13.90" duration="342.30" routeLength="1358.15" waitSteps="1890" rerouteNo="0" devices="vehroute_367 tripinfo_367 emissions_367" vType="HumanStandard" vaporized="">
        <emissions CO_abs="4286.468089" CO2_abs="411729.237744" HC_abs="121.872947" PMx_abs="44.477358" NOx_abs="817.785025" fuel_abs="164.150176"/>
    </tripinfo>
    <tripinfo id="331" depart="166.80" departLane="11/4to10/4_0" departPos="4.10" departSpeed="0.00" departDelay="1.30" arrival="526.20" arrivalLane="1/1to1/0_0" arrivalPos="95.25" arrivalSpeed="13.90" duration="359.40" routeLength="1272.40" waitSteps="2029" rerouteNo="0" devices="vehroute_331 tripinfo_331 emissions_331" vType="HumanStandard" vaporized="">
        <emissions CO_abs="4481.952149" CO2_abs="411487.857100" HC_abs="127.852874" PMx_abs="44.431969" NOx_abs="816.014274" fuel_abs="164.053926"/>
    </tripinfo>
    <tripinfo id="425" depart="212.50" departLane="11/1to10/1_0" departPos="4.10" departSpeed="0.00" departDelay="0.00" arrival="526.20" arrivalLane="8/10to9/10_0" arrivalPos="90.50" arrivalSpeed="13.90" duration="313.70" routeLength="1177.15" waitSteps="1928" rerouteNo="0" devices="vehroute_425 tripinfo_425 emissions_425" vType="HumanStandard" vaporized="">
        <emissions CO_abs="3363.240265" CO2_abs="352579.771456" HC_abs="105.086667" PMx_abs="35.560502" NOx_abs="681.020855" fuel_abs="140.568196"/>
    </tripinfo>
    <tripinfo id="579" depart="289.50" departLane="4/11to4/10_0" departPos="4.10" departSpeed="0.00" departDelay="0.00" arrival="526.50" arrivalLane="3/2to3/1_0" arrivalPos="90.50" arrivalSpeed="13.90" duration="237.00" routeLength="996.15" waitSteps="1350" rerouteNo="0" devices="vehroute_579 tripinfo_579 emissions_579" vType="HumanStandard" vaporized="">
        <emissions CO_abs="2951.998207" CO2_abs="308436.257134" HC_abs="94.958549" PMx_abs="30.339071" NOx_abs="589.890313" fuel_abs="122.968843"/>
    </tripinfo>
    <tripinfo id="378" depart="189.00" departLane="3/10to2/10_0" departPos="4.10" departSpeed="0.00" departDelay="0.00" arrival="526.50" arrivalLane="10/5to10/4_0" arrivalPos="90.50" arrivalSpeed="13.90" duration="337.50" routeLength="1353.40" waitSteps="1957" rerouteNo="0" devices="vehroute_378 tripinfo_378 emissions_378" vType="HumanStandard" vaporized="">
        <emissions CO_abs="4241.797831" CO2_abs="413513.202367" HC_abs="122.558623" PMx_abs="44.172962" NOx_abs="817.357608" fuel_abs="164.861420"/>
    </tripinfo>
    <tripinfo id="490" depart="245.00" departLane="1/9to1/8_0" departPos="4.10" departSpeed="0.00" departDelay="0.00" arrival="526.50" arrivalLane="10/4to10/3_0" arrivalPos="90.50" arrivalSpeed="13.90" duration="281.50" routeLength="1353.40" waitSteps="1408" rerouteNo="0" devices="vehroute_490 tripinfo_490 emissions_490" vType="HumanStandard" vaporized="">
        <emissions CO_abs="3712.838094" CO2_abs="389928.792933" HC_abs="111.434336" PMx_abs="40.535399" NOx_abs="762.917465" fuel_abs="155.458689"/>
    </tripinfo>
    <tripinfo id="539" depart="269.50" departLane="6/9to6/10_0" departPos="4.10" departSpeed="0.00" departDelay="0.00" arrival="526.90" arrivalLane="7/1to7/0_0" arrivalPos="95.25" arrivalSpeed="13.90" duration="257.40" routeLength="1086.65" waitSteps="1450" rerouteNo="0" devices="vehroute_539 tripinfo_539 emissions_539" vType="HumanStandard" vaporized="">
        <emissions CO_abs="3101.106274" CO2_abs="319992.224562" HC_abs="93.193491" PMx_abs="33.230454" NOx_abs="625.520367" fuel_abs="127.576038"/>
    </tripinfo>
    <tripinfo id="422" depart="211.00" departLane="0/4to1/4_0" departPos="4.10" departSpeed="0.00" departDelay="0.00" arrival="527.40" arrivalLane="10/7to9/7_0" arrivalPos="90.50" arrivalSpeed="13.90" duration="316.40" routeLength="1267.65" waitSteps="1774" rerouteNo="0" devices="vehroute_422 tripinfo_422 emissions_422" vType="HumanStandard" vaporized="">
        <emissions CO_abs="4196.496392" CO2_abs="396470.654044" HC_abs="119.618245" PMx_abs="42.742966" NOx_abs="786.657455" fuel_abs="158.066806"/>
    </tripinfo>
    <tripinfo id="401" depart="200.50" departLane="11/5to10/5_0" departPos="4.10" departSpeed="0.00" departDelay="0.00" arrival="528.20" arrivalLane="1/2to1/1_0" arrivalPos="90.50" arrivalSpeed="13.90" duration="327.70" routeLength="1267.65" waitSteps="1640" rerouteNo="0" devices="vehroute_401 tripinfo_401 emissions_401" vType="HumanStandard" vaporized="">
        <emissions CO_abs="4670.518668" CO2_abs="417642.550315" HC_abs="130.410452" PMx_abs="45.844982" NOx_abs="833.915527" fuel_abs="166.507700"/>
    </tripinfo>
    <tripinfo id="349" depart="174.50" departLane="10/8to10/7_0" departPos="4.10" departSpeed="0.00" departDelay="0.00" arrival="528.80" arrivalLane="2/2to2/1_0" arrivalPos="90.50" arrivalSpeed="12.15" duration="354.30" routeLength="1353.40" waitSteps="1947" rerouteNo="0" devices="vehroute_349 tripinfo_349 emissions_349" vType="HumanStandard" vaporized="">
        <emissions CO_abs="4581.257793" CO2_abs="429087.818608" HC_abs="132.377407" PMx_abs="45.877905" NOx_abs="847.635286" fuel_abs="171.070766"/>
    </tripinfo>
    <tripinfo id="322" depart="161.00" departLane="8/8to9/8_0" departPos="4.10" departSpeed="0.00" departDelay="0.00" arrival="530.00" arrivalLane="2/2to2/1_0" arrivalPos="90.50" arrivalSpeed="13.90" duration="369.00" routeLength="1353.40" waitSteps="2070" rerouteNo="0" devices="vehroute_322 tripinfo_322 emissions_322" vType="HumanStandard" vaporized="">
        <emissions CO_abs="4460.598860" CO2_abs="427054.937589" HC_abs="132.467093" PMx_abs="44.606802" NOx_abs="836.292614" fuel_abs="170.260289"/>
    </tripinfo>
    <tripinfo id="524" depart="262.00" departLane="8/3to9/3_0" departPos="4.10" departSpeed="0.00" departDelay="0.00" arrival="530.50" arrivalLane="1/8to0/8_0" arrivalPos="95.25" arrivalSpeed="13.90" duration="268.50" routeLength="1358.15" waitSteps="1329" rerouteNo="0" devices="vehroute_524 tripinfo_524 emissions_524" vType="HumanStandard" vaporized="">
        <emissions CO_abs="3193.209263" CO2_abs="368549.926300" HC_abs="101.616385" PMx_abs="36.738401" NOx_abs="710.539832" fuel_abs="146.935276"/>
    </tripinfo>
    <tripinfo id="580" depart="290.00" departLane="7/2to6/2_0" departPos="4.10" departSpeed="0.00" departDelay="0.00" arrival="531.40" arrivalLane="1/10to0/10_0" arrivalPos="95.25" arrivalSpeed="13.90" duration="241.40" routeLength="1358.15" waitSteps="1118" rerouteNo="0" devices="vehroute_580 tripinfo_580 emissions_580" vType="HumanStandard" vaporized="">
        <emissions CO_abs="3156.435542" CO2_abs="370981.825219" HC_abs="103.366700" PMx_abs="36.083998" NOx_abs="709.412343" fuel_abs="147.904837"/>
    </tripinfo>
    <tripinfo id="477" depart="244.80" departLane="1/8to1/7_0" departPos="4.10" departSpeed="0.00" departDelay="6.30" arrival="533.40" arrivalLane="10/2to9/2_0" arrivalPos="90.50" arrivalSpeed="13.90" duration="288.60" routeLength="1443.90" waitSteps="1401" rerouteNo="0" devices="vehroute_477 tripinfo_477 emissions_477" vType="HumanStandard" vaporized="">
        <emissions CO_abs="3751.502934" CO2_abs="404671.329043" HC_abs="113.581325" PMx_abs="41.809756" NOx_abs="790.222736" fuel_abs="161.336321"/>
    </tripinfo>
    <tripinfo id="629" depart="314.50" departLane="6/1to5/1_0" departPos="4.10" departSpeed="0.00" departDelay="0.00" arrival="533.40" arrivalLane="4/10to5/10_0" arrivalPos="90.50" arrivalSpeed="13.90" duration="218.90" routeLength="1081.90" waitSteps="1162" rerouteNo="0" devices="vehroute_629 tripinfo_629 emissions_629" vType="HumanStandard" vaporized="">
        <emissions CO_abs="2251.997580" CO2_abs="285760.226291" HC_abs="77.781781" PMx_abs="27.099213" NOx_abs="540.184135" fuel_abs="113.928286"/>
    </tripinfo>
    <tripinfo id="412" depart="206.00" departLane="6/10to7/10_0" departPos="4.10" departSpeed="0.00" departDelay="0.00" arrival="535.80" arrivalLane="10/1to11/1_0" arrivalPos="95.25" arrivalSpeed="13.90" duration="329.80" routeLength="1267.65" waitSteps="1969" rerouteNo="0" devices="vehroute_412 tripinfo_412 emissions_412" vType="HumanStandard" vaporized="">
        <emissions CO_abs="4127.558811" CO2_abs="398264.051192" HC_abs="121.312617" PMx_abs="41.994069" NOx_abs="782.721223" fuel_abs="158.781809"/>
    </tripinfo>
    <tripinfo id="621" depart="310.50" departLane="9/1to10/1_0" departPos="4.10" departSpeed="0.00" departDelay="0.00" arrival="537.90" arrivalLane="10/10to9/10_0" arrivalPos="90.50" arrivalSpeed="13.90" duration="227.40" routeLength="991.40" waitSteps="1199" rerouteNo="0" devices="vehroute_621 tripinfo_621 emissions_621" vType="HumanStandard" vaporized="">
        <emissions CO_abs="3470.835386" CO2_abs="317785.812024" HC_abs="96.988750" PMx_abs="34.834677" NOx_abs="634.406507" fuel_abs="126.696355"/>
    </tripinfo>
    <tripinfo id="768" depart="384.00" departLane="9/1to10/1_0" departPos="4.10" departSpeed="0.00" departDelay="0.00" arrival="541.20" arrivalLane="10/10to9/10_0" arrivalPos="90.50" arrivalSpeed="13.90" duration="157.20" routeLength="991.40" waitSteps="567" rerouteNo="0" devices="vehroute_768 tripinfo_768 emissions_768" vType="HumanStandard" vaporized="">
        <emissions CO_abs="2662.979490" CO2_abs="282146.259458" HC_abs="79.355162" PMx_abs="29.433577" NOx_abs="553.331890" fuel_abs="112.487433"/>
    </tripinfo>
    <tripinfo id="533" depart="266.50" departLane="9/1to10/1_0" departPos="4.10" departSpeed="0.00" departDelay="0.00" arrival="542.80" arrivalLane="7/10to8/10_0" arrivalPos="90.50" arrivalSpeed="6.18" duration="276.30" routeLength="1262.90" waitSteps="1443" rerouteNo="0" devices="vehroute_533 tripinfo_533 emissions_533" vType="HumanStandard" vaporized="">
        <emissions CO_abs="3409.106088" CO2_abs="354292.115005" HC_abs="99.869935" PMx_abs="37.446194" NOx_abs="698.157384" fuel_abs="141.250887"/>
    </tripinfo>
    <tripinfo id="369" depart="184.50" departLane="9/2to10/2_0" departPos="4.10" departSpeed="0.00" departDelay="0.00" arrival="542.80" arrivalLane="3/10to2/10_0" arrivalPos="90.50" arrivalSpeed="6.18" duration="358.30" routeLength="1534.40" waitSteps="1988" rerouteNo="0" devices="vehroute_369 tripinfo_369 emissions_369" vType="HumanStandard" vaporized="">
        <emissions CO_abs="4292.575374" CO2_abs="444022.792329" HC_abs="128.496168" PMx_abs="46.210238" NOx_abs="869.066895" fuel_abs="177.025142"/>
    </tripinfo>
    <tripinfo id="571" depart="285.50" departLane="9/10to10/10_0" departPos="4.10" departSpeed="0.00" departDelay="0.00" arrival="542.80" arrivalLane="4/1to3/1_0" arrivalPos="90.50" arrivalSpeed="6.18" duration="257.30" routeLength="1534.40" waitSteps="1063" rerouteNo="0" devices="vehroute_571 tripinfo_571 emissions_571" vType="HumanStandard" vaporized="">
        <emissions CO_abs="3390.643872" CO2_abs="397673.079889" HC_abs="105.789581" PMx_abs="40.286785" NOx_abs="771.765530" fuel_abs="158.546244"/>
    </tripinfo>
    <tripinfo id="514" depart="257.30" departLane="1/6to2/6_0" departPos="4.10" departSpeed="0.00" departDelay="0.30" arrival="542.80" arrivalLane="9/2to10/2_0" arrivalPos="90.50" arrivalSpeed="6.18" duration="285.50" routeLength="1172.40" waitSteps="1555" rerouteNo="0" devices="vehroute_514 tripinfo_514 emissions_514" vType="HumanStandard" vaporized="">
        <emissions CO_abs="4069.505783" CO2_abs="368909.844585" HC_abs="111.680304" PMx_abs="40.995999" NOx_abs="740.741613" fuel_abs="147.078726"/>
    </tripinfo>
    <tripinfo id="436" depart="218.00" departLane="5/2to6/2_0" departPos="4.10" departSpeed="0.00" departDelay="0.00" arrival="542.80" arrivalLane="9/10to10/10_0" arrivalPos="90.50" arrivalSpeed="6.18" duration="324.80" routeLength="1172.40" waitSteps="1996" rerouteNo="0" devices="vehroute_436 tripinfo_436 emissions_436" vType="HumanStandard" vaporized="">
        <emissions CO_abs="3395.016656" CO2_abs="347571.395020" HC_abs="102.831914" PMx_abs="35.875144" NOx_abs="677.563537" fuel_abs="138.571430"/>
    </tripinfo>
    <tripinfo id="360" depart="180.00" departLane="11/7to10/7_0" departPos="4.10" departSpeed="0.00" departDelay="0.00" arrival="542.80" arrivalLane="2/3to1/3_0" arrivalPos="90.50" arrivalSpeed="6.18" duration="362.80" routeLength="1267.65" waitSteps="2106" rerouteNo="0" devices="vehroute_360 tripinfo_360 emissions_360" vType="HumanStandard" vaporized="">
        <emissions CO_abs="4174.006392" CO2_abs="397401.710136" HC_abs="122.041985" PMx_abs="42.137185" NOx_abs="782.245720" fuel_abs="158.438001"/>
    </tripinfo>
    <tripinfo id="536" depart="268.00" departLane="9/11to9/10_0" departPos="4.10" departSpeed="0.00" departDelay="0.00" arrival="542.80" arrivalLane="3/5to2/5_0" arrivalPos="90.50" arrivalSpeed="6.18" duration="274.80" routeLength="1177.15" waitSteps="1463" rerouteNo="0" devices="vehroute_536 tripinfo_536 emissions_536" vType="HumanStandard" vaporized="">
        <emissions CO_abs="3127.453142" CO2_abs="335257.531503" HC_abs="98.103822" PMx_abs="33.681258" NOx_abs="647.423383" fuel_abs="133.662083"/>
    </tripinfo>
    <tripinfo id="386" depart="193.00" departLane="10/2to9/2_0" departPos="4.10" departSpeed="0.00" departDelay="0.00" arrival="542.80" arrivalLane="2/8to3/8_0" arrivalPos="90.50" arrivalSpeed="6.18" duration="349.80" routeLength="1353.40" waitSteps="2089" rerouteNo="0" devices="vehroute_386 tripinfo_386 emissions_386" vType="HumanStandard" vaporized="">
        <emissions CO_abs="3748.087708" CO2_abs="392721.491410" HC_abs="114.816262" PMx_abs="40.219219" NOx_abs="763.415036" fuel_abs="156.572092"/>
    </tripinfo>
    <tripinfo id="624" depart="312.00" departLane="4/11to4/10_0" departPos="4.10" departSpeed="0.00" departDelay="0.00" arrival="542.80" arrivalLane="9/2to9/1_0" arrivalPos="90.50" arrivalSpeed="6.18" duration="230.80" routeLength="1358.15" waitSteps="997" rerouteNo="0" devices="vehroute_624 tripinfo_624 emissions_624" vType="HumanStandard" vaporized="">
        <emissions CO_abs="2660.130174" CO2_abs="343110.177077" HC_abs="90.017368" PMx_abs="33.100289" NOx_abs="653.229186" fuel_abs="136.792850"/>
    </tripinfo>
    <tripinfo id="238" depart="119.00" departLane="0/8to1/8_0" departPos="4.10" departSpeed="0.00" departDelay="0.00" arrival="543.40" arrivalLane="9/1to9/2_0" arrivalPos="90.50" arrivalSpeed="4.65" duration="424.40" routeLength="1539.15" waitSteps="2522" rerouteNo="0" devices="vehroute_238 tripinfo_238 emissions_238" vType="HumanStandard" vaporized="">
        <emissions CO_abs="5180.467627" CO2_abs="491758.530373" HC_abs="152.862572" PMx_abs="51.747246" NOx_abs="964.890334" fuel_abs="196.056625"/>
    </tripinfo>
    <tripinfo id="648" depart="324.00" departLane="6/2to6/1_0" departPos="4.10" departSpeed="0.00" departDelay="0.00" arrival="544.10" arrivalLane="2/10to1/10_0" arrivalPos="90.50" arrivalSpeed="8.44" duration="220.10" routeLength="1353.40" waitSteps="873" rerouteNo="0" devices="vehroute_648 tripinfo_648 emissions_648" vType="HumanStandard" vaporized="">
        <emissions CO_abs="3093.551026" CO2_abs="357467.103713" HC_abs="96.242083" PMx_abs="36.305291" NOx_abs="693.978633" fuel_abs="142.516725"/>
    </tripinfo>
    <tripinfo id="542" depart="271.00" departLane="2/2to2/3_0" departPos="4.10" departSpeed="0.00" departDelay="0.00" arrival="544.10" arrivalLane="7/9to8/9_0" arrivalPos="90.50" arrivalSpeed="8.42" duration="273.10" routeLength="1172.40" waitSteps="1581" rerouteNo="0" devices="vehroute_542 tripinfo_542 emissions_542" vType="HumanStandard" vaporized="">
        <emissions CO_abs="2575.202594" CO2_abs="317044.602767" HC_abs="88.946685" PMx_abs="29.958499" NOx_abs="598.145316" fuel_abs="126.400887"/>
    </tripinfo>
    <tripinfo id="736" depart="368.00" departLane="7/11to7/10_0" departPos="4.10" departSpeed="0.00" departDelay="0.00" arrival="544.10" arrivalLane="7/2to8/2_0" arrivalPos="90.50" arrivalSpeed="8.42" duration="176.10" routeLength="905.65" waitSteps="844" rerouteNo="0" devices="vehroute_736 tripinfo_736 emissions_736" vType="HumanStandard" vaporized="">
        <emissions CO_abs="2560.439319" CO2_abs="261429.739919" HC_abs="74.581973" PMx_abs="27.766555" NOx_abs="515.896542" fuel_abs="104.228066"/>
    </tripinfo>
    <tripinfo id="445" depart="222.50" departLane="9/1to8/1_0" departPos="4.10" departSpeed="0.00" departDelay="0.00" arrival="544.10" arrivalLane="3/10to2/10_0" arrivalPos="90.50" arrivalSpeed="8.42" duration="321.60" routeLength="1443.90" waitSteps="1785" rerouteNo="0" devices="vehroute_445 tripinfo_445 emissions_445" vType="HumanStandard" vaporized="">
        <emissions CO_abs="3557.610759" CO2_abs="405607.397769" HC_abs="116.293195" PMx_abs="39.701123" NOx_abs="775.154453" fuel_abs="161.709522"/>
    </tripinfo>
    <tripinfo id="434" depart="217.00" departLane="4/1to3/1_0" departPos="4.10" departSpeed="0.00" departDelay="0.00" arrival="544.10" arrivalLane="1/10to2/10_0" arrivalPos="90.50" arrivalSpeed="8.42" duration="327.10" routeLength="1172.40" waitSteps="1939" rerouteNo="0" devices="vehroute_434 tripinfo_434 emissions_434" vType="HumanStandard" vaporized="">
        <emissions CO_abs="3602.263203" CO2_abs="361170.009939" HC_abs="111.183600" PMx_abs="36.729618" NOx_abs="699.259887" fuel_abs="143.992982"/>
    </tripinfo>
    <tripinfo id="607" depart="303.50" departLane="10/1to10/2_0" departPos="4.10" departSpeed="0.00" departDelay="0.00" arrival="544.10" arrivalLane="8/10to7/10_0" arrivalPos="90.50" arrivalSpeed="8.42" duration="240.60" routeLength="1081.90" waitSteps="1237" rerouteNo="0" devices="vehroute_607 tripinfo_607 emissions_607" vType="HumanStandard" vaporized="">
        <emissions CO_abs="3371.392358" CO2_abs="326263.917999" HC_abs="96.319250" PMx_abs="35.136497" NOx_abs="647.169526" fuel_abs="130.076455"/>
    </tripinfo>
    <tripinfo id="457" depart="229.00" departLane="1/6to1/7_0" departPos="4.10" departSpeed="0.00" departDelay="0.50" arrival="544.10" arrivalLane="9/2to10/2_0" arrivalPos="90.50" arrivalSpeed="8.42" duration="315.10" routeLength="1353.40" waitSteps="1729" rerouteNo="0" devices="vehroute_457 tripinfo_457 emissions_457" vType="HumanStandard" vaporized="">
        <emissions CO_abs="3795.289302" CO2_abs="389514.953002" HC_abs="112.127547" PMx_abs="40.949928" NOx_abs="765.392755" fuel_abs="155.293693"/>
    </tripinfo>
    <tripinfo id="426" depart="213.00" departLane="7/1to6/1_0" departPos="4.10" departSpeed="0.00" departDelay="0.00" arrival="544.10" arrivalLane="9/10to10/10_0" arrivalPos="90.50" arrivalSpeed="8.42" duration="331.10" routeLength="1262.90" waitSteps="1939" rerouteNo="0" devices="vehroute_426 tripinfo_426 emissions_426" vType="HumanStandard" vaporized="">
        <emissions CO_abs="3632.240639" CO2_abs="373573.704097" HC_abs="110.660710" PMx_abs="38.414431" NOx_abs="727.036163" fuel_abs="148.938155"/>
    </tripinfo>
    <tripinfo id="288" depart="144.00" departLane="9/8to10/8_0" departPos="4.10" departSpeed="0.00" departDelay="0.00" arrival="544.10" arrivalLane="2/3to1/3_0" arrivalPos="90.50" arrivalSpeed="8.42" duration="400.10" routeLength="1353.40" waitSteps="2276" rerouteNo="0" devices="vehroute_288 tripinfo_288 emissions_288" vType="HumanStandard" vaporized="">
        <emissions CO_abs="5050.226870" CO2_abs="442313.467631" HC_abs="138.806697" PMx_abs="49.183426" NOx_abs="887.743307" fuel_abs="176.343614"/>
    </tripinfo>
    <tripinfo id="447" depart="223.50" departLane="8/0to8/1_0" departPos="4.10" departSpeed="0.00" departDelay="0.00" arrival="544.10" arrivalLane="2/8to3/8_0" arrivalPos="90.50" arrivalSpeed="8.42" duration="320.60" routeLength="1358.15" waitSteps="1830" rerouteNo="0" devices="vehroute_447 tripinfo_447 emissions_447" vType="HumanStandard" vaporized="">
        <emissions CO_abs="3480.129104" CO2_abs="384235.823296" HC_abs="110.664686" PMx_abs="38.329896" NOx_abs="739.630503" fuel_abs="153.188994"/>
    </tripinfo>
    <tripinfo id="515" depart="257.80" departLane="10/3to10/4_0" departPos="4.10" departSpeed="0.00" departDelay="0.30" arrival="544.80" arrivalLane="2/6to1/6_0" arrivalPos="90.50" arrivalSpeed="4.20" duration="287.00" routeLength="1081.90" waitSteps="1653" rerouteNo="0" devices="vehroute_515 tripinfo_515 emissions_515" vType="HumanStandard" vaporized="">
        <emissions CO_abs="3601.497496" CO2_abs="339363.857075" HC_abs="103.983560" PMx_abs="36.292519" NOx_abs="670.554153" fuel_abs="135.299195"/>
    </tripinfo>
    <tripinfo id="323" depart="161.50" departLane="7/10to7/9_0" departPos="4.10" departSpeed="0.00" departDelay="0.00" arrival="545.20" arrivalLane="1/1to2/1_0" arrivalPos="90.50" arrivalSpeed="10.16" duration="383.70" routeLength="1443.90" waitSteps="2097" rerouteNo="0" devices="vehroute_323 tripinfo_323 emissions_323" vType="HumanStandard" vaporized="">
        <emissions CO_abs="5110.183272" CO2_abs="476065.462536" HC_abs="151.001911" PMx_abs="50.003754" NOx_abs="933.230693" fuel_abs="189.800028"/>
    </tripinfo>
    <tripinfo id="379" depart="189.50" departLane="10/9to9/9_0" departPos="4.10" departSpeed="0.00" departDelay="0.00" arrival="545.30" arrivalLane="1/3to2/3_0" arrivalPos="90.50" arrivalSpeed="8.94" duration="355.80" routeLength="1443.90" waitSteps="1841" rerouteNo="0" devices="vehroute_379 tripinfo_379 emissions_379" vType="HumanStandard" vaporized="">
        <emissions CO_abs="5161.973743" CO2_abs="463652.925125" HC_abs="142.356279" PMx_abs="51.390384" NOx_abs="929.574424" fuel_abs="184.851340"/>
    </tripinfo>
    <tripinfo id="382" depart="191.00" departLane="2/0to2/1_0" departPos="4.10" departSpeed="0.00" departDelay="0.00" arrival="545.40" arrivalLane="8/9to7/9_0" arrivalPos="90.50" arrivalSpeed="8.48" duration="354.40" routeLength="1448.65" waitSteps="1973" rerouteNo="0" devices="vehroute_382 tripinfo_382 emissions_382" vType="HumanStandard" vaporized="">
        <emissions CO_abs="4246.674690" CO2_abs="426434.257034" HC_abs="124.224324" PMx_abs="45.157590" NOx_abs="840.124287" fuel_abs="170.012854"/>
    </tripinfo>
    <tripinfo id="467" depart="233.50" departLane="7/1to6/1_0" departPos="4.10" departSpeed="0.00" departDelay="0.00" arrival="546.10" arrivalLane="7/10to6/10_0" arrivalPos="90.50" arrivalSpeed="4.10" duration="312.60" routeLength="1081.90" waitSteps="1872" rerouteNo="0" devices="vehroute_467 tripinfo_467 emissions_467" vType="HumanStandard" vaporized="">
        <emissions CO_abs="3700.991821" CO2_abs="337592.659170" HC_abs="102.032053" PMx_abs="37.416017" NOx_abs="676.915027" fuel_abs="134.593043"/>
    </tripinfo>
    <tripinfo id="357" depart="178.50" departLane="11/10to10/10_0" departPos="4.10" departSpeed="0.00" departDelay="0.00" arrival="546.20" arrivalLane="1/3to2/3_0" arrivalPos="90.50" arrivalSpeed="11.22" duration="367.70" routeLength="1629.65" waitSteps="1854" rerouteNo="0" devices="vehroute_357 tripinfo_357 emissions_357" vType="HumanStandard" vaporized="">
        <emissions CO_abs="5285.439595" CO2_abs="500750.434531" HC_abs="148.849352" PMx_abs="54.476698" NOx_abs="997.444063" fuel_abs="199.641568"/>
    </tripinfo>
    <tripinfo id="649" depart="324.50" departLane="1/1to1/2_0" departPos="4.10" departSpeed="0.00" departDelay="0.00" arrival="546.20" arrivalLane="9/2to10/2_0" arrivalPos="90.50" arrivalSpeed="11.66" duration="221.70" routeLength="900.90" waitSteps="1233" rerouteNo="0" devices="vehroute_649 tripinfo_649 emissions_649" vType="HumanStandard" vaporized="">
        <emissions CO_abs="2722.480460" CO2_abs="268685.594693" HC_abs="79.725760" PMx_abs="28.296525" NOx_abs="528.823066" fuel_abs="107.120856"/>
    </tripinfo>
    <tripinfo id="407" depart="203.50" departLane="4/10to3/10_0" departPos="4.10" departSpeed="0.00" departDelay="0.00" arrival="546.90" arrivalLane="9/1to10/1_0" arrivalPos="90.50" arrivalSpeed="4.07" duration="343.40" routeLength="1534.40" waitSteps="1698" rerouteNo="0" devices="vehroute_407 tripinfo_407 emissions_407" vType="HumanStandard" vaporized="">
        <emissions CO_abs="5448.293954" CO2_abs="490171.268758" HC_abs="149.613489" PMx_abs="54.353743" NOx_abs="983.860834" fuel_abs="195.423803"/>
    </tripinfo>
    <tripinfo id="599" depart="299.50" departLane="4/1to4/2_0" departPos="4.10" departSpeed="0.00" departDelay="0.00" arrival="547.60" arrivalLane="7/10to6/10_0" arrivalPos="90.50" arrivalSpeed="6.93" duration="248.10" routeLength="1172.40" waitSteps="1188" rerouteNo="0" devices="vehroute_599 tripinfo_599 emissions_599" vType="HumanStandard" vaporized="">
        <emissions CO_abs="3263.928637" CO2_abs="336848.944852" HC_abs="96.720033" PMx_abs="35.353117" NOx_abs="661.390090" fuel_abs="134.296557"/>
    </tripinfo>
    <tripinfo id="565" depart="282.50" departLane="4/10to3/10_0" departPos="4.10" departSpeed="0.00" departDelay="0.00" arrival="548.30" arrivalLane="9/3to10/3_0" arrivalPos="90.50" arrivalSpeed="9.04" duration="265.80" routeLength="1353.40" waitSteps="1217" rerouteNo="0" devices="vehroute_565 tripinfo_565 emissions_565" vType="HumanStandard" vaporized="">
        <emissions CO_abs="3776.999615" CO2_abs="387014.394840" HC_abs="109.867162" PMx_abs="41.116896" NOx_abs="764.061209" fuel_abs="154.296761"/>
    </tripinfo>
    <tripinfo id="585" depart="292.50" departLane="10/2to10/3_0" departPos="4.10" departSpeed="0.00" departDelay="0.00" arrival="548.90" arrivalLane="5/9to4/9_0" arrivalPos="90.50" arrivalSpeed="13.90" duration="256.40" routeLength="1172.40" waitSteps="1313" rerouteNo="0" devices="vehroute_585 tripinfo_585 emissions_585" vType="HumanStandard" vaporized="">
        <emissions CO_abs="3468.407411" CO2_abs="346657.738410" HC_abs="99.967010" PMx_abs="37.126475" NOx_abs="686.079954" fuel_abs="138.207170"/>
    </tripinfo>
    <tripinfo id="495" depart="247.50" departLane="10/10to9/10_0" departPos="4.10" departSpeed="0.00" departDelay="0.00" arrival="549.60" arrivalLane="2/2to2/3_0" arrivalPos="90.50" arrivalSpeed="13.90" duration="302.10" routeLength="1534.40" waitSteps="1382" rerouteNo="0" devices="vehroute_495 tripinfo_495 emissions_495" vType="HumanStandard" vaporized="">
        <emissions CO_abs="4035.547355" CO2_abs="428961.234122" HC_abs="121.330805" PMx_abs="44.391862" NOx_abs="838.924336" fuel_abs="171.020334"/>
    </tripinfo>
    <tripinfo id="483" depart="243.80" departLane="1/3to2/3_0" departPos="4.10" departSpeed="0.00" departDelay="2.30" arrival="549.90" arrivalLane="7/10to8/10_0" arrivalPos="90.50" arrivalSpeed="13.90" duration="306.10" routeLength="1262.90" waitSteps="1787" rerouteNo="0" devices="vehroute_483 tripinfo_483 emissions_483" vType="HumanStandard" vaporized="">
        <emissions CO_abs="3362.546008" CO2_abs="367862.166373" HC_abs="107.433190" PMx_abs="36.551776" NOx_abs="706.744060" fuel_abs="146.661063"/>
    </tripinfo>
    <tripinfo id="538" depart="269.00" departLane="10/9to10/10_0" departPos="4.10" departSpeed="0.00" departDelay="0.00" arrival="550.30" arrivalLane="1/10to0/10_0" arrivalPos="95.25" arrivalSpeed="13.90" duration="281.30" routeLength="996.15" waitSteps="1638" rerouteNo="0" devices="vehroute_538 tripinfo_538 emissions_538" vType="HumanStandard" vaporized="">
        <emissions CO_abs="3814.929030" CO2_abs="336788.027047" HC_abs="107.285150" PMx_abs="36.832352" NOx_abs="670.782301" fuel_abs="134.272236"/>
    </tripinfo>
    <tripinfo id="558" depart="279.00" departLane="1/5to1/4_0" departPos="4.10" departSpeed="0.00" departDelay="0.00" arrival="550.30" arrivalLane="10/4to11/4_0" arrivalPos="95.25" arrivalSpeed="13.90" duration="271.30" routeLength="996.15" waitSteps="1643" rerouteNo="0" devices="vehroute_558 tripinfo_558 emissions_558" vType="HumanStandard" vaporized="">
        <emissions CO_abs="3251.444976" CO2_abs="310711.118210" HC_abs="92.739805" PMx_abs="33.520403" NOx_abs="616.494625" fuel_abs="123.875790"/>
    </tripinfo>
    <tripinfo id="315" depart="157.50" departLane="2/8to1/8_0" departPos="4.10" departSpeed="0.00" departDelay="0.00" arrival="550.50" arrivalLane="9/1to8/1_0" arrivalPos="90.50" arrivalSpeed="13.90" duration="393.00" routeLength="1534.40" waitSteps="2187" rerouteNo="0" devices="vehroute_315 tripinfo_315 emissions_315" vType="HumanStandard" vaporized="">
        <emissions CO_abs="5159.627637" CO2_abs="479026.778241" HC_abs="144.265414" PMx_abs="52.376828" NOx_abs="956.122951" fuel_abs="190.980672"/>
    </tripinfo>
    <tripinfo id="576" depart="288.00" departLane="10/11to10/10_0" departPos="4.10" departSpeed="0.00" departDelay="0.00" arrival="550.50" arrivalLane="8/1to8/2_0" arrivalPos="90.50" arrivalSpeed="13.90" duration="262.50" routeLength="1177.15" waitSteps="1475" rerouteNo="0" devices="vehroute_576 tripinfo_576 emissions_576" vType="HumanStandard" vaporized="">
        <emissions CO_abs="2894.462343" CO2_abs="332244.726844" HC_abs="95.298439" PMx_abs="32.347264" NOx_abs="633.706777" fuel_abs="132.460938"/>
    </tripinfo>
    <tripinfo id="741" depart="370.50" departLane="5/11to5/10_0" departPos="4.10" departSpeed="0.00" departDelay="0.00" arrival="550.50" arrivalLane="6/2to6/1_0" arrivalPos="90.50" arrivalSpeed="13.90" duration="180.00" routeLength="996.15" waitSteps="821" rerouteNo="0" devices="vehroute_741 tripinfo_741 emissions_741" vType="HumanStandard" vaporized="">
        <emissions CO_abs="2578.767405" CO2_abs="279152.641673" HC_abs="77.748388" PMx_abs="28.922197" NOx_abs="545.849519" fuel_abs="111.293926"/>
    </tripinfo>
    <tripinfo id="794" depart="397.00" departLane="5/0to5/1_0" departPos="4.10" departSpeed="0.00" departDelay="0.00" arrival="550.90" arrivalLane="6/9to6/10_0" arrivalPos="90.50" arrivalSpeed="13.90" duration="153.90" routeLength="996.15" waitSteps="564" rerouteNo="0" devices="vehroute_794 tripinfo_794 emissions_794" vType="HumanStandard" vaporized="">
        <emissions CO_abs="2733.380865" CO2_abs="284860.102273" HC_abs="80.673086" PMx_abs="29.896975" NOx_abs="560.246904" fuel_abs="113.569398"/>
    </tripinfo>
    <tripinfo id="611" depart="305.50" departLane="10/11to10/10_0" departPos="4.10" departSpeed="0.00" departDelay="0.00" arrival="551.40" arrivalLane="8/1to8/2_0" arrivalPos="90.50" arrivalSpeed="13.90" duration="245.90" routeLength="1177.15" waitSteps="1286" rerouteNo="0" devices="vehroute_611 tripinfo_611 emissions_611" vType="HumanStandard" vaporized="">
        <emissions CO_abs="3317.703903" CO2_abs="344472.355860" HC_abs="100.235558" PMx_abs="35.612835" NOx_abs="672.520508" fuel_abs="137.335896"/>
    </tripinfo>
    <tripinfo id="313" depart="156.50" departLane="11/1to10/1_0" departPos="4.10" departSpeed="0.00" departDelay="0.00" arrival="552.00" arrivalLane="3/9to4/9_0" arrivalPos="90.50" arrivalSpeed="3.93" duration="395.50" routeLength="1539.15" waitSteps="2325" rerouteNo="0" devices="vehroute_313 tripinfo_313 emissions_313" vType="HumanStandard" vaporized="">
        <emissions CO_abs="3942.398886" CO2_abs="436176.383630" HC_abs="126.531320" PMx_abs="43.232838" NOx_abs="837.241043" fuel_abs="173.896906"/>
    </tripinfo>
    <tripinfo id="511" depart="255.50" departLane="10/3to10/4_0" departPos="4.10" departSpeed="0.00" departDelay="0.00" arrival="552.80" arrivalLane="3/9to2/9_0" arrivalPos="90.50" arrivalSpeed="3.93" duration="297.30" routeLength="1262.90" waitSteps="1628" rerouteNo="0" devices="vehroute_511 tripinfo_511 emissions_511" vType="HumanStandard" vaporized="">
        <emissions CO_abs="3847.841423" CO2_abs="378650.709798" HC_abs="113.152932" PMx_abs="39.798192" NOx_abs="744.239970" fuel_abs="150.962274"/>
    </tripinfo>
    <tripinfo id="530" depart="265.00" departLane="1/1to1/2_0" departPos="4.10" departSpeed="0.00" departDelay="0.00" arrival="552.90" arrivalLane="10/2to11/2_0" arrivalPos="95.25" arrivalSpeed="13.90" duration="287.90" routeLength="996.15" waitSteps="1743" rerouteNo="0" devices="vehroute_530 tripinfo_530 emissions_530" vType="HumanStandard" vaporized="">
        <emissions CO_abs="3404.129378" CO2_abs="316805.142523" HC_abs="97.316136" PMx_abs="34.059806" NOx_abs="627.816717" fuel_abs="126.305377"/>
    </tripinfo>
    <tripinfo id="237" depart="118.50" departLane="2/3to1/3_0" departPos="4.10" departSpeed="0.00" departDelay="0.00" arrival="553.40" arrivalLane="9/10to8/10_0" arrivalPos="90.50" arrivalSpeed="13.90" duration="434.90" routeLength="1534.40" waitSteps="2701" rerouteNo="0" devices="vehroute_237 tripinfo_237 emissions_237" vType="HumanStandard" vaporized="">
        <emissions CO_abs="4724.412463" CO2_abs="476230.191677" HC_abs="145.217161" PMx_abs="48.570655" NOx_abs="923.420964" fuel_abs="189.865728"/>
    </tripinfo>
    <tripinfo id="461" depart="230.50" departLane="1/3to1/2_0" departPos="4.10" departSpeed="0.00" departDelay="0.00" arrival="554.70" arrivalLane="8/8to8/9_0" arrivalPos="90.50" arrivalSpeed="13.90" duration="324.20" routeLength="1353.40" waitSteps="1803" rerouteNo="0" devices="vehroute_461 tripinfo_461 emissions_461" vType="HumanStandard" vaporized="">
        <emissions CO_abs="4204.233078" CO2_abs="413061.738246" HC_abs="122.663276" PMx_abs="43.814136" NOx_abs="814.075386" fuel_abs="164.681428"/>
    </tripinfo>
    <tripinfo id="561" depart="280.80" departLane="2/2to2/1_0" departPos="4.10" departSpeed="0.00" departDelay="0.30" arrival="555.00" arrivalLane="2/10to2/11_0" arrivalPos="95.25" arrivalSpeed="13.90" duration="274.20" routeLength="1177.15" waitSteps="1489" rerouteNo="0" devices="vehroute_561 tripinfo_561 emissions_561" vType="HumanStandard" vaporized="">
        <emissions CO_abs="3759.579080" CO2_abs="356313.463121" HC_abs="106.173938" PMx_abs="38.583624" NOx_abs="709.026589" fuel_abs="142.056749"/>
    </tripinfo>
    <tripinfo id="291" depart="145.50" departLane="8/9to8/10_0" departPos="4.10" departSpeed="0.00" departDelay="0.00" arrival="555.10" arrivalLane="1/2to2/2_0" arrivalPos="90.50" arrivalSpeed="4.10" duration="409.60" routeLength="1534.40" waitSteps="2140" rerouteNo="0" devices="vehroute_291 tripinfo_291 emissions_291" vType="HumanStandard" vaporized="">
        <emissions CO_abs="5951.530684" CO2_abs="519404.692926" HC_abs="166.158250" PMx_abs="57.029738" NOx_abs="1036.909349" fuel_abs="207.078700"/>
    </tripinfo>
    <tripinfo id="392" depart="196.00" departLane="4/11to4/10_0" departPos="4.10" departSpeed="0.00" departDelay="0.00" arrival="556.60" arrivalLane="1/2to2/2_0" arrivalPos="90.50" arrivalSpeed="6.93" duration="360.60" routeLength="1177.15" waitSteps="1916" rerouteNo="0" devices="vehroute_392 tripinfo_392 emissions_392" vType="HumanStandard" vaporized="">
        <emissions CO_abs="5378.321112" CO2_abs="428500.487203" HC_abs="141.229616" PMx_abs="49.612161" NOx_abs="873.812119" fuel_abs="170.836561"/>
    </tripinfo>
    <tripinfo id="638" depart="319.00" departLane="6/10to5/10_0" departPos="4.10" departSpeed="0.00" departDelay="0.00" arrival="564.00" arrivalLane="8/2to8/1_0" arrivalPos="90.50" arrivalSpeed="13.90" duration="245.00" routeLength="1172.40" waitSteps="1259" rerouteNo="0" devices="vehroute_638 tripinfo_638 emissions_638" vType="HumanStandard" vaporized="">
        <emissions CO_abs="3444.416607" CO2_abs="344286.217090" HC_abs="98.899312" PMx_abs="36.945539" NOx_abs="682.147825" fuel_abs="137.261682"/>
    </tripinfo>
    <tripinfo id="616" depart="308.00" departLane="4/10to5/10_0" departPos="4.10" departSpeed="0.00" departDelay="0.00" arrival="564.30" arrivalLane="8/1to8/0_0" arrivalPos="95.25" arrivalSpeed="13.90" duration="256.30" routeLength="1267.65" waitSteps="1324" rerouteNo="0" devices="vehroute_616 tripinfo_616 emissions_616" vType="HumanStandard" vaporized="">
        <emissions CO_abs="3193.967749" CO2_abs="355806.198548" HC_abs="100.689110" PMx_abs="35.731743" NOx_abs="687.003251" fuel_abs="141.854538"/>
    </tripinfo>
    <tripinfo id="706" depart="353.00" departLane="11/1to10/1_0" departPos="4.10" departSpeed="0.00" departDelay="0.00" arrival="565.20" arrivalLane="2/1to1/1_0" arrivalPos="90.50" arrivalSpeed="13.90" duration="212.20" routeLength="905.65" waitSteps="1182" rerouteNo="0" devices="vehroute_706 tripinfo_706 emissions_706" vType="HumanStandard" vaporized="">
        <emissions CO_abs="2393.263987" CO2_abs="257925.279119" HC_abs="74.023229" PMx_abs="26.103105" NOx_abs="500.194336" fuel_abs="102.830894"/>
    </tripinfo>
    <tripinfo id="669" depart="334.50" departLane="10/3to10/2_0" departPos="4.10" departSpeed="0.00" departDelay="0.00" arrival="567.30" arrivalLane="1/2to0/2_0" arrivalPos="95.25" arrivalSpeed="13.90" duration="232.80" routeLength="996.15" waitSteps="1364" rerouteNo="0" devices="vehroute_669 tripinfo_669 emissions_669" vType="HumanStandard" vaporized="">
        <emissions CO_abs="2350.466940" CO2_abs="281044.284549" HC_abs="81.013788" PMx_abs="26.516677" NOx_abs="529.564916" fuel_abs="112.048100"/>
    </tripinfo>
    <tripinfo id="712" depart="356.00" departLane="2/0to2/1_0" departPos="4.10" departSpeed="0.00" departDelay="0.00" arrival="569.70" arrivalLane="5/8to5/9_0" arrivalPos="90.50" arrivalSpeed="13.90" duration="213.70" routeLength="1086.65" waitSteps="1046" rerouteNo="0" devices="vehroute_712 tripinfo_712 emissions_712" vType="HumanStandard" vaporized="">
        <emissions CO_abs="2653.422063" CO2_abs="300105.341534" HC_abs="84.693015" PMx_abs="29.753521" NOx_abs="577.507803" fuel_abs="119.647450"/>
    </tripinfo>
    <tripinfo id="551" depart="275.50" departLane="0/4to1/4_0" departPos="4.10" departSpeed="0.00" departDelay="0.00" arrival="571.50" arrivalLane="7/10to7/11_0" arrivalPos="95.25" arrivalSpeed="13.90" duration="296.00" routeLength="1272.40" waitSteps="1643" rerouteNo="0" devices="vehroute_551 tripinfo_551 emissions_551" vType="HumanStandard" vaporized="">
        <emissions CO_abs="3946.744118" CO2_abs="390076.032902" HC_abs="117.473928" PMx_abs="40.679361" NOx_abs="763.858474" fuel_abs="155.517376"/>
    </tripinfo>
    <tripinfo id="677" depart="338.50" departLane="2/1to2/2_0" departPos="4.10" departSpeed="0.00" departDelay="0.00" arrival="574.50" arrivalLane="6/10to6/11_0" arrivalPos="95.25" arrivalSpeed="13.90" duration="236.00" routeLength="1267.65" waitSteps="1172" rerouteNo="0" devices="vehroute_677 tripinfo_677 emissions_677" vType="HumanStandard" vaporized="">
        <emissions CO_abs="2932.491218" CO2_abs="358128.736314" HC_abs="104.269604" PMx_abs="33.043005" NOx_abs="669.031944" fuel_abs="142.780505"/>
    </tripinfo>
    <tripinfo id="850" depart="425.00" departLane="9/1to8/1_0" departPos="4.10" departSpeed="0.00" departDelay="0.00" arrival="574.50" arrivalLane="1/1to0/1_0" arrivalPos="95.25" arrivalSpeed="13.90" duration="149.50" routeLength="815.15" waitSteps="710" rerouteNo="0" devices="vehroute_850 tripinfo_850 emissions_850" vType="HumanStandard" vaporized="">
        <emissions CO_abs="1490.519093" CO2_abs="206722.650927" HC_abs="53.943748" PMx_abs="19.176005" NOx_abs="387.738016" fuel_abs="82.417205"/>
    </tripinfo>
    <tripinfo id="748" depart="374.00" departLane="10/8to10/9_0" departPos="4.10" departSpeed="0.00" departDelay="0.00" arrival="574.60" arrivalLane="2/9to1/9_0" arrivalPos="90.50" arrivalSpeed="13.90" duration="200.60" routeLength="900.90" waitSteps="988" rerouteNo="0" devices="vehroute_748 tripinfo_748 emissions_748" vType="HumanStandard" vaporized="">
        <emissions CO_abs="3021.394376" CO2_abs="280973.751885" HC_abs="83.825335" PMx_abs="30.910615" NOx_abs="562.249029" fuel_abs="112.019952"/>
    </tripinfo>
    <tripinfo id="358" depart="179.00" departLane="10/11to10/10_0" departPos="4.10" departSpeed="0.00" departDelay="0.00" arrival="587.80" arrivalLane="2/5to2/6_0" arrivalPos="90.50" arrivalSpeed="6.18" duration="408.80" routeLength="1358.15" waitSteps="2573" rerouteNo="0" devices="vehroute_358 tripinfo_358 emissions_358" vType="HumanStandard" vaporized="">
        <emissions CO_abs="4928.094693" CO2_abs="447891.016145" HC_abs="142.022137" PMx_abs="47.984280" NOx_abs="884.994419" fuel_abs="178.567305"/>
    </tripinfo>
    <tripinfo id="775" depart="387.50" departLane="2/0to2/1_0" departPos="4.10" departSpeed="0.00" departDelay="0.00" arrival="587.80" arrivalLane="3/8to3/9_0" arrivalPos="90.50" arrivalSpeed="6.18" duration="200.30" routeLength="905.65" waitSteps="1005" rerouteNo="0" devices="vehroute_775 tripinfo_775 emissions_775" vType="HumanStandard" vaporized="">
        <emissions CO_abs="2420.868260" CO2_abs="253687.987559" HC_abs="72.584586" PMx_abs="26.338643" NOx_abs="496.492398" fuel_abs="101.141547"/>
    </tripinfo>
    <tripinfo id="491" depart="245.50" departLane="1/4to1/5_0" departPos="4.10" departSpeed="0.00" departDelay="0.00" arrival="587.80" arrivalLane="10/8to10/9_0" arrivalPos="90.50" arrivalSpeed="6.18" duration="342.30" routeLength="1262.90" waitSteps="1984" rerouteNo="0" devices="vehroute_491 tripinfo_491 emissions_491" vType="HumanStandard" vaporized="">
        <emissions CO_abs="4290.603775" CO2_abs="396649.571287" HC_abs="121.673627" PMx_abs="43.047934" NOx_abs="788.210095" fuel_abs="158.138133"/>
    </tripinfo>
    <tripinfo id="659" depart="329.50" departLane="4/1to3/1_0" departPos="4.10" departSpeed="0.00" departDelay="0.00" arrival="587.80" arrivalLane="4/9to4/10_0" arrivalPos="90.50" arrivalSpeed="6.18" duration="258.30" routeLength="991.40" waitSteps="1492" rerouteNo="0" devices="vehroute_659 tripinfo_659 emissions_659" vType="HumanStandard" vaporized="">
        <emissions CO_abs="3094.215289" CO2_abs="296428.341940" HC_abs="87.214050" PMx_abs="32.268256" NOx_abs="590.397601" fuel_abs="118.181467"/>
    </tripinfo>
    <tripinfo id="458" depart="229.10" departLane="9/2to9/3_0" departPos="4.10" departSpeed="0.00" departDelay="0.10" arrival="587.80" arrivalLane="1/9to1/8_0" arrivalPos="90.50" arrivalSpeed="6.18" duration="358.70" routeLength="1443.90" waitSteps="2054" rerouteNo="0" devices="vehroute_458 tripinfo_458 emissions_458" vType="HumanStandard" vaporized="">
        <emissions CO_abs="4843.696217" CO2_abs="462724.101026" HC_abs="144.259418" PMx_abs="48.241432" NOx_abs="905.118345" fuel_abs="184.481042"/>
    </tripinfo>
    <tripinfo id="643" depart="321.50" departLane="10/5to10/4_0" departPos="4.10" departSpeed="0.00" departDelay="0.00" arrival="587.80" arrivalLane="1/5to1/4_0" arrivalPos="90.50" arrivalSpeed="6.18" duration="266.30" routeLength="1081.90" waitSteps="1449" rerouteNo="0" devices="vehroute_643 tripinfo_643 emissions_643" vType="HumanStandard" vaporized="">
        <emissions CO_abs="3285.070957" CO2_abs="320780.984247" HC_abs="94.452980" PMx_abs="34.431070" NOx_abs="635.134382" fuel_abs="127.890495"/>
    </tripinfo>
    <tripinfo id="486" depart="243.00" departLane="10/2to9/2_0" departPos="4.10" departSpeed="0.00" departDelay="0.00" arrival="587.80" arrivalLane="1/7to1/6_0" arrivalPos="90.50" arrivalSpeed="6.18" duration="344.80" routeLength="1353.40" waitSteps="1993" rerouteNo="0" devices="vehroute_486 tripinfo_486 emissions_486" vType="HumanStandard" vaporized="">
        <emissions CO_abs="3793.913345" CO2_abs="395116.636444" HC_abs="116.334765" PMx_abs="40.414292" NOx_abs="767.657024" fuel_abs="157.526998"/>
    </tripinfo>
    <tripinfo id="519" depart="259.50" departLane="11/6to10/6_0" departPos="4.10" departSpeed="0.00" departDelay="0.00" arrival="587.80" arrivalLane="2/9to2/8_0" arrivalPos="90.50" arrivalSpeed="6.18" duration="328.30" routeLength="1177.15" waitSteps="1930" rerouteNo="0" devices="vehroute_519 tripinfo_519 emissions_519" vType="HumanStandard" vaporized="">
        <emissions CO_abs="4622.392640" CO2_abs="392924.983751" HC_abs="122.641197" PMx_abs="44.948412" NOx_abs="797.834952" fuel_abs="156.653181"/>
    </tripinfo>
    <tripinfo id="619" depart="309.50" departLane="10/2to10/3_0" departPos="4.10" departSpeed="0.00" departDelay="0.00" arrival="589.10" arrivalLane="1/8to1/9_0" arrivalPos="90.50" arrivalSpeed="8.42" duration="279.60" routeLength="1443.90" waitSteps="1394" rerouteNo="0" devices="vehroute_619 tripinfo_619 emissions_619" vType="HumanStandard" vaporized="">
        <emissions CO_abs="3221.992050" CO2_abs="384830.369872" HC_abs="106.452793" PMx_abs="37.529652" NOx_abs="734.841901" fuel_abs="153.426046"/>
    </tripinfo>
    <tripinfo id="395" depart="198.70" departLane="8/1to8/2_0" departPos="4.10" departSpeed="0.00" departDelay="1.20" arrival="589.10" arrivalLane="1/9to1/8_0" arrivalPos="90.50" arrivalSpeed="8.42" duration="390.40" routeLength="1443.90" waitSteps="2288" rerouteNo="0" devices="vehroute_395 tripinfo_395 emissions_395" vType="HumanStandard" vaporized="">
        <emissions CO_abs="5139.685321" CO2_abs="462220.657618" HC_abs="141.737879" PMx_abs="51.230600" NOx_abs="926.672578" fuel_abs="184.280320"/>
    </tripinfo>
    <tripinfo id="318" depart="159.00" departLane="10/8to10/7_0" departPos="4.10" departSpeed="0.00" departDelay="0.00" arrival="589.10" arrivalLane="2/1to2/2_0" arrivalPos="90.50" arrivalSpeed="8.42" duration="430.10" routeLength="1443.90" waitSteps="2735" rerouteNo="0" devices="vehroute_318 tripinfo_318 emissions_318" vType="HumanStandard" vaporized="">
        <emissions CO_abs="4841.289431" CO2_abs="460837.253828" HC_abs="144.289528" PMx_abs="47.973947" NOx_abs="901.097858" fuel_abs="183.728782"/>
    </tripinfo>
    <tripinfo id="749" depart="374.50" departLane="4/10to4/9_0" departPos="4.10" departSpeed="0.00" departDelay="0.00" arrival="589.10" arrivalLane="8/1to9/1_0" arrivalPos="90.50" arrivalSpeed="8.42" duration="214.60" routeLength="1262.90" waitSteps="894" rerouteNo="0" devices="vehroute_749 tripinfo_749 emissions_749" vType="HumanStandard" vaporized="">
        <emissions CO_abs="2741.833470" CO2_abs="330948.478316" HC_abs="88.752200" PMx_abs="32.772333" NOx_abs="636.187698" fuel_abs="131.944155"/>
    </tripinfo>
    <tripinfo id="437" depart="218.50" departLane="9/10to10/10_0" departPos="4.10" departSpeed="0.00" departDelay="0.00" arrival="589.10" arrivalLane="3/2to3/3_0" arrivalPos="90.50" arrivalSpeed="8.42" duration="370.60" routeLength="1534.40" waitSteps="2098" rerouteNo="0" devices="vehroute_437 tripinfo_437 emissions_437" vType="HumanStandard" vaporized="">
        <emissions CO_abs="4423.637307" CO2_abs="447167.937709" HC_abs="130.382525" PMx_abs="47.074132" NOx_abs="879.000527" fuel_abs="178.279058"/>
    </tripinfo>
    <tripinfo id="637" depart="318.50" departLane="9/8to9/7_0" departPos="4.10" departSpeed="0.00" departDelay="0.00" arrival="589.30" arrivalLane="3/2to3/1_0" arrivalPos="90.50" arrivalSpeed="7.37" duration="270.80" routeLength="1172.40" waitSteps="1525" rerouteNo="0" devices="vehroute_637 tripinfo_637 emissions_637" vType="HumanStandard" vaporized="">
        <emissions CO_abs="3284.329104" CO2_abs="342029.221978" HC_abs="100.417822" PMx_abs="35.037431" NOx_abs="665.090819" fuel_abs="136.361854"/>
    </tripinfo>
    <tripinfo id="679" depart="339.50" departLane="8/0to8/1_0" departPos="4.10" departSpeed="0.00" departDelay="0.00" arrival="590.20" arrivalLane="3/9to3/8_0" arrivalPos="90.50" arrivalSpeed="10.16" duration="250.70" routeLength="1358.15" waitSteps="1099" rerouteNo="0" devices="vehroute_679 tripinfo_679 emissions_679" vType="HumanStandard" vaporized="">
        <emissions CO_abs="3853.105983" CO2_abs="392033.640776" HC_abs="111.948074" PMx_abs="41.704369" NOx_abs="774.190332" fuel_abs="156.297856"/>
    </tripinfo>
    <tripinfo id="644" depart="322.00" departLane="5/1to5/2_0" departPos="4.10" departSpeed="0.00" departDelay="0.00" arrival="590.20" arrivalLane="8/10to9/10_0" arrivalPos="90.50" arrivalSpeed="10.16" duration="268.20" routeLength="1172.40" waitSteps="1454" rerouteNo="0" devices="vehroute_644 tripinfo_644 emissions_644" vType="HumanStandard" vaporized="">
        <emissions CO_abs="3335.265414" CO2_abs="347389.806186" HC_abs="102.913279" PMx_abs="35.359776" NOx_abs="673.621827" fuel_abs="138.499035"/>
    </tripinfo>
    <tripinfo id="409" depart="204.50" departLane="10/10to10/9_0" departPos="4.10" departSpeed="0.00" departDelay="0.00" arrival="590.20" arrivalLane="2/1to2/2_0" arrivalPos="90.50" arrivalSpeed="10.16" duration="385.70" routeLength="1624.90" waitSteps="2114" rerouteNo="0" devices="vehroute_409 tripinfo_409 emissions_409" vType="HumanStandard" vaporized="">
        <emissions CO_abs="4504.189968" CO2_abs="466443.793004" HC_abs="135.333201" PMx_abs="48.454769" NOx_abs="911.999522" fuel_abs="185.964052"/>
    </tripinfo>
    <tripinfo id="577" depart="288.50" departLane="11/10to10/10_0" departPos="4.10" departSpeed="0.00" departDelay="0.00" arrival="591.20" arrivalLane="1/8to1/9_0" arrivalPos="90.50" arrivalSpeed="11.66" duration="302.70" routeLength="1177.15" waitSteps="1615" rerouteNo="0" devices="vehroute_577 tripinfo_577 emissions_577" vType="HumanStandard" vaporized="">
        <emissions CO_abs="4656.424494" CO2_abs="389721.596167" HC_abs="122.136695" PMx_abs="45.000554" NOx_abs="794.455283" fuel_abs="155.376035"/>
    </tripinfo>
    <tripinfo id="556" depart="278.00" departLane="9/8to9/9_0" departPos="4.10" departSpeed="0.00" departDelay="0.00" arrival="591.20" arrivalLane="2/1to2/2_0" arrivalPos="90.50" arrivalSpeed="11.66" duration="313.20" routeLength="1534.40" waitSteps="1564" rerouteNo="0" devices="vehroute_556 tripinfo_556 emissions_556" vType="HumanStandard" vaporized="">
        <emissions CO_abs="4115.556707" CO2_abs="438978.317857" HC_abs="126.335124" PMx_abs="44.908905" NOx_abs="853.324311" fuel_abs="175.013991"/>
    </tripinfo>
    <tripinfo id="518" depart="259.00" departLane="1/1to1/2_0" departPos="4.10" departSpeed="0.00" departDelay="0.00" arrival="591.20" arrivalLane="8/8to9/8_0" arrivalPos="90.50" arrivalSpeed="11.66" duration="332.20" routeLength="1353.40" waitSteps="1918" rerouteNo="0" devices="vehroute_518 tripinfo_518 emissions_518" vType="HumanStandard" vaporized="">
        <emissions CO_abs="3568.609520" CO2_abs="388636.583146" HC_abs="112.735107" PMx_abs="38.960801" NOx_abs="749.244913" fuel_abs="154.943508"/>
    </tripinfo>
    <tripinfo id="652" depart="326.00" departLane="10/2to10/1_0" departPos="4.10" departSpeed="0.00" departDelay="0.00" arrival="591.60" arrivalLane="1/2to1/1_0" arrivalPos="90.50" arrivalSpeed="8.95" duration="265.60" routeLength="1081.90" waitSteps="1495" rerouteNo="0" devices="vehroute_652 tripinfo_652 emissions_652" vType="HumanStandard" vaporized="">
        <emissions CO_abs="3110.009604" CO2_abs="319502.244804" HC_abs="93.974689" PMx_abs="33.058489" NOx_abs="623.443102" fuel_abs="127.380686"/>
    </tripinfo>
    <tripinfo id="598" depart="299.00" departLane="11/10to10/10_0" departPos="4.10" departSpeed="0.00" departDelay="0.00" arrival="591.60" arrivalLane="2/10to2/9_0" arrivalPos="90.50" arrivalSpeed="8.95" duration="292.60" routeLength="905.65" waitSteps="1837" rerouteNo="0" devices="vehroute_598 tripinfo_598 emissions_598" vType="HumanStandard" vaporized="">
        <emissions CO_abs="3611.566152" CO2_abs="316584.526747" HC_abs="103.161666" PMx_abs="34.141389" NOx_abs="627.069742" fuel_abs="126.217404"/>
    </tripinfo>
    <tripinfo id="499" depart="249.50" departLane="10/6to9/6_0" departPos="4.10" departSpeed="0.00" departDelay="0.00" arrival="593.90" arrivalLane="1/5to1/6_0" arrivalPos="90.50" arrivalSpeed="13.90" duration="344.40" routeLength="991.40" waitSteps="2324" rerouteNo="0" devices="vehroute_499 tripinfo_499 emissions_499" vType="HumanStandard" vaporized="">
        <emissions CO_abs="4014.997296" CO2_abs="352197.064043" HC_abs="115.191104" PMx_abs="37.938719" NOx_abs="696.638823" fuel_abs="140.415579"/>
    </tripinfo>
    <tripinfo id="459" depart="229.50" departLane="1/10to2/10_0" departPos="4.10" departSpeed="0.00" departDelay="0.00" arrival="594.60" arrivalLane="8/3to7/3_0" arrivalPos="90.50" arrivalSpeed="13.90" duration="365.10" routeLength="1353.40" waitSteps="2236" rerouteNo="0" devices="vehroute_459 tripinfo_459 emissions_459" vType="HumanStandard" vaporized="">
        <emissions CO_abs="4270.055174" CO2_abs="417789.346554" HC_abs="126.122792" PMx_abs="43.923366" NOx_abs="820.067246" fuel_abs="166.566251"/>
    </tripinfo>
    <tripinfo id="504" depart="252.00" departLane="11/8to10/8_0" departPos="4.10" departSpeed="0.00" departDelay="0.00" arrival="594.70" arrivalLane="1/5to1/6_0" arrivalPos="90.50" arrivalSpeed="13.90" duration="342.70" routeLength="1267.65" waitSteps="1995" rerouteNo="0" devices="vehroute_504 tripinfo_504 emissions_504" vType="HumanStandard" vaporized="">
        <emissions CO_abs="4857.952885" CO2_abs="419802.913983" HC_abs="130.036574" PMx_abs="47.668946" NOx_abs="849.870855" fuel_abs="167.369005"/>
    </tripinfo>
    <tripinfo id="603" depart="301.50" departLane="3/9to3/8_0" departPos="4.10" departSpeed="0.00" departDelay="0.00" arrival="594.90" arrivalLane="10/3to10/2_0" arrivalPos="90.50" arrivalSpeed="13.90" duration="293.40" routeLength="1262.90" waitSteps="1561" rerouteNo="0" devices="vehroute_603 tripinfo_603 emissions_603" vType="HumanStandard" vaporized="">
        <emissions CO_abs="3801.331887" CO2_abs="375665.801529" HC_abs="109.448344" PMx_abs="40.246767" NOx_abs="743.561668" fuel_abs="149.772241"/>
    </tripinfo>
    <tripinfo id="339" depart="169.50" departLane="3/1to2/1_0" departPos="4.10" departSpeed="0.00" departDelay="0.00" arrival="594.90" arrivalLane="10/7to10/8_0" arrivalPos="90.50" arrivalSpeed="13.90" duration="425.40" routeLength="1443.90" waitSteps="2643" rerouteNo="0" devices="vehroute_339 tripinfo_339 emissions_339" vType="HumanStandard" vaporized="">
        <emissions CO_abs="5474.989625" CO2_abs="487149.855798" HC_abs="154.543741" PMx_abs="53.077009" NOx_abs="969.066677" fuel_abs="194.219202"/>
    </tripinfo>
    <tripinfo id="564" depart="282.50" departLane="1/2to1/3_0" departPos="4.10" departSpeed="0.00" departDelay="0.50" arrival="594.90" arrivalLane="9/2to10/2_0" arrivalPos="90.50" arrivalSpeed="13.90" duration="312.40" routeLength="991.40" waitSteps="1973" rerouteNo="0" devices="vehroute_564 tripinfo_564 emissions_564" vType="HumanStandard" vaporized="">
        <emissions CO_abs="3947.583253" CO2_abs="339542.219112" HC_abs="107.506188" PMx_abs="38.071663" NOx_abs="683.491995" fuel_abs="135.370288"/>
    </tripinfo>
    <tripinfo id="441" depart="220.50" departLane="1/2to1/1_0" departPos="4.10" departSpeed="0.00" departDelay="0.00" arrival="594.90" arrivalLane="9/6to10/6_0" arrivalPos="90.50" arrivalSpeed="13.90" duration="374.40" routeLength="1353.40" waitSteps="2303" rerouteNo="0" devices="vehroute_441 tripinfo_441 emissions_441" vType="HumanStandard" vaporized="">
        <emissions CO_abs="4386.222074" CO2_abs="426467.744424" HC_abs="130.298991" PMx_abs="44.608813" NOx_abs="835.363627" fuel_abs="170.026192"/>
    </tripinfo>
    <tripinfo id="526" depart="263.00" departLane="4/2to3/2_0" departPos="4.10" departSpeed="0.00" departDelay="0.00" arrival="595.00" arrivalLane="10/8to11/8_0" arrivalPos="95.25" arrivalSpeed="13.90" duration="332.00" routeLength="1358.15" waitSteps="1821" rerouteNo="0" devices="vehroute_526 tripinfo_526 emissions_526" vType="HumanStandard" vaporized="">
        <emissions CO_abs="4487.399359" CO2_abs="417946.220740" HC_abs="124.987316" PMx_abs="45.781789" NOx_abs="835.289857" fuel_abs="166.628787"/>
    </tripinfo>
    <tripinfo id="366" depart="183.10" departLane="1/4to1/5_0" departPos="4.10" departSpeed="0.00" departDelay="0.10" arrival="595.00" arrivalLane="10/9to11/9_0" arrivalPos="95.25" arrivalSpeed="13.90" duration="411.90" routeLength="1358.15" waitSteps="2595" rerouteNo="0" devices="vehroute_366 tripinfo_366 emissions_366" vType="HumanStandard" vaporized="">
        <emissions CO_abs="4951.027355" CO2_abs="447234.505822" HC_abs="140.465097" PMx_abs="48.543427" NOx_abs="888.335691" fuel_abs="178.305566"/>
    </tripinfo>
    <tripinfo id="506" depart="253.00" departLane="2/8to1/8_0" departPos="4.10" departSpeed="0.00" departDelay="0.00" arrival="595.00" arrivalLane="10/10to11/10_0" arrivalPos="95.25" arrivalSpeed="13.90" duration="342.00" routeLength="1177.15" waitSteps="2038" rerouteNo="0" devices="vehroute_506 tripinfo_506 emissions_506" vType="HumanStandard" vaporized="">
        <emissions CO_abs="4657.838967" CO2_abs="395113.655089" HC_abs="123.263096" PMx_abs="45.290020" NOx_abs="802.967666" fuel_abs="157.525770"/>
    </tripinfo>
    <tripinfo id="485" depart="242.50" departLane="7/0to7/1_0" departPos="4.10" departSpeed="0.00" departDelay="0.00" arrival="595.30" arrivalLane="1/10to1/11_0" arrivalPos="95.25" arrivalSpeed="13.90" duration="352.80" routeLength="1543.90" waitSteps="1993" rerouteNo="0" devices="vehroute_485 tripinfo_485 emissions_485" vType="HumanStandard" vaporized="">
        <emissions CO_abs="3898.871669" CO2_abs="443530.831757" HC_abs="129.467823" PMx_abs="42.885320" NOx_abs="843.303675" fuel_abs="176.829016"/>
    </tripinfo>
    <tripinfo id="557" depart="284.30" departLane="7/7to7/6_0" departPos="4.10" departSpeed="0.00" departDelay="5.80" arrival="595.30" arrivalLane="1/1to1/0_0" arrivalPos="95.25" arrivalSpeed="13.90" duration="311.00" routeLength="1177.15" waitSteps="1724" rerouteNo="0" devices="vehroute_557 tripinfo_557 emissions_557" vType="HumanStandard" vaporized="">
        <emissions CO_abs="4345.739538" CO2_abs="386581.675042" HC_abs="121.479218" PMx_abs="42.243799" NOx_abs="771.554391" fuel_abs="154.124202"/>
    </tripinfo>
    <tripinfo id="410" depart="205.00" departLane="4/9to4/10_0" departPos="4.10" departSpeed="0.00" departDelay="0.00" arrival="595.30" arrivalLane="10/1to10/0_0" arrivalPos="95.25" arrivalSpeed="13.90" duration="390.30" routeLength="1539.15" waitSteps="2247" rerouteNo="0" devices="vehroute_410 tripinfo_410 emissions_410" vType="HumanStandard" vaporized="">
        <emissions CO_abs="4523.949377" CO2_abs="457874.574461" HC_abs="135.919222" PMx_abs="47.394820" NOx_abs="894.452335" fuel_abs="182.547628"/>
    </tripinfo>
    <tripinfo id="757" depart="381.20" departLane="4/10to5/10_0" departPos="4.10" departSpeed="0.00" departDelay="2.70" arrival="595.80" arrivalLane="9/1to9/0_0" arrivalPos="95.25" arrivalSpeed="13.90" duration="214.60" routeLength="1358.15" waitSteps="831" rerouteNo="0" devices="vehroute_757 tripinfo_757 emissions_757" vType="HumanStandard" vaporized="">
        <emissions CO_abs="3070.894726" CO2_abs="361476.971486" HC_abs="97.607389" PMx_abs="36.196433" NOx_abs="697.827909" fuel_abs="144.115401"/>
    </tripinfo>
    <tripinfo id="548" depart="274.00" departLane="1/8to1/7_0" departPos="4.10" departSpeed="0.00" departDelay="0.00" arrival="596.00" arrivalLane="10/8to10/9_0" arrivalPos="90.50" arrivalSpeed="13.90" duration="322.00" routeLength="1081.90" waitSteps="2001" rerouteNo="0" devices="vehroute_548 tripinfo_548 emissions_548" vType="HumanStandard" vaporized="">
        <emissions CO_abs="3932.595695" CO2_abs="355604.665080" HC_abs="110.405530" PMx_abs="38.879012" NOx_abs="708.762560" fuel_abs="141.774150"/>
    </tripinfo>
    <tripinfo id="340" depart="170.00" departLane="3/11to3/10_0" departPos="4.10" departSpeed="0.00" departDelay="0.00" arrival="596.20" arrivalLane="10/1to10/0_0" arrivalPos="95.25" arrivalSpeed="13.90" duration="426.20" routeLength="1634.40" waitSteps="2508" rerouteNo="0" devices="vehroute_340 tripinfo_340 emissions_340" vType="HumanStandard" vaporized="">
        <emissions CO_abs="4612.212144" CO2_abs="481890.427681" HC_abs="142.912304" PMx_abs="48.769847" NOx_abs="933.057248" fuel_abs="192.122389"/>
    </tripinfo>
    <tripinfo id="808" depart="404.00" departLane="2/1to2/2_0" departPos="4.10" departSpeed="0.00" departDelay="0.00" arrival="596.20" arrivalLane="2/10to2/11_0" arrivalPos="95.25" arrivalSpeed="13.90" duration="192.20" routeLength="905.65" waitSteps="1054" rerouteNo="0" devices="vehroute_808 tripinfo_808 emissions_808" vType="HumanStandard" vaporized="">
        <emissions CO_abs="2036.511813" CO2_abs="253237.793346" HC_abs="72.970595" PMx_abs="23.135412" NOx_abs="472.406337" fuel_abs="100.962073"/>
    </tripinfo>
    <tripinfo id="503" depart="251.50" departLane="10/0to10/1_0" departPos="4.10" departSpeed="0.00" departDelay="0.00" arrival="596.70" arrivalLane="1/6to1/7_0" arrivalPos="90.50" arrivalSpeed="13.90" duration="345.20" routeLength="1448.65" waitSteps="2010" rerouteNo="0" devices="vehroute_503 tripinfo_503 emissions_503" vType="HumanStandard" vaporized="">
        <emissions CO_abs="3636.927746" CO2_abs="413724.973651" HC_abs="119.936427" PMx_abs="40.200475" NOx_abs="788.343456" fuel_abs="164.945875"/>
    </tripinfo>
    <tripinfo id="489" depart="244.50" departLane="10/4to10/5_0" departPos="4.10" departSpeed="0.00" departDelay="0.00" arrival="596.70" arrivalLane="1/2to0/2_0" arrivalPos="95.25" arrivalSpeed="13.90" duration="352.20" routeLength="1267.65" waitSteps="2119" rerouteNo="0" devices="vehroute_489 tripinfo_489 emissions_489" vType="HumanStandard" vaporized="">
        <emissions CO_abs="4904.755121" CO2_abs="433035.555064" HC_abs="139.727033" PMx_abs="46.800822" NOx_abs="858.617502" fuel_abs="172.644652"/>
    </tripinfo>
    <tripinfo id="535" depart="267.50" departLane="7/8to6/8_0" departPos="4.10" departSpeed="0.00" departDelay="0.00" arrival="596.70" arrivalLane="1/1to0/1_0" arrivalPos="95.25" arrivalSpeed="13.90" duration="329.20" routeLength="1267.65" waitSteps="1887" rerouteNo="0" devices="vehroute_535 tripinfo_535 emissions_535" vType="HumanStandard" vaporized="">
        <emissions CO_abs="4813.302694" CO2_abs="427167.798449" HC_abs="137.439227" PMx_abs="45.906373" NOx_abs="846.448996" fuel_abs="170.305265"/>
    </tripinfo>
    <tripinfo id="398" depart="199.00" departLane="10/1to9/1_0" departPos="4.10" departSpeed="0.00" departDelay="0.00" arrival="597.20" arrivalLane="2/7to2/6_0" arrivalPos="90.50" arrivalSpeed="12.19" duration="398.20" routeLength="1353.40" waitSteps="2358" rerouteNo="0" devices="vehroute_398 tripinfo_398 emissions_398" vType="HumanStandard" vaporized="">
        <emissions CO_abs="4842.712694" CO2_abs="439602.121338" HC_abs="136.263254" PMx_abs="48.001841" NOx_abs="875.646297" fuel_abs="175.262652"/>
    </tripinfo>
    <tripinfo id="435" depart="217.50" departLane="8/9to7/9_0" departPos="4.10" departSpeed="0.00" departDelay="0.00" arrival="597.50" arrivalLane="1/2to0/2_0" arrivalPos="95.25" arrivalSpeed="13.90" duration="380.00" routeLength="1358.15" waitSteps="2312" rerouteNo="0" devices="vehroute_435 tripinfo_435 emissions_435" vType="HumanStandard" vaporized="">
        <emissions CO_abs="4557.585608" CO2_abs="438439.593312" HC_abs="138.498010" PMx_abs="45.021877" NOx_abs="852.029455" fuel_abs="174.799177"/>
    </tripinfo>
    <tripinfo id="708" depart="354.00" departLane="10/9to9/9_0" departPos="4.10" departSpeed="0.00" departDelay="0.00" arrival="598.50" arrivalLane="1/8to0/8_0" arrivalPos="95.25" arrivalSpeed="13.90" duration="244.50" routeLength="996.15" waitSteps="1363" rerouteNo="0" devices="vehroute_708 tripinfo_708 emissions_708" vType="HumanStandard" vaporized="">
        <emissions CO_abs="3694.401804" CO2_abs="330086.116152" HC_abs="102.575000" PMx_abs="36.398612" NOx_abs="660.257041" fuel_abs="131.600293"/>
    </tripinfo>
    <tripinfo id="779" depart="389.50" departLane="10/3to9/3_0" departPos="4.10" departSpeed="0.00" departDelay="0.00" arrival="599.00" arrivalLane="1/4to0/4_0" arrivalPos="95.25" arrivalSpeed="13.90" duration="209.50" routeLength="996.15" waitSteps="1056" rerouteNo="0" devices="vehroute_779 tripinfo_779 emissions_779" vType="HumanStandard" vaporized="">
        <emissions CO_abs="2762.864236" CO2_abs="289237.795363" HC_abs="83.178411" PMx_abs="30.004884" NOx_abs="565.329723" fuel_abs="115.314716"/>
    </tripinfo>
    <tripinfo id="471" depart="235.50" departLane="0/1to1/1_0" departPos="4.10" departSpeed="0.00" departDelay="0.00" arrival="599.00" arrivalLane="9/8to9/7_0" arrivalPos="90.50" arrivalSpeed="13.90" duration="363.50" routeLength="1539.15" waitSteps="1979" rerouteNo="0" devices="vehroute_471 tripinfo_471 emissions_471" vType="HumanStandard" vaporized="">
        <emissions CO_abs="4244.537727" CO2_abs="447302.441261" HC_abs="131.008777" PMx_abs="45.510830" NOx_abs="867.590055" fuel_abs="178.332687"/>
    </tripinfo>
</tripinfos>
