<?xml version="1.0" encoding="UTF-8"?>

<!-- generated on Sun Apr 30 18:24:55 2017 by SUMO gui Version 0.21.0
<?xml version="1.0" encoding="UTF-8"?>

<configuration xmlns:xsi="http://www.w3.org/2001/XMLSchema-instance" xsi:noNamespaceSchemaLocation="http://sumo-sim.org/xsd/sumo-gui.exeConfiguration.xsd">

    <input>
        <net-file value="test_scenario/test.net.xml"/>
        <route-files value="test_scenario/test.rou.xml"/>
    </input>

    <output>
        <summary-output value="test_scenario/test-summary.xml"/>
        <tripinfo-output value="test_scenario/test-tripinfo.xml"/>
        <vehroute-output value="test_scenario/test-route.rou.xml"/>
        <vehroute-output.last-route value="true"/>
        <vehroute-output.sorted value="true"/>
        <save-state.prefix value="test_scenario/state"/>
    </output>

    <time>
        <begin value="100"/>
        <end value="600"/>
        <step-length value="0.100000"/>
    </time>

    <processing>
        <ignore-junction-blocker value="20"/>
        <time-to-teleport value="600"/>
        <max-depart-delay value="600"/>
    </processing>

    <report>
        <verbose value="true"/>
    </report>

    <emissions>
        <phemlight-path value="test_scenario/./PHEMlight/"/>
        <device.emissions.probability value="1"/>
    </emissions>

</configuration>
-->

<summary xmlns:xsi="http://www.w3.org/2001/XMLSchema-instance" xsi:noNamespaceSchemaLocation="http://sumo-sim.org/xsd/summary_file.xsd">
    <step time="100.00" loaded="401" inserted="1" running="1" waiting="0" ended="0" meanWaitingTime="0.00" meanTravelTime="-1.00" duration="0"/>
    <step time="100.10" loaded="402" inserted="1" running="1" waiting="0" ended="0" meanWaitingTime="0.00" meanTravelTime="-1.00" duration="0"/>
    <step time="100.20" loaded="402" inserted="1" running="1" waiting="0" ended="0" meanWaitingTime="0.00" meanTravelTime="-1.00" duration="0"/>
    <step time="100.30" loaded="402" inserted="1" running="1" waiting="0" ended="0" meanWaitingTime="0.00" meanTravelTime="-1.00" duration="0"/>
    <step time="100.40" loaded="402" inserted="1" running="1" waiting="0" ended="0" meanWaitingTime="0.00" meanTravelTime="-1.00" duration="0"/>
    <step time="100.50" loaded="402" inserted="2" running="2" waiting="0" ended="0" meanWaitingTime="0.00" meanTravelTime="-1.00" duration="0"/>
    <step time="100.60" loaded="403" inserted="2" running="2" waiting="0" ended="0" meanWaitingTime="0.00" meanTravelTime="-1.00" duration="0"/>
    <step time="100.70" loaded="403" inserted="2" running="2" waiting="0" ended="0" meanWaitingTime="0.00" meanTravelTime="-1.00" duration="0"/>
    <step time="100.80" loaded="403" inserted="2" running="2" waiting="0" ended="0" meanWaitingTime="0.00" meanTravelTime="-1.00" duration="0"/>
    <step time="100.90" loaded="403" inserted="2" running="2" waiting="0" ended="0" meanWaitingTime="0.00" meanTravelTime="-1.00" duration="0"/>
    <step time="101.00" loaded="403" inserted="3" running="3" waiting="0" ended="0" meanWaitingTime="0.00" meanTravelTime="-1.00" duration="0"/>
    <step time="101.10" loaded="404" inserted="3" running="3" waiting="0" ended="0" meanWaitingTime="0.00" meanTravelTime="-1.00" duration="0"/>
    <step time="101.20" loaded="404" inserted="3" running="3" waiting="0" ended="0" meanWaitingTime="0.00" meanTravelTime="-1.00" duration="1"/>
    <step time="101.30" loaded="404" inserted="3" running="3" waiting="0" ended="0" meanWaitingTime="0.00" meanTravelTime="-1.00" duration="0"/>
    <step time="101.40" loaded="404" inserted="3" running="3" waiting="0" ended="0" meanWaitingTime="0.00" meanTravelTime="-1.00" duration="0"/>
    <step time="101.50" loaded="404" inserted="4" running="4" waiting="0" ended="0" meanWaitingTime="0.00" meanTravelTime="-1.00" duration="0"/>
    <step time="101.60" loaded="405" inserted="4" running="4" waiting="0" ended="0" meanWaitingTime="0.00" meanTravelTime="-1.00" duration="0"/>
    <step time="101.70" loaded="405" inserted="4" running="4" waiting="0" ended="0" meanWaitingTime="0.00" meanTravelTime="-1.00" duration="0"/>
    <step time="101.80" loaded="405" inserted="4" running="4" waiting="0" ended="0" meanWaitingTime="0.00" meanTravelTime="-1.00" duration="0"/>
    <step time="101.90" loaded="405" inserted="4" running="4" waiting="0" ended="0" meanWaitingTime="0.00" meanTravelTime="-1.00" duration="0"/>
    <step time="102.00" loaded="405" inserted="5" running="5" waiting="0" ended="0" meanWaitingTime="0.00" meanTravelTime="-1.00" duration="0"/>
    <step time="102.10" loaded="406" inserted="5" running="5" waiting="0" ended="0" meanWaitingTime="0.00" meanTravelTime="-1.00" duration="0"/>
    <step time="102.20" loaded="406" inserted="5" running="5" waiting="0" ended="0" meanWaitingTime="0.00" meanTravelTime="-1.00" duration="0"/>
    <step time="102.30" loaded="406" inserted="5" running="5" waiting="0" ended="0" meanWaitingTime="0.00" meanTravelTime="-1.00" duration="0"/>
    <step time="102.40" loaded="406" inserted="5" running="5" waiting="0" ended="0" meanWaitingTime="0.00" meanTravelTime="-1.00" duration="0"/>
    <step time="102.50" loaded="406" inserted="6" running="6" waiting="0" ended="0" meanWaitingTime="0.00" meanTravelTime="-1.00" duration="0"/>
    <step time="102.60" loaded="407" inserted="6" running="6" waiting="0" ended="0" meanWaitingTime="0.00" meanTravelTime="-1.00" duration="0"/>
    <step time="102.70" loaded="407" inserted="6" running="6" waiting="0" ended="0" meanWaitingTime="0.00" meanTravelTime="-1.00" duration="0"/>
    <step time="102.80" loaded="407" inserted="6" running="6" waiting="0" ended="0" meanWaitingTime="0.00" meanTravelTime="-1.00" duration="0"/>
    <step time="102.90" loaded="407" inserted="6" running="6" waiting="0" ended="0" meanWaitingTime="0.00" meanTravelTime="-1.00" duration="0"/>
    <step time="103.00" loaded="407" inserted="7" running="7" waiting="0" ended="0" meanWaitingTime="0.00" meanTravelTime="-1.00" duration="0"/>
    <step time="103.10" loaded="408" inserted="7" running="7" waiting="0" ended="0" meanWaitingTime="0.00" meanTravelTime="-1.00" duration="0"/>
    <step time="103.20" loaded="408" inserted="7" running="7" waiting="0" ended="0" meanWaitingTime="0.00" meanTravelTime="-1.00" duration="0"/>
    <step time="103.30" loaded="408" inserted="7" running="7" waiting="0" ended="0" meanWaitingTime="0.00" meanTravelTime="-1.00" duration="0"/>
    <step time="103.40" loaded="408" inserted="7" running="7" waiting="0" ended="0" meanWaitingTime="0.00" meanTravelTime="-1.00" duration="0"/>
    <step time="103.50" loaded="408" inserted="8" running="8" waiting="0" ended="0" meanWaitingTime="0.00" meanTravelTime="-1.00" duration="0"/>
    <step time="103.60" loaded="409" inserted="8" running="8" waiting="0" ended="0" meanWaitingTime="0.00" meanTravelTime="-1.00" duration="0"/>
    <step time="103.70" loaded="409" inserted="8" running="8" waiting="0" ended="0" meanWaitingTime="0.00" meanTravelTime="-1.00" duration="0"/>
    <step time="103.80" loaded="409" inserted="8" running="8" waiting="0" ended="0" meanWaitingTime="0.00" meanTravelTime="-1.00" duration="0"/>
    <step time="103.90" loaded="409" inserted="8" running="8" waiting="0" ended="0" meanWaitingTime="0.00" meanTravelTime="-1.00" duration="0"/>
    <step time="104.00" loaded="409" inserted="9" running="9" waiting="0" ended="0" meanWaitingTime="0.00" meanTravelTime="-1.00" duration="0"/>
    <step time="104.10" loaded="410" inserted="9" running="9" waiting="0" ended="0" meanWaitingTime="0.00" meanTravelTime="-1.00" duration="0"/>
    <step time="104.20" loaded="410" inserted="9" running="9" waiting="0" ended="0" meanWaitingTime="0.00" meanTravelTime="-1.00" duration="0"/>
    <step time="104.30" loaded="410" inserted="9" running="9" waiting="0" ended="0" meanWaitingTime="0.00" meanTravelTime="-1.00" duration="0"/>
    <step time="104.40" loaded="410" inserted="9" running="9" waiting="0" ended="0" meanWaitingTime="0.00" meanTravelTime="-1.00" duration="0"/>
    <step time="104.50" loaded="410" inserted="10" running="10" waiting="0" ended="0" meanWaitingTime="0.00" meanTravelTime="-1.00" duration="0"/>
    <step time="104.60" loaded="411" inserted="10" running="10" waiting="0" ended="0" meanWaitingTime="0.00" meanTravelTime="-1.00" duration="1"/>
    <step time="104.70" loaded="411" inserted="10" running="10" waiting="0" ended="0" meanWaitingTime="0.00" meanTravelTime="-1.00" duration="0"/>
    <step time="104.80" loaded="411" inserted="10" running="10" waiting="0" ended="0" meanWaitingTime="0.00" meanTravelTime="-1.00" duration="0"/>
    <step time="104.90" loaded="411" inserted="10" running="10" waiting="0" ended="0" meanWaitingTime="0.00" meanTravelTime="-1.00" duration="0"/>
    <step time="105.00" loaded="411" inserted="11" running="11" waiting="0" ended="0" meanWaitingTime="0.00" meanTravelTime="-1.00" duration="0"/>
    <step time="105.10" loaded="412" inserted="11" running="11" waiting="0" ended="0" meanWaitingTime="0.00" meanTravelTime="-1.00" duration="0"/>
    <step time="105.20" loaded="412" inserted="11" running="11" waiting="0" ended="0" meanWaitingTime="0.00" meanTravelTime="-1.00" duration="0"/>
    <step time="105.30" loaded="412" inserted="11" running="11" waiting="0" ended="0" meanWaitingTime="0.00" meanTravelTime="-1.00" duration="0"/>
    <step time="105.40" loaded="412" inserted="11" running="11" waiting="0" ended="0" meanWaitingTime="0.00" meanTravelTime="-1.00" duration="0"/>
    <step time="105.50" loaded="412" inserted="12" running="12" waiting="0" ended="0" meanWaitingTime="0.00" meanTravelTime="-1.00" duration="0"/>
    <step time="105.60" loaded="413" inserted="12" running="12" waiting="0" ended="0" meanWaitingTime="0.00" meanTravelTime="-1.00" duration="0"/>
    <step time="105.70" loaded="413" inserted="12" running="12" waiting="0" ended="0" meanWaitingTime="0.00" meanTravelTime="-1.00" duration="0"/>
    <step time="105.80" loaded="413" inserted="12" running="12" waiting="0" ended="0" meanWaitingTime="0.00" meanTravelTime="-1.00" duration="0"/>
    <step time="105.90" loaded="413" inserted="12" running="12" waiting="0" ended="0" meanWaitingTime="0.00" meanTravelTime="-1.00" duration="1"/>
    <step time="106.00" loaded="413" inserted="13" running="13" waiting="0" ended="0" meanWaitingTime="0.00" meanTravelTime="-1.00" duration="0"/>
    <step time="106.10" loaded="414" inserted="13" running="13" waiting="0" ended="0" meanWaitingTime="0.00" meanTravelTime="-1.00" duration="0"/>
    <step time="106.20" loaded="414" inserted="13" running="13" waiting="0" ended="0" meanWaitingTime="0.00" meanTravelTime="-1.00" duration="0"/>
    <step time="106.30" loaded="414" inserted="13" running="13" waiting="0" ended="0" meanWaitingTime="0.00" meanTravelTime="-1.00" duration="0"/>
    <step time="106.40" loaded="414" inserted="13" running="13" waiting="0" ended="0" meanWaitingTime="0.00" meanTravelTime="-1.00" duration="0"/>
    <step time="106.50" loaded="414" inserted="14" running="14" waiting="0" ended="0" meanWaitingTime="0.00" meanTravelTime="-1.00" duration="0"/>
    <step time="106.60" loaded="415" inserted="14" running="14" waiting="0" ended="0" meanWaitingTime="0.00" meanTravelTime="-1.00" duration="0"/>
    <step time="106.70" loaded="415" inserted="14" running="14" waiting="0" ended="0" meanWaitingTime="0.00" meanTravelTime="-1.00" duration="0"/>
    <step time="106.80" loaded="415" inserted="14" running="14" waiting="0" ended="0" meanWaitingTime="0.00" meanTravelTime="-1.00" duration="0"/>
    <step time="106.90" loaded="415" inserted="14" running="14" waiting="0" ended="0" meanWaitingTime="0.00" meanTravelTime="-1.00" duration="0"/>
    <step time="107.00" loaded="415" inserted="15" running="15" waiting="0" ended="0" meanWaitingTime="0.00" meanTravelTime="-1.00" duration="0"/>
    <step time="107.10" loaded="416" inserted="15" running="15" waiting="0" ended="0" meanWaitingTime="0.00" meanTravelTime="-1.00" duration="0"/>
    <step time="107.20" loaded="416" inserted="15" running="15" waiting="0" ended="0" meanWaitingTime="0.00" meanTravelTime="-1.00" duration="0"/>
    <step time="107.30" loaded="416" inserted="15" running="15" waiting="0" ended="0" meanWaitingTime="0.00" meanTravelTime="-1.00" duration="1"/>
    <step time="107.40" loaded="416" inserted="15" running="15" waiting="0" ended="0" meanWaitingTime="0.00" meanTravelTime="-1.00" duration="0"/>
    <step time="107.50" loaded="416" inserted="16" running="16" waiting="0" ended="0" meanWaitingTime="0.00" meanTravelTime="-1.00" duration="0"/>
    <step time="107.60" loaded="417" inserted="16" running="16" waiting="0" ended="0" meanWaitingTime="0.00" meanTravelTime="-1.00" duration="0"/>
    <step time="107.70" loaded="417" inserted="16" running="16" waiting="0" ended="0" meanWaitingTime="0.00" meanTravelTime="-1.00" duration="0"/>
    <step time="107.80" loaded="417" inserted="16" running="16" waiting="0" ended="0" meanWaitingTime="0.00" meanTravelTime="-1.00" duration="0"/>
    <step time="107.90" loaded="417" inserted="16" running="16" waiting="0" ended="0" meanWaitingTime="0.00" meanTravelTime="-1.00" duration="0"/>
    <step time="108.00" loaded="417" inserted="17" running="17" waiting="0" ended="0" meanWaitingTime="0.00" meanTravelTime="-1.00" duration="0"/>
    <step time="108.10" loaded="418" inserted="17" running="17" waiting="0" ended="0" meanWaitingTime="0.00" meanTravelTime="-1.00" duration="0"/>
    <step time="108.20" loaded="418" inserted="17" running="17" waiting="0" ended="0" meanWaitingTime="0.00" meanTravelTime="-1.00" duration="0"/>
    <step time="108.30" loaded="418" inserted="17" running="17" waiting="0" ended="0" meanWaitingTime="0.00" meanTravelTime="-1.00" duration="0"/>
    <step time="108.40" loaded="418" inserted="17" running="17" waiting="0" ended="0" meanWaitingTime="0.00" meanTravelTime="-1.00" duration="0"/>
    <step time="108.50" loaded="418" inserted="18" running="18" waiting="0" ended="0" meanWaitingTime="0.00" meanTravelTime="-1.00" duration="0"/>
    <step time="108.60" loaded="419" inserted="18" running="18" waiting="0" ended="0" meanWaitingTime="0.00" meanTravelTime="-1.00" duration="0"/>
    <step time="108.70" loaded="419" inserted="18" running="18" waiting="0" ended="0" meanWaitingTime="0.00" meanTravelTime="-1.00" duration="1"/>
    <step time="108.80" loaded="419" inserted="18" running="18" waiting="0" ended="0" meanWaitingTime="0.00" meanTravelTime="-1.00" duration="0"/>
    <step time="108.90" loaded="419" inserted="18" running="18" waiting="0" ended="0" meanWaitingTime="0.00" meanTravelTime="-1.00" duration="0"/>
    <step time="109.00" loaded="419" inserted="19" running="19" waiting="0" ended="0" meanWaitingTime="0.00" meanTravelTime="-1.00" duration="0"/>
    <step time="109.10" loaded="420" inserted="19" running="19" waiting="0" ended="0" meanWaitingTime="0.00" meanTravelTime="-1.00" duration="0"/>
    <step time="109.20" loaded="420" inserted="19" running="19" waiting="0" ended="0" meanWaitingTime="0.00" meanTravelTime="-1.00" duration="0"/>
    <step time="109.30" loaded="420" inserted="19" running="19" waiting="0" ended="0" meanWaitingTime="0.00" meanTravelTime="-1.00" duration="0"/>
    <step time="109.40" loaded="420" inserted="19" running="19" waiting="0" ended="0" meanWaitingTime="0.00" meanTravelTime="-1.00" duration="0"/>
    <step time="109.50" loaded="420" inserted="20" running="20" waiting="0" ended="0" meanWaitingTime="0.00" meanTravelTime="-1.00" duration="0"/>
    <step time="109.60" loaded="421" inserted="20" running="20" waiting="0" ended="0" meanWaitingTime="0.00" meanTravelTime="-1.00" duration="0"/>
    <step time="109.70" loaded="421" inserted="20" running="20" waiting="0" ended="0" meanWaitingTime="0.00" meanTravelTime="-1.00" duration="0"/>
    <step time="109.80" loaded="421" inserted="20" running="20" waiting="0" ended="0" meanWaitingTime="0.00" meanTravelTime="-1.00" duration="0"/>
    <step time="109.90" loaded="421" inserted="20" running="20" waiting="0" ended="0" meanWaitingTime="0.00" meanTravelTime="-1.00" duration="1"/>
    <step time="110.00" loaded="421" inserted="21" running="21" waiting="0" ended="0" meanWaitingTime="0.00" meanTravelTime="-1.00" duration="0"/>
    <step time="110.10" loaded="422" inserted="21" running="21" waiting="0" ended="0" meanWaitingTime="0.00" meanTravelTime="-1.00" duration="0"/>
    <step time="110.20" loaded="422" inserted="21" running="21" waiting="0" ended="0" meanWaitingTime="0.00" meanTravelTime="-1.00" duration="0"/>
    <step time="110.30" loaded="422" inserted="21" running="21" waiting="0" ended="0" meanWaitingTime="0.00" meanTravelTime="-1.00" duration="0"/>
    <step time="110.40" loaded="422" inserted="21" running="21" waiting="0" ended="0" meanWaitingTime="0.00" meanTravelTime="-1.00" duration="0"/>
    <step time="110.50" loaded="422" inserted="22" running="22" waiting="0" ended="0" meanWaitingTime="0.00" meanTravelTime="-1.00" duration="0"/>
    <step time="110.60" loaded="423" inserted="22" running="22" waiting="0" ended="0" meanWaitingTime="0.00" meanTravelTime="-1.00" duration="0"/>
    <step time="110.70" loaded="423" inserted="22" running="22" waiting="0" ended="0" meanWaitingTime="0.00" meanTravelTime="-1.00" duration="0"/>
    <step time="110.80" loaded="423" inserted="22" running="22" waiting="0" ended="0" meanWaitingTime="0.00" meanTravelTime="-1.00" duration="0"/>
    <step time="110.90" loaded="423" inserted="22" running="22" waiting="0" ended="0" meanWaitingTime="0.00" meanTravelTime="-1.00" duration="0"/>
    <step time="111.00" loaded="423" inserted="23" running="23" waiting="0" ended="0" meanWaitingTime="0.00" meanTravelTime="-1.00" duration="0"/>
    <step time="111.10" loaded="424" inserted="23" running="23" waiting="0" ended="0" meanWaitingTime="0.00" meanTravelTime="-1.00" duration="1"/>
    <step time="111.20" loaded="424" inserted="23" running="23" waiting="0" ended="0" meanWaitingTime="0.00" meanTravelTime="-1.00" duration="0"/>
    <step time="111.30" loaded="424" inserted="23" running="23" waiting="0" ended="0" meanWaitingTime="0.00" meanTravelTime="-1.00" duration="0"/>
    <step time="111.40" loaded="424" inserted="23" running="23" waiting="0" ended="0" meanWaitingTime="0.00" meanTravelTime="-1.00" duration="0"/>
    <step time="111.50" loaded="424" inserted="24" running="24" waiting="0" ended="0" meanWaitingTime="0.00" meanTravelTime="-1.00" duration="0"/>
    <step time="111.60" loaded="425" inserted="24" running="24" waiting="0" ended="0" meanWaitingTime="0.00" meanTravelTime="-1.00" duration="0"/>
    <step time="111.70" loaded="425" inserted="24" running="24" waiting="0" ended="0" meanWaitingTime="0.00" meanTravelTime="-1.00" duration="0"/>
    <step time="111.80" loaded="425" inserted="24" running="24" waiting="0" ended="0" meanWaitingTime="0.00" meanTravelTime="-1.00" duration="0"/>
    <step time="111.90" loaded="425" inserted="24" running="24" waiting="0" ended="0" meanWaitingTime="0.00" meanTravelTime="-1.00" duration="0"/>
    <step time="112.00" loaded="425" inserted="25" running="25" waiting="0" ended="0" meanWaitingTime="0.00" meanTravelTime="-1.00" duration="0"/>
    <step time="112.10" loaded="426" inserted="25" running="25" waiting="0" ended="0" meanWaitingTime="0.00" meanTravelTime="-1.00" duration="0"/>
    <step time="112.20" loaded="426" inserted="25" running="25" waiting="0" ended="0" meanWaitingTime="0.00" meanTravelTime="-1.00" duration="1"/>
    <step time="112.30" loaded="426" inserted="25" running="25" waiting="0" ended="0" meanWaitingTime="0.00" meanTravelTime="-1.00" duration="0"/>
    <step time="112.40" loaded="426" inserted="25" running="25" waiting="0" ended="0" meanWaitingTime="0.00" meanTravelTime="-1.00" duration="0"/>
    <step time="112.50" loaded="426" inserted="26" running="26" waiting="0" ended="0" meanWaitingTime="0.00" meanTravelTime="-1.00" duration="0"/>
    <step time="112.60" loaded="427" inserted="26" running="26" waiting="0" ended="0" meanWaitingTime="0.00" meanTravelTime="-1.00" duration="0"/>
    <step time="112.70" loaded="427" inserted="26" running="26" waiting="0" ended="0" meanWaitingTime="0.00" meanTravelTime="-1.00" duration="0"/>
    <step time="112.80" loaded="427" inserted="26" running="26" waiting="0" ended="0" meanWaitingTime="0.00" meanTravelTime="-1.00" duration="0"/>
    <step time="112.90" loaded="427" inserted="26" running="26" waiting="0" ended="0" meanWaitingTime="0.00" meanTravelTime="-1.00" duration="0"/>
    <step time="113.00" loaded="427" inserted="27" running="27" waiting="0" ended="0" meanWaitingTime="0.00" meanTravelTime="-1.00" duration="0"/>
    <step time="113.10" loaded="428" inserted="27" running="27" waiting="0" ended="0" meanWaitingTime="0.00" meanTravelTime="-1.00" duration="0"/>
    <step time="113.20" loaded="428" inserted="27" running="27" waiting="0" ended="0" meanWaitingTime="0.00" meanTravelTime="-1.00" duration="0"/>
    <step time="113.30" loaded="428" inserted="27" running="27" waiting="0" ended="0" meanWaitingTime="0.00" meanTravelTime="-1.00" duration="0"/>
    <step time="113.40" loaded="428" inserted="27" running="27" waiting="0" ended="0" meanWaitingTime="0.00" meanTravelTime="-1.00" duration="0"/>
    <step time="113.50" loaded="428" inserted="28" running="28" waiting="0" ended="0" meanWaitingTime="0.00" meanTravelTime="-1.00" duration="0"/>
    <step time="113.60" loaded="429" inserted="28" running="28" waiting="0" ended="0" meanWaitingTime="0.00" meanTravelTime="-1.00" duration="0"/>
    <step time="113.70" loaded="429" inserted="28" running="28" waiting="0" ended="0" meanWaitingTime="0.00" meanTravelTime="-1.00" duration="0"/>
    <step time="113.80" loaded="429" inserted="28" running="28" waiting="0" ended="0" meanWaitingTime="0.00" meanTravelTime="-1.00" duration="0"/>
    <step time="113.90" loaded="429" inserted="28" running="28" waiting="0" ended="0" meanWaitingTime="0.00" meanTravelTime="-1.00" duration="0"/>
    <step time="114.00" loaded="429" inserted="29" running="29" waiting="0" ended="0" meanWaitingTime="0.00" meanTravelTime="-1.00" duration="0"/>
    <step time="114.10" loaded="430" inserted="29" running="29" waiting="0" ended="0" meanWaitingTime="0.00" meanTravelTime="-1.00" duration="0"/>
    <step time="114.20" loaded="430" inserted="29" running="29" waiting="0" ended="0" meanWaitingTime="0.00" meanTravelTime="-1.00" duration="0"/>
    <step time="114.30" loaded="430" inserted="29" running="29" waiting="0" ended="0" meanWaitingTime="0.00" meanTravelTime="-1.00" duration="1"/>
    <step time="114.40" loaded="430" inserted="29" running="29" waiting="0" ended="0" meanWaitingTime="0.00" meanTravelTime="-1.00" duration="0"/>
    <step time="114.50" loaded="430" inserted="30" running="30" waiting="0" ended="0" meanWaitingTime="0.00" meanTravelTime="-1.00" duration="0"/>
    <step time="114.60" loaded="431" inserted="30" running="30" waiting="0" ended="0" meanWaitingTime="0.00" meanTravelTime="-1.00" duration="0"/>
    <step time="114.70" loaded="431" inserted="30" running="30" waiting="0" ended="0" meanWaitingTime="0.00" meanTravelTime="-1.00" duration="0"/>
    <step time="114.80" loaded="431" inserted="30" running="30" waiting="0" ended="0" meanWaitingTime="0.00" meanTravelTime="-1.00" duration="0"/>
    <step time="114.90" loaded="431" inserted="30" running="30" waiting="0" ended="0" meanWaitingTime="0.00" meanTravelTime="-1.00" duration="0"/>
    <step time="115.00" loaded="431" inserted="31" running="31" waiting="0" ended="0" meanWaitingTime="0.00" meanTravelTime="-1.00" duration="0"/>
    <step time="115.10" loaded="432" inserted="31" running="31" waiting="0" ended="0" meanWaitingTime="0.00" meanTravelTime="-1.00" duration="0"/>
    <step time="115.20" loaded="432" inserted="31" running="31" waiting="0" ended="0" meanWaitingTime="0.00" meanTravelTime="-1.00" duration="0"/>
    <step time="115.30" loaded="432" inserted="31" running="31" waiting="0" ended="0" meanWaitingTime="0.00" meanTravelTime="-1.00" duration="1"/>
    <step time="115.40" loaded="432" inserted="31" running="31" waiting="0" ended="0" meanWaitingTime="0.00" meanTravelTime="-1.00" duration="0"/>
    <step time="115.50" loaded="432" inserted="32" running="32" waiting="0" ended="0" meanWaitingTime="0.00" meanTravelTime="-1.00" duration="0"/>
    <step time="115.60" loaded="433" inserted="32" running="32" waiting="0" ended="0" meanWaitingTime="0.00" meanTravelTime="-1.00" duration="0"/>
    <step time="115.70" loaded="433" inserted="32" running="32" waiting="0" ended="0" meanWaitingTime="0.00" meanTravelTime="-1.00" duration="0"/>
    <step time="115.80" loaded="433" inserted="32" running="32" waiting="0" ended="0" meanWaitingTime="0.00" meanTravelTime="-1.00" duration="0"/>
    <step time="115.90" loaded="433" inserted="32" running="32" waiting="0" ended="0" meanWaitingTime="0.00" meanTravelTime="-1.00" duration="0"/>
    <step time="116.00" loaded="433" inserted="33" running="33" waiting="0" ended="0" meanWaitingTime="0.00" meanTravelTime="-1.00" duration="0"/>
    <step time="116.10" loaded="434" inserted="33" running="33" waiting="0" ended="0" meanWaitingTime="0.00" meanTravelTime="-1.00" duration="0"/>
    <step time="116.20" loaded="434" inserted="33" running="33" waiting="0" ended="0" meanWaitingTime="0.00" meanTravelTime="-1.00" duration="1"/>
    <step time="116.30" loaded="434" inserted="33" running="33" waiting="0" ended="0" meanWaitingTime="0.00" meanTravelTime="-1.00" duration="0"/>
    <step time="116.40" loaded="434" inserted="33" running="33" waiting="0" ended="0" meanWaitingTime="0.00" meanTravelTime="-1.00" duration="0"/>
    <step time="116.50" loaded="434" inserted="34" running="34" waiting="0" ended="0" meanWaitingTime="0.00" meanTravelTime="-1.00" duration="0"/>
    <step time="116.60" loaded="435" inserted="34" running="34" waiting="0" ended="0" meanWaitingTime="0.00" meanTravelTime="-1.00" duration="0"/>
    <step time="116.70" loaded="435" inserted="34" running="34" waiting="0" ended="0" meanWaitingTime="0.00" meanTravelTime="-1.00" duration="0"/>
    <step time="116.80" loaded="435" inserted="34" running="34" waiting="0" ended="0" meanWaitingTime="0.00" meanTravelTime="-1.00" duration="0"/>
    <step time="116.90" loaded="435" inserted="34" running="34" waiting="0" ended="0" meanWaitingTime="0.00" meanTravelTime="-1.00" duration="0"/>
    <step time="117.00" loaded="435" inserted="35" running="35" waiting="0" ended="0" meanWaitingTime="0.00" meanTravelTime="-1.00" duration="0"/>
    <step time="117.10" loaded="436" inserted="35" running="35" waiting="0" ended="0" meanWaitingTime="0.00" meanTravelTime="-1.00" duration="0"/>
    <step time="117.20" loaded="436" inserted="35" running="35" waiting="0" ended="0" meanWaitingTime="0.00" meanTravelTime="-1.00" duration="1"/>
    <step time="117.30" loaded="436" inserted="35" running="35" waiting="0" ended="0" meanWaitingTime="0.00" meanTravelTime="-1.00" duration="0"/>
    <step time="117.40" loaded="436" inserted="35" running="35" waiting="0" ended="0" meanWaitingTime="0.00" meanTravelTime="-1.00" duration="0"/>
    <step time="117.50" loaded="436" inserted="36" running="36" waiting="0" ended="0" meanWaitingTime="0.00" meanTravelTime="-1.00" duration="0"/>
    <step time="117.60" loaded="437" inserted="36" running="36" waiting="0" ended="0" meanWaitingTime="0.00" meanTravelTime="-1.00" duration="0"/>
    <step time="117.70" loaded="437" inserted="36" running="36" waiting="0" ended="0" meanWaitingTime="0.00" meanTravelTime="-1.00" duration="0"/>
    <step time="117.80" loaded="437" inserted="36" running="36" waiting="0" ended="0" meanWaitingTime="0.00" meanTravelTime="-1.00" duration="0"/>
    <step time="117.90" loaded="437" inserted="36" running="36" waiting="0" ended="0" meanWaitingTime="0.00" meanTravelTime="-1.00" duration="0"/>
    <step time="118.00" loaded="437" inserted="37" running="37" waiting="0" ended="0" meanWaitingTime="0.00" meanTravelTime="-1.00" duration="0"/>
    <step time="118.10" loaded="438" inserted="37" running="37" waiting="0" ended="0" meanWaitingTime="0.00" meanTravelTime="-1.00" duration="0"/>
    <step time="118.20" loaded="438" inserted="37" running="37" waiting="0" ended="0" meanWaitingTime="0.00" meanTravelTime="-1.00" duration="1"/>
    <step time="118.30" loaded="438" inserted="37" running="37" waiting="0" ended="0" meanWaitingTime="0.00" meanTravelTime="-1.00" duration="0"/>
    <step time="118.40" loaded="438" inserted="37" running="37" waiting="0" ended="0" meanWaitingTime="0.00" meanTravelTime="-1.00" duration="0"/>
    <step time="118.50" loaded="438" inserted="38" running="38" waiting="0" ended="0" meanWaitingTime="0.00" meanTravelTime="-1.00" duration="0"/>
    <step time="118.60" loaded="439" inserted="38" running="38" waiting="0" ended="0" meanWaitingTime="0.00" meanTravelTime="-1.00" duration="0"/>
    <step time="118.70" loaded="439" inserted="38" running="38" waiting="0" ended="0" meanWaitingTime="0.00" meanTravelTime="-1.00" duration="0"/>
    <step time="118.80" loaded="439" inserted="38" running="38" waiting="0" ended="0" meanWaitingTime="0.00" meanTravelTime="-1.00" duration="0"/>
    <step time="118.90" loaded="439" inserted="38" running="38" waiting="0" ended="0" meanWaitingTime="0.00" meanTravelTime="-1.00" duration="1"/>
    <step time="119.00" loaded="439" inserted="39" running="39" waiting="0" ended="0" meanWaitingTime="0.00" meanTravelTime="-1.00" duration="0"/>
    <step time="119.10" loaded="440" inserted="39" running="39" waiting="0" ended="0" meanWaitingTime="0.00" meanTravelTime="-1.00" duration="0"/>
    <step time="119.20" loaded="440" inserted="39" running="39" waiting="0" ended="0" meanWaitingTime="0.00" meanTravelTime="-1.00" duration="0"/>
    <step time="119.30" loaded="440" inserted="39" running="39" waiting="0" ended="0" meanWaitingTime="0.00" meanTravelTime="-1.00" duration="0"/>
    <step time="119.40" loaded="440" inserted="39" running="39" waiting="0" ended="0" meanWaitingTime="0.00" meanTravelTime="-1.00" duration="0"/>
    <step time="119.50" loaded="440" inserted="40" running="40" waiting="0" ended="0" meanWaitingTime="0.00" meanTravelTime="-1.00" duration="0"/>
    <step time="119.60" loaded="441" inserted="40" running="40" waiting="0" ended="0" meanWaitingTime="0.00" meanTravelTime="-1.00" duration="0"/>
    <step time="119.70" loaded="441" inserted="40" running="40" waiting="0" ended="0" meanWaitingTime="0.00" meanTravelTime="-1.00" duration="0"/>
    <step time="119.80" loaded="441" inserted="40" running="40" waiting="0" ended="0" meanWaitingTime="0.00" meanTravelTime="-1.00" duration="1"/>
    <step time="119.90" loaded="441" inserted="40" running="40" waiting="0" ended="0" meanWaitingTime="0.00" meanTravelTime="-1.00" duration="0"/>
    <step time="120.00" loaded="441" inserted="41" running="41" waiting="0" ended="0" meanWaitingTime="0.00" meanTravelTime="-1.00" duration="0"/>
    <step time="120.10" loaded="442" inserted="41" running="41" waiting="0" ended="0" meanWaitingTime="0.00" meanTravelTime="-1.00" duration="0"/>
    <step time="120.20" loaded="442" inserted="41" running="41" waiting="0" ended="0" meanWaitingTime="0.00" meanTravelTime="-1.00" duration="0"/>
    <step time="120.30" loaded="442" inserted="41" running="41" waiting="0" ended="0" meanWaitingTime="0.00" meanTravelTime="-1.00" duration="0"/>
    <step time="120.40" loaded="442" inserted="41" running="41" waiting="0" ended="0" meanWaitingTime="0.00" meanTravelTime="-1.00" duration="0"/>
    <step time="120.50" loaded="442" inserted="42" running="42" waiting="0" ended="0" meanWaitingTime="0.00" meanTravelTime="-1.00" duration="0"/>
    <step time="120.60" loaded="443" inserted="42" running="42" waiting="0" ended="0" meanWaitingTime="0.00" meanTravelTime="-1.00" duration="0"/>
    <step time="120.70" loaded="443" inserted="42" running="42" waiting="0" ended="0" meanWaitingTime="0.00" meanTravelTime="-1.00" duration="1"/>
    <step time="120.80" loaded="443" inserted="42" running="42" waiting="0" ended="0" meanWaitingTime="0.00" meanTravelTime="-1.00" duration="0"/>
    <step time="120.90" loaded="443" inserted="42" running="42" waiting="0" ended="0" meanWaitingTime="0.00" meanTravelTime="-1.00" duration="0"/>
    <step time="121.00" loaded="443" inserted="43" running="43" waiting="0" ended="0" meanWaitingTime="0.00" meanTravelTime="-1.00" duration="0"/>
    <step time="121.10" loaded="444" inserted="43" running="43" waiting="0" ended="0" meanWaitingTime="0.00" meanTravelTime="-1.00" duration="0"/>
    <step time="121.20" loaded="444" inserted="43" running="43" waiting="0" ended="0" meanWaitingTime="0.00" meanTravelTime="-1.00" duration="0"/>
    <step time="121.30" loaded="444" inserted="43" running="43" waiting="0" ended="0" meanWaitingTime="0.00" meanTravelTime="-1.00" duration="0"/>
    <step time="121.40" loaded="444" inserted="43" running="43" waiting="0" ended="0" meanWaitingTime="0.00" meanTravelTime="-1.00" duration="0"/>
    <step time="121.50" loaded="444" inserted="44" running="44" waiting="0" ended="0" meanWaitingTime="0.00" meanTravelTime="-1.00" duration="0"/>
    <step time="121.60" loaded="445" inserted="44" running="44" waiting="0" ended="0" meanWaitingTime="0.00" meanTravelTime="-1.00" duration="0"/>
    <step time="121.70" loaded="445" inserted="44" running="44" waiting="0" ended="0" meanWaitingTime="0.00" meanTravelTime="-1.00" duration="1"/>
    <step time="121.80" loaded="445" inserted="44" running="44" waiting="0" ended="0" meanWaitingTime="0.00" meanTravelTime="-1.00" duration="0"/>
    <step time="121.90" loaded="445" inserted="44" running="44" waiting="0" ended="0" meanWaitingTime="0.00" meanTravelTime="-1.00" duration="0"/>
    <step time="122.00" loaded="445" inserted="45" running="45" waiting="0" ended="0" meanWaitingTime="0.00" meanTravelTime="-1.00" duration="0"/>
    <step time="122.10" loaded="446" inserted="45" running="45" waiting="0" ended="0" meanWaitingTime="0.00" meanTravelTime="-1.00" duration="0"/>
    <step time="122.20" loaded="446" inserted="45" running="45" waiting="0" ended="0" meanWaitingTime="0.00" meanTravelTime="-1.00" duration="0"/>
    <step time="122.30" loaded="446" inserted="45" running="45" waiting="0" ended="0" meanWaitingTime="0.00" meanTravelTime="-1.00" duration="0"/>
    <step time="122.40" loaded="446" inserted="45" running="45" waiting="0" ended="0" meanWaitingTime="0.00" meanTravelTime="-1.00" duration="0"/>
    <step time="122.50" loaded="446" inserted="46" running="46" waiting="0" ended="0" meanWaitingTime="0.00" meanTravelTime="-1.00" duration="0"/>
    <step time="122.60" loaded="447" inserted="46" running="46" waiting="0" ended="0" meanWaitingTime="0.00" meanTravelTime="-1.00" duration="0"/>
    <step time="122.70" loaded="447" inserted="46" running="46" waiting="0" ended="0" meanWaitingTime="0.00" meanTravelTime="-1.00" duration="1"/>
    <step time="122.80" loaded="447" inserted="46" running="46" waiting="0" ended="0" meanWaitingTime="0.00" meanTravelTime="-1.00" duration="0"/>
    <step time="122.90" loaded="447" inserted="46" running="46" waiting="0" ended="0" meanWaitingTime="0.00" meanTravelTime="-1.00" duration="0"/>
    <step time="123.00" loaded="447" inserted="47" running="47" waiting="0" ended="0" meanWaitingTime="0.00" meanTravelTime="-1.00" duration="0"/>
    <step time="123.10" loaded="448" inserted="47" running="47" waiting="0" ended="0" meanWaitingTime="0.00" meanTravelTime="-1.00" duration="0"/>
    <step time="123.20" loaded="448" inserted="47" running="47" waiting="0" ended="0" meanWaitingTime="0.00" meanTravelTime="-1.00" duration="0"/>
    <step time="123.30" loaded="448" inserted="47" running="47" waiting="0" ended="0" meanWaitingTime="0.00" meanTravelTime="-1.00" duration="0"/>
    <step time="123.40" loaded="448" inserted="47" running="47" waiting="0" ended="0" meanWaitingTime="0.00" meanTravelTime="-1.00" duration="0"/>
    <step time="123.50" loaded="448" inserted="48" running="48" waiting="0" ended="0" meanWaitingTime="0.00" meanTravelTime="-1.00" duration="0"/>
    <step time="123.60" loaded="449" inserted="48" running="48" waiting="0" ended="0" meanWaitingTime="0.00" meanTravelTime="-1.00" duration="0"/>
    <step time="123.70" loaded="449" inserted="48" running="48" waiting="0" ended="0" meanWaitingTime="0.00" meanTravelTime="-1.00" duration="1"/>
    <step time="123.80" loaded="449" inserted="48" running="48" waiting="0" ended="0" meanWaitingTime="0.00" meanTravelTime="-1.00" duration="0"/>
    <step time="123.90" loaded="449" inserted="48" running="48" waiting="0" ended="0" meanWaitingTime="0.00" meanTravelTime="-1.00" duration="0"/>
    <step time="124.00" loaded="449" inserted="49" running="49" waiting="0" ended="0" meanWaitingTime="0.00" meanTravelTime="-1.00" duration="0"/>
    <step time="124.10" loaded="450" inserted="49" running="49" waiting="0" ended="0" meanWaitingTime="0.00" meanTravelTime="-1.00" duration="0"/>
    <step time="124.20" loaded="450" inserted="49" running="49" waiting="0" ended="0" meanWaitingTime="0.00" meanTravelTime="-1.00" duration="0"/>
    <step time="124.30" loaded="450" inserted="49" running="49" waiting="0" ended="0" meanWaitingTime="0.00" meanTravelTime="-1.00" duration="0"/>
    <step time="124.40" loaded="450" inserted="49" running="49" waiting="0" ended="0" meanWaitingTime="0.00" meanTravelTime="-1.00" duration="0"/>
    <step time="124.50" loaded="450" inserted="50" running="50" waiting="0" ended="0" meanWaitingTime="0.00" meanTravelTime="-1.00" duration="0"/>
    <step time="124.60" loaded="451" inserted="50" running="50" waiting="0" ended="0" meanWaitingTime="0.00" meanTravelTime="-1.00" duration="0"/>
    <step time="124.70" loaded="451" inserted="50" running="50" waiting="0" ended="0" meanWaitingTime="0.00" meanTravelTime="-1.00" duration="0"/>
    <step time="124.80" loaded="451" inserted="50" running="50" waiting="0" ended="0" meanWaitingTime="0.00" meanTravelTime="-1.00" duration="1"/>
    <step time="124.90" loaded="451" inserted="50" running="50" waiting="0" ended="0" meanWaitingTime="0.00" meanTravelTime="-1.00" duration="0"/>
    <step time="125.00" loaded="451" inserted="51" running="51" waiting="0" ended="0" meanWaitingTime="0.00" meanTravelTime="-1.00" duration="0"/>
    <step time="125.10" loaded="452" inserted="51" running="51" waiting="0" ended="0" meanWaitingTime="0.00" meanTravelTime="-1.00" duration="0"/>
    <step time="125.20" loaded="452" inserted="51" running="51" waiting="0" ended="0" meanWaitingTime="0.00" meanTravelTime="-1.00" duration="0"/>
    <step time="125.30" loaded="452" inserted="51" running="51" waiting="0" ended="0" meanWaitingTime="0.00" meanTravelTime="-1.00" duration="0"/>
    <step time="125.40" loaded="452" inserted="51" running="51" waiting="0" ended="0" meanWaitingTime="0.00" meanTravelTime="-1.00" duration="0"/>
    <step time="125.50" loaded="452" inserted="52" running="52" waiting="0" ended="0" meanWaitingTime="0.00" meanTravelTime="-1.00" duration="0"/>
    <step time="125.60" loaded="453" inserted="52" running="52" waiting="0" ended="0" meanWaitingTime="0.00" meanTravelTime="-1.00" duration="0"/>
    <step time="125.70" loaded="453" inserted="52" running="52" waiting="0" ended="0" meanWaitingTime="0.00" meanTravelTime="-1.00" duration="0"/>
    <step time="125.80" loaded="453" inserted="52" running="52" waiting="0" ended="0" meanWaitingTime="0.00" meanTravelTime="-1.00" duration="1"/>
    <step time="125.90" loaded="453" inserted="52" running="52" waiting="0" ended="0" meanWaitingTime="0.00" meanTravelTime="-1.00" duration="0"/>
    <step time="126.00" loaded="453" inserted="53" running="53" waiting="0" ended="0" meanWaitingTime="0.00" meanTravelTime="-1.00" duration="0"/>
    <step time="126.10" loaded="454" inserted="53" running="53" waiting="0" ended="0" meanWaitingTime="0.00" meanTravelTime="-1.00" duration="0"/>
    <step time="126.20" loaded="454" inserted="53" running="53" waiting="0" ended="0" meanWaitingTime="0.00" meanTravelTime="-1.00" duration="0"/>
    <step time="126.30" loaded="454" inserted="53" running="53" waiting="0" ended="0" meanWaitingTime="0.00" meanTravelTime="-1.00" duration="0"/>
    <step time="126.40" loaded="454" inserted="53" running="53" waiting="0" ended="0" meanWaitingTime="0.00" meanTravelTime="-1.00" duration="0"/>
    <step time="126.50" loaded="454" inserted="54" running="54" waiting="0" ended="0" meanWaitingTime="0.00" meanTravelTime="-1.00" duration="0"/>
    <step time="126.60" loaded="455" inserted="54" running="54" waiting="0" ended="0" meanWaitingTime="0.00" meanTravelTime="-1.00" duration="0"/>
    <step time="126.70" loaded="455" inserted="54" running="54" waiting="0" ended="0" meanWaitingTime="0.00" meanTravelTime="-1.00" duration="0"/>
    <step time="126.80" loaded="455" inserted="54" running="54" waiting="0" ended="0" meanWaitingTime="0.00" meanTravelTime="-1.00" duration="1"/>
    <step time="126.90" loaded="455" inserted="54" running="54" waiting="0" ended="0" meanWaitingTime="0.00" meanTravelTime="-1.00" duration="0"/>
    <step time="127.00" loaded="455" inserted="55" running="55" waiting="0" ended="0" meanWaitingTime="0.00" meanTravelTime="-1.00" duration="0"/>
    <step time="127.10" loaded="456" inserted="55" running="55" waiting="0" ended="0" meanWaitingTime="0.00" meanTravelTime="-1.00" duration="0"/>
    <step time="127.20" loaded="456" inserted="55" running="55" waiting="0" ended="0" meanWaitingTime="0.00" meanTravelTime="-1.00" duration="0"/>
    <step time="127.30" loaded="456" inserted="55" running="55" waiting="0" ended="0" meanWaitingTime="0.00" meanTravelTime="-1.00" duration="0"/>
    <step time="127.40" loaded="456" inserted="55" running="55" waiting="0" ended="0" meanWaitingTime="0.00" meanTravelTime="-1.00" duration="0"/>
    <step time="127.50" loaded="456" inserted="56" running="56" waiting="0" ended="0" meanWaitingTime="0.00" meanTravelTime="-1.00" duration="0"/>
    <step time="127.60" loaded="457" inserted="56" running="56" waiting="0" ended="0" meanWaitingTime="0.00" meanTravelTime="-1.00" duration="0"/>
    <step time="127.70" loaded="457" inserted="56" running="56" waiting="0" ended="0" meanWaitingTime="0.00" meanTravelTime="-1.00" duration="0"/>
    <step time="127.80" loaded="457" inserted="56" running="56" waiting="0" ended="0" meanWaitingTime="0.00" meanTravelTime="-1.00" duration="1"/>
    <step time="127.90" loaded="457" inserted="56" running="56" waiting="0" ended="0" meanWaitingTime="0.00" meanTravelTime="-1.00" duration="0"/>
    <step time="128.00" loaded="457" inserted="57" running="57" waiting="0" ended="0" meanWaitingTime="0.00" meanTravelTime="-1.00" duration="0"/>
    <step time="128.10" loaded="458" inserted="57" running="57" waiting="0" ended="0" meanWaitingTime="0.00" meanTravelTime="-1.00" duration="0"/>
    <step time="128.20" loaded="458" inserted="57" running="57" waiting="0" ended="0" meanWaitingTime="0.00" meanTravelTime="-1.00" duration="0"/>
    <step time="128.30" loaded="458" inserted="57" running="57" waiting="0" ended="0" meanWaitingTime="0.00" meanTravelTime="-1.00" duration="0"/>
    <step time="128.40" loaded="458" inserted="57" running="57" waiting="0" ended="0" meanWaitingTime="0.00" meanTravelTime="-1.00" duration="0"/>
    <step time="128.50" loaded="458" inserted="58" running="58" waiting="0" ended="0" meanWaitingTime="0.00" meanTravelTime="-1.00" duration="0"/>
    <step time="128.60" loaded="459" inserted="58" running="58" waiting="0" ended="0" meanWaitingTime="0.00" meanTravelTime="-1.00" duration="0"/>
    <step time="128.70" loaded="459" inserted="58" running="58" waiting="0" ended="0" meanWaitingTime="0.00" meanTravelTime="-1.00" duration="1"/>
    <step time="128.80" loaded="459" inserted="58" running="58" waiting="0" ended="0" meanWaitingTime="0.00" meanTravelTime="-1.00" duration="0"/>
    <step time="128.90" loaded="459" inserted="58" running="58" waiting="0" ended="0" meanWaitingTime="0.00" meanTravelTime="-1.00" duration="0"/>
    <step time="129.00" loaded="459" inserted="59" running="59" waiting="0" ended="0" meanWaitingTime="0.00" meanTravelTime="-1.00" duration="0"/>
    <step time="129.10" loaded="460" inserted="59" running="59" waiting="0" ended="0" meanWaitingTime="0.00" meanTravelTime="-1.00" duration="0"/>
    <step time="129.20" loaded="460" inserted="59" running="59" waiting="0" ended="0" meanWaitingTime="0.00" meanTravelTime="-1.00" duration="0"/>
    <step time="129.30" loaded="460" inserted="59" running="59" waiting="0" ended="0" meanWaitingTime="0.00" meanTravelTime="-1.00" duration="0"/>
    <step time="129.40" loaded="460" inserted="59" running="59" waiting="0" ended="0" meanWaitingTime="0.00" meanTravelTime="-1.00" duration="0"/>
    <step time="129.50" loaded="460" inserted="60" running="60" waiting="0" ended="0" meanWaitingTime="0.00" meanTravelTime="-1.00" duration="0"/>
    <step time="129.60" loaded="461" inserted="60" running="60" waiting="0" ended="0" meanWaitingTime="0.00" meanTravelTime="-1.00" duration="0"/>
    <step time="129.70" loaded="461" inserted="60" running="60" waiting="0" ended="0" meanWaitingTime="0.00" meanTravelTime="-1.00" duration="1"/>
    <step time="129.80" loaded="461" inserted="60" running="60" waiting="0" ended="0" meanWaitingTime="0.00" meanTravelTime="-1.00" duration="0"/>
    <step time="129.90" loaded="461" inserted="60" running="60" waiting="0" ended="0" meanWaitingTime="0.00" meanTravelTime="-1.00" duration="0"/>
    <step time="130.00" loaded="461" inserted="60" running="60" waiting="1" ended="0" meanWaitingTime="0.00" meanTravelTime="-1.00" duration="0"/>
    <step time="130.10" loaded="462" inserted="60" running="60" waiting="1" ended="0" meanWaitingTime="0.00" meanTravelTime="-1.00" duration="0"/>
    <step time="130.20" loaded="462" inserted="60" running="60" waiting="1" ended="0" meanWaitingTime="0.00" meanTravelTime="-1.00" duration="0"/>
    <step time="130.30" loaded="462" inserted="60" running="60" waiting="1" ended="0" meanWaitingTime="0.00" meanTravelTime="-1.00" duration="0"/>
    <step time="130.40" loaded="462" inserted="60" running="60" waiting="1" ended="0" meanWaitingTime="0.00" meanTravelTime="-1.00" duration="0"/>
    <step time="130.50" loaded="462" inserted="61" running="61" waiting="1" ended="0" meanWaitingTime="0.00" meanTravelTime="-1.00" duration="1"/>
    <step time="130.60" loaded="463" inserted="61" running="61" waiting="1" ended="0" meanWaitingTime="0.00" meanTravelTime="-1.00" duration="0"/>
    <step time="130.70" loaded="463" inserted="61" running="61" waiting="1" ended="0" meanWaitingTime="0.00" meanTravelTime="-1.00" duration="0"/>
    <step time="130.80" loaded="463" inserted="61" running="61" waiting="1" ended="0" meanWaitingTime="0.00" meanTravelTime="-1.00" duration="0"/>
    <step time="130.90" loaded="463" inserted="61" running="61" waiting="1" ended="0" meanWaitingTime="0.00" meanTravelTime="-1.00" duration="0"/>
    <step time="131.00" loaded="463" inserted="62" running="62" waiting="1" ended="0" meanWaitingTime="0.00" meanTravelTime="-1.00" duration="0"/>
    <step time="131.10" loaded="464" inserted="62" running="62" waiting="1" ended="0" meanWaitingTime="0.00" meanTravelTime="-1.00" duration="0"/>
    <step time="131.20" loaded="464" inserted="62" running="62" waiting="1" ended="0" meanWaitingTime="0.00" meanTravelTime="-1.00" duration="1"/>
    <step time="131.30" loaded="464" inserted="62" running="62" waiting="1" ended="0" meanWaitingTime="0.00" meanTravelTime="-1.00" duration="0"/>
    <step time="131.40" loaded="464" inserted="62" running="62" waiting="1" ended="0" meanWaitingTime="0.00" meanTravelTime="-1.00" duration="0"/>
    <step time="131.50" loaded="464" inserted="63" running="63" waiting="1" ended="0" meanWaitingTime="0.00" meanTravelTime="-1.00" duration="0"/>
    <step time="131.60" loaded="465" inserted="63" running="63" waiting="1" ended="0" meanWaitingTime="0.00" meanTravelTime="-1.00" duration="0"/>
    <step time="131.70" loaded="465" inserted="63" running="63" waiting="1" ended="0" meanWaitingTime="0.00" meanTravelTime="-1.00" duration="0"/>
    <step time="131.80" loaded="465" inserted="63" running="63" waiting="1" ended="0" meanWaitingTime="0.00" meanTravelTime="-1.00" duration="0"/>
    <step time="131.90" loaded="465" inserted="63" running="63" waiting="1" ended="0" meanWaitingTime="0.00" meanTravelTime="-1.00" duration="0"/>
    <step time="132.00" loaded="465" inserted="65" running="65" waiting="0" ended="0" meanWaitingTime="0.03" meanTravelTime="-1.00" duration="0"/>
    <step time="132.10" loaded="466" inserted="65" running="65" waiting="0" ended="0" meanWaitingTime="0.03" meanTravelTime="-1.00" duration="0"/>
    <step time="132.20" loaded="466" inserted="65" running="65" waiting="0" ended="0" meanWaitingTime="0.03" meanTravelTime="-1.00" duration="1"/>
    <step time="132.30" loaded="466" inserted="65" running="65" waiting="0" ended="0" meanWaitingTime="0.03" meanTravelTime="-1.00" duration="0"/>
    <step time="132.40" loaded="466" inserted="65" running="65" waiting="0" ended="0" meanWaitingTime="0.03" meanTravelTime="-1.00" duration="0"/>
    <step time="132.50" loaded="466" inserted="66" running="66" waiting="0" ended="0" meanWaitingTime="0.03" meanTravelTime="-1.00" duration="0"/>
    <step time="132.60" loaded="467" inserted="66" running="66" waiting="0" ended="0" meanWaitingTime="0.03" meanTravelTime="-1.00" duration="0"/>
    <step time="132.70" loaded="467" inserted="66" running="66" waiting="0" ended="0" meanWaitingTime="0.03" meanTravelTime="-1.00" duration="0"/>
    <step time="132.80" loaded="467" inserted="66" running="66" waiting="0" ended="0" meanWaitingTime="0.03" meanTravelTime="-1.00" duration="0"/>
    <step time="132.90" loaded="467" inserted="66" running="66" waiting="0" ended="0" meanWaitingTime="0.03" meanTravelTime="-1.00" duration="0"/>
    <step time="133.00" loaded="467" inserted="67" running="67" waiting="0" ended="0" meanWaitingTime="0.03" meanTravelTime="-1.00" duration="0"/>
    <step time="133.10" loaded="468" inserted="67" running="67" waiting="0" ended="0" meanWaitingTime="0.03" meanTravelTime="-1.00" duration="0"/>
    <step time="133.20" loaded="468" inserted="67" running="67" waiting="0" ended="0" meanWaitingTime="0.03" meanTravelTime="-1.00" duration="1"/>
    <step time="133.30" loaded="468" inserted="67" running="67" waiting="0" ended="0" meanWaitingTime="0.03" meanTravelTime="-1.00" duration="0"/>
    <step time="133.40" loaded="468" inserted="67" running="67" waiting="0" ended="0" meanWaitingTime="0.03" meanTravelTime="-1.00" duration="0"/>
    <step time="133.50" loaded="468" inserted="68" running="68" waiting="0" ended="0" meanWaitingTime="0.03" meanTravelTime="-1.00" duration="0"/>
    <step time="133.60" loaded="469" inserted="68" running="68" waiting="0" ended="0" meanWaitingTime="0.03" meanTravelTime="-1.00" duration="0"/>
    <step time="133.70" loaded="469" inserted="68" running="68" waiting="0" ended="0" meanWaitingTime="0.03" meanTravelTime="-1.00" duration="0"/>
    <step time="133.80" loaded="469" inserted="68" running="68" waiting="0" ended="0" meanWaitingTime="0.03" meanTravelTime="-1.00" duration="0"/>
    <step time="133.90" loaded="469" inserted="68" running="68" waiting="0" ended="0" meanWaitingTime="0.03" meanTravelTime="-1.00" duration="0"/>
    <step time="134.00" loaded="469" inserted="69" running="69" waiting="0" ended="0" meanWaitingTime="0.03" meanTravelTime="-1.00" duration="0"/>
    <step time="134.10" loaded="470" inserted="69" running="69" waiting="0" ended="0" meanWaitingTime="0.03" meanTravelTime="-1.00" duration="0"/>
    <step time="134.20" loaded="470" inserted="69" running="69" waiting="0" ended="0" meanWaitingTime="0.03" meanTravelTime="-1.00" duration="1"/>
    <step time="134.30" loaded="470" inserted="69" running="69" waiting="0" ended="0" meanWaitingTime="0.03" meanTravelTime="-1.00" duration="0"/>
    <step time="134.40" loaded="470" inserted="69" running="69" waiting="0" ended="0" meanWaitingTime="0.03" meanTravelTime="-1.00" duration="0"/>
    <step time="134.50" loaded="470" inserted="70" running="70" waiting="0" ended="0" meanWaitingTime="0.03" meanTravelTime="-1.00" duration="0"/>
    <step time="134.60" loaded="471" inserted="70" running="70" waiting="0" ended="0" meanWaitingTime="0.03" meanTravelTime="-1.00" duration="0"/>
    <step time="134.70" loaded="471" inserted="70" running="70" waiting="0" ended="0" meanWaitingTime="0.03" meanTravelTime="-1.00" duration="0"/>
    <step time="134.80" loaded="471" inserted="70" running="70" waiting="0" ended="0" meanWaitingTime="0.03" meanTravelTime="-1.00" duration="0"/>
    <step time="134.90" loaded="471" inserted="70" running="70" waiting="0" ended="0" meanWaitingTime="0.03" meanTravelTime="-1.00" duration="0"/>
    <step time="135.00" loaded="471" inserted="71" running="71" waiting="0" ended="0" meanWaitingTime="0.03" meanTravelTime="-1.00" duration="0"/>
    <step time="135.10" loaded="472" inserted="71" running="71" waiting="0" ended="0" meanWaitingTime="0.03" meanTravelTime="-1.00" duration="1"/>
    <step time="135.20" loaded="472" inserted="71" running="71" waiting="0" ended="0" meanWaitingTime="0.03" meanTravelTime="-1.00" duration="0"/>
    <step time="135.30" loaded="472" inserted="71" running="71" waiting="0" ended="0" meanWaitingTime="0.03" meanTravelTime="-1.00" duration="0"/>
    <step time="135.40" loaded="472" inserted="71" running="71" waiting="0" ended="0" meanWaitingTime="0.03" meanTravelTime="-1.00" duration="0"/>
    <step time="135.50" loaded="472" inserted="72" running="72" waiting="0" ended="0" meanWaitingTime="0.03" meanTravelTime="-1.00" duration="0"/>
    <step time="135.60" loaded="473" inserted="72" running="72" waiting="0" ended="0" meanWaitingTime="0.03" meanTravelTime="-1.00" duration="1"/>
    <step time="135.70" loaded="473" inserted="72" running="72" waiting="0" ended="0" meanWaitingTime="0.03" meanTravelTime="-1.00" duration="0"/>
    <step time="135.80" loaded="473" inserted="72" running="72" waiting="0" ended="0" meanWaitingTime="0.03" meanTravelTime="-1.00" duration="0"/>
    <step time="135.90" loaded="473" inserted="72" running="72" waiting="0" ended="0" meanWaitingTime="0.03" meanTravelTime="-1.00" duration="0"/>
    <step time="136.00" loaded="473" inserted="73" running="73" waiting="0" ended="0" meanWaitingTime="0.03" meanTravelTime="-1.00" duration="0"/>
    <step time="136.10" loaded="474" inserted="73" running="73" waiting="0" ended="0" meanWaitingTime="0.03" meanTravelTime="-1.00" duration="1"/>
    <step time="136.20" loaded="474" inserted="73" running="73" waiting="0" ended="0" meanWaitingTime="0.03" meanTravelTime="-1.00" duration="0"/>
    <step time="136.30" loaded="474" inserted="73" running="73" waiting="0" ended="0" meanWaitingTime="0.03" meanTravelTime="-1.00" duration="0"/>
    <step time="136.40" loaded="474" inserted="73" running="73" waiting="0" ended="0" meanWaitingTime="0.03" meanTravelTime="-1.00" duration="0"/>
    <step time="136.50" loaded="474" inserted="74" running="74" waiting="0" ended="0" meanWaitingTime="0.03" meanTravelTime="-1.00" duration="0"/>
    <step time="136.60" loaded="475" inserted="74" running="74" waiting="0" ended="0" meanWaitingTime="0.03" meanTravelTime="-1.00" duration="0"/>
    <step time="136.70" loaded="475" inserted="74" running="74" waiting="0" ended="0" meanWaitingTime="0.03" meanTravelTime="-1.00" duration="1"/>
    <step time="136.80" loaded="475" inserted="74" running="74" waiting="0" ended="0" meanWaitingTime="0.03" meanTravelTime="-1.00" duration="0"/>
    <step time="136.90" loaded="475" inserted="74" running="74" waiting="0" ended="0" meanWaitingTime="0.03" meanTravelTime="-1.00" duration="0"/>
    <step time="137.00" loaded="475" inserted="75" running="75" waiting="0" ended="0" meanWaitingTime="0.03" meanTravelTime="-1.00" duration="0"/>
    <step time="137.10" loaded="476" inserted="75" running="75" waiting="0" ended="0" meanWaitingTime="0.03" meanTravelTime="-1.00" duration="0"/>
    <step time="137.20" loaded="476" inserted="75" running="75" waiting="0" ended="0" meanWaitingTime="0.03" meanTravelTime="-1.00" duration="1"/>
    <step time="137.30" loaded="476" inserted="75" running="75" waiting="0" ended="0" meanWaitingTime="0.03" meanTravelTime="-1.00" duration="0"/>
    <step time="137.40" loaded="476" inserted="75" running="75" waiting="0" ended="0" meanWaitingTime="0.03" meanTravelTime="-1.00" duration="0"/>
    <step time="137.50" loaded="476" inserted="76" running="76" waiting="0" ended="0" meanWaitingTime="0.03" meanTravelTime="-1.00" duration="0"/>
    <step time="137.60" loaded="477" inserted="76" running="76" waiting="0" ended="0" meanWaitingTime="0.03" meanTravelTime="-1.00" duration="0"/>
    <step time="137.70" loaded="477" inserted="76" running="76" waiting="0" ended="0" meanWaitingTime="0.03" meanTravelTime="-1.00" duration="1"/>
    <step time="137.80" loaded="477" inserted="76" running="76" waiting="0" ended="0" meanWaitingTime="0.03" meanTravelTime="-1.00" duration="0"/>
    <step time="137.90" loaded="477" inserted="76" running="76" waiting="0" ended="0" meanWaitingTime="0.03" meanTravelTime="-1.00" duration="0"/>
    <step time="138.00" loaded="477" inserted="77" running="77" waiting="0" ended="0" meanWaitingTime="0.03" meanTravelTime="-1.00" duration="0"/>
    <step time="138.10" loaded="478" inserted="77" running="77" waiting="0" ended="0" meanWaitingTime="0.03" meanTravelTime="-1.00" duration="0"/>
    <step time="138.20" loaded="478" inserted="77" running="77" waiting="0" ended="0" meanWaitingTime="0.03" meanTravelTime="-1.00" duration="1"/>
    <step time="138.30" loaded="478" inserted="77" running="77" waiting="0" ended="0" meanWaitingTime="0.03" meanTravelTime="-1.00" duration="0"/>
    <step time="138.40" loaded="478" inserted="77" running="77" waiting="0" ended="0" meanWaitingTime="0.03" meanTravelTime="-1.00" duration="0"/>
    <step time="138.50" loaded="478" inserted="78" running="78" waiting="0" ended="0" meanWaitingTime="0.03" meanTravelTime="-1.00" duration="0"/>
    <step time="138.60" loaded="479" inserted="78" running="78" waiting="0" ended="0" meanWaitingTime="0.03" meanTravelTime="-1.00" duration="0"/>
    <step time="138.70" loaded="479" inserted="78" running="78" waiting="0" ended="0" meanWaitingTime="0.03" meanTravelTime="-1.00" duration="1"/>
    <step time="138.80" loaded="479" inserted="78" running="78" waiting="0" ended="0" meanWaitingTime="0.03" meanTravelTime="-1.00" duration="0"/>
    <step time="138.90" loaded="479" inserted="78" running="78" waiting="0" ended="0" meanWaitingTime="0.03" meanTravelTime="-1.00" duration="0"/>
    <step time="139.00" loaded="479" inserted="79" running="79" waiting="0" ended="0" meanWaitingTime="0.03" meanTravelTime="-1.00" duration="0"/>
    <step time="139.10" loaded="480" inserted="79" running="79" waiting="0" ended="0" meanWaitingTime="0.03" meanTravelTime="-1.00" duration="0"/>
    <step time="139.20" loaded="480" inserted="79" running="79" waiting="0" ended="0" meanWaitingTime="0.03" meanTravelTime="-1.00" duration="1"/>
    <step time="139.30" loaded="480" inserted="79" running="79" waiting="0" ended="0" meanWaitingTime="0.03" meanTravelTime="-1.00" duration="0"/>
    <step time="139.40" loaded="480" inserted="79" running="79" waiting="0" ended="0" meanWaitingTime="0.03" meanTravelTime="-1.00" duration="0"/>
    <step time="139.50" loaded="480" inserted="80" running="80" waiting="0" ended="0" meanWaitingTime="0.03" meanTravelTime="-1.00" duration="0"/>
    <step time="139.60" loaded="481" inserted="80" running="80" waiting="0" ended="0" meanWaitingTime="0.03" meanTravelTime="-1.00" duration="0"/>
    <step time="139.70" loaded="481" inserted="80" running="80" waiting="0" ended="0" meanWaitingTime="0.03" meanTravelTime="-1.00" duration="1"/>
    <step time="139.80" loaded="481" inserted="80" running="80" waiting="0" ended="0" meanWaitingTime="0.03" meanTravelTime="-1.00" duration="0"/>
    <step time="139.90" loaded="481" inserted="80" running="80" waiting="0" ended="0" meanWaitingTime="0.03" meanTravelTime="-1.00" duration="0"/>
    <step time="140.00" loaded="481" inserted="81" running="81" waiting="0" ended="0" meanWaitingTime="0.02" meanTravelTime="-1.00" duration="0"/>
    <step time="140.10" loaded="482" inserted="81" running="81" waiting="0" ended="0" meanWaitingTime="0.02" meanTravelTime="-1.00" duration="0"/>
    <step time="140.20" loaded="482" inserted="81" running="81" waiting="0" ended="0" meanWaitingTime="0.02" meanTravelTime="-1.00" duration="0"/>
    <step time="140.30" loaded="482" inserted="81" running="81" waiting="0" ended="0" meanWaitingTime="0.02" meanTravelTime="-1.00" duration="1"/>
    <step time="140.40" loaded="482" inserted="81" running="81" waiting="0" ended="0" meanWaitingTime="0.02" meanTravelTime="-1.00" duration="0"/>
    <step time="140.50" loaded="482" inserted="82" running="82" waiting="0" ended="0" meanWaitingTime="0.02" meanTravelTime="-1.00" duration="0"/>
    <step time="140.60" loaded="483" inserted="82" running="82" waiting="0" ended="0" meanWaitingTime="0.02" meanTravelTime="-1.00" duration="0"/>
    <step time="140.70" loaded="483" inserted="82" running="82" waiting="0" ended="0" meanWaitingTime="0.02" meanTravelTime="-1.00" duration="0"/>
    <step time="140.80" loaded="483" inserted="82" running="82" waiting="0" ended="0" meanWaitingTime="0.02" meanTravelTime="-1.00" duration="1"/>
    <step time="140.90" loaded="483" inserted="82" running="82" waiting="0" ended="0" meanWaitingTime="0.02" meanTravelTime="-1.00" duration="0"/>
    <step time="141.00" loaded="483" inserted="83" running="83" waiting="0" ended="0" meanWaitingTime="0.02" meanTravelTime="-1.00" duration="0"/>
    <step time="141.10" loaded="484" inserted="83" running="83" waiting="0" ended="0" meanWaitingTime="0.02" meanTravelTime="-1.00" duration="0"/>
    <step time="141.20" loaded="484" inserted="83" running="83" waiting="0" ended="0" meanWaitingTime="0.02" meanTravelTime="-1.00" duration="0"/>
    <step time="141.30" loaded="484" inserted="83" running="83" waiting="0" ended="0" meanWaitingTime="0.02" meanTravelTime="-1.00" duration="1"/>
    <step time="141.40" loaded="484" inserted="83" running="83" waiting="0" ended="0" meanWaitingTime="0.02" meanTravelTime="-1.00" duration="0"/>
    <step time="141.50" loaded="484" inserted="84" running="84" waiting="0" ended="0" meanWaitingTime="0.02" meanTravelTime="-1.00" duration="0"/>
    <step time="141.60" loaded="485" inserted="84" running="84" waiting="0" ended="0" meanWaitingTime="0.02" meanTravelTime="-1.00" duration="0"/>
    <step time="141.70" loaded="485" inserted="84" running="84" waiting="0" ended="0" meanWaitingTime="0.02" meanTravelTime="-1.00" duration="0"/>
    <step time="141.80" loaded="485" inserted="84" running="84" waiting="0" ended="0" meanWaitingTime="0.02" meanTravelTime="-1.00" duration="0"/>
    <step time="141.90" loaded="485" inserted="84" running="84" waiting="0" ended="0" meanWaitingTime="0.02" meanTravelTime="-1.00" duration="1"/>
    <step time="142.00" loaded="485" inserted="85" running="85" waiting="0" ended="0" meanWaitingTime="0.02" meanTravelTime="-1.00" duration="0"/>
    <step time="142.10" loaded="486" inserted="85" running="85" waiting="0" ended="0" meanWaitingTime="0.02" meanTravelTime="-1.00" duration="0"/>
    <step time="142.20" loaded="486" inserted="85" running="85" waiting="0" ended="0" meanWaitingTime="0.02" meanTravelTime="-1.00" duration="0"/>
    <step time="142.30" loaded="486" inserted="85" running="85" waiting="0" ended="0" meanWaitingTime="0.02" meanTravelTime="-1.00" duration="0"/>
    <step time="142.40" loaded="486" inserted="85" running="85" waiting="0" ended="0" meanWaitingTime="0.02" meanTravelTime="-1.00" duration="1"/>
    <step time="142.50" loaded="486" inserted="86" running="86" waiting="0" ended="0" meanWaitingTime="0.02" meanTravelTime="-1.00" duration="0"/>
    <step time="142.60" loaded="487" inserted="86" running="86" waiting="0" ended="0" meanWaitingTime="0.02" meanTravelTime="-1.00" duration="0"/>
    <step time="142.70" loaded="487" inserted="86" running="86" waiting="0" ended="0" meanWaitingTime="0.02" meanTravelTime="-1.00" duration="0"/>
    <step time="142.80" loaded="487" inserted="86" running="86" waiting="0" ended="0" meanWaitingTime="0.02" meanTravelTime="-1.00" duration="0"/>
    <step time="142.90" loaded="487" inserted="86" running="86" waiting="0" ended="0" meanWaitingTime="0.02" meanTravelTime="-1.00" duration="0"/>
    <step time="143.00" loaded="487" inserted="87" running="87" waiting="0" ended="0" meanWaitingTime="0.02" meanTravelTime="-1.00" duration="1"/>
    <step time="143.10" loaded="488" inserted="87" running="87" waiting="0" ended="0" meanWaitingTime="0.02" meanTravelTime="-1.00" duration="0"/>
    <step time="143.20" loaded="488" inserted="87" running="87" waiting="0" ended="0" meanWaitingTime="0.02" meanTravelTime="-1.00" duration="0"/>
    <step time="143.30" loaded="488" inserted="87" running="87" waiting="0" ended="0" meanWaitingTime="0.02" meanTravelTime="-1.00" duration="0"/>
    <step time="143.40" loaded="488" inserted="87" running="87" waiting="0" ended="0" meanWaitingTime="0.02" meanTravelTime="-1.00" duration="0"/>
    <step time="143.50" loaded="488" inserted="88" running="88" waiting="0" ended="0" meanWaitingTime="0.02" meanTravelTime="-1.00" duration="0"/>
    <step time="143.60" loaded="489" inserted="88" running="88" waiting="0" ended="0" meanWaitingTime="0.02" meanTravelTime="-1.00" duration="1"/>
    <step time="143.70" loaded="489" inserted="88" running="88" waiting="0" ended="0" meanWaitingTime="0.02" meanTravelTime="-1.00" duration="0"/>
    <step time="143.80" loaded="489" inserted="88" running="88" waiting="0" ended="0" meanWaitingTime="0.02" meanTravelTime="-1.00" duration="0"/>
    <step time="143.90" loaded="489" inserted="88" running="88" waiting="0" ended="0" meanWaitingTime="0.02" meanTravelTime="-1.00" duration="0"/>
    <step time="144.00" loaded="489" inserted="89" running="89" waiting="0" ended="0" meanWaitingTime="0.02" meanTravelTime="-1.00" duration="0"/>
    <step time="144.10" loaded="490" inserted="89" running="89" waiting="0" ended="0" meanWaitingTime="0.02" meanTravelTime="-1.00" duration="1"/>
    <step time="144.20" loaded="490" inserted="89" running="89" waiting="0" ended="0" meanWaitingTime="0.02" meanTravelTime="-1.00" duration="0"/>
    <step time="144.30" loaded="490" inserted="89" running="89" waiting="0" ended="0" meanWaitingTime="0.02" meanTravelTime="-1.00" duration="0"/>
    <step time="144.40" loaded="490" inserted="89" running="89" waiting="0" ended="0" meanWaitingTime="0.02" meanTravelTime="-1.00" duration="0"/>
    <step time="144.50" loaded="490" inserted="90" running="90" waiting="0" ended="0" meanWaitingTime="0.02" meanTravelTime="-1.00" duration="0"/>
    <step time="144.60" loaded="491" inserted="90" running="90" waiting="0" ended="0" meanWaitingTime="0.02" meanTravelTime="-1.00" duration="0"/>
    <step time="144.70" loaded="491" inserted="90" running="90" waiting="0" ended="0" meanWaitingTime="0.02" meanTravelTime="-1.00" duration="1"/>
    <step time="144.80" loaded="491" inserted="90" running="90" waiting="0" ended="0" meanWaitingTime="0.02" meanTravelTime="-1.00" duration="0"/>
    <step time="144.90" loaded="491" inserted="90" running="90" waiting="0" ended="0" meanWaitingTime="0.02" meanTravelTime="-1.00" duration="0"/>
    <step time="145.00" loaded="491" inserted="91" running="91" waiting="0" ended="0" meanWaitingTime="0.02" meanTravelTime="-1.00" duration="0"/>
    <step time="145.10" loaded="492" inserted="91" running="91" waiting="0" ended="0" meanWaitingTime="0.02" meanTravelTime="-1.00" duration="0"/>
    <step time="145.20" loaded="492" inserted="91" running="91" waiting="0" ended="0" meanWaitingTime="0.02" meanTravelTime="-1.00" duration="1"/>
    <step time="145.30" loaded="492" inserted="91" running="91" waiting="0" ended="0" meanWaitingTime="0.02" meanTravelTime="-1.00" duration="0"/>
    <step time="145.40" loaded="492" inserted="91" running="91" waiting="0" ended="0" meanWaitingTime="0.02" meanTravelTime="-1.00" duration="0"/>
    <step time="145.50" loaded="492" inserted="92" running="92" waiting="0" ended="0" meanWaitingTime="0.02" meanTravelTime="-1.00" duration="0"/>
    <step time="145.60" loaded="493" inserted="92" running="92" waiting="0" ended="0" meanWaitingTime="0.02" meanTravelTime="-1.00" duration="0"/>
    <step time="145.70" loaded="493" inserted="92" running="92" waiting="0" ended="0" meanWaitingTime="0.02" meanTravelTime="-1.00" duration="1"/>
    <step time="145.80" loaded="493" inserted="92" running="92" waiting="0" ended="0" meanWaitingTime="0.02" meanTravelTime="-1.00" duration="0"/>
    <step time="145.90" loaded="493" inserted="92" running="92" waiting="0" ended="0" meanWaitingTime="0.02" meanTravelTime="-1.00" duration="0"/>
    <step time="146.00" loaded="493" inserted="93" running="93" waiting="0" ended="0" meanWaitingTime="0.02" meanTravelTime="-1.00" duration="0"/>
    <step time="146.10" loaded="494" inserted="93" running="93" waiting="0" ended="0" meanWaitingTime="0.02" meanTravelTime="-1.00" duration="0"/>
    <step time="146.20" loaded="494" inserted="93" running="93" waiting="0" ended="0" meanWaitingTime="0.02" meanTravelTime="-1.00" duration="1"/>
    <step time="146.30" loaded="494" inserted="93" running="93" waiting="0" ended="0" meanWaitingTime="0.02" meanTravelTime="-1.00" duration="0"/>
    <step time="146.40" loaded="494" inserted="93" running="93" waiting="0" ended="0" meanWaitingTime="0.02" meanTravelTime="-1.00" duration="0"/>
    <step time="146.50" loaded="494" inserted="94" running="94" waiting="0" ended="0" meanWaitingTime="0.02" meanTravelTime="-1.00" duration="0"/>
    <step time="146.60" loaded="495" inserted="94" running="94" waiting="0" ended="0" meanWaitingTime="0.02" meanTravelTime="-1.00" duration="0"/>
    <step time="146.70" loaded="495" inserted="94" running="94" waiting="0" ended="0" meanWaitingTime="0.02" meanTravelTime="-1.00" duration="1"/>
    <step time="146.80" loaded="495" inserted="94" running="94" waiting="0" ended="0" meanWaitingTime="0.02" meanTravelTime="-1.00" duration="0"/>
    <step time="146.90" loaded="495" inserted="94" running="94" waiting="0" ended="0" meanWaitingTime="0.02" meanTravelTime="-1.00" duration="0"/>
    <step time="147.00" loaded="495" inserted="95" running="95" waiting="0" ended="0" meanWaitingTime="0.02" meanTravelTime="-1.00" duration="0"/>
    <step time="147.10" loaded="496" inserted="95" running="95" waiting="0" ended="0" meanWaitingTime="0.02" meanTravelTime="-1.00" duration="0"/>
    <step time="147.20" loaded="496" inserted="95" running="95" waiting="0" ended="0" meanWaitingTime="0.02" meanTravelTime="-1.00" duration="1"/>
    <step time="147.30" loaded="496" inserted="95" running="95" waiting="0" ended="0" meanWaitingTime="0.02" meanTravelTime="-1.00" duration="0"/>
    <step time="147.40" loaded="496" inserted="95" running="95" waiting="0" ended="0" meanWaitingTime="0.02" meanTravelTime="-1.00" duration="0"/>
    <step time="147.50" loaded="496" inserted="96" running="96" waiting="0" ended="0" meanWaitingTime="0.02" meanTravelTime="-1.00" duration="0"/>
    <step time="147.60" loaded="497" inserted="96" running="96" waiting="0" ended="0" meanWaitingTime="0.02" meanTravelTime="-1.00" duration="0"/>
    <step time="147.70" loaded="497" inserted="96" running="96" waiting="0" ended="0" meanWaitingTime="0.02" meanTravelTime="-1.00" duration="1"/>
    <step time="147.80" loaded="497" inserted="96" running="96" waiting="0" ended="0" meanWaitingTime="0.02" meanTravelTime="-1.00" duration="0"/>
    <step time="147.90" loaded="497" inserted="96" running="96" waiting="0" ended="0" meanWaitingTime="0.02" meanTravelTime="-1.00" duration="0"/>
    <step time="148.00" loaded="497" inserted="97" running="97" waiting="0" ended="0" meanWaitingTime="0.02" meanTravelTime="-1.00" duration="0"/>
    <step time="148.10" loaded="498" inserted="97" running="97" waiting="0" ended="0" meanWaitingTime="0.02" meanTravelTime="-1.00" duration="0"/>
    <step time="148.20" loaded="498" inserted="97" running="97" waiting="0" ended="0" meanWaitingTime="0.02" meanTravelTime="-1.00" duration="0"/>
    <step time="148.30" loaded="498" inserted="97" running="97" waiting="0" ended="0" meanWaitingTime="0.02" meanTravelTime="-1.00" duration="1"/>
    <step time="148.40" loaded="498" inserted="97" running="97" waiting="0" ended="0" meanWaitingTime="0.02" meanTravelTime="-1.00" duration="0"/>
    <step time="148.50" loaded="498" inserted="98" running="98" waiting="0" ended="0" meanWaitingTime="0.02" meanTravelTime="-1.00" duration="0"/>
    <step time="148.60" loaded="499" inserted="98" running="98" waiting="0" ended="0" meanWaitingTime="0.02" meanTravelTime="-1.00" duration="0"/>
    <step time="148.70" loaded="499" inserted="98" running="98" waiting="0" ended="0" meanWaitingTime="0.02" meanTravelTime="-1.00" duration="0"/>
    <step time="148.80" loaded="499" inserted="98" running="98" waiting="0" ended="0" meanWaitingTime="0.02" meanTravelTime="-1.00" duration="1"/>
    <step time="148.90" loaded="499" inserted="98" running="98" waiting="0" ended="0" meanWaitingTime="0.02" meanTravelTime="-1.00" duration="0"/>
    <step time="149.00" loaded="499" inserted="99" running="99" waiting="0" ended="0" meanWaitingTime="0.02" meanTravelTime="-1.00" duration="0"/>
    <step time="149.10" loaded="500" inserted="99" running="99" waiting="0" ended="0" meanWaitingTime="0.02" meanTravelTime="-1.00" duration="0"/>
    <step time="149.20" loaded="500" inserted="99" running="99" waiting="0" ended="0" meanWaitingTime="0.02" meanTravelTime="-1.00" duration="0"/>
    <step time="149.30" loaded="500" inserted="99" running="99" waiting="0" ended="0" meanWaitingTime="0.02" meanTravelTime="-1.00" duration="1"/>
    <step time="149.40" loaded="500" inserted="99" running="99" waiting="0" ended="0" meanWaitingTime="0.02" meanTravelTime="-1.00" duration="0"/>
    <step time="149.50" loaded="500" inserted="100" running="100" waiting="0" ended="0" meanWaitingTime="0.02" meanTravelTime="-1.00" duration="0"/>
    <step time="149.60" loaded="501" inserted="100" running="100" waiting="0" ended="0" meanWaitingTime="0.02" meanTravelTime="-1.00" duration="0"/>
    <step time="149.70" loaded="501" inserted="100" running="100" waiting="0" ended="0" meanWaitingTime="0.02" meanTravelTime="-1.00" duration="0"/>
    <step time="149.80" loaded="501" inserted="100" running="100" waiting="0" ended="0" meanWaitingTime="0.02" meanTravelTime="-1.00" duration="0"/>
    <step time="149.90" loaded="501" inserted="100" running="100" waiting="0" ended="0" meanWaitingTime="0.02" meanTravelTime="-1.00" duration="1"/>
    <step time="150.00" loaded="501" inserted="101" running="101" waiting="0" ended="0" meanWaitingTime="0.02" meanTravelTime="-1.00" duration="0"/>
    <step time="150.10" loaded="502" inserted="101" running="101" waiting="0" ended="0" meanWaitingTime="0.02" meanTravelTime="-1.00" duration="0"/>
    <step time="150.20" loaded="502" inserted="101" running="101" waiting="0" ended="0" meanWaitingTime="0.02" meanTravelTime="-1.00" duration="0"/>
    <step time="150.30" loaded="502" inserted="101" running="101" waiting="0" ended="0" meanWaitingTime="0.02" meanTravelTime="-1.00" duration="0"/>
    <step time="150.40" loaded="502" inserted="101" running="101" waiting="0" ended="0" meanWaitingTime="0.02" meanTravelTime="-1.00" duration="0"/>
    <step time="150.50" loaded="502" inserted="102" running="102" waiting="0" ended="0" meanWaitingTime="0.02" meanTravelTime="-1.00" duration="0"/>
    <step time="150.60" loaded="503" inserted="102" running="102" waiting="0" ended="0" meanWaitingTime="0.02" meanTravelTime="-1.00" duration="0"/>
    <step time="150.70" loaded="503" inserted="102" running="102" waiting="0" ended="0" meanWaitingTime="0.02" meanTravelTime="-1.00" duration="0"/>
    <step time="150.80" loaded="503" inserted="102" running="102" waiting="0" ended="0" meanWaitingTime="0.02" meanTravelTime="-1.00" duration="0"/>
    <step time="150.90" loaded="503" inserted="102" running="102" waiting="0" ended="0" meanWaitingTime="0.02" meanTravelTime="-1.00" duration="1"/>
    <step time="151.00" loaded="503" inserted="103" running="103" waiting="0" ended="0" meanWaitingTime="0.02" meanTravelTime="-1.00" duration="0"/>
    <step time="151.10" loaded="504" inserted="103" running="103" waiting="0" ended="0" meanWaitingTime="0.02" meanTravelTime="-1.00" duration="0"/>
    <step time="151.20" loaded="504" inserted="103" running="103" waiting="0" ended="0" meanWaitingTime="0.02" meanTravelTime="-1.00" duration="0"/>
    <step time="151.30" loaded="504" inserted="103" running="103" waiting="0" ended="0" meanWaitingTime="0.02" meanTravelTime="-1.00" duration="0"/>
    <step time="151.40" loaded="504" inserted="103" running="103" waiting="0" ended="0" meanWaitingTime="0.02" meanTravelTime="-1.00" duration="1"/>
    <step time="151.50" loaded="504" inserted="104" running="104" waiting="0" ended="0" meanWaitingTime="0.02" meanTravelTime="-1.00" duration="0"/>
    <step time="151.60" loaded="505" inserted="104" running="104" waiting="0" ended="0" meanWaitingTime="0.02" meanTravelTime="-1.00" duration="0"/>
    <step time="151.70" loaded="505" inserted="104" running="104" waiting="0" ended="0" meanWaitingTime="0.02" meanTravelTime="-1.00" duration="0"/>
    <step time="151.80" loaded="505" inserted="104" running="104" waiting="0" ended="0" meanWaitingTime="0.02" meanTravelTime="-1.00" duration="0"/>
    <step time="151.90" loaded="505" inserted="104" running="104" waiting="0" ended="0" meanWaitingTime="0.02" meanTravelTime="-1.00" duration="1"/>
    <step time="152.00" loaded="505" inserted="105" running="105" waiting="0" ended="0" meanWaitingTime="0.02" meanTravelTime="-1.00" duration="0"/>
    <step time="152.10" loaded="506" inserted="105" running="105" waiting="0" ended="0" meanWaitingTime="0.02" meanTravelTime="-1.00" duration="0"/>
    <step time="152.20" loaded="506" inserted="105" running="105" waiting="0" ended="0" meanWaitingTime="0.02" meanTravelTime="-1.00" duration="0"/>
    <step time="152.30" loaded="506" inserted="105" running="105" waiting="0" ended="0" meanWaitingTime="0.02" meanTravelTime="-1.00" duration="0"/>
    <step time="152.40" loaded="506" inserted="105" running="105" waiting="0" ended="0" meanWaitingTime="0.02" meanTravelTime="-1.00" duration="1"/>
    <step time="152.50" loaded="506" inserted="106" running="106" waiting="0" ended="0" meanWaitingTime="0.02" meanTravelTime="-1.00" duration="0"/>
    <step time="152.60" loaded="507" inserted="106" running="106" waiting="0" ended="0" meanWaitingTime="0.02" meanTravelTime="-1.00" duration="0"/>
    <step time="152.70" loaded="507" inserted="106" running="106" waiting="0" ended="0" meanWaitingTime="0.02" meanTravelTime="-1.00" duration="0"/>
    <step time="152.80" loaded="507" inserted="106" running="106" waiting="0" ended="0" meanWaitingTime="0.02" meanTravelTime="-1.00" duration="0"/>
    <step time="152.90" loaded="507" inserted="106" running="106" waiting="0" ended="0" meanWaitingTime="0.02" meanTravelTime="-1.00" duration="1"/>
    <step time="153.00" loaded="507" inserted="107" running="107" waiting="0" ended="0" meanWaitingTime="0.02" meanTravelTime="-1.00" duration="0"/>
    <step time="153.10" loaded="508" inserted="107" running="107" waiting="0" ended="0" meanWaitingTime="0.02" meanTravelTime="-1.00" duration="0"/>
    <step time="153.20" loaded="508" inserted="107" running="107" waiting="0" ended="0" meanWaitingTime="0.02" meanTravelTime="-1.00" duration="0"/>
    <step time="153.30" loaded="508" inserted="107" running="107" waiting="0" ended="0" meanWaitingTime="0.02" meanTravelTime="-1.00" duration="0"/>
    <step time="153.40" loaded="508" inserted="107" running="107" waiting="0" ended="0" meanWaitingTime="0.02" meanTravelTime="-1.00" duration="1"/>
    <step time="153.50" loaded="508" inserted="108" running="108" waiting="0" ended="0" meanWaitingTime="0.02" meanTravelTime="-1.00" duration="0"/>
    <step time="153.60" loaded="509" inserted="108" running="108" waiting="0" ended="0" meanWaitingTime="0.02" meanTravelTime="-1.00" duration="0"/>
    <step time="153.70" loaded="509" inserted="108" running="108" waiting="0" ended="0" meanWaitingTime="0.02" meanTravelTime="-1.00" duration="0"/>
    <step time="153.80" loaded="509" inserted="108" running="108" waiting="0" ended="0" meanWaitingTime="0.02" meanTravelTime="-1.00" duration="0"/>
    <step time="153.90" loaded="509" inserted="108" running="108" waiting="0" ended="0" meanWaitingTime="0.02" meanTravelTime="-1.00" duration="1"/>
    <step time="154.00" loaded="509" inserted="109" running="109" waiting="0" ended="0" meanWaitingTime="0.02" meanTravelTime="-1.00" duration="0"/>
    <step time="154.10" loaded="510" inserted="109" running="109" waiting="0" ended="0" meanWaitingTime="0.02" meanTravelTime="-1.00" duration="0"/>
    <step time="154.20" loaded="510" inserted="109" running="109" waiting="0" ended="0" meanWaitingTime="0.02" meanTravelTime="-1.00" duration="0"/>
    <step time="154.30" loaded="510" inserted="109" running="109" waiting="0" ended="0" meanWaitingTime="0.02" meanTravelTime="-1.00" duration="0"/>
    <step time="154.40" loaded="510" inserted="109" running="109" waiting="0" ended="0" meanWaitingTime="0.02" meanTravelTime="-1.00" duration="0"/>
    <step time="154.50" loaded="510" inserted="110" running="110" waiting="0" ended="0" meanWaitingTime="0.02" meanTravelTime="-1.00" duration="1"/>
    <step time="154.60" loaded="511" inserted="110" running="110" waiting="0" ended="0" meanWaitingTime="0.02" meanTravelTime="-1.00" duration="0"/>
    <step time="154.70" loaded="511" inserted="110" running="110" waiting="0" ended="0" meanWaitingTime="0.02" meanTravelTime="-1.00" duration="0"/>
    <step time="154.80" loaded="511" inserted="110" running="110" waiting="0" ended="0" meanWaitingTime="0.02" meanTravelTime="-1.00" duration="0"/>
    <step time="154.90" loaded="511" inserted="110" running="110" waiting="0" ended="0" meanWaitingTime="0.02" meanTravelTime="-1.00" duration="0"/>
    <step time="155.00" loaded="511" inserted="111" running="111" waiting="0" ended="0" meanWaitingTime="0.02" meanTravelTime="-1.00" duration="1"/>
    <step time="155.10" loaded="512" inserted="111" running="111" waiting="0" ended="0" meanWaitingTime="0.02" meanTravelTime="-1.00" duration="0"/>
    <step time="155.20" loaded="512" inserted="111" running="111" waiting="0" ended="0" meanWaitingTime="0.02" meanTravelTime="-1.00" duration="0"/>
    <step time="155.30" loaded="512" inserted="111" running="111" waiting="0" ended="0" meanWaitingTime="0.02" meanTravelTime="-1.00" duration="0"/>
    <step time="155.40" loaded="512" inserted="111" running="111" waiting="0" ended="0" meanWaitingTime="0.02" meanTravelTime="-1.00" duration="0"/>
    <step time="155.50" loaded="512" inserted="111" running="111" waiting="1" ended="0" meanWaitingTime="0.02" meanTravelTime="-1.00" duration="0"/>
    <step time="155.60" loaded="513" inserted="111" running="111" waiting="1" ended="0" meanWaitingTime="0.02" meanTravelTime="-1.00" duration="1"/>
    <step time="155.70" loaded="513" inserted="111" running="111" waiting="1" ended="0" meanWaitingTime="0.02" meanTravelTime="-1.00" duration="0"/>
    <step time="155.80" loaded="513" inserted="111" running="111" waiting="1" ended="0" meanWaitingTime="0.02" meanTravelTime="-1.00" duration="0"/>
    <step time="155.90" loaded="513" inserted="111" running="111" waiting="1" ended="0" meanWaitingTime="0.02" meanTravelTime="-1.00" duration="0"/>
    <step time="156.00" loaded="513" inserted="112" running="112" waiting="1" ended="0" meanWaitingTime="0.02" meanTravelTime="-1.00" duration="0"/>
    <step time="156.10" loaded="514" inserted="112" running="112" waiting="1" ended="0" meanWaitingTime="0.02" meanTravelTime="-1.00" duration="1"/>
    <step time="156.20" loaded="514" inserted="112" running="112" waiting="1" ended="0" meanWaitingTime="0.02" meanTravelTime="-1.00" duration="0"/>
    <step time="156.30" loaded="514" inserted="112" running="112" waiting="1" ended="0" meanWaitingTime="0.02" meanTravelTime="-1.00" duration="0"/>
    <step time="156.40" loaded="514" inserted="112" running="112" waiting="1" ended="0" meanWaitingTime="0.02" meanTravelTime="-1.00" duration="0"/>
    <step time="156.50" loaded="514" inserted="113" running="113" waiting="1" ended="0" meanWaitingTime="0.02" meanTravelTime="-1.00" duration="0"/>
    <step time="156.60" loaded="515" inserted="113" running="113" waiting="1" ended="0" meanWaitingTime="0.02" meanTravelTime="-1.00" duration="1"/>
    <step time="156.70" loaded="515" inserted="114" running="114" waiting="0" ended="0" meanWaitingTime="0.03" meanTravelTime="-1.00" duration="0"/>
    <step time="156.80" loaded="515" inserted="114" running="114" waiting="0" ended="0" meanWaitingTime="0.03" meanTravelTime="-1.00" duration="0"/>
    <step time="156.90" loaded="515" inserted="114" running="114" waiting="0" ended="0" meanWaitingTime="0.03" meanTravelTime="-1.00" duration="0"/>
    <step time="157.00" loaded="515" inserted="115" running="115" waiting="0" ended="0" meanWaitingTime="0.03" meanTravelTime="-1.00" duration="0"/>
    <step time="157.10" loaded="516" inserted="115" running="115" waiting="0" ended="0" meanWaitingTime="0.03" meanTravelTime="-1.00" duration="1"/>
    <step time="157.20" loaded="516" inserted="115" running="115" waiting="0" ended="0" meanWaitingTime="0.03" meanTravelTime="-1.00" duration="0"/>
    <step time="157.30" loaded="516" inserted="115" running="115" waiting="0" ended="0" meanWaitingTime="0.03" meanTravelTime="-1.00" duration="0"/>
    <step time="157.40" loaded="516" inserted="115" running="115" waiting="0" ended="0" meanWaitingTime="0.03" meanTravelTime="-1.00" duration="0"/>
    <step time="157.50" loaded="516" inserted="116" running="116" waiting="0" ended="0" meanWaitingTime="0.03" meanTravelTime="-1.00" duration="1"/>
    <step time="157.60" loaded="517" inserted="116" running="116" waiting="0" ended="0" meanWaitingTime="0.03" meanTravelTime="-1.00" duration="0"/>
    <step time="157.70" loaded="517" inserted="116" running="116" waiting="0" ended="0" meanWaitingTime="0.03" meanTravelTime="-1.00" duration="0"/>
    <step time="157.80" loaded="517" inserted="116" running="116" waiting="0" ended="0" meanWaitingTime="0.03" meanTravelTime="-1.00" duration="0"/>
    <step time="157.90" loaded="517" inserted="116" running="116" waiting="0" ended="0" meanWaitingTime="0.03" meanTravelTime="-1.00" duration="0"/>
    <step time="158.00" loaded="517" inserted="117" running="117" waiting="0" ended="0" meanWaitingTime="0.03" meanTravelTime="-1.00" duration="1"/>
    <step time="158.10" loaded="518" inserted="117" running="117" waiting="0" ended="0" meanWaitingTime="0.03" meanTravelTime="-1.00" duration="0"/>
    <step time="158.20" loaded="518" inserted="117" running="117" waiting="0" ended="0" meanWaitingTime="0.03" meanTravelTime="-1.00" duration="0"/>
    <step time="158.30" loaded="518" inserted="117" running="117" waiting="0" ended="0" meanWaitingTime="0.03" meanTravelTime="-1.00" duration="0"/>
    <step time="158.40" loaded="518" inserted="117" running="117" waiting="0" ended="0" meanWaitingTime="0.03" meanTravelTime="-1.00" duration="1"/>
    <step time="158.50" loaded="518" inserted="117" running="117" waiting="1" ended="0" meanWaitingTime="0.03" meanTravelTime="-1.00" duration="0"/>
    <step time="158.60" loaded="519" inserted="117" running="117" waiting="1" ended="0" meanWaitingTime="0.03" meanTravelTime="-1.00" duration="0"/>
    <step time="158.70" loaded="519" inserted="117" running="117" waiting="1" ended="0" meanWaitingTime="0.03" meanTravelTime="-1.00" duration="0"/>
    <step time="158.80" loaded="519" inserted="117" running="117" waiting="1" ended="0" meanWaitingTime="0.03" meanTravelTime="-1.00" duration="0"/>
    <step time="158.90" loaded="519" inserted="117" running="117" waiting="1" ended="0" meanWaitingTime="0.03" meanTravelTime="-1.00" duration="1"/>
    <step time="159.00" loaded="519" inserted="118" running="118" waiting="1" ended="0" meanWaitingTime="0.03" meanTravelTime="-1.00" duration="0"/>
    <step time="159.10" loaded="520" inserted="118" running="118" waiting="1" ended="0" meanWaitingTime="0.03" meanTravelTime="-1.00" duration="0"/>
    <step time="159.20" loaded="520" inserted="118" running="118" waiting="1" ended="0" meanWaitingTime="0.03" meanTravelTime="-1.00" duration="0"/>
    <step time="159.30" loaded="520" inserted="118" running="118" waiting="1" ended="0" meanWaitingTime="0.03" meanTravelTime="-1.00" duration="1"/>
    <step time="159.40" loaded="520" inserted="118" running="118" waiting="1" ended="0" meanWaitingTime="0.03" meanTravelTime="-1.00" duration="0"/>
    <step time="159.50" loaded="520" inserted="119" running="119" waiting="1" ended="0" meanWaitingTime="0.03" meanTravelTime="-1.00" duration="0"/>
    <step time="159.60" loaded="521" inserted="119" running="119" waiting="1" ended="0" meanWaitingTime="0.03" meanTravelTime="-1.00" duration="0"/>
    <step time="159.70" loaded="521" inserted="119" running="119" waiting="1" ended="0" meanWaitingTime="0.03" meanTravelTime="-1.00" duration="1"/>
    <step time="159.80" loaded="521" inserted="119" running="119" waiting="1" ended="0" meanWaitingTime="0.03" meanTravelTime="-1.00" duration="0"/>
    <step time="159.90" loaded="521" inserted="119" running="119" waiting="1" ended="0" meanWaitingTime="0.03" meanTravelTime="-1.00" duration="0"/>
    <step time="160.00" loaded="521" inserted="120" running="120" waiting="1" ended="0" meanWaitingTime="0.03" meanTravelTime="-1.00" duration="0"/>
    <step time="160.10" loaded="522" inserted="120" running="120" waiting="1" ended="0" meanWaitingTime="0.03" meanTravelTime="-1.00" duration="0"/>
    <step time="160.20" loaded="522" inserted="120" running="120" waiting="1" ended="0" meanWaitingTime="0.03" meanTravelTime="-1.00" duration="1"/>
    <step time="160.30" loaded="522" inserted="121" running="121" waiting="0" ended="0" meanWaitingTime="0.04" meanTravelTime="-1.00" duration="0"/>
    <step time="160.40" loaded="522" inserted="121" running="121" waiting="0" ended="0" meanWaitingTime="0.04" meanTravelTime="-1.00" duration="0"/>
    <step time="160.50" loaded="522" inserted="122" running="122" waiting="0" ended="0" meanWaitingTime="0.04" meanTravelTime="-1.00" duration="0"/>
    <step time="160.60" loaded="523" inserted="122" running="122" waiting="0" ended="0" meanWaitingTime="0.04" meanTravelTime="-1.00" duration="0"/>
    <step time="160.70" loaded="523" inserted="122" running="122" waiting="0" ended="0" meanWaitingTime="0.04" meanTravelTime="-1.00" duration="1"/>
    <step time="160.80" loaded="523" inserted="122" running="122" waiting="0" ended="0" meanWaitingTime="0.04" meanTravelTime="-1.00" duration="0"/>
    <step time="160.90" loaded="523" inserted="122" running="122" waiting="0" ended="0" meanWaitingTime="0.04" meanTravelTime="-1.00" duration="0"/>
    <step time="161.00" loaded="523" inserted="123" running="123" waiting="0" ended="0" meanWaitingTime="0.04" meanTravelTime="-1.00" duration="0"/>
    <step time="161.10" loaded="524" inserted="123" running="123" waiting="0" ended="0" meanWaitingTime="0.04" meanTravelTime="-1.00" duration="1"/>
    <step time="161.20" loaded="524" inserted="123" running="123" waiting="0" ended="0" meanWaitingTime="0.04" meanTravelTime="-1.00" duration="0"/>
    <step time="161.30" loaded="524" inserted="123" running="123" waiting="0" ended="0" meanWaitingTime="0.04" meanTravelTime="-1.00" duration="0"/>
    <step time="161.40" loaded="524" inserted="123" running="123" waiting="0" ended="0" meanWaitingTime="0.04" meanTravelTime="-1.00" duration="0"/>
    <step time="161.50" loaded="524" inserted="124" running="124" waiting="0" ended="0" meanWaitingTime="0.04" meanTravelTime="-1.00" duration="0"/>
    <step time="161.60" loaded="525" inserted="124" running="124" waiting="0" ended="0" meanWaitingTime="0.04" meanTravelTime="-1.00" duration="1"/>
    <step time="161.70" loaded="525" inserted="124" running="124" waiting="0" ended="0" meanWaitingTime="0.04" meanTravelTime="-1.00" duration="0"/>
    <step time="161.80" loaded="525" inserted="124" running="124" waiting="0" ended="0" meanWaitingTime="0.04" meanTravelTime="-1.00" duration="0"/>
    <step time="161.90" loaded="525" inserted="124" running="124" waiting="0" ended="0" meanWaitingTime="0.04" meanTravelTime="-1.00" duration="0"/>
    <step time="162.00" loaded="525" inserted="125" running="125" waiting="0" ended="0" meanWaitingTime="0.04" meanTravelTime="-1.00" duration="0"/>
    <step time="162.10" loaded="526" inserted="125" running="125" waiting="0" ended="0" meanWaitingTime="0.04" meanTravelTime="-1.00" duration="1"/>
    <step time="162.20" loaded="526" inserted="125" running="125" waiting="0" ended="0" meanWaitingTime="0.04" meanTravelTime="-1.00" duration="0"/>
    <step time="162.30" loaded="526" inserted="125" running="125" waiting="0" ended="0" meanWaitingTime="0.04" meanTravelTime="-1.00" duration="0"/>
    <step time="162.40" loaded="526" inserted="125" running="125" waiting="0" ended="0" meanWaitingTime="0.04" meanTravelTime="-1.00" duration="0"/>
    <step time="162.50" loaded="526" inserted="126" running="126" waiting="0" ended="0" meanWaitingTime="0.04" meanTravelTime="-1.00" duration="0"/>
    <step time="162.60" loaded="527" inserted="126" running="126" waiting="0" ended="0" meanWaitingTime="0.04" meanTravelTime="-1.00" duration="1"/>
    <step time="162.70" loaded="527" inserted="126" running="126" waiting="0" ended="0" meanWaitingTime="0.04" meanTravelTime="-1.00" duration="0"/>
    <step time="162.80" loaded="527" inserted="126" running="126" waiting="0" ended="0" meanWaitingTime="0.04" meanTravelTime="-1.00" duration="0"/>
    <step time="162.90" loaded="527" inserted="126" running="126" waiting="0" ended="0" meanWaitingTime="0.04" meanTravelTime="-1.00" duration="0"/>
    <step time="163.00" loaded="527" inserted="127" running="127" waiting="0" ended="0" meanWaitingTime="0.04" meanTravelTime="-1.00" duration="0"/>
    <step time="163.10" loaded="528" inserted="127" running="127" waiting="0" ended="0" meanWaitingTime="0.04" meanTravelTime="-1.00" duration="1"/>
    <step time="163.20" loaded="528" inserted="127" running="127" waiting="0" ended="0" meanWaitingTime="0.04" meanTravelTime="-1.00" duration="0"/>
    <step time="163.30" loaded="528" inserted="127" running="127" waiting="0" ended="0" meanWaitingTime="0.04" meanTravelTime="-1.00" duration="0"/>
    <step time="163.40" loaded="528" inserted="127" running="127" waiting="0" ended="0" meanWaitingTime="0.04" meanTravelTime="-1.00" duration="0"/>
    <step time="163.50" loaded="528" inserted="128" running="128" waiting="0" ended="0" meanWaitingTime="0.04" meanTravelTime="-1.00" duration="1"/>
    <step time="163.60" loaded="529" inserted="128" running="128" waiting="0" ended="0" meanWaitingTime="0.04" meanTravelTime="-1.00" duration="0"/>
    <step time="163.70" loaded="529" inserted="128" running="128" waiting="0" ended="0" meanWaitingTime="0.04" meanTravelTime="-1.00" duration="0"/>
    <step time="163.80" loaded="529" inserted="128" running="128" waiting="0" ended="0" meanWaitingTime="0.04" meanTravelTime="-1.00" duration="0"/>
    <step time="163.90" loaded="529" inserted="128" running="128" waiting="0" ended="0" meanWaitingTime="0.04" meanTravelTime="-1.00" duration="0"/>
    <step time="164.00" loaded="529" inserted="129" running="129" waiting="0" ended="0" meanWaitingTime="0.04" meanTravelTime="-1.00" duration="1"/>
    <step time="164.10" loaded="530" inserted="129" running="129" waiting="0" ended="0" meanWaitingTime="0.04" meanTravelTime="-1.00" duration="0"/>
    <step time="164.20" loaded="530" inserted="129" running="129" waiting="0" ended="0" meanWaitingTime="0.04" meanTravelTime="-1.00" duration="0"/>
    <step time="164.30" loaded="530" inserted="129" running="129" waiting="0" ended="0" meanWaitingTime="0.04" meanTravelTime="-1.00" duration="0"/>
    <step time="164.40" loaded="530" inserted="129" running="129" waiting="0" ended="0" meanWaitingTime="0.04" meanTravelTime="-1.00" duration="0"/>
    <step time="164.50" loaded="530" inserted="130" running="130" waiting="0" ended="0" meanWaitingTime="0.04" meanTravelTime="-1.00" duration="1"/>
    <step time="164.60" loaded="531" inserted="130" running="130" waiting="0" ended="0" meanWaitingTime="0.04" meanTravelTime="-1.00" duration="0"/>
    <step time="164.70" loaded="531" inserted="130" running="130" waiting="0" ended="0" meanWaitingTime="0.04" meanTravelTime="-1.00" duration="0"/>
    <step time="164.80" loaded="531" inserted="130" running="130" waiting="0" ended="0" meanWaitingTime="0.04" meanTravelTime="-1.00" duration="0"/>
    <step time="164.90" loaded="531" inserted="130" running="130" waiting="0" ended="0" meanWaitingTime="0.04" meanTravelTime="-1.00" duration="1"/>
    <step time="165.00" loaded="531" inserted="131" running="131" waiting="0" ended="0" meanWaitingTime="0.04" meanTravelTime="-1.00" duration="0"/>
    <step time="165.10" loaded="532" inserted="131" running="131" waiting="0" ended="0" meanWaitingTime="0.04" meanTravelTime="-1.00" duration="0"/>
    <step time="165.20" loaded="532" inserted="131" running="131" waiting="0" ended="0" meanWaitingTime="0.04" meanTravelTime="-1.00" duration="0"/>
    <step time="165.30" loaded="532" inserted="131" running="131" waiting="0" ended="0" meanWaitingTime="0.04" meanTravelTime="-1.00" duration="1"/>
    <step time="165.40" loaded="532" inserted="131" running="131" waiting="0" ended="0" meanWaitingTime="0.04" meanTravelTime="-1.00" duration="0"/>
    <step time="165.50" loaded="532" inserted="131" running="131" waiting="1" ended="0" meanWaitingTime="0.04" meanTravelTime="-1.00" duration="0"/>
    <step time="165.60" loaded="533" inserted="131" running="131" waiting="1" ended="0" meanWaitingTime="0.04" meanTravelTime="-1.00" duration="0"/>
    <step time="165.70" loaded="533" inserted="131" running="131" waiting="1" ended="0" meanWaitingTime="0.04" meanTravelTime="-1.00" duration="1"/>
    <step time="165.80" loaded="533" inserted="131" running="131" waiting="1" ended="0" meanWaitingTime="0.04" meanTravelTime="-1.00" duration="0"/>
    <step time="165.90" loaded="533" inserted="131" running="131" waiting="1" ended="0" meanWaitingTime="0.04" meanTravelTime="-1.00" duration="0"/>
    <step time="166.00" loaded="533" inserted="132" running="132" waiting="1" ended="0" meanWaitingTime="0.04" meanTravelTime="-1.00" duration="0"/>
    <step time="166.10" loaded="534" inserted="132" running="132" waiting="1" ended="0" meanWaitingTime="0.04" meanTravelTime="-1.00" duration="1"/>
    <step time="166.20" loaded="534" inserted="132" running="132" waiting="1" ended="0" meanWaitingTime="0.04" meanTravelTime="-1.00" duration="0"/>
    <step time="166.30" loaded="534" inserted="132" running="132" waiting="1" ended="0" meanWaitingTime="0.04" meanTravelTime="-1.00" duration="0"/>
    <step time="166.40" loaded="534" inserted="132" running="132" waiting="1" ended="0" meanWaitingTime="0.04" meanTravelTime="-1.00" duration="0"/>
    <step time="166.50" loaded="534" inserted="133" running="133" waiting="1" ended="0" meanWaitingTime="0.04" meanTravelTime="-1.00" duration="0"/>
    <step time="166.60" loaded="535" inserted="133" running="133" waiting="1" ended="0" meanWaitingTime="0.04" meanTravelTime="-1.00" duration="1"/>
    <step time="166.70" loaded="535" inserted="133" running="133" waiting="1" ended="0" meanWaitingTime="0.04" meanTravelTime="-1.00" duration="0"/>
    <step time="166.80" loaded="535" inserted="134" running="134" waiting="0" ended="0" meanWaitingTime="0.05" meanTravelTime="-1.00" duration="0"/>
    <step time="166.90" loaded="535" inserted="134" running="134" waiting="0" ended="0" meanWaitingTime="0.05" meanTravelTime="-1.00" duration="0"/>
    <step time="167.00" loaded="535" inserted="135" running="135" waiting="0" ended="0" meanWaitingTime="0.05" meanTravelTime="-1.00" duration="1"/>
    <step time="167.10" loaded="536" inserted="135" running="135" waiting="0" ended="0" meanWaitingTime="0.05" meanTravelTime="-1.00" duration="0"/>
    <step time="167.20" loaded="536" inserted="135" running="135" waiting="0" ended="0" meanWaitingTime="0.05" meanTravelTime="-1.00" duration="0"/>
    <step time="167.30" loaded="536" inserted="135" running="135" waiting="0" ended="0" meanWaitingTime="0.05" meanTravelTime="-1.00" duration="0"/>
    <step time="167.40" loaded="536" inserted="135" running="135" waiting="0" ended="0" meanWaitingTime="0.05" meanTravelTime="-1.00" duration="1"/>
    <step time="167.50" loaded="536" inserted="136" running="136" waiting="0" ended="0" meanWaitingTime="0.05" meanTravelTime="-1.00" duration="0"/>
    <step time="167.60" loaded="537" inserted="136" running="136" waiting="0" ended="0" meanWaitingTime="0.05" meanTravelTime="-1.00" duration="0"/>
    <step time="167.70" loaded="537" inserted="136" running="136" waiting="0" ended="0" meanWaitingTime="0.05" meanTravelTime="-1.00" duration="0"/>
    <step time="167.80" loaded="537" inserted="136" running="136" waiting="0" ended="0" meanWaitingTime="0.05" meanTravelTime="-1.00" duration="0"/>
    <step time="167.90" loaded="537" inserted="136" running="136" waiting="0" ended="0" meanWaitingTime="0.05" meanTravelTime="-1.00" duration="0"/>
    <step time="168.00" loaded="537" inserted="137" running="137" waiting="0" ended="0" meanWaitingTime="0.05" meanTravelTime="-1.00" duration="1"/>
    <step time="168.10" loaded="538" inserted="137" running="137" waiting="0" ended="0" meanWaitingTime="0.05" meanTravelTime="-1.00" duration="0"/>
    <step time="168.20" loaded="538" inserted="137" running="137" waiting="0" ended="0" meanWaitingTime="0.05" meanTravelTime="-1.00" duration="0"/>
    <step time="168.30" loaded="538" inserted="137" running="137" waiting="0" ended="0" meanWaitingTime="0.05" meanTravelTime="-1.00" duration="0"/>
    <step time="168.40" loaded="538" inserted="137" running="137" waiting="0" ended="0" meanWaitingTime="0.05" meanTravelTime="-1.00" duration="0"/>
    <step time="168.50" loaded="538" inserted="138" running="138" waiting="0" ended="0" meanWaitingTime="0.05" meanTravelTime="-1.00" duration="1"/>
    <step time="168.60" loaded="539" inserted="138" running="138" waiting="0" ended="0" meanWaitingTime="0.05" meanTravelTime="-1.00" duration="0"/>
    <step time="168.70" loaded="539" inserted="138" running="138" waiting="0" ended="0" meanWaitingTime="0.05" meanTravelTime="-1.00" duration="0"/>
    <step time="168.80" loaded="539" inserted="138" running="138" waiting="0" ended="0" meanWaitingTime="0.05" meanTravelTime="-1.00" duration="0"/>
    <step time="168.90" loaded="539" inserted="138" running="138" waiting="0" ended="0" meanWaitingTime="0.05" meanTravelTime="-1.00" duration="0"/>
    <step time="169.00" loaded="539" inserted="139" running="139" waiting="0" ended="0" meanWaitingTime="0.05" meanTravelTime="-1.00" duration="1"/>
    <step time="169.10" loaded="540" inserted="139" running="139" waiting="0" ended="0" meanWaitingTime="0.05" meanTravelTime="-1.00" duration="0"/>
    <step time="169.20" loaded="540" inserted="139" running="139" waiting="0" ended="0" meanWaitingTime="0.05" meanTravelTime="-1.00" duration="0"/>
    <step time="169.30" loaded="540" inserted="139" running="139" waiting="0" ended="0" meanWaitingTime="0.05" meanTravelTime="-1.00" duration="0"/>
    <step time="169.40" loaded="540" inserted="139" running="139" waiting="0" ended="0" meanWaitingTime="0.05" meanTravelTime="-1.00" duration="0"/>
    <step time="169.50" loaded="540" inserted="140" running="140" waiting="0" ended="0" meanWaitingTime="0.04" meanTravelTime="-1.00" duration="0"/>
    <step time="169.60" loaded="541" inserted="140" running="140" waiting="0" ended="0" meanWaitingTime="0.04" meanTravelTime="-1.00" duration="1"/>
    <step time="169.70" loaded="541" inserted="140" running="140" waiting="0" ended="0" meanWaitingTime="0.04" meanTravelTime="-1.00" duration="0"/>
    <step time="169.80" loaded="541" inserted="140" running="140" waiting="0" ended="0" meanWaitingTime="0.04" meanTravelTime="-1.00" duration="0"/>
    <step time="169.90" loaded="541" inserted="140" running="140" waiting="0" ended="0" meanWaitingTime="0.04" meanTravelTime="-1.00" duration="0"/>
    <step time="170.00" loaded="541" inserted="141" running="141" waiting="0" ended="0" meanWaitingTime="0.04" meanTravelTime="-1.00" duration="0"/>
    <step time="170.10" loaded="542" inserted="141" running="141" waiting="0" ended="0" meanWaitingTime="0.04" meanTravelTime="-1.00" duration="1"/>
    <step time="170.20" loaded="542" inserted="141" running="141" waiting="0" ended="0" meanWaitingTime="0.04" meanTravelTime="-1.00" duration="0"/>
    <step time="170.30" loaded="542" inserted="141" running="141" waiting="0" ended="0" meanWaitingTime="0.04" meanTravelTime="-1.00" duration="0"/>
    <step time="170.40" loaded="542" inserted="141" running="141" waiting="0" ended="0" meanWaitingTime="0.04" meanTravelTime="-1.00" duration="0"/>
    <step time="170.50" loaded="542" inserted="142" running="142" waiting="0" ended="0" meanWaitingTime="0.04" meanTravelTime="-1.00" duration="0"/>
    <step time="170.60" loaded="543" inserted="142" running="142" waiting="0" ended="0" meanWaitingTime="0.04" meanTravelTime="-1.00" duration="1"/>
    <step time="170.70" loaded="543" inserted="142" running="142" waiting="0" ended="0" meanWaitingTime="0.04" meanTravelTime="-1.00" duration="0"/>
    <step time="170.80" loaded="543" inserted="142" running="142" waiting="0" ended="0" meanWaitingTime="0.04" meanTravelTime="-1.00" duration="0"/>
    <step time="170.90" loaded="543" inserted="142" running="142" waiting="0" ended="0" meanWaitingTime="0.04" meanTravelTime="-1.00" duration="0"/>
    <step time="171.00" loaded="543" inserted="143" running="143" waiting="0" ended="0" meanWaitingTime="0.04" meanTravelTime="-1.00" duration="0"/>
    <step time="171.10" loaded="544" inserted="143" running="143" waiting="0" ended="0" meanWaitingTime="0.04" meanTravelTime="-1.00" duration="1"/>
    <step time="171.20" loaded="544" inserted="143" running="143" waiting="0" ended="0" meanWaitingTime="0.04" meanTravelTime="-1.00" duration="0"/>
    <step time="171.30" loaded="544" inserted="143" running="143" waiting="0" ended="0" meanWaitingTime="0.04" meanTravelTime="-1.00" duration="0"/>
    <step time="171.40" loaded="544" inserted="143" running="143" waiting="0" ended="0" meanWaitingTime="0.04" meanTravelTime="-1.00" duration="0"/>
    <step time="171.50" loaded="544" inserted="144" running="144" waiting="0" ended="0" meanWaitingTime="0.04" meanTravelTime="-1.00" duration="0"/>
    <step time="171.60" loaded="545" inserted="144" running="144" waiting="0" ended="0" meanWaitingTime="0.04" meanTravelTime="-1.00" duration="1"/>
    <step time="171.70" loaded="545" inserted="144" running="144" waiting="0" ended="0" meanWaitingTime="0.04" meanTravelTime="-1.00" duration="0"/>
    <step time="171.80" loaded="545" inserted="144" running="144" waiting="0" ended="0" meanWaitingTime="0.04" meanTravelTime="-1.00" duration="0"/>
    <step time="171.90" loaded="545" inserted="144" running="144" waiting="0" ended="0" meanWaitingTime="0.04" meanTravelTime="-1.00" duration="0"/>
    <step time="172.00" loaded="545" inserted="145" running="145" waiting="0" ended="0" meanWaitingTime="0.04" meanTravelTime="-1.00" duration="0"/>
    <step time="172.10" loaded="546" inserted="145" running="145" waiting="0" ended="0" meanWaitingTime="0.04" meanTravelTime="-1.00" duration="0"/>
    <step time="172.20" loaded="546" inserted="145" running="145" waiting="0" ended="0" meanWaitingTime="0.04" meanTravelTime="-1.00" duration="1"/>
    <step time="172.30" loaded="546" inserted="145" running="145" waiting="0" ended="0" meanWaitingTime="0.04" meanTravelTime="-1.00" duration="0"/>
    <step time="172.40" loaded="546" inserted="145" running="145" waiting="0" ended="0" meanWaitingTime="0.04" meanTravelTime="-1.00" duration="0"/>
    <step time="172.50" loaded="546" inserted="146" running="146" waiting="0" ended="0" meanWaitingTime="0.04" meanTravelTime="-1.00" duration="0"/>
    <step time="172.60" loaded="547" inserted="146" running="146" waiting="0" ended="0" meanWaitingTime="0.04" meanTravelTime="-1.00" duration="1"/>
    <step time="172.70" loaded="547" inserted="146" running="146" waiting="0" ended="0" meanWaitingTime="0.04" meanTravelTime="-1.00" duration="0"/>
    <step time="172.80" loaded="547" inserted="146" running="146" waiting="0" ended="0" meanWaitingTime="0.04" meanTravelTime="-1.00" duration="0"/>
    <step time="172.90" loaded="547" inserted="146" running="146" waiting="0" ended="0" meanWaitingTime="0.04" meanTravelTime="-1.00" duration="0"/>
    <step time="173.00" loaded="547" inserted="147" running="147" waiting="0" ended="0" meanWaitingTime="0.04" meanTravelTime="-1.00" duration="0"/>
    <step time="173.10" loaded="548" inserted="147" running="147" waiting="0" ended="0" meanWaitingTime="0.04" meanTravelTime="-1.00" duration="1"/>
    <step time="173.20" loaded="548" inserted="147" running="147" waiting="0" ended="0" meanWaitingTime="0.04" meanTravelTime="-1.00" duration="0"/>
    <step time="173.30" loaded="548" inserted="147" running="147" waiting="0" ended="0" meanWaitingTime="0.04" meanTravelTime="-1.00" duration="0"/>
    <step time="173.40" loaded="548" inserted="147" running="147" waiting="0" ended="0" meanWaitingTime="0.04" meanTravelTime="-1.00" duration="0"/>
    <step time="173.50" loaded="548" inserted="148" running="148" waiting="0" ended="0" meanWaitingTime="0.04" meanTravelTime="-1.00" duration="1"/>
    <step time="173.60" loaded="549" inserted="148" running="148" waiting="0" ended="0" meanWaitingTime="0.04" meanTravelTime="-1.00" duration="0"/>
    <step time="173.70" loaded="549" inserted="148" running="148" waiting="0" ended="0" meanWaitingTime="0.04" meanTravelTime="-1.00" duration="0"/>
    <step time="173.80" loaded="549" inserted="148" running="148" waiting="0" ended="0" meanWaitingTime="0.04" meanTravelTime="-1.00" duration="0"/>
    <step time="173.90" loaded="549" inserted="148" running="148" waiting="0" ended="0" meanWaitingTime="0.04" meanTravelTime="-1.00" duration="0"/>
    <step time="174.00" loaded="549" inserted="149" running="149" waiting="0" ended="0" meanWaitingTime="0.04" meanTravelTime="-1.00" duration="1"/>
    <step time="174.10" loaded="550" inserted="149" running="149" waiting="0" ended="0" meanWaitingTime="0.04" meanTravelTime="-1.00" duration="0"/>
    <step time="174.20" loaded="550" inserted="149" running="149" waiting="0" ended="0" meanWaitingTime="0.04" meanTravelTime="-1.00" duration="0"/>
    <step time="174.30" loaded="550" inserted="149" running="149" waiting="0" ended="0" meanWaitingTime="0.04" meanTravelTime="-1.00" duration="0"/>
    <step time="174.40" loaded="550" inserted="149" running="149" waiting="0" ended="0" meanWaitingTime="0.04" meanTravelTime="-1.00" duration="0"/>
    <step time="174.50" loaded="550" inserted="150" running="150" waiting="0" ended="0" meanWaitingTime="0.04" meanTravelTime="-1.00" duration="1"/>
    <step time="174.60" loaded="551" inserted="150" running="150" waiting="0" ended="0" meanWaitingTime="0.04" meanTravelTime="-1.00" duration="0"/>
    <step time="174.70" loaded="551" inserted="150" running="150" waiting="0" ended="0" meanWaitingTime="0.04" meanTravelTime="-1.00" duration="0"/>
    <step time="174.80" loaded="551" inserted="150" running="150" waiting="0" ended="0" meanWaitingTime="0.04" meanTravelTime="-1.00" duration="0"/>
    <step time="174.90" loaded="551" inserted="150" running="150" waiting="0" ended="0" meanWaitingTime="0.04" meanTravelTime="-1.00" duration="1"/>
    <step time="175.00" loaded="551" inserted="151" running="151" waiting="0" ended="0" meanWaitingTime="0.04" meanTravelTime="-1.00" duration="0"/>
    <step time="175.10" loaded="552" inserted="151" running="151" waiting="0" ended="0" meanWaitingTime="0.04" meanTravelTime="-1.00" duration="0"/>
    <step time="175.20" loaded="552" inserted="151" running="151" waiting="0" ended="0" meanWaitingTime="0.04" meanTravelTime="-1.00" duration="0"/>
    <step time="175.30" loaded="552" inserted="151" running="151" waiting="0" ended="0" meanWaitingTime="0.04" meanTravelTime="-1.00" duration="0"/>
    <step time="175.40" loaded="552" inserted="151" running="151" waiting="0" ended="0" meanWaitingTime="0.04" meanTravelTime="-1.00" duration="1"/>
    <step time="175.50" loaded="552" inserted="152" running="152" waiting="0" ended="0" meanWaitingTime="0.04" meanTravelTime="-1.00" duration="0"/>
    <step time="175.60" loaded="553" inserted="152" running="152" waiting="0" ended="0" meanWaitingTime="0.04" meanTravelTime="-1.00" duration="0"/>
    <step time="175.70" loaded="553" inserted="152" running="152" waiting="0" ended="0" meanWaitingTime="0.04" meanTravelTime="-1.00" duration="0"/>
    <step time="175.80" loaded="553" inserted="152" running="152" waiting="0" ended="0" meanWaitingTime="0.04" meanTravelTime="-1.00" duration="0"/>
    <step time="175.90" loaded="553" inserted="152" running="152" waiting="0" ended="0" meanWaitingTime="0.04" meanTravelTime="-1.00" duration="1"/>
    <step time="176.00" loaded="553" inserted="153" running="153" waiting="0" ended="0" meanWaitingTime="0.04" meanTravelTime="-1.00" duration="0"/>
    <step time="176.10" loaded="554" inserted="153" running="153" waiting="0" ended="0" meanWaitingTime="0.04" meanTravelTime="-1.00" duration="0"/>
    <step time="176.20" loaded="554" inserted="153" running="153" waiting="0" ended="0" meanWaitingTime="0.04" meanTravelTime="-1.00" duration="0"/>
    <step time="176.30" loaded="554" inserted="153" running="153" waiting="0" ended="0" meanWaitingTime="0.04" meanTravelTime="-1.00" duration="0"/>
    <step time="176.40" loaded="554" inserted="153" running="153" waiting="0" ended="0" meanWaitingTime="0.04" meanTravelTime="-1.00" duration="1"/>
    <step time="176.50" loaded="554" inserted="154" running="154" waiting="0" ended="0" meanWaitingTime="0.04" meanTravelTime="-1.00" duration="0"/>
    <step time="176.60" loaded="555" inserted="154" running="154" waiting="0" ended="0" meanWaitingTime="0.04" meanTravelTime="-1.00" duration="0"/>
    <step time="176.70" loaded="555" inserted="154" running="154" waiting="0" ended="0" meanWaitingTime="0.04" meanTravelTime="-1.00" duration="0"/>
    <step time="176.80" loaded="555" inserted="154" running="154" waiting="0" ended="0" meanWaitingTime="0.04" meanTravelTime="-1.00" duration="0"/>
    <step time="176.90" loaded="555" inserted="154" running="154" waiting="0" ended="0" meanWaitingTime="0.04" meanTravelTime="-1.00" duration="1"/>
    <step time="177.00" loaded="555" inserted="155" running="155" waiting="0" ended="0" meanWaitingTime="0.04" meanTravelTime="-1.00" duration="0"/>
    <step time="177.10" loaded="556" inserted="155" running="155" waiting="0" ended="0" meanWaitingTime="0.04" meanTravelTime="-1.00" duration="0"/>
    <step time="177.20" loaded="556" inserted="155" running="155" waiting="0" ended="0" meanWaitingTime="0.04" meanTravelTime="-1.00" duration="0"/>
    <step time="177.30" loaded="556" inserted="155" running="155" waiting="0" ended="0" meanWaitingTime="0.04" meanTravelTime="-1.00" duration="0"/>
    <step time="177.40" loaded="556" inserted="155" running="155" waiting="0" ended="0" meanWaitingTime="0.04" meanTravelTime="-1.00" duration="1"/>
    <step time="177.50" loaded="556" inserted="156" running="156" waiting="0" ended="0" meanWaitingTime="0.04" meanTravelTime="-1.00" duration="0"/>
    <step time="177.60" loaded="557" inserted="156" running="156" waiting="0" ended="0" meanWaitingTime="0.04" meanTravelTime="-1.00" duration="0"/>
    <step time="177.70" loaded="557" inserted="156" running="156" waiting="0" ended="0" meanWaitingTime="0.04" meanTravelTime="-1.00" duration="0"/>
    <step time="177.80" loaded="557" inserted="156" running="156" waiting="0" ended="0" meanWaitingTime="0.04" meanTravelTime="-1.00" duration="0"/>
    <step time="177.90" loaded="557" inserted="156" running="156" waiting="0" ended="0" meanWaitingTime="0.04" meanTravelTime="-1.00" duration="1"/>
    <step time="178.00" loaded="557" inserted="157" running="157" waiting="0" ended="0" meanWaitingTime="0.04" meanTravelTime="-1.00" duration="0"/>
    <step time="178.10" loaded="558" inserted="157" running="157" waiting="0" ended="0" meanWaitingTime="0.04" meanTravelTime="-1.00" duration="0"/>
    <step time="178.20" loaded="558" inserted="157" running="157" waiting="0" ended="0" meanWaitingTime="0.04" meanTravelTime="-1.00" duration="0"/>
    <step time="178.30" loaded="558" inserted="157" running="157" waiting="0" ended="0" meanWaitingTime="0.04" meanTravelTime="-1.00" duration="0"/>
    <step time="178.40" loaded="558" inserted="157" running="157" waiting="0" ended="0" meanWaitingTime="0.04" meanTravelTime="-1.00" duration="1"/>
    <step time="178.50" loaded="558" inserted="158" running="158" waiting="0" ended="0" meanWaitingTime="0.04" meanTravelTime="-1.00" duration="0"/>
    <step time="178.60" loaded="559" inserted="158" running="158" waiting="0" ended="0" meanWaitingTime="0.04" meanTravelTime="-1.00" duration="0"/>
    <step time="178.70" loaded="559" inserted="158" running="158" waiting="0" ended="0" meanWaitingTime="0.04" meanTravelTime="-1.00" duration="0"/>
    <step time="178.80" loaded="559" inserted="158" running="158" waiting="0" ended="0" meanWaitingTime="0.04" meanTravelTime="-1.00" duration="0"/>
    <step time="178.90" loaded="559" inserted="158" running="158" waiting="0" ended="0" meanWaitingTime="0.04" meanTravelTime="-1.00" duration="1"/>
    <step time="179.00" loaded="559" inserted="159" running="159" waiting="0" ended="0" meanWaitingTime="0.04" meanTravelTime="-1.00" duration="0"/>
    <step time="179.10" loaded="560" inserted="159" running="159" waiting="0" ended="0" meanWaitingTime="0.04" meanTravelTime="-1.00" duration="0"/>
    <step time="179.20" loaded="560" inserted="159" running="159" waiting="0" ended="0" meanWaitingTime="0.04" meanTravelTime="-1.00" duration="0"/>
    <step time="179.30" loaded="560" inserted="159" running="159" waiting="0" ended="0" meanWaitingTime="0.04" meanTravelTime="-1.00" duration="0"/>
    <step time="179.40" loaded="560" inserted="159" running="159" waiting="0" ended="0" meanWaitingTime="0.04" meanTravelTime="-1.00" duration="1"/>
    <step time="179.50" loaded="560" inserted="160" running="160" waiting="0" ended="0" meanWaitingTime="0.04" meanTravelTime="-1.00" duration="0"/>
    <step time="179.60" loaded="561" inserted="160" running="160" waiting="0" ended="0" meanWaitingTime="0.04" meanTravelTime="-1.00" duration="0"/>
    <step time="179.70" loaded="561" inserted="160" running="160" waiting="0" ended="0" meanWaitingTime="0.04" meanTravelTime="-1.00" duration="0"/>
    <step time="179.80" loaded="561" inserted="160" running="160" waiting="0" ended="0" meanWaitingTime="0.04" meanTravelTime="-1.00" duration="0"/>
    <step time="179.90" loaded="561" inserted="160" running="160" waiting="0" ended="0" meanWaitingTime="0.04" meanTravelTime="-1.00" duration="0"/>
    <step time="180.00" loaded="561" inserted="161" running="161" waiting="0" ended="0" meanWaitingTime="0.04" meanTravelTime="-1.00" duration="1"/>
    <step time="180.10" loaded="562" inserted="161" running="161" waiting="0" ended="0" meanWaitingTime="0.04" meanTravelTime="-1.00" duration="0"/>
    <step time="180.20" loaded="562" inserted="161" running="161" waiting="0" ended="0" meanWaitingTime="0.04" meanTravelTime="-1.00" duration="1"/>
    <step time="180.30" loaded="562" inserted="161" running="161" waiting="0" ended="0" meanWaitingTime="0.04" meanTravelTime="-1.00" duration="0"/>
    <step time="180.40" loaded="562" inserted="161" running="161" waiting="0" ended="0" meanWaitingTime="0.04" meanTravelTime="-1.00" duration="1"/>
    <step time="180.50" loaded="562" inserted="161" running="161" waiting="1" ended="0" meanWaitingTime="0.04" meanTravelTime="-1.00" duration="0"/>
    <step time="180.60" loaded="563" inserted="161" running="161" waiting="1" ended="0" meanWaitingTime="0.04" meanTravelTime="-1.00" duration="1"/>
    <step time="180.70" loaded="563" inserted="161" running="161" waiting="1" ended="0" meanWaitingTime="0.04" meanTravelTime="-1.00" duration="0"/>
    <step time="180.80" loaded="563" inserted="161" running="161" waiting="1" ended="0" meanWaitingTime="0.04" meanTravelTime="-1.00" duration="1"/>
    <step time="180.90" loaded="563" inserted="161" running="161" waiting="1" ended="0" meanWaitingTime="0.04" meanTravelTime="-1.00" duration="0"/>
    <step time="181.00" loaded="563" inserted="162" running="162" waiting="1" ended="0" meanWaitingTime="0.04" meanTravelTime="-1.00" duration="1"/>
    <step time="181.10" loaded="564" inserted="162" running="162" waiting="1" ended="0" meanWaitingTime="0.04" meanTravelTime="-1.00" duration="0"/>
    <step time="181.20" loaded="564" inserted="162" running="162" waiting="1" ended="0" meanWaitingTime="0.04" meanTravelTime="-1.00" duration="1"/>
    <step time="181.30" loaded="564" inserted="163" running="163" waiting="0" ended="0" meanWaitingTime="0.04" meanTravelTime="-1.00" duration="0"/>
    <step time="181.40" loaded="564" inserted="163" running="163" waiting="0" ended="0" meanWaitingTime="0.04" meanTravelTime="-1.00" duration="1"/>
    <step time="181.50" loaded="564" inserted="164" running="164" waiting="0" ended="0" meanWaitingTime="0.04" meanTravelTime="-1.00" duration="0"/>
    <step time="181.60" loaded="565" inserted="164" running="164" waiting="0" ended="0" meanWaitingTime="0.04" meanTravelTime="-1.00" duration="0"/>
    <step time="181.70" loaded="565" inserted="164" running="164" waiting="0" ended="0" meanWaitingTime="0.04" meanTravelTime="-1.00" duration="1"/>
    <step time="181.80" loaded="565" inserted="164" running="164" waiting="0" ended="0" meanWaitingTime="0.04" meanTravelTime="-1.00" duration="0"/>
    <step time="181.90" loaded="565" inserted="164" running="164" waiting="0" ended="0" meanWaitingTime="0.04" meanTravelTime="-1.00" duration="1"/>
    <step time="182.00" loaded="565" inserted="165" running="165" waiting="0" ended="0" meanWaitingTime="0.04" meanTravelTime="-1.00" duration="0"/>
    <step time="182.10" loaded="566" inserted="165" running="165" waiting="0" ended="0" meanWaitingTime="0.04" meanTravelTime="-1.00" duration="1"/>
    <step time="182.20" loaded="566" inserted="165" running="165" waiting="0" ended="0" meanWaitingTime="0.04" meanTravelTime="-1.00" duration="0"/>
    <step time="182.30" loaded="566" inserted="165" running="165" waiting="0" ended="0" meanWaitingTime="0.04" meanTravelTime="-1.00" duration="1"/>
    <step time="182.40" loaded="566" inserted="165" running="165" waiting="0" ended="0" meanWaitingTime="0.04" meanTravelTime="-1.00" duration="0"/>
    <step time="182.50" loaded="566" inserted="166" running="166" waiting="0" ended="0" meanWaitingTime="0.04" meanTravelTime="-1.00" duration="0"/>
    <step time="182.60" loaded="567" inserted="166" running="166" waiting="0" ended="0" meanWaitingTime="0.04" meanTravelTime="-1.00" duration="1"/>
    <step time="182.70" loaded="567" inserted="166" running="166" waiting="0" ended="0" meanWaitingTime="0.04" meanTravelTime="-1.00" duration="0"/>
    <step time="182.80" loaded="567" inserted="166" running="166" waiting="0" ended="0" meanWaitingTime="0.04" meanTravelTime="-1.00" duration="1"/>
    <step time="182.90" loaded="567" inserted="166" running="166" waiting="0" ended="0" meanWaitingTime="0.04" meanTravelTime="-1.00" duration="0"/>
    <step time="183.00" loaded="567" inserted="166" running="166" waiting="1" ended="0" meanWaitingTime="0.04" meanTravelTime="-1.00" duration="1"/>
    <step time="183.10" loaded="568" inserted="167" running="167" waiting="0" ended="0" meanWaitingTime="0.04" meanTravelTime="-1.00" duration="0"/>
    <step time="183.20" loaded="568" inserted="167" running="167" waiting="0" ended="0" meanWaitingTime="0.04" meanTravelTime="-1.00" duration="1"/>
    <step time="183.30" loaded="568" inserted="167" running="167" waiting="0" ended="0" meanWaitingTime="0.04" meanTravelTime="-1.00" duration="0"/>
    <step time="183.40" loaded="568" inserted="167" running="167" waiting="0" ended="0" meanWaitingTime="0.04" meanTravelTime="-1.00" duration="1"/>
    <step time="183.50" loaded="568" inserted="168" running="168" waiting="0" ended="0" meanWaitingTime="0.04" meanTravelTime="-1.00" duration="0"/>
    <step time="183.60" loaded="569" inserted="168" running="168" waiting="0" ended="0" meanWaitingTime="0.04" meanTravelTime="-1.00" duration="1"/>
    <step time="183.70" loaded="569" inserted="168" running="168" waiting="0" ended="0" meanWaitingTime="0.04" meanTravelTime="-1.00" duration="0"/>
    <step time="183.80" loaded="569" inserted="168" running="168" waiting="0" ended="0" meanWaitingTime="0.04" meanTravelTime="-1.00" duration="0"/>
    <step time="183.90" loaded="569" inserted="168" running="168" waiting="0" ended="0" meanWaitingTime="0.04" meanTravelTime="-1.00" duration="1"/>
    <step time="184.00" loaded="569" inserted="169" running="169" waiting="0" ended="0" meanWaitingTime="0.04" meanTravelTime="-1.00" duration="0"/>
    <step time="184.10" loaded="570" inserted="169" running="169" waiting="0" ended="0" meanWaitingTime="0.04" meanTravelTime="-1.00" duration="1"/>
    <step time="184.20" loaded="570" inserted="169" running="169" waiting="0" ended="0" meanWaitingTime="0.04" meanTravelTime="-1.00" duration="0"/>
    <step time="184.30" loaded="570" inserted="169" running="169" waiting="0" ended="0" meanWaitingTime="0.04" meanTravelTime="-1.00" duration="1"/>
    <step time="184.40" loaded="570" inserted="169" running="169" waiting="0" ended="0" meanWaitingTime="0.04" meanTravelTime="-1.00" duration="0"/>
    <step time="184.50" loaded="570" inserted="170" running="170" waiting="0" ended="0" meanWaitingTime="0.04" meanTravelTime="-1.00" duration="0"/>
    <step time="184.60" loaded="571" inserted="170" running="170" waiting="0" ended="0" meanWaitingTime="0.04" meanTravelTime="-1.00" duration="1"/>
    <step time="184.70" loaded="571" inserted="170" running="170" waiting="0" ended="0" meanWaitingTime="0.04" meanTravelTime="-1.00" duration="0"/>
    <step time="184.80" loaded="571" inserted="170" running="170" waiting="0" ended="0" meanWaitingTime="0.04" meanTravelTime="-1.00" duration="1"/>
    <step time="184.90" loaded="571" inserted="170" running="170" waiting="0" ended="0" meanWaitingTime="0.04" meanTravelTime="-1.00" duration="0"/>
    <step time="185.00" loaded="571" inserted="171" running="171" waiting="0" ended="0" meanWaitingTime="0.04" meanTravelTime="-1.00" duration="0"/>
    <step time="185.10" loaded="572" inserted="171" running="171" waiting="0" ended="0" meanWaitingTime="0.04" meanTravelTime="-1.00" duration="1"/>
    <step time="185.20" loaded="572" inserted="171" running="171" waiting="0" ended="0" meanWaitingTime="0.04" meanTravelTime="-1.00" duration="0"/>
    <step time="185.30" loaded="572" inserted="171" running="171" waiting="0" ended="0" meanWaitingTime="0.04" meanTravelTime="-1.00" duration="1"/>
    <step time="185.40" loaded="572" inserted="171" running="171" waiting="0" ended="0" meanWaitingTime="0.04" meanTravelTime="-1.00" duration="0"/>
    <step time="185.50" loaded="572" inserted="172" running="172" waiting="0" ended="0" meanWaitingTime="0.04" meanTravelTime="-1.00" duration="0"/>
    <step time="185.60" loaded="573" inserted="172" running="172" waiting="0" ended="0" meanWaitingTime="0.04" meanTravelTime="-1.00" duration="1"/>
    <step time="185.70" loaded="573" inserted="172" running="172" waiting="0" ended="0" meanWaitingTime="0.04" meanTravelTime="-1.00" duration="0"/>
    <step time="185.80" loaded="573" inserted="172" running="172" waiting="0" ended="0" meanWaitingTime="0.04" meanTravelTime="-1.00" duration="1"/>
    <step time="185.90" loaded="573" inserted="172" running="172" waiting="0" ended="0" meanWaitingTime="0.04" meanTravelTime="-1.00" duration="0"/>
    <step time="186.00" loaded="573" inserted="173" running="173" waiting="0" ended="0" meanWaitingTime="0.04" meanTravelTime="-1.00" duration="0"/>
    <step time="186.10" loaded="574" inserted="173" running="173" waiting="0" ended="0" meanWaitingTime="0.04" meanTravelTime="-1.00" duration="1"/>
    <step time="186.20" loaded="574" inserted="173" running="173" waiting="0" ended="0" meanWaitingTime="0.04" meanTravelTime="-1.00" duration="0"/>
    <step time="186.30" loaded="574" inserted="173" running="173" waiting="0" ended="0" meanWaitingTime="0.04" meanTravelTime="-1.00" duration="0"/>
    <step time="186.40" loaded="574" inserted="173" running="173" waiting="0" ended="0" meanWaitingTime="0.04" meanTravelTime="-1.00" duration="1"/>
    <step time="186.50" loaded="574" inserted="174" running="174" waiting="0" ended="0" meanWaitingTime="0.04" meanTravelTime="-1.00" duration="0"/>
    <step time="186.60" loaded="575" inserted="174" running="174" waiting="0" ended="0" meanWaitingTime="0.04" meanTravelTime="-1.00" duration="0"/>
    <step time="186.70" loaded="575" inserted="174" running="174" waiting="0" ended="0" meanWaitingTime="0.04" meanTravelTime="-1.00" duration="1"/>
    <step time="186.80" loaded="575" inserted="174" running="174" waiting="0" ended="0" meanWaitingTime="0.04" meanTravelTime="-1.00" duration="0"/>
    <step time="186.90" loaded="575" inserted="174" running="174" waiting="0" ended="0" meanWaitingTime="0.04" meanTravelTime="-1.00" duration="0"/>
    <step time="187.00" loaded="575" inserted="175" running="175" waiting="0" ended="0" meanWaitingTime="0.04" meanTravelTime="-1.00" duration="1"/>
    <step time="187.10" loaded="576" inserted="175" running="175" waiting="0" ended="0" meanWaitingTime="0.04" meanTravelTime="-1.00" duration="0"/>
    <step time="187.20" loaded="576" inserted="175" running="175" waiting="0" ended="0" meanWaitingTime="0.04" meanTravelTime="-1.00" duration="1"/>
    <step time="187.30" loaded="576" inserted="175" running="175" waiting="0" ended="0" meanWaitingTime="0.04" meanTravelTime="-1.00" duration="0"/>
    <step time="187.40" loaded="576" inserted="175" running="175" waiting="0" ended="0" meanWaitingTime="0.04" meanTravelTime="-1.00" duration="0"/>
    <step time="187.50" loaded="576" inserted="176" running="176" waiting="0" ended="0" meanWaitingTime="0.04" meanTravelTime="-1.00" duration="1"/>
    <step time="187.60" loaded="577" inserted="176" running="176" waiting="0" ended="0" meanWaitingTime="0.04" meanTravelTime="-1.00" duration="0"/>
    <step time="187.70" loaded="577" inserted="176" running="176" waiting="0" ended="0" meanWaitingTime="0.04" meanTravelTime="-1.00" duration="0"/>
    <step time="187.80" loaded="577" inserted="176" running="176" waiting="0" ended="0" meanWaitingTime="0.04" meanTravelTime="-1.00" duration="1"/>
    <step time="187.90" loaded="577" inserted="176" running="176" waiting="0" ended="0" meanWaitingTime="0.04" meanTravelTime="-1.00" duration="0"/>
    <step time="188.00" loaded="577" inserted="177" running="177" waiting="0" ended="0" meanWaitingTime="0.04" meanTravelTime="-1.00" duration="0"/>
    <step time="188.10" loaded="578" inserted="177" running="177" waiting="0" ended="0" meanWaitingTime="0.04" meanTravelTime="-1.00" duration="1"/>
    <step time="188.20" loaded="578" inserted="177" running="177" waiting="0" ended="0" meanWaitingTime="0.04" meanTravelTime="-1.00" duration="0"/>
    <step time="188.30" loaded="578" inserted="177" running="177" waiting="0" ended="0" meanWaitingTime="0.04" meanTravelTime="-1.00" duration="1"/>
    <step time="188.40" loaded="578" inserted="177" running="177" waiting="0" ended="0" meanWaitingTime="0.04" meanTravelTime="-1.00" duration="0"/>
    <step time="188.50" loaded="578" inserted="178" running="178" waiting="0" ended="0" meanWaitingTime="0.04" meanTravelTime="-1.00" duration="0"/>
    <step time="188.60" loaded="579" inserted="178" running="178" waiting="0" ended="0" meanWaitingTime="0.04" meanTravelTime="-1.00" duration="1"/>
    <step time="188.70" loaded="579" inserted="178" running="178" waiting="0" ended="0" meanWaitingTime="0.04" meanTravelTime="-1.00" duration="0"/>
    <step time="188.80" loaded="579" inserted="178" running="178" waiting="0" ended="0" meanWaitingTime="0.04" meanTravelTime="-1.00" duration="1"/>
    <step time="188.90" loaded="579" inserted="178" running="178" waiting="0" ended="0" meanWaitingTime="0.04" meanTravelTime="-1.00" duration="0"/>
    <step time="189.00" loaded="579" inserted="179" running="179" waiting="0" ended="0" meanWaitingTime="0.04" meanTravelTime="-1.00" duration="0"/>
    <step time="189.10" loaded="580" inserted="179" running="179" waiting="0" ended="0" meanWaitingTime="0.04" meanTravelTime="-1.00" duration="1"/>
    <step time="189.20" loaded="580" inserted="179" running="179" waiting="0" ended="0" meanWaitingTime="0.04" meanTravelTime="-1.00" duration="0"/>
    <step time="189.30" loaded="580" inserted="179" running="179" waiting="0" ended="0" meanWaitingTime="0.04" meanTravelTime="-1.00" duration="1"/>
    <step time="189.40" loaded="580" inserted="179" running="179" waiting="0" ended="0" meanWaitingTime="0.04" meanTravelTime="-1.00" duration="0"/>
    <step time="189.50" loaded="580" inserted="180" running="180" waiting="0" ended="0" meanWaitingTime="0.04" meanTravelTime="-1.00" duration="0"/>
    <step time="189.60" loaded="581" inserted="180" running="180" waiting="0" ended="0" meanWaitingTime="0.04" meanTravelTime="-1.00" duration="1"/>
    <step time="189.70" loaded="581" inserted="180" running="180" waiting="0" ended="0" meanWaitingTime="0.04" meanTravelTime="-1.00" duration="0"/>
    <step time="189.80" loaded="581" inserted="180" running="180" waiting="0" ended="0" meanWaitingTime="0.04" meanTravelTime="-1.00" duration="1"/>
    <step time="189.90" loaded="581" inserted="180" running="180" waiting="0" ended="0" meanWaitingTime="0.04" meanTravelTime="-1.00" duration="1"/>
    <step time="190.00" loaded="581" inserted="181" running="181" waiting="0" ended="0" meanWaitingTime="0.04" meanTravelTime="-1.00" duration="0"/>
    <step time="190.10" loaded="582" inserted="181" running="181" waiting="0" ended="0" meanWaitingTime="0.04" meanTravelTime="-1.00" duration="1"/>
    <step time="190.20" loaded="582" inserted="181" running="181" waiting="0" ended="0" meanWaitingTime="0.04" meanTravelTime="-1.00" duration="1"/>
    <step time="190.30" loaded="582" inserted="181" running="181" waiting="0" ended="0" meanWaitingTime="0.04" meanTravelTime="-1.00" duration="1"/>
    <step time="190.40" loaded="582" inserted="181" running="181" waiting="0" ended="0" meanWaitingTime="0.04" meanTravelTime="-1.00" duration="0"/>
    <step time="190.50" loaded="582" inserted="182" running="182" waiting="0" ended="0" meanWaitingTime="0.04" meanTravelTime="-1.00" duration="1"/>
    <step time="190.60" loaded="583" inserted="182" running="182" waiting="0" ended="0" meanWaitingTime="0.04" meanTravelTime="-1.00" duration="0"/>
    <step time="190.70" loaded="583" inserted="182" running="182" waiting="0" ended="0" meanWaitingTime="0.04" meanTravelTime="-1.00" duration="1"/>
    <step time="190.80" loaded="583" inserted="182" running="182" waiting="0" ended="0" meanWaitingTime="0.04" meanTravelTime="-1.00" duration="1"/>
    <step time="190.90" loaded="583" inserted="182" running="182" waiting="0" ended="0" meanWaitingTime="0.04" meanTravelTime="-1.00" duration="0"/>
    <step time="191.00" loaded="583" inserted="183" running="183" waiting="0" ended="0" meanWaitingTime="0.04" meanTravelTime="-1.00" duration="0"/>
    <step time="191.10" loaded="584" inserted="183" running="183" waiting="0" ended="0" meanWaitingTime="0.04" meanTravelTime="-1.00" duration="1"/>
    <step time="191.20" loaded="584" inserted="183" running="183" waiting="0" ended="0" meanWaitingTime="0.04" meanTravelTime="-1.00" duration="0"/>
    <step time="191.30" loaded="584" inserted="183" running="183" waiting="0" ended="0" meanWaitingTime="0.04" meanTravelTime="-1.00" duration="1"/>
    <step time="191.40" loaded="584" inserted="183" running="183" waiting="0" ended="0" meanWaitingTime="0.04" meanTravelTime="-1.00" duration="0"/>
    <step time="191.50" loaded="584" inserted="184" running="184" waiting="0" ended="0" meanWaitingTime="0.04" meanTravelTime="-1.00" duration="1"/>
    <step time="191.60" loaded="585" inserted="184" running="184" waiting="0" ended="0" meanWaitingTime="0.04" meanTravelTime="-1.00" duration="0"/>
    <step time="191.70" loaded="585" inserted="184" running="184" waiting="0" ended="0" meanWaitingTime="0.04" meanTravelTime="-1.00" duration="1"/>
    <step time="191.80" loaded="585" inserted="184" running="184" waiting="0" ended="0" meanWaitingTime="0.04" meanTravelTime="-1.00" duration="0"/>
    <step time="191.90" loaded="585" inserted="184" running="184" waiting="0" ended="0" meanWaitingTime="0.04" meanTravelTime="-1.00" duration="1"/>
    <step time="192.00" loaded="585" inserted="185" running="185" waiting="0" ended="0" meanWaitingTime="0.04" meanTravelTime="-1.00" duration="0"/>
    <step time="192.10" loaded="586" inserted="185" running="185" waiting="0" ended="0" meanWaitingTime="0.04" meanTravelTime="-1.00" duration="0"/>
    <step time="192.20" loaded="586" inserted="185" running="185" waiting="0" ended="0" meanWaitingTime="0.04" meanTravelTime="-1.00" duration="1"/>
    <step time="192.30" loaded="586" inserted="185" running="185" waiting="0" ended="0" meanWaitingTime="0.04" meanTravelTime="-1.00" duration="0"/>
    <step time="192.40" loaded="586" inserted="185" running="185" waiting="0" ended="0" meanWaitingTime="0.04" meanTravelTime="-1.00" duration="1"/>
    <step time="192.50" loaded="586" inserted="186" running="186" waiting="0" ended="0" meanWaitingTime="0.04" meanTravelTime="-1.00" duration="0"/>
    <step time="192.60" loaded="587" inserted="186" running="186" waiting="0" ended="0" meanWaitingTime="0.04" meanTravelTime="-1.00" duration="1"/>
    <step time="192.70" loaded="587" inserted="186" running="186" waiting="0" ended="0" meanWaitingTime="0.04" meanTravelTime="-1.00" duration="0"/>
    <step time="192.80" loaded="587" inserted="186" running="186" waiting="0" ended="0" meanWaitingTime="0.04" meanTravelTime="-1.00" duration="1"/>
    <step time="192.90" loaded="587" inserted="186" running="186" waiting="0" ended="0" meanWaitingTime="0.04" meanTravelTime="-1.00" duration="0"/>
    <step time="193.00" loaded="587" inserted="187" running="187" waiting="0" ended="0" meanWaitingTime="0.04" meanTravelTime="-1.00" duration="0"/>
    <step time="193.10" loaded="588" inserted="187" running="187" waiting="0" ended="0" meanWaitingTime="0.04" meanTravelTime="-1.00" duration="1"/>
    <step time="193.20" loaded="588" inserted="187" running="187" waiting="0" ended="0" meanWaitingTime="0.04" meanTravelTime="-1.00" duration="0"/>
    <step time="193.30" loaded="588" inserted="187" running="187" waiting="0" ended="0" meanWaitingTime="0.04" meanTravelTime="-1.00" duration="0"/>
    <step time="193.40" loaded="588" inserted="187" running="187" waiting="0" ended="0" meanWaitingTime="0.04" meanTravelTime="-1.00" duration="1"/>
    <step time="193.50" loaded="588" inserted="188" running="188" waiting="0" ended="0" meanWaitingTime="0.04" meanTravelTime="-1.00" duration="0"/>
    <step time="193.60" loaded="589" inserted="188" running="188" waiting="0" ended="0" meanWaitingTime="0.04" meanTravelTime="-1.00" duration="1"/>
    <step time="193.70" loaded="589" inserted="188" running="188" waiting="0" ended="0" meanWaitingTime="0.04" meanTravelTime="-1.00" duration="0"/>
    <step time="193.80" loaded="589" inserted="188" running="188" waiting="0" ended="0" meanWaitingTime="0.04" meanTravelTime="-1.00" duration="0"/>
    <step time="193.90" loaded="589" inserted="188" running="188" waiting="0" ended="0" meanWaitingTime="0.04" meanTravelTime="-1.00" duration="1"/>
    <step time="194.00" loaded="589" inserted="189" running="189" waiting="0" ended="0" meanWaitingTime="0.04" meanTravelTime="-1.00" duration="0"/>
    <step time="194.10" loaded="590" inserted="189" running="189" waiting="0" ended="0" meanWaitingTime="0.04" meanTravelTime="-1.00" duration="0"/>
    <step time="194.20" loaded="590" inserted="189" running="189" waiting="0" ended="0" meanWaitingTime="0.04" meanTravelTime="-1.00" duration="1"/>
    <step time="194.30" loaded="590" inserted="189" running="189" waiting="0" ended="0" meanWaitingTime="0.04" meanTravelTime="-1.00" duration="0"/>
    <step time="194.40" loaded="590" inserted="189" running="189" waiting="0" ended="0" meanWaitingTime="0.04" meanTravelTime="-1.00" duration="1"/>
    <step time="194.50" loaded="590" inserted="190" running="190" waiting="0" ended="0" meanWaitingTime="0.04" meanTravelTime="-1.00" duration="0"/>
    <step time="194.60" loaded="591" inserted="190" running="190" waiting="0" ended="0" meanWaitingTime="0.04" meanTravelTime="-1.00" duration="0"/>
    <step time="194.70" loaded="591" inserted="190" running="190" waiting="0" ended="0" meanWaitingTime="0.04" meanTravelTime="-1.00" duration="1"/>
    <step time="194.80" loaded="591" inserted="190" running="190" waiting="0" ended="0" meanWaitingTime="0.04" meanTravelTime="-1.00" duration="0"/>
    <step time="194.90" loaded="591" inserted="190" running="190" waiting="0" ended="0" meanWaitingTime="0.04" meanTravelTime="-1.00" duration="0"/>
    <step time="195.00" loaded="591" inserted="190" running="190" waiting="1" ended="0" meanWaitingTime="0.04" meanTravelTime="-1.00" duration="1"/>
    <step time="195.10" loaded="592" inserted="190" running="190" waiting="1" ended="0" meanWaitingTime="0.04" meanTravelTime="-1.00" duration="0"/>
    <step time="195.20" loaded="592" inserted="190" running="190" waiting="1" ended="0" meanWaitingTime="0.04" meanTravelTime="-1.00" duration="0"/>
    <step time="195.30" loaded="592" inserted="190" running="190" waiting="1" ended="0" meanWaitingTime="0.04" meanTravelTime="-1.00" duration="1"/>
    <step time="195.40" loaded="592" inserted="190" running="190" waiting="1" ended="0" meanWaitingTime="0.04" meanTravelTime="-1.00" duration="0"/>
    <step time="195.50" loaded="592" inserted="191" running="191" waiting="1" ended="0" meanWaitingTime="0.04" meanTravelTime="-1.00" duration="0"/>
    <step time="195.60" loaded="593" inserted="191" running="191" waiting="1" ended="0" meanWaitingTime="0.04" meanTravelTime="-1.00" duration="1"/>
    <step time="195.70" loaded="593" inserted="191" running="191" waiting="1" ended="0" meanWaitingTime="0.04" meanTravelTime="-1.00" duration="0"/>
    <step time="195.80" loaded="593" inserted="191" running="191" waiting="1" ended="0" meanWaitingTime="0.04" meanTravelTime="-1.00" duration="1"/>
    <step time="195.90" loaded="593" inserted="191" running="191" waiting="1" ended="0" meanWaitingTime="0.04" meanTravelTime="-1.00" duration="0"/>
    <step time="196.00" loaded="593" inserted="192" running="192" waiting="1" ended="0" meanWaitingTime="0.04" meanTravelTime="-1.00" duration="0"/>
    <step time="196.10" loaded="594" inserted="192" running="192" waiting="1" ended="0" meanWaitingTime="0.04" meanTravelTime="-1.00" duration="1"/>
    <step time="196.20" loaded="594" inserted="192" running="192" waiting="1" ended="0" meanWaitingTime="0.04" meanTravelTime="-1.00" duration="0"/>
    <step time="196.30" loaded="594" inserted="192" running="192" waiting="1" ended="0" meanWaitingTime="0.04" meanTravelTime="-1.00" duration="1"/>
    <step time="196.40" loaded="594" inserted="192" running="192" waiting="1" ended="0" meanWaitingTime="0.04" meanTravelTime="-1.00" duration="0"/>
    <step time="196.50" loaded="594" inserted="193" running="193" waiting="1" ended="0" meanWaitingTime="0.04" meanTravelTime="-1.00" duration="0"/>
    <step time="196.60" loaded="595" inserted="193" running="193" waiting="1" ended="0" meanWaitingTime="0.04" meanTravelTime="-1.00" duration="1"/>
    <step time="196.70" loaded="595" inserted="193" running="193" waiting="1" ended="0" meanWaitingTime="0.04" meanTravelTime="-1.00" duration="0"/>
    <step time="196.80" loaded="595" inserted="193" running="193" waiting="1" ended="0" meanWaitingTime="0.04" meanTravelTime="-1.00" duration="1"/>
    <step time="196.90" loaded="595" inserted="193" running="193" waiting="1" ended="0" meanWaitingTime="0.04" meanTravelTime="-1.00" duration="0"/>
    <step time="197.00" loaded="595" inserted="194" running="194" waiting="1" ended="0" meanWaitingTime="0.04" meanTravelTime="-1.00" duration="0"/>
    <step time="197.10" loaded="596" inserted="194" running="194" waiting="1" ended="0" meanWaitingTime="0.04" meanTravelTime="-1.00" duration="1"/>
    <step time="197.20" loaded="596" inserted="194" running="194" waiting="1" ended="0" meanWaitingTime="0.04" meanTravelTime="-1.00" duration="0"/>
    <step time="197.30" loaded="596" inserted="194" running="194" waiting="1" ended="0" meanWaitingTime="0.04" meanTravelTime="-1.00" duration="1"/>
    <step time="197.40" loaded="596" inserted="194" running="194" waiting="1" ended="0" meanWaitingTime="0.04" meanTravelTime="-1.00" duration="0"/>
    <step time="197.50" loaded="596" inserted="194" running="194" waiting="2" ended="0" meanWaitingTime="0.04" meanTravelTime="-1.00" duration="0"/>
    <step time="197.60" loaded="597" inserted="194" running="194" waiting="2" ended="0" meanWaitingTime="0.04" meanTravelTime="-1.00" duration="1"/>
    <step time="197.70" loaded="597" inserted="194" running="194" waiting="2" ended="0" meanWaitingTime="0.04" meanTravelTime="-1.00" duration="0"/>
    <step time="197.80" loaded="597" inserted="194" running="194" waiting="2" ended="0" meanWaitingTime="0.04" meanTravelTime="-1.00" duration="1"/>
    <step time="197.90" loaded="597" inserted="194" running="194" waiting="2" ended="0" meanWaitingTime="0.04" meanTravelTime="-1.00" duration="0"/>
    <step time="198.00" loaded="597" inserted="195" running="195" waiting="2" ended="0" meanWaitingTime="0.04" meanTravelTime="-1.00" duration="1"/>
    <step time="198.10" loaded="598" inserted="195" running="195" waiting="2" ended="0" meanWaitingTime="0.04" meanTravelTime="-1.00" duration="0"/>
    <step time="198.20" loaded="598" inserted="195" running="195" waiting="2" ended="0" meanWaitingTime="0.04" meanTravelTime="-1.00" duration="1"/>
    <step time="198.30" loaded="598" inserted="195" running="195" waiting="2" ended="0" meanWaitingTime="0.04" meanTravelTime="-1.00" duration="0"/>
    <step time="198.40" loaded="598" inserted="195" running="195" waiting="2" ended="0" meanWaitingTime="0.04" meanTravelTime="-1.00" duration="0"/>
    <step time="198.50" loaded="598" inserted="196" running="196" waiting="2" ended="0" meanWaitingTime="0.04" meanTravelTime="-1.00" duration="1"/>
    <step time="198.60" loaded="599" inserted="196" running="196" waiting="2" ended="0" meanWaitingTime="0.04" meanTravelTime="-1.00" duration="0"/>
    <step time="198.70" loaded="599" inserted="197" running="197" waiting="1" ended="0" meanWaitingTime="0.04" meanTravelTime="-1.00" duration="0"/>
    <step time="198.80" loaded="599" inserted="197" running="197" waiting="1" ended="0" meanWaitingTime="0.04" meanTravelTime="-1.00" duration="1"/>
    <step time="198.90" loaded="599" inserted="197" running="197" waiting="1" ended="0" meanWaitingTime="0.04" meanTravelTime="-1.00" duration="0"/>
    <step time="199.00" loaded="599" inserted="198" running="198" waiting="1" ended="0" meanWaitingTime="0.04" meanTravelTime="-1.00" duration="1"/>
    <step time="199.10" loaded="600" inserted="198" running="198" waiting="1" ended="0" meanWaitingTime="0.04" meanTravelTime="-1.00" duration="0"/>
    <step time="199.20" loaded="600" inserted="199" running="199" waiting="0" ended="0" meanWaitingTime="0.06" meanTravelTime="-1.00" duration="0"/>
    <step time="199.30" loaded="600" inserted="199" running="199" waiting="0" ended="0" meanWaitingTime="0.06" meanTravelTime="-1.00" duration="1"/>
    <step time="199.40" loaded="600" inserted="199" running="199" waiting="0" ended="0" meanWaitingTime="0.06" meanTravelTime="-1.00" duration="0"/>
    <step time="199.50" loaded="600" inserted="200" running="200" waiting="0" ended="0" meanWaitingTime="0.06" meanTravelTime="-1.00" duration="0"/>
    <step time="199.60" loaded="601" inserted="200" running="200" waiting="0" ended="0" meanWaitingTime="0.06" meanTravelTime="-1.00" duration="1"/>
    <step time="199.70" loaded="601" inserted="200" running="200" waiting="0" ended="0" meanWaitingTime="0.06" meanTravelTime="-1.00" duration="0"/>
    <step time="199.80" loaded="601" inserted="200" running="200" waiting="0" ended="0" meanWaitingTime="0.06" meanTravelTime="-1.00" duration="1"/>
    <step time="199.90" loaded="601" inserted="200" running="200" waiting="0" ended="0" meanWaitingTime="0.06" meanTravelTime="-1.00" duration="0"/>
    <step time="200.00" loaded="601" inserted="201" running="201" waiting="0" ended="0" meanWaitingTime="0.06" meanTravelTime="-1.00" duration="0"/>
    <step time="200.10" loaded="602" inserted="201" running="201" waiting="0" ended="0" meanWaitingTime="0.06" meanTravelTime="-1.00" duration="1"/>
    <step time="200.20" loaded="602" inserted="201" running="201" waiting="0" ended="0" meanWaitingTime="0.06" meanTravelTime="-1.00" duration="0"/>
    <step time="200.30" loaded="602" inserted="201" running="201" waiting="0" ended="0" meanWaitingTime="0.06" meanTravelTime="-1.00" duration="0"/>
    <step time="200.40" loaded="602" inserted="201" running="201" waiting="0" ended="0" meanWaitingTime="0.06" meanTravelTime="-1.00" duration="1"/>
    <step time="200.50" loaded="602" inserted="202" running="202" waiting="0" ended="0" meanWaitingTime="0.06" meanTravelTime="-1.00" duration="0"/>
    <step time="200.60" loaded="603" inserted="202" running="202" waiting="0" ended="0" meanWaitingTime="0.06" meanTravelTime="-1.00" duration="1"/>
    <step time="200.70" loaded="603" inserted="202" running="202" waiting="0" ended="0" meanWaitingTime="0.06" meanTravelTime="-1.00" duration="0"/>
    <step time="200.80" loaded="603" inserted="202" running="202" waiting="0" ended="0" meanWaitingTime="0.06" meanTravelTime="-1.00" duration="0"/>
    <step time="200.90" loaded="603" inserted="202" running="202" waiting="0" ended="0" meanWaitingTime="0.06" meanTravelTime="-1.00" duration="1"/>
    <step time="201.00" loaded="603" inserted="203" running="203" waiting="0" ended="0" meanWaitingTime="0.06" meanTravelTime="-1.00" duration="0"/>
    <step time="201.10" loaded="604" inserted="203" running="203" waiting="0" ended="0" meanWaitingTime="0.06" meanTravelTime="-1.00" duration="1"/>
    <step time="201.20" loaded="604" inserted="203" running="203" waiting="0" ended="0" meanWaitingTime="0.06" meanTravelTime="-1.00" duration="0"/>
    <step time="201.30" loaded="604" inserted="203" running="203" waiting="0" ended="0" meanWaitingTime="0.06" meanTravelTime="-1.00" duration="1"/>
    <step time="201.40" loaded="604" inserted="203" running="203" waiting="0" ended="0" meanWaitingTime="0.06" meanTravelTime="-1.00" duration="0"/>
    <step time="201.50" loaded="604" inserted="204" running="204" waiting="0" ended="0" meanWaitingTime="0.06" meanTravelTime="-1.00" duration="0"/>
    <step time="201.60" loaded="605" inserted="204" running="204" waiting="0" ended="0" meanWaitingTime="0.06" meanTravelTime="-1.00" duration="1"/>
    <step time="201.70" loaded="605" inserted="204" running="204" waiting="0" ended="0" meanWaitingTime="0.06" meanTravelTime="-1.00" duration="0"/>
    <step time="201.80" loaded="605" inserted="204" running="204" waiting="0" ended="0" meanWaitingTime="0.06" meanTravelTime="-1.00" duration="0"/>
    <step time="201.90" loaded="605" inserted="204" running="204" waiting="0" ended="0" meanWaitingTime="0.06" meanTravelTime="-1.00" duration="1"/>
    <step time="202.00" loaded="605" inserted="205" running="205" waiting="0" ended="0" meanWaitingTime="0.06" meanTravelTime="-1.00" duration="0"/>
    <step time="202.10" loaded="606" inserted="205" running="205" waiting="0" ended="0" meanWaitingTime="0.06" meanTravelTime="-1.00" duration="0"/>
    <step time="202.20" loaded="606" inserted="205" running="205" waiting="0" ended="0" meanWaitingTime="0.06" meanTravelTime="-1.00" duration="1"/>
    <step time="202.30" loaded="606" inserted="205" running="205" waiting="0" ended="0" meanWaitingTime="0.06" meanTravelTime="-1.00" duration="0"/>
    <step time="202.40" loaded="606" inserted="205" running="205" waiting="0" ended="0" meanWaitingTime="0.06" meanTravelTime="-1.00" duration="0"/>
    <step time="202.50" loaded="606" inserted="206" running="206" waiting="0" ended="0" meanWaitingTime="0.06" meanTravelTime="-1.00" duration="1"/>
    <step time="202.60" loaded="607" inserted="206" running="206" waiting="0" ended="0" meanWaitingTime="0.06" meanTravelTime="-1.00" duration="0"/>
    <step time="202.70" loaded="607" inserted="206" running="206" waiting="0" ended="0" meanWaitingTime="0.06" meanTravelTime="-1.00" duration="1"/>
    <step time="202.80" loaded="607" inserted="206" running="206" waiting="0" ended="0" meanWaitingTime="0.06" meanTravelTime="-1.00" duration="0"/>
    <step time="202.90" loaded="607" inserted="206" running="206" waiting="0" ended="0" meanWaitingTime="0.06" meanTravelTime="-1.00" duration="0"/>
    <step time="203.00" loaded="607" inserted="207" running="207" waiting="0" ended="0" meanWaitingTime="0.06" meanTravelTime="-1.00" duration="1"/>
    <step time="203.10" loaded="608" inserted="207" running="207" waiting="0" ended="0" meanWaitingTime="0.06" meanTravelTime="-1.00" duration="0"/>
    <step time="203.20" loaded="608" inserted="207" running="207" waiting="0" ended="0" meanWaitingTime="0.06" meanTravelTime="-1.00" duration="0"/>
    <step time="203.30" loaded="608" inserted="207" running="207" waiting="0" ended="0" meanWaitingTime="0.06" meanTravelTime="-1.00" duration="1"/>
    <step time="203.40" loaded="608" inserted="207" running="207" waiting="0" ended="0" meanWaitingTime="0.06" meanTravelTime="-1.00" duration="0"/>
    <step time="203.50" loaded="608" inserted="208" running="208" waiting="0" ended="0" meanWaitingTime="0.06" meanTravelTime="-1.00" duration="0"/>
    <step time="203.60" loaded="609" inserted="208" running="208" waiting="0" ended="0" meanWaitingTime="0.06" meanTravelTime="-1.00" duration="1"/>
    <step time="203.70" loaded="609" inserted="208" running="208" waiting="0" ended="0" meanWaitingTime="0.06" meanTravelTime="-1.00" duration="0"/>
    <step time="203.80" loaded="609" inserted="208" running="208" waiting="0" ended="0" meanWaitingTime="0.06" meanTravelTime="-1.00" duration="0"/>
    <step time="203.90" loaded="609" inserted="208" running="208" waiting="0" ended="0" meanWaitingTime="0.06" meanTravelTime="-1.00" duration="1"/>
    <step time="204.00" loaded="609" inserted="209" running="209" waiting="0" ended="0" meanWaitingTime="0.06" meanTravelTime="-1.00" duration="0"/>
    <step time="204.10" loaded="610" inserted="209" running="209" waiting="0" ended="0" meanWaitingTime="0.06" meanTravelTime="-1.00" duration="0"/>
    <step time="204.20" loaded="610" inserted="209" running="209" waiting="0" ended="0" meanWaitingTime="0.06" meanTravelTime="-1.00" duration="1"/>
    <step time="204.30" loaded="610" inserted="209" running="209" waiting="0" ended="0" meanWaitingTime="0.06" meanTravelTime="-1.00" duration="0"/>
    <step time="204.40" loaded="610" inserted="209" running="209" waiting="0" ended="0" meanWaitingTime="0.06" meanTravelTime="-1.00" duration="0"/>
    <step time="204.50" loaded="610" inserted="210" running="210" waiting="0" ended="0" meanWaitingTime="0.06" meanTravelTime="-1.00" duration="1"/>
    <step time="204.60" loaded="611" inserted="210" running="210" waiting="0" ended="0" meanWaitingTime="0.06" meanTravelTime="-1.00" duration="0"/>
    <step time="204.70" loaded="611" inserted="210" running="210" waiting="0" ended="0" meanWaitingTime="0.06" meanTravelTime="-1.00" duration="1"/>
    <step time="204.80" loaded="611" inserted="210" running="210" waiting="0" ended="0" meanWaitingTime="0.06" meanTravelTime="-1.00" duration="0"/>
    <step time="204.90" loaded="611" inserted="210" running="210" waiting="0" ended="0" meanWaitingTime="0.06" meanTravelTime="-1.00" duration="0"/>
    <step time="205.00" loaded="611" inserted="211" running="211" waiting="0" ended="0" meanWaitingTime="0.06" meanTravelTime="-1.00" duration="1"/>
    <step time="205.10" loaded="612" inserted="211" running="211" waiting="0" ended="0" meanWaitingTime="0.06" meanTravelTime="-1.00" duration="0"/>
    <step time="205.20" loaded="612" inserted="211" running="211" waiting="0" ended="0" meanWaitingTime="0.06" meanTravelTime="-1.00" duration="1"/>
    <step time="205.30" loaded="612" inserted="211" running="211" waiting="0" ended="0" meanWaitingTime="0.06" meanTravelTime="-1.00" duration="0"/>
    <step time="205.40" loaded="612" inserted="211" running="211" waiting="0" ended="0" meanWaitingTime="0.06" meanTravelTime="-1.00" duration="1"/>
    <step time="205.50" loaded="612" inserted="212" running="212" waiting="0" ended="0" meanWaitingTime="0.06" meanTravelTime="-1.00" duration="0"/>
    <step time="205.60" loaded="613" inserted="212" running="212" waiting="0" ended="0" meanWaitingTime="0.06" meanTravelTime="-1.00" duration="1"/>
    <step time="205.70" loaded="613" inserted="212" running="212" waiting="0" ended="0" meanWaitingTime="0.06" meanTravelTime="-1.00" duration="0"/>
    <step time="205.80" loaded="613" inserted="212" running="212" waiting="0" ended="0" meanWaitingTime="0.06" meanTravelTime="-1.00" duration="0"/>
    <step time="205.90" loaded="613" inserted="212" running="212" waiting="0" ended="0" meanWaitingTime="0.06" meanTravelTime="-1.00" duration="1"/>
    <step time="206.00" loaded="613" inserted="213" running="213" waiting="0" ended="0" meanWaitingTime="0.06" meanTravelTime="-1.00" duration="0"/>
    <step time="206.10" loaded="614" inserted="213" running="213" waiting="0" ended="0" meanWaitingTime="0.06" meanTravelTime="-1.00" duration="0"/>
    <step time="206.20" loaded="614" inserted="213" running="213" waiting="0" ended="0" meanWaitingTime="0.06" meanTravelTime="-1.00" duration="1"/>
    <step time="206.30" loaded="614" inserted="213" running="213" waiting="0" ended="0" meanWaitingTime="0.06" meanTravelTime="-1.00" duration="0"/>
    <step time="206.40" loaded="614" inserted="213" running="213" waiting="0" ended="0" meanWaitingTime="0.06" meanTravelTime="-1.00" duration="1"/>
    <step time="206.50" loaded="614" inserted="214" running="214" waiting="0" ended="0" meanWaitingTime="0.06" meanTravelTime="-1.00" duration="0"/>
    <step time="206.60" loaded="615" inserted="214" running="214" waiting="0" ended="0" meanWaitingTime="0.06" meanTravelTime="-1.00" duration="0"/>
    <step time="206.70" loaded="615" inserted="214" running="214" waiting="0" ended="0" meanWaitingTime="0.06" meanTravelTime="-1.00" duration="1"/>
    <step time="206.80" loaded="615" inserted="214" running="214" waiting="0" ended="0" meanWaitingTime="0.06" meanTravelTime="-1.00" duration="0"/>
    <step time="206.90" loaded="615" inserted="214" running="214" waiting="0" ended="0" meanWaitingTime="0.06" meanTravelTime="-1.00" duration="0"/>
    <step time="207.00" loaded="615" inserted="215" running="215" waiting="0" ended="0" meanWaitingTime="0.06" meanTravelTime="-1.00" duration="1"/>
    <step time="207.10" loaded="616" inserted="215" running="215" waiting="0" ended="0" meanWaitingTime="0.06" meanTravelTime="-1.00" duration="0"/>
    <step time="207.20" loaded="616" inserted="215" running="215" waiting="0" ended="0" meanWaitingTime="0.06" meanTravelTime="-1.00" duration="1"/>
    <step time="207.30" loaded="616" inserted="215" running="215" waiting="0" ended="0" meanWaitingTime="0.06" meanTravelTime="-1.00" duration="0"/>
    <step time="207.40" loaded="616" inserted="215" running="215" waiting="0" ended="0" meanWaitingTime="0.06" meanTravelTime="-1.00" duration="0"/>
    <step time="207.50" loaded="616" inserted="216" running="216" waiting="0" ended="0" meanWaitingTime="0.06" meanTravelTime="-1.00" duration="1"/>
    <step time="207.60" loaded="617" inserted="216" running="216" waiting="0" ended="0" meanWaitingTime="0.06" meanTravelTime="-1.00" duration="0"/>
    <step time="207.70" loaded="617" inserted="216" running="216" waiting="0" ended="0" meanWaitingTime="0.06" meanTravelTime="-1.00" duration="0"/>
    <step time="207.80" loaded="617" inserted="216" running="216" waiting="0" ended="0" meanWaitingTime="0.06" meanTravelTime="-1.00" duration="1"/>
    <step time="207.90" loaded="617" inserted="216" running="216" waiting="0" ended="0" meanWaitingTime="0.06" meanTravelTime="-1.00" duration="0"/>
    <step time="208.00" loaded="617" inserted="217" running="217" waiting="0" ended="0" meanWaitingTime="0.06" meanTravelTime="-1.00" duration="0"/>
    <step time="208.10" loaded="618" inserted="217" running="217" waiting="0" ended="0" meanWaitingTime="0.06" meanTravelTime="-1.00" duration="1"/>
    <step time="208.20" loaded="618" inserted="217" running="217" waiting="0" ended="0" meanWaitingTime="0.06" meanTravelTime="-1.00" duration="0"/>
    <step time="208.30" loaded="618" inserted="217" running="217" waiting="0" ended="0" meanWaitingTime="0.06" meanTravelTime="-1.00" duration="1"/>
    <step time="208.40" loaded="618" inserted="217" running="217" waiting="0" ended="0" meanWaitingTime="0.06" meanTravelTime="-1.00" duration="0"/>
    <step time="208.50" loaded="618" inserted="218" running="218" waiting="0" ended="0" meanWaitingTime="0.06" meanTravelTime="-1.00" duration="0"/>
    <step time="208.60" loaded="619" inserted="218" running="218" waiting="0" ended="0" meanWaitingTime="0.06" meanTravelTime="-1.00" duration="1"/>
    <step time="208.70" loaded="619" inserted="218" running="218" waiting="0" ended="0" meanWaitingTime="0.06" meanTravelTime="-1.00" duration="0"/>
    <step time="208.80" loaded="619" inserted="218" running="218" waiting="0" ended="0" meanWaitingTime="0.06" meanTravelTime="-1.00" duration="0"/>
    <step time="208.90" loaded="619" inserted="218" running="218" waiting="0" ended="0" meanWaitingTime="0.06" meanTravelTime="-1.00" duration="1"/>
    <step time="209.00" loaded="619" inserted="219" running="219" waiting="0" ended="0" meanWaitingTime="0.06" meanTravelTime="-1.00" duration="0"/>
    <step time="209.10" loaded="620" inserted="219" running="219" waiting="0" ended="0" meanWaitingTime="0.06" meanTravelTime="-1.00" duration="0"/>
    <step time="209.20" loaded="620" inserted="219" running="219" waiting="0" ended="0" meanWaitingTime="0.06" meanTravelTime="-1.00" duration="1"/>
    <step time="209.30" loaded="620" inserted="219" running="219" waiting="0" ended="0" meanWaitingTime="0.06" meanTravelTime="-1.00" duration="0"/>
    <step time="209.40" loaded="620" inserted="219" running="219" waiting="0" ended="0" meanWaitingTime="0.06" meanTravelTime="-1.00" duration="1"/>
    <step time="209.50" loaded="620" inserted="220" running="220" waiting="0" ended="0" meanWaitingTime="0.06" meanTravelTime="-1.00" duration="0"/>
    <step time="209.60" loaded="621" inserted="220" running="220" waiting="0" ended="0" meanWaitingTime="0.06" meanTravelTime="-1.00" duration="1"/>
    <step time="209.70" loaded="621" inserted="220" running="220" waiting="0" ended="0" meanWaitingTime="0.06" meanTravelTime="-1.00" duration="0"/>
    <step time="209.80" loaded="621" inserted="220" running="220" waiting="0" ended="0" meanWaitingTime="0.06" meanTravelTime="-1.00" duration="0"/>
    <step time="209.90" loaded="621" inserted="220" running="220" waiting="0" ended="0" meanWaitingTime="0.06" meanTravelTime="-1.00" duration="1"/>
    <step time="210.00" loaded="621" inserted="221" running="221" waiting="0" ended="0" meanWaitingTime="0.06" meanTravelTime="-1.00" duration="0"/>
    <step time="210.10" loaded="622" inserted="221" running="221" waiting="0" ended="0" meanWaitingTime="0.06" meanTravelTime="-1.00" duration="1"/>
    <step time="210.20" loaded="622" inserted="221" running="221" waiting="0" ended="0" meanWaitingTime="0.06" meanTravelTime="-1.00" duration="0"/>
    <step time="210.30" loaded="622" inserted="221" running="221" waiting="0" ended="0" meanWaitingTime="0.06" meanTravelTime="-1.00" duration="0"/>
    <step time="210.40" loaded="622" inserted="221" running="221" waiting="0" ended="0" meanWaitingTime="0.06" meanTravelTime="-1.00" duration="1"/>
    <step time="210.50" loaded="622" inserted="222" running="222" waiting="0" ended="0" meanWaitingTime="0.06" meanTravelTime="-1.00" duration="0"/>
    <step time="210.60" loaded="623" inserted="222" running="222" waiting="0" ended="0" meanWaitingTime="0.06" meanTravelTime="-1.00" duration="1"/>
    <step time="210.70" loaded="623" inserted="222" running="222" waiting="0" ended="0" meanWaitingTime="0.06" meanTravelTime="-1.00" duration="0"/>
    <step time="210.80" loaded="623" inserted="222" running="222" waiting="0" ended="0" meanWaitingTime="0.06" meanTravelTime="-1.00" duration="0"/>
    <step time="210.90" loaded="623" inserted="222" running="222" waiting="0" ended="0" meanWaitingTime="0.06" meanTravelTime="-1.00" duration="1"/>
    <step time="211.00" loaded="623" inserted="223" running="223" waiting="0" ended="0" meanWaitingTime="0.06" meanTravelTime="-1.00" duration="0"/>
    <step time="211.10" loaded="624" inserted="223" running="223" waiting="0" ended="0" meanWaitingTime="0.06" meanTravelTime="-1.00" duration="0"/>
    <step time="211.20" loaded="624" inserted="223" running="223" waiting="0" ended="0" meanWaitingTime="0.06" meanTravelTime="-1.00" duration="0"/>
    <step time="211.30" loaded="624" inserted="223" running="223" waiting="0" ended="0" meanWaitingTime="0.06" meanTravelTime="-1.00" duration="0"/>
    <step time="211.40" loaded="624" inserted="223" running="223" waiting="0" ended="0" meanWaitingTime="0.06" meanTravelTime="-1.00" duration="1"/>
    <step time="211.50" loaded="624" inserted="224" running="224" waiting="0" ended="0" meanWaitingTime="0.06" meanTravelTime="-1.00" duration="0"/>
    <step time="211.60" loaded="625" inserted="224" running="224" waiting="0" ended="0" meanWaitingTime="0.06" meanTravelTime="-1.00" duration="0"/>
    <step time="211.70" loaded="625" inserted="224" running="224" waiting="0" ended="0" meanWaitingTime="0.06" meanTravelTime="-1.00" duration="1"/>
    <step time="211.80" loaded="625" inserted="224" running="224" waiting="0" ended="0" meanWaitingTime="0.06" meanTravelTime="-1.00" duration="0"/>
    <step time="211.90" loaded="625" inserted="224" running="224" waiting="0" ended="0" meanWaitingTime="0.06" meanTravelTime="-1.00" duration="0"/>
    <step time="212.00" loaded="625" inserted="224" running="224" waiting="1" ended="0" meanWaitingTime="0.06" meanTravelTime="-1.00" duration="1"/>
    <step time="212.10" loaded="626" inserted="224" running="224" waiting="1" ended="0" meanWaitingTime="0.06" meanTravelTime="-1.00" duration="0"/>
    <step time="212.20" loaded="626" inserted="224" running="224" waiting="1" ended="0" meanWaitingTime="0.06" meanTravelTime="-1.00" duration="0"/>
    <step time="212.30" loaded="626" inserted="224" running="224" waiting="1" ended="0" meanWaitingTime="0.06" meanTravelTime="-1.00" duration="1"/>
    <step time="212.40" loaded="626" inserted="224" running="224" waiting="1" ended="0" meanWaitingTime="0.06" meanTravelTime="-1.00" duration="0"/>
    <step time="212.50" loaded="626" inserted="225" running="225" waiting="1" ended="0" meanWaitingTime="0.06" meanTravelTime="-1.00" duration="0"/>
    <step time="212.60" loaded="627" inserted="225" running="225" waiting="1" ended="0" meanWaitingTime="0.06" meanTravelTime="-1.00" duration="1"/>
    <step time="212.70" loaded="627" inserted="225" running="225" waiting="1" ended="0" meanWaitingTime="0.06" meanTravelTime="-1.00" duration="0"/>
    <step time="212.80" loaded="627" inserted="225" running="225" waiting="1" ended="0" meanWaitingTime="0.06" meanTravelTime="-1.00" duration="0"/>
    <step time="212.90" loaded="627" inserted="225" running="225" waiting="1" ended="0" meanWaitingTime="0.06" meanTravelTime="-1.00" duration="1"/>
    <step time="213.00" loaded="627" inserted="226" running="226" waiting="1" ended="0" meanWaitingTime="0.06" meanTravelTime="-1.00" duration="0"/>
    <step time="213.10" loaded="628" inserted="226" running="226" waiting="1" ended="0" meanWaitingTime="0.06" meanTravelTime="-1.00" duration="0"/>
    <step time="213.20" loaded="628" inserted="226" running="226" waiting="1" ended="0" meanWaitingTime="0.06" meanTravelTime="-1.00" duration="1"/>
    <step time="213.30" loaded="628" inserted="226" running="226" waiting="1" ended="0" meanWaitingTime="0.06" meanTravelTime="-1.00" duration="0"/>
    <step time="213.40" loaded="628" inserted="226" running="226" waiting="1" ended="0" meanWaitingTime="0.06" meanTravelTime="-1.00" duration="0"/>
    <step time="213.50" loaded="628" inserted="227" running="227" waiting="1" ended="0" meanWaitingTime="0.06" meanTravelTime="-1.00" duration="1"/>
    <step time="213.60" loaded="629" inserted="227" running="227" waiting="1" ended="0" meanWaitingTime="0.06" meanTravelTime="-1.00" duration="0"/>
    <step time="213.70" loaded="629" inserted="227" running="227" waiting="1" ended="0" meanWaitingTime="0.06" meanTravelTime="-1.00" duration="0"/>
    <step time="213.80" loaded="629" inserted="227" running="227" waiting="1" ended="0" meanWaitingTime="0.06" meanTravelTime="-1.00" duration="1"/>
    <step time="213.90" loaded="629" inserted="227" running="227" waiting="1" ended="0" meanWaitingTime="0.06" meanTravelTime="-1.00" duration="0"/>
    <step time="214.00" loaded="629" inserted="228" running="228" waiting="1" ended="0" meanWaitingTime="0.06" meanTravelTime="-1.00" duration="0"/>
    <step time="214.10" loaded="630" inserted="228" running="228" waiting="1" ended="0" meanWaitingTime="0.06" meanTravelTime="-1.00" duration="1"/>
    <step time="214.20" loaded="630" inserted="228" running="228" waiting="1" ended="0" meanWaitingTime="0.06" meanTravelTime="-1.00" duration="0"/>
    <step time="214.30" loaded="630" inserted="228" running="228" waiting="1" ended="0" meanWaitingTime="0.06" meanTravelTime="-1.00" duration="1"/>
    <step time="214.40" loaded="630" inserted="228" running="228" waiting="1" ended="0" meanWaitingTime="0.06" meanTravelTime="-1.00" duration="0"/>
    <step time="214.50" loaded="630" inserted="229" running="229" waiting="1" ended="0" meanWaitingTime="0.06" meanTravelTime="-1.00" duration="0"/>
    <step time="214.60" loaded="631" inserted="229" running="229" waiting="1" ended="0" meanWaitingTime="0.06" meanTravelTime="-1.00" duration="0"/>
    <step time="214.70" loaded="631" inserted="229" running="229" waiting="1" ended="0" meanWaitingTime="0.06" meanTravelTime="-1.00" duration="1"/>
    <step time="214.80" loaded="631" inserted="229" running="229" waiting="1" ended="0" meanWaitingTime="0.06" meanTravelTime="-1.00" duration="0"/>
    <step time="214.90" loaded="631" inserted="230" running="230" waiting="0" ended="0" meanWaitingTime="0.07" meanTravelTime="-1.00" duration="0"/>
    <step time="215.00" loaded="631" inserted="231" running="231" waiting="0" ended="0" meanWaitingTime="0.07" meanTravelTime="-1.00" duration="1"/>
    <step time="215.10" loaded="632" inserted="231" running="231" waiting="0" ended="0" meanWaitingTime="0.07" meanTravelTime="-1.00" duration="0"/>
    <step time="215.20" loaded="632" inserted="231" running="231" waiting="0" ended="0" meanWaitingTime="0.07" meanTravelTime="-1.00" duration="0"/>
    <step time="215.30" loaded="632" inserted="231" running="231" waiting="0" ended="0" meanWaitingTime="0.07" meanTravelTime="-1.00" duration="1"/>
    <step time="215.40" loaded="632" inserted="231" running="231" waiting="0" ended="0" meanWaitingTime="0.07" meanTravelTime="-1.00" duration="0"/>
    <step time="215.50" loaded="632" inserted="232" running="232" waiting="0" ended="0" meanWaitingTime="0.07" meanTravelTime="-1.00" duration="0"/>
    <step time="215.60" loaded="633" inserted="232" running="232" waiting="0" ended="0" meanWaitingTime="0.07" meanTravelTime="-1.00" duration="0"/>
    <step time="215.70" loaded="633" inserted="232" running="232" waiting="0" ended="0" meanWaitingTime="0.07" meanTravelTime="-1.00" duration="1"/>
    <step time="215.80" loaded="633" inserted="232" running="232" waiting="0" ended="0" meanWaitingTime="0.07" meanTravelTime="-1.00" duration="0"/>
    <step time="215.90" loaded="633" inserted="232" running="232" waiting="0" ended="0" meanWaitingTime="0.07" meanTravelTime="-1.00" duration="0"/>
    <step time="216.00" loaded="633" inserted="233" running="233" waiting="0" ended="0" meanWaitingTime="0.07" meanTravelTime="-1.00" duration="0"/>
    <step time="216.10" loaded="634" inserted="233" running="233" waiting="0" ended="0" meanWaitingTime="0.07" meanTravelTime="-1.00" duration="1"/>
    <step time="216.20" loaded="634" inserted="233" running="233" waiting="0" ended="0" meanWaitingTime="0.07" meanTravelTime="-1.00" duration="0"/>
    <step time="216.30" loaded="634" inserted="233" running="233" waiting="0" ended="0" meanWaitingTime="0.07" meanTravelTime="-1.00" duration="0"/>
    <step time="216.40" loaded="634" inserted="233" running="233" waiting="0" ended="0" meanWaitingTime="0.07" meanTravelTime="-1.00" duration="1"/>
    <step time="216.50" loaded="634" inserted="234" running="234" waiting="0" ended="0" meanWaitingTime="0.07" meanTravelTime="-1.00" duration="0"/>
    <step time="216.60" loaded="635" inserted="234" running="234" waiting="0" ended="0" meanWaitingTime="0.07" meanTravelTime="-1.00" duration="0"/>
    <step time="216.70" loaded="635" inserted="234" running="234" waiting="0" ended="0" meanWaitingTime="0.07" meanTravelTime="-1.00" duration="0"/>
    <step time="216.80" loaded="635" inserted="234" running="234" waiting="0" ended="0" meanWaitingTime="0.07" meanTravelTime="-1.00" duration="1"/>
    <step time="216.90" loaded="635" inserted="234" running="234" waiting="0" ended="0" meanWaitingTime="0.07" meanTravelTime="-1.00" duration="0"/>
    <step time="217.00" loaded="635" inserted="235" running="235" waiting="0" ended="0" meanWaitingTime="0.07" meanTravelTime="-1.00" duration="0"/>
    <step time="217.10" loaded="636" inserted="235" running="235" waiting="0" ended="0" meanWaitingTime="0.07" meanTravelTime="-1.00" duration="0"/>
    <step time="217.20" loaded="636" inserted="235" running="235" waiting="0" ended="0" meanWaitingTime="0.07" meanTravelTime="-1.00" duration="1"/>
    <step time="217.30" loaded="636" inserted="235" running="235" waiting="0" ended="0" meanWaitingTime="0.07" meanTravelTime="-1.00" duration="0"/>
    <step time="217.40" loaded="636" inserted="235" running="235" waiting="0" ended="0" meanWaitingTime="0.07" meanTravelTime="-1.00" duration="0"/>
    <step time="217.50" loaded="636" inserted="236" running="236" waiting="0" ended="0" meanWaitingTime="0.07" meanTravelTime="-1.00" duration="0"/>
    <step time="217.60" loaded="637" inserted="236" running="236" waiting="0" ended="0" meanWaitingTime="0.07" meanTravelTime="-1.00" duration="1"/>
    <step time="217.70" loaded="637" inserted="236" running="236" waiting="0" ended="0" meanWaitingTime="0.07" meanTravelTime="-1.00" duration="0"/>
    <step time="217.80" loaded="637" inserted="236" running="236" waiting="0" ended="0" meanWaitingTime="0.07" meanTravelTime="-1.00" duration="0"/>
    <step time="217.90" loaded="637" inserted="236" running="236" waiting="0" ended="0" meanWaitingTime="0.07" meanTravelTime="-1.00" duration="1"/>
    <step time="218.00" loaded="637" inserted="237" running="237" waiting="0" ended="0" meanWaitingTime="0.07" meanTravelTime="-1.00" duration="0"/>
    <step time="218.10" loaded="638" inserted="237" running="237" waiting="0" ended="0" meanWaitingTime="0.07" meanTravelTime="-1.00" duration="0"/>
    <step time="218.20" loaded="638" inserted="237" running="237" waiting="0" ended="0" meanWaitingTime="0.07" meanTravelTime="-1.00" duration="1"/>
    <step time="218.30" loaded="638" inserted="237" running="237" waiting="0" ended="0" meanWaitingTime="0.07" meanTravelTime="-1.00" duration="0"/>
    <step time="218.40" loaded="638" inserted="237" running="237" waiting="0" ended="0" meanWaitingTime="0.07" meanTravelTime="-1.00" duration="0"/>
    <step time="218.50" loaded="638" inserted="238" running="238" waiting="0" ended="0" meanWaitingTime="0.07" meanTravelTime="-1.00" duration="0"/>
    <step time="218.60" loaded="639" inserted="238" running="238" waiting="0" ended="0" meanWaitingTime="0.07" meanTravelTime="-1.00" duration="1"/>
    <step time="218.70" loaded="639" inserted="238" running="238" waiting="0" ended="0" meanWaitingTime="0.07" meanTravelTime="-1.00" duration="0"/>
    <step time="218.80" loaded="639" inserted="238" running="238" waiting="0" ended="0" meanWaitingTime="0.07" meanTravelTime="-1.00" duration="0"/>
    <step time="218.90" loaded="639" inserted="238" running="238" waiting="0" ended="0" meanWaitingTime="0.07" meanTravelTime="-1.00" duration="1"/>
    <step time="219.00" loaded="639" inserted="239" running="239" waiting="0" ended="0" meanWaitingTime="0.06" meanTravelTime="-1.00" duration="0"/>
    <step time="219.10" loaded="640" inserted="239" running="239" waiting="0" ended="0" meanWaitingTime="0.06" meanTravelTime="-1.00" duration="0"/>
    <step time="219.20" loaded="640" inserted="239" running="239" waiting="0" ended="0" meanWaitingTime="0.06" meanTravelTime="-1.00" duration="0"/>
    <step time="219.30" loaded="640" inserted="239" running="239" waiting="0" ended="0" meanWaitingTime="0.06" meanTravelTime="-1.00" duration="1"/>
    <step time="219.40" loaded="640" inserted="239" running="239" waiting="0" ended="0" meanWaitingTime="0.06" meanTravelTime="-1.00" duration="0"/>
    <step time="219.50" loaded="640" inserted="240" running="240" waiting="0" ended="0" meanWaitingTime="0.06" meanTravelTime="-1.00" duration="0"/>
    <step time="219.60" loaded="641" inserted="240" running="240" waiting="0" ended="0" meanWaitingTime="0.06" meanTravelTime="-1.00" duration="1"/>
    <step time="219.70" loaded="641" inserted="240" running="240" waiting="0" ended="0" meanWaitingTime="0.06" meanTravelTime="-1.00" duration="0"/>
    <step time="219.80" loaded="641" inserted="240" running="240" waiting="0" ended="0" meanWaitingTime="0.06" meanTravelTime="-1.00" duration="0"/>
    <step time="219.90" loaded="641" inserted="240" running="240" waiting="0" ended="0" meanWaitingTime="0.06" meanTravelTime="-1.00" duration="1"/>
    <step time="220.00" loaded="641" inserted="241" running="241" waiting="0" ended="0" meanWaitingTime="0.06" meanTravelTime="-1.00" duration="0"/>
    <step time="220.10" loaded="642" inserted="241" running="241" waiting="0" ended="0" meanWaitingTime="0.06" meanTravelTime="-1.00" duration="0"/>
    <step time="220.20" loaded="642" inserted="241" running="241" waiting="0" ended="0" meanWaitingTime="0.06" meanTravelTime="-1.00" duration="1"/>
    <step time="220.30" loaded="642" inserted="241" running="241" waiting="0" ended="0" meanWaitingTime="0.06" meanTravelTime="-1.00" duration="0"/>
    <step time="220.40" loaded="642" inserted="241" running="241" waiting="0" ended="0" meanWaitingTime="0.06" meanTravelTime="-1.00" duration="0"/>
    <step time="220.50" loaded="642" inserted="242" running="242" waiting="0" ended="0" meanWaitingTime="0.06" meanTravelTime="-1.00" duration="1"/>
    <step time="220.60" loaded="643" inserted="242" running="242" waiting="0" ended="0" meanWaitingTime="0.06" meanTravelTime="-1.00" duration="0"/>
    <step time="220.70" loaded="643" inserted="242" running="242" waiting="0" ended="0" meanWaitingTime="0.06" meanTravelTime="-1.00" duration="1"/>
    <step time="220.80" loaded="643" inserted="242" running="242" waiting="0" ended="0" meanWaitingTime="0.06" meanTravelTime="-1.00" duration="0"/>
    <step time="220.90" loaded="643" inserted="242" running="242" waiting="0" ended="0" meanWaitingTime="0.06" meanTravelTime="-1.00" duration="0"/>
    <step time="221.00" loaded="643" inserted="243" running="243" waiting="0" ended="0" meanWaitingTime="0.06" meanTravelTime="-1.00" duration="1"/>
    <step time="221.10" loaded="644" inserted="243" running="243" waiting="0" ended="0" meanWaitingTime="0.06" meanTravelTime="-1.00" duration="0"/>
    <step time="221.20" loaded="644" inserted="243" running="243" waiting="0" ended="0" meanWaitingTime="0.06" meanTravelTime="-1.00" duration="1"/>
    <step time="221.30" loaded="644" inserted="243" running="243" waiting="0" ended="0" meanWaitingTime="0.06" meanTravelTime="-1.00" duration="0"/>
    <step time="221.40" loaded="644" inserted="243" running="243" waiting="0" ended="0" meanWaitingTime="0.06" meanTravelTime="-1.00" duration="0"/>
    <step time="221.50" loaded="644" inserted="244" running="244" waiting="0" ended="0" meanWaitingTime="0.06" meanTravelTime="-1.00" duration="0"/>
    <step time="221.60" loaded="645" inserted="244" running="244" waiting="0" ended="0" meanWaitingTime="0.06" meanTravelTime="-1.00" duration="1"/>
    <step time="221.70" loaded="645" inserted="244" running="244" waiting="0" ended="0" meanWaitingTime="0.06" meanTravelTime="-1.00" duration="0"/>
    <step time="221.80" loaded="645" inserted="244" running="244" waiting="0" ended="0" meanWaitingTime="0.06" meanTravelTime="-1.00" duration="0"/>
    <step time="221.90" loaded="645" inserted="244" running="244" waiting="0" ended="0" meanWaitingTime="0.06" meanTravelTime="-1.00" duration="0"/>
    <step time="222.00" loaded="645" inserted="245" running="245" waiting="0" ended="0" meanWaitingTime="0.06" meanTravelTime="-1.00" duration="1"/>
    <step time="222.10" loaded="646" inserted="245" running="245" waiting="0" ended="0" meanWaitingTime="0.06" meanTravelTime="-1.00" duration="0"/>
    <step time="222.20" loaded="646" inserted="245" running="245" waiting="0" ended="0" meanWaitingTime="0.06" meanTravelTime="-1.00" duration="0"/>
    <step time="222.30" loaded="646" inserted="245" running="245" waiting="0" ended="0" meanWaitingTime="0.06" meanTravelTime="-1.00" duration="1"/>
    <step time="222.40" loaded="646" inserted="245" running="245" waiting="0" ended="0" meanWaitingTime="0.06" meanTravelTime="-1.00" duration="0"/>
    <step time="222.50" loaded="646" inserted="246" running="246" waiting="0" ended="0" meanWaitingTime="0.06" meanTravelTime="-1.00" duration="0"/>
    <step time="222.60" loaded="647" inserted="246" running="246" waiting="0" ended="0" meanWaitingTime="0.06" meanTravelTime="-1.00" duration="0"/>
    <step time="222.70" loaded="647" inserted="246" running="246" waiting="0" ended="0" meanWaitingTime="0.06" meanTravelTime="-1.00" duration="1"/>
    <step time="222.80" loaded="647" inserted="246" running="246" waiting="0" ended="0" meanWaitingTime="0.06" meanTravelTime="-1.00" duration="0"/>
    <step time="222.90" loaded="647" inserted="246" running="246" waiting="0" ended="0" meanWaitingTime="0.06" meanTravelTime="-1.00" duration="0"/>
    <step time="223.00" loaded="647" inserted="247" running="247" waiting="0" ended="0" meanWaitingTime="0.06" meanTravelTime="-1.00" duration="0"/>
    <step time="223.10" loaded="648" inserted="247" running="247" waiting="0" ended="0" meanWaitingTime="0.06" meanTravelTime="-1.00" duration="1"/>
    <step time="223.20" loaded="648" inserted="247" running="247" waiting="0" ended="0" meanWaitingTime="0.06" meanTravelTime="-1.00" duration="0"/>
    <step time="223.30" loaded="648" inserted="247" running="247" waiting="0" ended="0" meanWaitingTime="0.06" meanTravelTime="-1.00" duration="0"/>
    <step time="223.40" loaded="648" inserted="247" running="247" waiting="0" ended="0" meanWaitingTime="0.06" meanTravelTime="-1.00" duration="1"/>
    <step time="223.50" loaded="648" inserted="248" running="248" waiting="0" ended="0" meanWaitingTime="0.06" meanTravelTime="-1.00" duration="0"/>
    <step time="223.60" loaded="649" inserted="248" running="248" waiting="0" ended="0" meanWaitingTime="0.06" meanTravelTime="-1.00" duration="0"/>
    <step time="223.70" loaded="649" inserted="248" running="248" waiting="0" ended="0" meanWaitingTime="0.06" meanTravelTime="-1.00" duration="0"/>
    <step time="223.80" loaded="649" inserted="248" running="248" waiting="0" ended="0" meanWaitingTime="0.06" meanTravelTime="-1.00" duration="1"/>
    <step time="223.90" loaded="649" inserted="248" running="248" waiting="0" ended="0" meanWaitingTime="0.06" meanTravelTime="-1.00" duration="0"/>
    <step time="224.00" loaded="649" inserted="249" running="249" waiting="0" ended="0" meanWaitingTime="0.06" meanTravelTime="-1.00" duration="0"/>
    <step time="224.10" loaded="650" inserted="249" running="249" waiting="0" ended="0" meanWaitingTime="0.06" meanTravelTime="-1.00" duration="0"/>
    <step time="224.20" loaded="650" inserted="249" running="249" waiting="0" ended="0" meanWaitingTime="0.06" meanTravelTime="-1.00" duration="1"/>
    <step time="224.30" loaded="650" inserted="249" running="249" waiting="0" ended="0" meanWaitingTime="0.06" meanTravelTime="-1.00" duration="0"/>
    <step time="224.40" loaded="650" inserted="249" running="249" waiting="0" ended="0" meanWaitingTime="0.06" meanTravelTime="-1.00" duration="0"/>
    <step time="224.50" loaded="650" inserted="250" running="250" waiting="0" ended="0" meanWaitingTime="0.06" meanTravelTime="-1.00" duration="1"/>
    <step time="224.60" loaded="651" inserted="250" running="250" waiting="0" ended="0" meanWaitingTime="0.06" meanTravelTime="-1.00" duration="0"/>
    <step time="224.70" loaded="651" inserted="250" running="250" waiting="0" ended="0" meanWaitingTime="0.06" meanTravelTime="-1.00" duration="0"/>
    <step time="224.80" loaded="651" inserted="250" running="250" waiting="0" ended="0" meanWaitingTime="0.06" meanTravelTime="-1.00" duration="0"/>
    <step time="224.90" loaded="651" inserted="250" running="250" waiting="0" ended="0" meanWaitingTime="0.06" meanTravelTime="-1.00" duration="0"/>
    <step time="225.00" loaded="651" inserted="251" running="251" waiting="0" ended="0" meanWaitingTime="0.06" meanTravelTime="-1.00" duration="0"/>
    <step time="225.10" loaded="652" inserted="251" running="251" waiting="0" ended="0" meanWaitingTime="0.06" meanTravelTime="-1.00" duration="1"/>
    <step time="225.20" loaded="652" inserted="251" running="251" waiting="0" ended="0" meanWaitingTime="0.06" meanTravelTime="-1.00" duration="1"/>
    <step time="225.30" loaded="652" inserted="251" running="251" waiting="0" ended="0" meanWaitingTime="0.06" meanTravelTime="-1.00" duration="0"/>
    <step time="225.40" loaded="652" inserted="251" running="251" waiting="0" ended="0" meanWaitingTime="0.06" meanTravelTime="-1.00" duration="1"/>
    <step time="225.50" loaded="652" inserted="252" running="252" waiting="0" ended="0" meanWaitingTime="0.06" meanTravelTime="-1.00" duration="1"/>
    <step time="225.60" loaded="653" inserted="252" running="252" waiting="0" ended="0" meanWaitingTime="0.06" meanTravelTime="-1.00" duration="1"/>
    <step time="225.70" loaded="653" inserted="252" running="252" waiting="0" ended="0" meanWaitingTime="0.06" meanTravelTime="-1.00" duration="0"/>
    <step time="225.80" loaded="653" inserted="252" running="252" waiting="0" ended="0" meanWaitingTime="0.06" meanTravelTime="-1.00" duration="1"/>
    <step time="225.90" loaded="653" inserted="252" running="252" waiting="0" ended="0" meanWaitingTime="0.06" meanTravelTime="-1.00" duration="1"/>
    <step time="226.00" loaded="653" inserted="253" running="253" waiting="0" ended="0" meanWaitingTime="0.06" meanTravelTime="-1.00" duration="0"/>
    <step time="226.10" loaded="654" inserted="253" running="253" waiting="0" ended="0" meanWaitingTime="0.06" meanTravelTime="-1.00" duration="1"/>
    <step time="226.20" loaded="654" inserted="253" running="253" waiting="0" ended="0" meanWaitingTime="0.06" meanTravelTime="-1.00" duration="1"/>
    <step time="226.30" loaded="654" inserted="253" running="253" waiting="0" ended="0" meanWaitingTime="0.06" meanTravelTime="-1.00" duration="0"/>
    <step time="226.40" loaded="654" inserted="253" running="253" waiting="0" ended="0" meanWaitingTime="0.06" meanTravelTime="-1.00" duration="1"/>
    <step time="226.50" loaded="654" inserted="254" running="254" waiting="0" ended="0" meanWaitingTime="0.06" meanTravelTime="-1.00" duration="0"/>
    <step time="226.60" loaded="655" inserted="254" running="254" waiting="0" ended="0" meanWaitingTime="0.06" meanTravelTime="-1.00" duration="1"/>
    <step time="226.70" loaded="655" inserted="254" running="254" waiting="0" ended="0" meanWaitingTime="0.06" meanTravelTime="-1.00" duration="1"/>
    <step time="226.80" loaded="655" inserted="254" running="254" waiting="0" ended="0" meanWaitingTime="0.06" meanTravelTime="-1.00" duration="0"/>
    <step time="226.90" loaded="655" inserted="254" running="254" waiting="0" ended="0" meanWaitingTime="0.06" meanTravelTime="-1.00" duration="1"/>
    <step time="227.00" loaded="655" inserted="255" running="255" waiting="0" ended="0" meanWaitingTime="0.06" meanTravelTime="-1.00" duration="1"/>
    <step time="227.10" loaded="656" inserted="255" running="255" waiting="0" ended="0" meanWaitingTime="0.06" meanTravelTime="-1.00" duration="1"/>
    <step time="227.20" loaded="656" inserted="255" running="255" waiting="0" ended="0" meanWaitingTime="0.06" meanTravelTime="-1.00" duration="2"/>
    <step time="227.30" loaded="656" inserted="255" running="255" waiting="0" ended="0" meanWaitingTime="0.06" meanTravelTime="-1.00" duration="0"/>
    <step time="227.40" loaded="656" inserted="255" running="255" waiting="0" ended="0" meanWaitingTime="0.06" meanTravelTime="-1.00" duration="1"/>
    <step time="227.50" loaded="656" inserted="255" running="255" waiting="1" ended="0" meanWaitingTime="0.06" meanTravelTime="-1.00" duration="1"/>
    <step time="227.60" loaded="657" inserted="255" running="255" waiting="1" ended="0" meanWaitingTime="0.06" meanTravelTime="-1.00" duration="1"/>
    <step time="227.70" loaded="657" inserted="255" running="255" waiting="1" ended="0" meanWaitingTime="0.06" meanTravelTime="-1.00" duration="0"/>
    <step time="227.80" loaded="657" inserted="255" running="255" waiting="1" ended="0" meanWaitingTime="0.06" meanTravelTime="-1.00" duration="1"/>
    <step time="227.90" loaded="657" inserted="255" running="255" waiting="1" ended="0" meanWaitingTime="0.06" meanTravelTime="-1.00" duration="1"/>
    <step time="228.00" loaded="657" inserted="256" running="256" waiting="1" ended="0" meanWaitingTime="0.06" meanTravelTime="-1.00" duration="1"/>
    <step time="228.10" loaded="658" inserted="256" running="256" waiting="1" ended="0" meanWaitingTime="0.06" meanTravelTime="-1.00" duration="1"/>
    <step time="228.20" loaded="658" inserted="256" running="256" waiting="1" ended="0" meanWaitingTime="0.06" meanTravelTime="-1.00" duration="0"/>
    <step time="228.30" loaded="658" inserted="256" running="256" waiting="1" ended="0" meanWaitingTime="0.06" meanTravelTime="-1.00" duration="1"/>
    <step time="228.40" loaded="658" inserted="256" running="256" waiting="1" ended="0" meanWaitingTime="0.06" meanTravelTime="-1.00" duration="2"/>
    <step time="228.50" loaded="658" inserted="256" running="256" waiting="2" ended="0" meanWaitingTime="0.06" meanTravelTime="-1.00" duration="0"/>
    <step time="228.60" loaded="659" inserted="256" running="256" waiting="2" ended="0" meanWaitingTime="0.06" meanTravelTime="-1.00" duration="1"/>
    <step time="228.70" loaded="659" inserted="256" running="256" waiting="2" ended="0" meanWaitingTime="0.06" meanTravelTime="-1.00" duration="1"/>
    <step time="228.80" loaded="659" inserted="256" running="256" waiting="2" ended="0" meanWaitingTime="0.06" meanTravelTime="-1.00" duration="1"/>
    <step time="228.90" loaded="659" inserted="256" running="256" waiting="2" ended="0" meanWaitingTime="0.06" meanTravelTime="-1.00" duration="1"/>
    <step time="229.00" loaded="659" inserted="258" running="258" waiting="1" ended="0" meanWaitingTime="0.07" meanTravelTime="-1.00" duration="0"/>
    <step time="229.10" loaded="660" inserted="259" running="259" waiting="0" ended="0" meanWaitingTime="0.07" meanTravelTime="-1.00" duration="1"/>
    <step time="229.20" loaded="660" inserted="259" running="259" waiting="0" ended="0" meanWaitingTime="0.07" meanTravelTime="-1.00" duration="1"/>
    <step time="229.30" loaded="660" inserted="259" running="259" waiting="0" ended="0" meanWaitingTime="0.07" meanTravelTime="-1.00" duration="1"/>
    <step time="229.40" loaded="660" inserted="259" running="259" waiting="0" ended="0" meanWaitingTime="0.07" meanTravelTime="-1.00" duration="1"/>
    <step time="229.50" loaded="660" inserted="260" running="260" waiting="0" ended="0" meanWaitingTime="0.07" meanTravelTime="-1.00" duration="0"/>
    <step time="229.60" loaded="661" inserted="260" running="260" waiting="0" ended="0" meanWaitingTime="0.07" meanTravelTime="-1.00" duration="1"/>
    <step time="229.70" loaded="661" inserted="260" running="260" waiting="0" ended="0" meanWaitingTime="0.07" meanTravelTime="-1.00" duration="0"/>
    <step time="229.80" loaded="661" inserted="260" running="260" waiting="0" ended="0" meanWaitingTime="0.07" meanTravelTime="-1.00" duration="1"/>
    <step time="229.90" loaded="661" inserted="260" running="260" waiting="0" ended="0" meanWaitingTime="0.07" meanTravelTime="-1.00" duration="1"/>
    <step time="230.00" loaded="661" inserted="260" running="260" waiting="1" ended="0" meanWaitingTime="0.07" meanTravelTime="-1.00" duration="0"/>
    <step time="230.10" loaded="662" inserted="260" running="260" waiting="1" ended="0" meanWaitingTime="0.07" meanTravelTime="-1.00" duration="1"/>
    <step time="230.20" loaded="662" inserted="260" running="260" waiting="1" ended="0" meanWaitingTime="0.07" meanTravelTime="-1.00" duration="1"/>
    <step time="230.30" loaded="662" inserted="260" running="260" waiting="1" ended="0" meanWaitingTime="0.07" meanTravelTime="-1.00" duration="0"/>
    <step time="230.40" loaded="662" inserted="260" running="260" waiting="1" ended="0" meanWaitingTime="0.07" meanTravelTime="-1.00" duration="1"/>
    <step time="230.50" loaded="662" inserted="261" running="261" waiting="1" ended="0" meanWaitingTime="0.07" meanTravelTime="-1.00" duration="0"/>
    <step time="230.60" loaded="663" inserted="261" running="261" waiting="1" ended="0" meanWaitingTime="0.07" meanTravelTime="-1.00" duration="1"/>
    <step time="230.70" loaded="663" inserted="261" running="261" waiting="1" ended="0" meanWaitingTime="0.07" meanTravelTime="-1.00" duration="0"/>
    <step time="230.80" loaded="663" inserted="261" running="261" waiting="1" ended="0" meanWaitingTime="0.07" meanTravelTime="-1.00" duration="1"/>
    <step time="230.90" loaded="663" inserted="261" running="261" waiting="1" ended="0" meanWaitingTime="0.07" meanTravelTime="-1.00" duration="0"/>
    <step time="231.00" loaded="663" inserted="263" running="263" waiting="0" ended="0" meanWaitingTime="0.07" meanTravelTime="-1.00" duration="1"/>
    <step time="231.10" loaded="664" inserted="263" running="263" waiting="0" ended="0" meanWaitingTime="0.07" meanTravelTime="-1.00" duration="0"/>
    <step time="231.20" loaded="664" inserted="263" running="263" waiting="0" ended="0" meanWaitingTime="0.07" meanTravelTime="-1.00" duration="1"/>
    <step time="231.30" loaded="664" inserted="263" running="263" waiting="0" ended="0" meanWaitingTime="0.07" meanTravelTime="-1.00" duration="0"/>
    <step time="231.40" loaded="664" inserted="263" running="263" waiting="0" ended="0" meanWaitingTime="0.07" meanTravelTime="-1.00" duration="1"/>
    <step time="231.50" loaded="664" inserted="264" running="264" waiting="0" ended="0" meanWaitingTime="0.07" meanTravelTime="-1.00" duration="0"/>
    <step time="231.60" loaded="665" inserted="264" running="264" waiting="0" ended="0" meanWaitingTime="0.07" meanTravelTime="-1.00" duration="1"/>
    <step time="231.70" loaded="665" inserted="264" running="264" waiting="0" ended="0" meanWaitingTime="0.07" meanTravelTime="-1.00" duration="0"/>
    <step time="231.80" loaded="665" inserted="264" running="264" waiting="0" ended="0" meanWaitingTime="0.07" meanTravelTime="-1.00" duration="1"/>
    <step time="231.90" loaded="665" inserted="264" running="264" waiting="0" ended="0" meanWaitingTime="0.07" meanTravelTime="-1.00" duration="0"/>
    <step time="232.00" loaded="665" inserted="265" running="265" waiting="0" ended="0" meanWaitingTime="0.07" meanTravelTime="-1.00" duration="1"/>
    <step time="232.10" loaded="666" inserted="265" running="265" waiting="0" ended="0" meanWaitingTime="0.07" meanTravelTime="-1.00" duration="0"/>
    <step time="232.20" loaded="666" inserted="265" running="265" waiting="0" ended="0" meanWaitingTime="0.07" meanTravelTime="-1.00" duration="1"/>
    <step time="232.30" loaded="666" inserted="265" running="265" waiting="0" ended="0" meanWaitingTime="0.07" meanTravelTime="-1.00" duration="1"/>
    <step time="232.40" loaded="666" inserted="265" running="265" waiting="0" ended="0" meanWaitingTime="0.07" meanTravelTime="-1.00" duration="0"/>
    <step time="232.50" loaded="666" inserted="266" running="266" waiting="0" ended="0" meanWaitingTime="0.07" meanTravelTime="-1.00" duration="1"/>
    <step time="232.60" loaded="667" inserted="266" running="266" waiting="0" ended="0" meanWaitingTime="0.07" meanTravelTime="-1.00" duration="0"/>
    <step time="232.70" loaded="667" inserted="266" running="266" waiting="0" ended="0" meanWaitingTime="0.07" meanTravelTime="-1.00" duration="1"/>
    <step time="232.80" loaded="667" inserted="266" running="266" waiting="0" ended="0" meanWaitingTime="0.07" meanTravelTime="-1.00" duration="1"/>
    <step time="232.90" loaded="667" inserted="266" running="266" waiting="0" ended="0" meanWaitingTime="0.07" meanTravelTime="-1.00" duration="0"/>
    <step time="233.00" loaded="667" inserted="267" running="267" waiting="0" ended="0" meanWaitingTime="0.07" meanTravelTime="-1.00" duration="1"/>
    <step time="233.10" loaded="668" inserted="267" running="267" waiting="0" ended="0" meanWaitingTime="0.07" meanTravelTime="-1.00" duration="0"/>
    <step time="233.20" loaded="668" inserted="267" running="267" waiting="0" ended="0" meanWaitingTime="0.07" meanTravelTime="-1.00" duration="1"/>
    <step time="233.30" loaded="668" inserted="267" running="267" waiting="0" ended="0" meanWaitingTime="0.07" meanTravelTime="-1.00" duration="0"/>
    <step time="233.40" loaded="668" inserted="267" running="267" waiting="0" ended="0" meanWaitingTime="0.07" meanTravelTime="-1.00" duration="1"/>
    <step time="233.50" loaded="668" inserted="268" running="268" waiting="0" ended="0" meanWaitingTime="0.07" meanTravelTime="-1.00" duration="0"/>
    <step time="233.60" loaded="669" inserted="268" running="268" waiting="0" ended="0" meanWaitingTime="0.07" meanTravelTime="-1.00" duration="1"/>
    <step time="233.70" loaded="669" inserted="268" running="268" waiting="0" ended="0" meanWaitingTime="0.07" meanTravelTime="-1.00" duration="0"/>
    <step time="233.80" loaded="669" inserted="268" running="268" waiting="0" ended="0" meanWaitingTime="0.07" meanTravelTime="-1.00" duration="1"/>
    <step time="233.90" loaded="669" inserted="268" running="268" waiting="0" ended="0" meanWaitingTime="0.07" meanTravelTime="-1.00" duration="0"/>
    <step time="234.00" loaded="669" inserted="268" running="268" waiting="1" ended="0" meanWaitingTime="0.07" meanTravelTime="-1.00" duration="1"/>
    <step time="234.10" loaded="670" inserted="268" running="268" waiting="1" ended="0" meanWaitingTime="0.07" meanTravelTime="-1.00" duration="0"/>
    <step time="234.20" loaded="670" inserted="268" running="268" waiting="1" ended="0" meanWaitingTime="0.07" meanTravelTime="-1.00" duration="1"/>
    <step time="234.30" loaded="670" inserted="268" running="268" waiting="1" ended="0" meanWaitingTime="0.07" meanTravelTime="-1.00" duration="0"/>
    <step time="234.40" loaded="670" inserted="268" running="268" waiting="1" ended="0" meanWaitingTime="0.07" meanTravelTime="-1.00" duration="1"/>
    <step time="234.50" loaded="670" inserted="268" running="268" waiting="2" ended="0" meanWaitingTime="0.07" meanTravelTime="-1.00" duration="0"/>
    <step time="234.60" loaded="671" inserted="268" running="268" waiting="2" ended="0" meanWaitingTime="0.07" meanTravelTime="-1.00" duration="1"/>
    <step time="234.70" loaded="671" inserted="268" running="268" waiting="2" ended="0" meanWaitingTime="0.07" meanTravelTime="-1.00" duration="0"/>
    <step time="234.80" loaded="671" inserted="268" running="268" waiting="2" ended="0" meanWaitingTime="0.07" meanTravelTime="-1.00" duration="1"/>
    <step time="234.90" loaded="671" inserted="268" running="268" waiting="2" ended="0" meanWaitingTime="0.07" meanTravelTime="-1.00" duration="0"/>
    <step time="235.00" loaded="671" inserted="269" running="269" waiting="2" ended="0" meanWaitingTime="0.07" meanTravelTime="-1.00" duration="1"/>
    <step time="235.10" loaded="672" inserted="269" running="269" waiting="2" ended="0" meanWaitingTime="0.07" meanTravelTime="-1.00" duration="1"/>
    <step time="235.20" loaded="672" inserted="269" running="269" waiting="2" ended="0" meanWaitingTime="0.07" meanTravelTime="-1.00" duration="0"/>
    <step time="235.30" loaded="672" inserted="269" running="269" waiting="2" ended="0" meanWaitingTime="0.07" meanTravelTime="-1.00" duration="1"/>
    <step time="235.40" loaded="672" inserted="269" running="269" waiting="2" ended="0" meanWaitingTime="0.07" meanTravelTime="-1.00" duration="0"/>
    <step time="235.50" loaded="672" inserted="270" running="270" waiting="2" ended="0" meanWaitingTime="0.07" meanTravelTime="-1.00" duration="1"/>
    <step time="235.60" loaded="673" inserted="270" running="270" waiting="2" ended="0" meanWaitingTime="0.07" meanTravelTime="-1.00" duration="1"/>
    <step time="235.70" loaded="673" inserted="270" running="270" waiting="2" ended="0" meanWaitingTime="0.07" meanTravelTime="-1.00" duration="1"/>
    <step time="235.80" loaded="673" inserted="270" running="270" waiting="2" ended="0" meanWaitingTime="0.07" meanTravelTime="-1.00" duration="0"/>
    <step time="235.90" loaded="673" inserted="270" running="270" waiting="2" ended="0" meanWaitingTime="0.07" meanTravelTime="-1.00" duration="1"/>
    <step time="236.00" loaded="673" inserted="271" running="271" waiting="2" ended="0" meanWaitingTime="0.07" meanTravelTime="-1.00" duration="1"/>
    <step time="236.10" loaded="674" inserted="271" running="271" waiting="2" ended="0" meanWaitingTime="0.07" meanTravelTime="-1.00" duration="0"/>
    <step time="236.20" loaded="674" inserted="271" running="271" waiting="2" ended="0" meanWaitingTime="0.07" meanTravelTime="-1.00" duration="1"/>
    <step time="236.30" loaded="674" inserted="271" running="271" waiting="2" ended="0" meanWaitingTime="0.07" meanTravelTime="-1.00" duration="0"/>
    <step time="236.40" loaded="674" inserted="272" running="272" waiting="1" ended="0" meanWaitingTime="0.08" meanTravelTime="-1.00" duration="1"/>
    <step time="236.50" loaded="674" inserted="273" running="273" waiting="1" ended="0" meanWaitingTime="0.08" meanTravelTime="-1.00" duration="0"/>
    <step time="236.60" loaded="675" inserted="273" running="273" waiting="1" ended="0" meanWaitingTime="0.08" meanTravelTime="-1.00" duration="1"/>
    <step time="236.70" loaded="675" inserted="273" running="273" waiting="1" ended="0" meanWaitingTime="0.08" meanTravelTime="-1.00" duration="1"/>
    <step time="236.80" loaded="675" inserted="273" running="273" waiting="1" ended="0" meanWaitingTime="0.08" meanTravelTime="-1.00" duration="0"/>
    <step time="236.90" loaded="675" inserted="273" running="273" waiting="1" ended="0" meanWaitingTime="0.08" meanTravelTime="-1.00" duration="1"/>
    <step time="237.00" loaded="675" inserted="274" running="274" waiting="1" ended="0" meanWaitingTime="0.08" meanTravelTime="-1.00" duration="0"/>
    <step time="237.10" loaded="676" inserted="274" running="274" waiting="1" ended="0" meanWaitingTime="0.08" meanTravelTime="-1.00" duration="1"/>
    <step time="237.20" loaded="676" inserted="274" running="274" waiting="1" ended="0" meanWaitingTime="0.08" meanTravelTime="-1.00" duration="0"/>
    <step time="237.30" loaded="676" inserted="274" running="274" waiting="1" ended="0" meanWaitingTime="0.08" meanTravelTime="-1.00" duration="1"/>
    <step time="237.40" loaded="676" inserted="274" running="274" waiting="1" ended="0" meanWaitingTime="0.08" meanTravelTime="-1.00" duration="0"/>
    <step time="237.50" loaded="676" inserted="275" running="275" waiting="1" ended="0" meanWaitingTime="0.08" meanTravelTime="-1.00" duration="1"/>
    <step time="237.60" loaded="677" inserted="275" running="275" waiting="1" ended="0" meanWaitingTime="0.08" meanTravelTime="-1.00" duration="0"/>
    <step time="237.70" loaded="677" inserted="275" running="275" waiting="1" ended="0" meanWaitingTime="0.08" meanTravelTime="-1.00" duration="1"/>
    <step time="237.80" loaded="677" inserted="275" running="275" waiting="1" ended="0" meanWaitingTime="0.08" meanTravelTime="-1.00" duration="1"/>
    <step time="237.90" loaded="677" inserted="275" running="275" waiting="1" ended="0" meanWaitingTime="0.08" meanTravelTime="-1.00" duration="0"/>
    <step time="238.00" loaded="677" inserted="276" running="276" waiting="1" ended="0" meanWaitingTime="0.08" meanTravelTime="-1.00" duration="1"/>
    <step time="238.10" loaded="678" inserted="276" running="276" waiting="1" ended="0" meanWaitingTime="0.08" meanTravelTime="-1.00" duration="1"/>
    <step time="238.20" loaded="678" inserted="276" running="276" waiting="1" ended="0" meanWaitingTime="0.08" meanTravelTime="-1.00" duration="0"/>
    <step time="238.30" loaded="678" inserted="276" running="276" waiting="1" ended="0" meanWaitingTime="0.08" meanTravelTime="-1.00" duration="1"/>
    <step time="238.40" loaded="678" inserted="276" running="276" waiting="1" ended="0" meanWaitingTime="0.08" meanTravelTime="-1.00" duration="0"/>
    <step time="238.50" loaded="678" inserted="276" running="276" waiting="2" ended="0" meanWaitingTime="0.08" meanTravelTime="-1.00" duration="1"/>
    <step time="238.60" loaded="679" inserted="276" running="276" waiting="2" ended="0" meanWaitingTime="0.08" meanTravelTime="-1.00" duration="0"/>
    <step time="238.70" loaded="679" inserted="277" running="277" waiting="1" ended="0" meanWaitingTime="0.09" meanTravelTime="-1.00" duration="1"/>
    <step time="238.80" loaded="679" inserted="277" running="277" waiting="1" ended="0" meanWaitingTime="0.09" meanTravelTime="-1.00" duration="1"/>
    <step time="238.90" loaded="679" inserted="277" running="277" waiting="1" ended="0" meanWaitingTime="0.09" meanTravelTime="-1.00" duration="0"/>
    <step time="239.00" loaded="679" inserted="278" running="278" waiting="1" ended="0" meanWaitingTime="0.09" meanTravelTime="-1.00" duration="1"/>
    <step time="239.10" loaded="680" inserted="278" running="278" waiting="1" ended="0" meanWaitingTime="0.09" meanTravelTime="-1.00" duration="0"/>
    <step time="239.20" loaded="680" inserted="278" running="278" waiting="1" ended="0" meanWaitingTime="0.09" meanTravelTime="-1.00" duration="1"/>
    <step time="239.30" loaded="680" inserted="278" running="278" waiting="1" ended="0" meanWaitingTime="0.09" meanTravelTime="-1.00" duration="0"/>
    <step time="239.40" loaded="680" inserted="278" running="278" waiting="1" ended="0" meanWaitingTime="0.09" meanTravelTime="-1.00" duration="1"/>
    <step time="239.50" loaded="680" inserted="279" running="279" waiting="1" ended="0" meanWaitingTime="0.09" meanTravelTime="-1.00" duration="0"/>
    <step time="239.60" loaded="681" inserted="279" running="279" waiting="1" ended="0" meanWaitingTime="0.09" meanTravelTime="-1.00" duration="0"/>
    <step time="239.70" loaded="681" inserted="279" running="279" waiting="1" ended="0" meanWaitingTime="0.09" meanTravelTime="-1.00" duration="1"/>
    <step time="239.80" loaded="681" inserted="279" running="279" waiting="1" ended="0" meanWaitingTime="0.09" meanTravelTime="-1.00" duration="1"/>
    <step time="239.90" loaded="681" inserted="279" running="279" waiting="1" ended="0" meanWaitingTime="0.09" meanTravelTime="-1.00" duration="0"/>
    <step time="240.00" loaded="681" inserted="280" running="280" waiting="1" ended="0" meanWaitingTime="0.09" meanTravelTime="-1.00" duration="0"/>
    <step time="240.10" loaded="682" inserted="280" running="280" waiting="1" ended="0" meanWaitingTime="0.09" meanTravelTime="-1.00" duration="1"/>
    <step time="240.20" loaded="682" inserted="280" running="280" waiting="1" ended="0" meanWaitingTime="0.09" meanTravelTime="-1.00" duration="0"/>
    <step time="240.30" loaded="682" inserted="280" running="280" waiting="1" ended="0" meanWaitingTime="0.09" meanTravelTime="-1.00" duration="1"/>
    <step time="240.40" loaded="682" inserted="280" running="280" waiting="1" ended="0" meanWaitingTime="0.09" meanTravelTime="-1.00" duration="0"/>
    <step time="240.50" loaded="682" inserted="281" running="281" waiting="1" ended="0" meanWaitingTime="0.09" meanTravelTime="-1.00" duration="1"/>
    <step time="240.60" loaded="683" inserted="281" running="281" waiting="1" ended="0" meanWaitingTime="0.09" meanTravelTime="-1.00" duration="0"/>
    <step time="240.70" loaded="683" inserted="281" running="281" waiting="1" ended="0" meanWaitingTime="0.09" meanTravelTime="-1.00" duration="1"/>
    <step time="240.80" loaded="683" inserted="281" running="281" waiting="1" ended="0" meanWaitingTime="0.09" meanTravelTime="-1.00" duration="0"/>
    <step time="240.90" loaded="683" inserted="281" running="281" waiting="1" ended="0" meanWaitingTime="0.09" meanTravelTime="-1.00" duration="1"/>
    <step time="241.00" loaded="683" inserted="282" running="282" waiting="1" ended="0" meanWaitingTime="0.09" meanTravelTime="-1.00" duration="0"/>
    <step time="241.10" loaded="684" inserted="282" running="282" waiting="1" ended="0" meanWaitingTime="0.09" meanTravelTime="-1.00" duration="1"/>
    <step time="241.20" loaded="684" inserted="282" running="282" waiting="1" ended="0" meanWaitingTime="0.09" meanTravelTime="-1.00" duration="0"/>
    <step time="241.30" loaded="684" inserted="282" running="282" waiting="1" ended="0" meanWaitingTime="0.09" meanTravelTime="-1.00" duration="1"/>
    <step time="241.40" loaded="684" inserted="282" running="282" waiting="1" ended="0" meanWaitingTime="0.09" meanTravelTime="-1.00" duration="1"/>
    <step time="241.50" loaded="684" inserted="282" running="282" waiting="2" ended="0" meanWaitingTime="0.09" meanTravelTime="-1.00" duration="0"/>
    <step time="241.60" loaded="685" inserted="282" running="282" waiting="2" ended="0" meanWaitingTime="0.09" meanTravelTime="-1.00" duration="1"/>
    <step time="241.70" loaded="685" inserted="282" running="282" waiting="2" ended="0" meanWaitingTime="0.09" meanTravelTime="-1.00" duration="0"/>
    <step time="241.80" loaded="685" inserted="282" running="282" waiting="2" ended="0" meanWaitingTime="0.09" meanTravelTime="-1.00" duration="1"/>
    <step time="241.90" loaded="685" inserted="282" running="282" waiting="2" ended="0" meanWaitingTime="0.09" meanTravelTime="-1.00" duration="0"/>
    <step time="242.00" loaded="685" inserted="283" running="283" waiting="2" ended="0" meanWaitingTime="0.09" meanTravelTime="-1.00" duration="1"/>
    <step time="242.10" loaded="686" inserted="283" running="283" waiting="2" ended="0" meanWaitingTime="0.09" meanTravelTime="-1.00" duration="0"/>
    <step time="242.20" loaded="686" inserted="283" running="283" waiting="2" ended="0" meanWaitingTime="0.09" meanTravelTime="-1.00" duration="1"/>
    <step time="242.30" loaded="686" inserted="283" running="283" waiting="2" ended="0" meanWaitingTime="0.09" meanTravelTime="-1.00" duration="0"/>
    <step time="242.40" loaded="686" inserted="283" running="283" waiting="2" ended="0" meanWaitingTime="0.09" meanTravelTime="-1.00" duration="1"/>
    <step time="242.50" loaded="686" inserted="284" running="284" waiting="2" ended="0" meanWaitingTime="0.09" meanTravelTime="-1.00" duration="0"/>
    <step time="242.60" loaded="687" inserted="284" running="284" waiting="2" ended="0" meanWaitingTime="0.09" meanTravelTime="-1.00" duration="1"/>
    <step time="242.70" loaded="687" inserted="284" running="284" waiting="2" ended="0" meanWaitingTime="0.09" meanTravelTime="-1.00" duration="1"/>
    <step time="242.80" loaded="687" inserted="284" running="284" waiting="2" ended="0" meanWaitingTime="0.09" meanTravelTime="-1.00" duration="0"/>
    <step time="242.90" loaded="687" inserted="284" running="284" waiting="2" ended="0" meanWaitingTime="0.09" meanTravelTime="-1.00" duration="1"/>
    <step time="243.00" loaded="687" inserted="285" running="285" waiting="2" ended="0" meanWaitingTime="0.09" meanTravelTime="-1.00" duration="0"/>
    <step time="243.10" loaded="688" inserted="285" running="285" waiting="2" ended="0" meanWaitingTime="0.09" meanTravelTime="-1.00" duration="1"/>
    <step time="243.20" loaded="688" inserted="285" running="285" waiting="2" ended="0" meanWaitingTime="0.09" meanTravelTime="-1.00" duration="0"/>
    <step time="243.30" loaded="688" inserted="285" running="285" waiting="2" ended="0" meanWaitingTime="0.09" meanTravelTime="-1.00" duration="1"/>
    <step time="243.40" loaded="688" inserted="285" running="285" waiting="2" ended="0" meanWaitingTime="0.09" meanTravelTime="-1.00" duration="0"/>
    <step time="243.50" loaded="688" inserted="286" running="286" waiting="2" ended="0" meanWaitingTime="0.09" meanTravelTime="-1.00" duration="1"/>
    <step time="243.60" loaded="689" inserted="286" running="286" waiting="2" ended="0" meanWaitingTime="0.09" meanTravelTime="-1.00" duration="0"/>
    <step time="243.70" loaded="689" inserted="286" running="286" waiting="2" ended="0" meanWaitingTime="0.09" meanTravelTime="-1.00" duration="1"/>
    <step time="243.80" loaded="689" inserted="287" running="287" waiting="1" ended="0" meanWaitingTime="0.10" meanTravelTime="-1.00" duration="1"/>
    <step time="243.90" loaded="689" inserted="287" running="287" waiting="1" ended="0" meanWaitingTime="0.10" meanTravelTime="-1.00" duration="0"/>
    <step time="244.00" loaded="689" inserted="288" running="288" waiting="1" ended="0" meanWaitingTime="0.10" meanTravelTime="-1.00" duration="1"/>
    <step time="244.10" loaded="690" inserted="288" running="288" waiting="1" ended="0" meanWaitingTime="0.10" meanTravelTime="-1.00" duration="0"/>
    <step time="244.20" loaded="690" inserted="288" running="288" waiting="1" ended="0" meanWaitingTime="0.10" meanTravelTime="-1.00" duration="1"/>
    <step time="244.30" loaded="690" inserted="288" running="288" waiting="1" ended="0" meanWaitingTime="0.10" meanTravelTime="-1.00" duration="0"/>
    <step time="244.40" loaded="690" inserted="288" running="288" waiting="1" ended="0" meanWaitingTime="0.10" meanTravelTime="-1.00" duration="1"/>
    <step time="244.50" loaded="690" inserted="289" running="289" waiting="1" ended="0" meanWaitingTime="0.10" meanTravelTime="-1.00" duration="0"/>
    <step time="244.60" loaded="691" inserted="289" running="289" waiting="1" ended="0" meanWaitingTime="0.10" meanTravelTime="-1.00" duration="1"/>
    <step time="244.70" loaded="691" inserted="289" running="289" waiting="1" ended="0" meanWaitingTime="0.10" meanTravelTime="-1.00" duration="1"/>
    <step time="244.80" loaded="691" inserted="290" running="290" waiting="0" ended="0" meanWaitingTime="0.12" meanTravelTime="-1.00" duration="0"/>
    <step time="244.90" loaded="691" inserted="290" running="290" waiting="0" ended="0" meanWaitingTime="0.12" meanTravelTime="-1.00" duration="1"/>
    <step time="245.00" loaded="691" inserted="291" running="291" waiting="0" ended="0" meanWaitingTime="0.12" meanTravelTime="-1.00" duration="0"/>
    <step time="245.10" loaded="692" inserted="291" running="291" waiting="0" ended="0" meanWaitingTime="0.12" meanTravelTime="-1.00" duration="1"/>
    <step time="245.20" loaded="692" inserted="291" running="291" waiting="0" ended="0" meanWaitingTime="0.12" meanTravelTime="-1.00" duration="0"/>
    <step time="245.30" loaded="692" inserted="291" running="291" waiting="0" ended="0" meanWaitingTime="0.12" meanTravelTime="-1.00" duration="1"/>
    <step time="245.40" loaded="692" inserted="291" running="291" waiting="0" ended="0" meanWaitingTime="0.12" meanTravelTime="-1.00" duration="0"/>
    <step time="245.50" loaded="692" inserted="292" running="292" waiting="0" ended="0" meanWaitingTime="0.12" meanTravelTime="-1.00" duration="1"/>
    <step time="245.60" loaded="693" inserted="292" running="292" waiting="0" ended="0" meanWaitingTime="0.12" meanTravelTime="-1.00" duration="0"/>
    <step time="245.70" loaded="693" inserted="292" running="292" waiting="0" ended="0" meanWaitingTime="0.12" meanTravelTime="-1.00" duration="1"/>
    <step time="245.80" loaded="693" inserted="292" running="292" waiting="0" ended="0" meanWaitingTime="0.12" meanTravelTime="-1.00" duration="0"/>
    <step time="245.90" loaded="693" inserted="292" running="292" waiting="0" ended="0" meanWaitingTime="0.12" meanTravelTime="-1.00" duration="1"/>
    <step time="246.00" loaded="693" inserted="293" running="293" waiting="0" ended="0" meanWaitingTime="0.12" meanTravelTime="-1.00" duration="0"/>
    <step time="246.10" loaded="694" inserted="293" running="293" waiting="0" ended="0" meanWaitingTime="0.12" meanTravelTime="-1.00" duration="1"/>
    <step time="246.20" loaded="694" inserted="293" running="293" waiting="0" ended="0" meanWaitingTime="0.12" meanTravelTime="-1.00" duration="0"/>
    <step time="246.30" loaded="694" inserted="293" running="293" waiting="0" ended="0" meanWaitingTime="0.12" meanTravelTime="-1.00" duration="1"/>
    <step time="246.40" loaded="694" inserted="293" running="293" waiting="0" ended="0" meanWaitingTime="0.12" meanTravelTime="-1.00" duration="0"/>
    <step time="246.50" loaded="694" inserted="294" running="294" waiting="0" ended="0" meanWaitingTime="0.11" meanTravelTime="-1.00" duration="1"/>
    <step time="246.60" loaded="695" inserted="294" running="294" waiting="0" ended="0" meanWaitingTime="0.11" meanTravelTime="-1.00" duration="0"/>
    <step time="246.70" loaded="695" inserted="294" running="294" waiting="0" ended="0" meanWaitingTime="0.11" meanTravelTime="-1.00" duration="1"/>
    <step time="246.80" loaded="695" inserted="294" running="294" waiting="0" ended="0" meanWaitingTime="0.11" meanTravelTime="-1.00" duration="0"/>
    <step time="246.90" loaded="695" inserted="294" running="294" waiting="0" ended="0" meanWaitingTime="0.11" meanTravelTime="-1.00" duration="1"/>
    <step time="247.00" loaded="695" inserted="295" running="295" waiting="0" ended="0" meanWaitingTime="0.11" meanTravelTime="-1.00" duration="0"/>
    <step time="247.10" loaded="696" inserted="295" running="295" waiting="0" ended="0" meanWaitingTime="0.11" meanTravelTime="-1.00" duration="1"/>
    <step time="247.20" loaded="696" inserted="295" running="295" waiting="0" ended="0" meanWaitingTime="0.11" meanTravelTime="-1.00" duration="0"/>
    <step time="247.30" loaded="696" inserted="295" running="295" waiting="0" ended="0" meanWaitingTime="0.11" meanTravelTime="-1.00" duration="1"/>
    <step time="247.40" loaded="696" inserted="295" running="295" waiting="0" ended="0" meanWaitingTime="0.11" meanTravelTime="-1.00" duration="0"/>
    <step time="247.50" loaded="696" inserted="296" running="296" waiting="0" ended="0" meanWaitingTime="0.11" meanTravelTime="-1.00" duration="1"/>
    <step time="247.60" loaded="697" inserted="296" running="296" waiting="0" ended="0" meanWaitingTime="0.11" meanTravelTime="-1.00" duration="0"/>
    <step time="247.70" loaded="697" inserted="296" running="296" waiting="0" ended="0" meanWaitingTime="0.11" meanTravelTime="-1.00" duration="1"/>
    <step time="247.80" loaded="697" inserted="296" running="296" waiting="0" ended="0" meanWaitingTime="0.11" meanTravelTime="-1.00" duration="0"/>
    <step time="247.90" loaded="697" inserted="296" running="296" waiting="0" ended="0" meanWaitingTime="0.11" meanTravelTime="-1.00" duration="1"/>
    <step time="248.00" loaded="697" inserted="297" running="297" waiting="0" ended="0" meanWaitingTime="0.11" meanTravelTime="-1.00" duration="0"/>
    <step time="248.10" loaded="698" inserted="297" running="297" waiting="0" ended="0" meanWaitingTime="0.11" meanTravelTime="-1.00" duration="1"/>
    <step time="248.20" loaded="698" inserted="297" running="297" waiting="0" ended="0" meanWaitingTime="0.11" meanTravelTime="-1.00" duration="1"/>
    <step time="248.30" loaded="698" inserted="297" running="297" waiting="0" ended="0" meanWaitingTime="0.11" meanTravelTime="-1.00" duration="0"/>
    <step time="248.40" loaded="698" inserted="297" running="297" waiting="0" ended="0" meanWaitingTime="0.11" meanTravelTime="-1.00" duration="1"/>
    <step time="248.50" loaded="698" inserted="298" running="298" waiting="0" ended="0" meanWaitingTime="0.11" meanTravelTime="-1.00" duration="0"/>
    <step time="248.60" loaded="699" inserted="298" running="298" waiting="0" ended="0" meanWaitingTime="0.11" meanTravelTime="-1.00" duration="1"/>
    <step time="248.70" loaded="699" inserted="298" running="298" waiting="0" ended="0" meanWaitingTime="0.11" meanTravelTime="-1.00" duration="0"/>
    <step time="248.80" loaded="699" inserted="298" running="298" waiting="0" ended="0" meanWaitingTime="0.11" meanTravelTime="-1.00" duration="1"/>
    <step time="248.90" loaded="699" inserted="298" running="298" waiting="0" ended="0" meanWaitingTime="0.11" meanTravelTime="-1.00" duration="0"/>
    <step time="249.00" loaded="699" inserted="299" running="299" waiting="0" ended="0" meanWaitingTime="0.11" meanTravelTime="-1.00" duration="1"/>
    <step time="249.10" loaded="700" inserted="299" running="299" waiting="0" ended="0" meanWaitingTime="0.11" meanTravelTime="-1.00" duration="1"/>
    <step time="249.20" loaded="700" inserted="299" running="299" waiting="0" ended="0" meanWaitingTime="0.11" meanTravelTime="-1.00" duration="0"/>
    <step time="249.30" loaded="700" inserted="299" running="299" waiting="0" ended="0" meanWaitingTime="0.11" meanTravelTime="-1.00" duration="1"/>
    <step time="249.40" loaded="700" inserted="299" running="299" waiting="0" ended="0" meanWaitingTime="0.11" meanTravelTime="-1.00" duration="0"/>
    <step time="249.50" loaded="700" inserted="300" running="300" waiting="0" ended="0" meanWaitingTime="0.11" meanTravelTime="-1.00" duration="1"/>
    <step time="249.60" loaded="701" inserted="300" running="300" waiting="0" ended="0" meanWaitingTime="0.11" meanTravelTime="-1.00" duration="0"/>
    <step time="249.70" loaded="701" inserted="300" running="299" waiting="0" ended="1" meanWaitingTime="0.11" meanTravelTime="149.20" duration="1"/>
    <step time="249.80" loaded="701" inserted="300" running="299" waiting="0" ended="1" meanWaitingTime="0.11" meanTravelTime="149.20" duration="0"/>
    <step time="249.90" loaded="701" inserted="300" running="299" waiting="0" ended="1" meanWaitingTime="0.11" meanTravelTime="149.20" duration="1"/>
    <step time="250.00" loaded="701" inserted="301" running="300" waiting="0" ended="1" meanWaitingTime="0.11" meanTravelTime="149.20" duration="0"/>
    <step time="250.10" loaded="702" inserted="301" running="300" waiting="0" ended="1" meanWaitingTime="0.11" meanTravelTime="149.20" duration="1"/>
    <step time="250.20" loaded="702" inserted="301" running="300" waiting="0" ended="1" meanWaitingTime="0.11" meanTravelTime="149.20" duration="0"/>
    <step time="250.30" loaded="702" inserted="301" running="300" waiting="0" ended="1" meanWaitingTime="0.11" meanTravelTime="149.20" duration="1"/>
    <step time="250.40" loaded="702" inserted="301" running="300" waiting="0" ended="1" meanWaitingTime="0.11" meanTravelTime="149.20" duration="1"/>
    <step time="250.50" loaded="702" inserted="301" running="300" waiting="1" ended="1" meanWaitingTime="0.11" meanTravelTime="149.20" duration="0"/>
    <step time="250.60" loaded="703" inserted="301" running="300" waiting="1" ended="1" meanWaitingTime="0.11" meanTravelTime="149.20" duration="1"/>
    <step time="250.70" loaded="703" inserted="301" running="300" waiting="1" ended="1" meanWaitingTime="0.11" meanTravelTime="149.20" duration="0"/>
    <step time="250.80" loaded="703" inserted="301" running="300" waiting="1" ended="1" meanWaitingTime="0.11" meanTravelTime="149.20" duration="1"/>
    <step time="250.90" loaded="703" inserted="301" running="300" waiting="1" ended="1" meanWaitingTime="0.11" meanTravelTime="149.20" duration="0"/>
    <step time="251.00" loaded="703" inserted="301" running="300" waiting="2" ended="1" meanWaitingTime="0.11" meanTravelTime="149.20" duration="1"/>
    <step time="251.10" loaded="704" inserted="301" running="300" waiting="2" ended="1" meanWaitingTime="0.11" meanTravelTime="149.20" duration="1"/>
    <step time="251.20" loaded="704" inserted="301" running="300" waiting="2" ended="1" meanWaitingTime="0.11" meanTravelTime="149.20" duration="0"/>
    <step time="251.30" loaded="704" inserted="301" running="300" waiting="2" ended="1" meanWaitingTime="0.11" meanTravelTime="149.20" duration="1"/>
    <step time="251.40" loaded="704" inserted="301" running="300" waiting="2" ended="1" meanWaitingTime="0.11" meanTravelTime="149.20" duration="1"/>
    <step time="251.50" loaded="704" inserted="302" running="301" waiting="2" ended="1" meanWaitingTime="0.11" meanTravelTime="149.20" duration="0"/>
    <step time="251.60" loaded="705" inserted="302" running="301" waiting="2" ended="1" meanWaitingTime="0.11" meanTravelTime="149.20" duration="1"/>
    <step time="251.70" loaded="705" inserted="302" running="301" waiting="2" ended="1" meanWaitingTime="0.11" meanTravelTime="149.20" duration="0"/>
    <step time="251.80" loaded="705" inserted="302" running="301" waiting="2" ended="1" meanWaitingTime="0.11" meanTravelTime="149.20" duration="1"/>
    <step time="251.90" loaded="705" inserted="302" running="301" waiting="2" ended="1" meanWaitingTime="0.11" meanTravelTime="149.20" duration="0"/>
    <step time="252.00" loaded="705" inserted="303" running="302" waiting="2" ended="1" meanWaitingTime="0.11" meanTravelTime="149.20" duration="1"/>
    <step time="252.10" loaded="706" inserted="303" running="302" waiting="2" ended="1" meanWaitingTime="0.11" meanTravelTime="149.20" duration="0"/>
    <step time="252.20" loaded="706" inserted="303" running="302" waiting="2" ended="1" meanWaitingTime="0.11" meanTravelTime="149.20" duration="1"/>
    <step time="252.30" loaded="706" inserted="304" running="303" waiting="1" ended="1" meanWaitingTime="0.12" meanTravelTime="149.20" duration="0"/>
    <step time="252.40" loaded="706" inserted="304" running="303" waiting="1" ended="1" meanWaitingTime="0.12" meanTravelTime="149.20" duration="1"/>
    <step time="252.50" loaded="706" inserted="305" running="304" waiting="1" ended="1" meanWaitingTime="0.12" meanTravelTime="149.20" duration="0"/>
    <step time="252.60" loaded="707" inserted="305" running="304" waiting="1" ended="1" meanWaitingTime="0.12" meanTravelTime="149.20" duration="1"/>
    <step time="252.70" loaded="707" inserted="305" running="304" waiting="1" ended="1" meanWaitingTime="0.12" meanTravelTime="149.20" duration="0"/>
    <step time="252.80" loaded="707" inserted="305" running="304" waiting="1" ended="1" meanWaitingTime="0.12" meanTravelTime="149.20" duration="1"/>
    <step time="252.90" loaded="707" inserted="305" running="304" waiting="1" ended="1" meanWaitingTime="0.12" meanTravelTime="149.20" duration="1"/>
    <step time="253.00" loaded="707" inserted="306" running="305" waiting="1" ended="1" meanWaitingTime="0.11" meanTravelTime="149.20" duration="0"/>
    <step time="253.10" loaded="708" inserted="306" running="305" waiting="1" ended="1" meanWaitingTime="0.11" meanTravelTime="149.20" duration="0"/>
    <step time="253.20" loaded="708" inserted="306" running="305" waiting="1" ended="1" meanWaitingTime="0.11" meanTravelTime="149.20" duration="1"/>
    <step time="253.30" loaded="708" inserted="306" running="305" waiting="1" ended="1" meanWaitingTime="0.11" meanTravelTime="149.20" duration="1"/>
    <step time="253.40" loaded="708" inserted="306" running="305" waiting="1" ended="1" meanWaitingTime="0.11" meanTravelTime="149.20" duration="0"/>
    <step time="253.50" loaded="708" inserted="307" running="306" waiting="1" ended="1" meanWaitingTime="0.11" meanTravelTime="149.20" duration="1"/>
    <step time="253.60" loaded="709" inserted="307" running="306" waiting="1" ended="1" meanWaitingTime="0.11" meanTravelTime="149.20" duration="0"/>
    <step time="253.70" loaded="709" inserted="307" running="306" waiting="1" ended="1" meanWaitingTime="0.11" meanTravelTime="149.20" duration="1"/>
    <step time="253.80" loaded="709" inserted="307" running="306" waiting="1" ended="1" meanWaitingTime="0.11" meanTravelTime="149.20" duration="0"/>
    <step time="253.90" loaded="709" inserted="307" running="306" waiting="1" ended="1" meanWaitingTime="0.11" meanTravelTime="149.20" duration="1"/>
    <step time="254.00" loaded="709" inserted="308" running="307" waiting="1" ended="1" meanWaitingTime="0.11" meanTravelTime="149.20" duration="0"/>
    <step time="254.10" loaded="710" inserted="308" running="307" waiting="1" ended="1" meanWaitingTime="0.11" meanTravelTime="149.20" duration="1"/>
    <step time="254.20" loaded="710" inserted="308" running="307" waiting="1" ended="1" meanWaitingTime="0.11" meanTravelTime="149.20" duration="1"/>
    <step time="254.30" loaded="710" inserted="308" running="307" waiting="1" ended="1" meanWaitingTime="0.11" meanTravelTime="149.20" duration="0"/>
    <step time="254.40" loaded="710" inserted="308" running="307" waiting="1" ended="1" meanWaitingTime="0.11" meanTravelTime="149.20" duration="1"/>
    <step time="254.50" loaded="710" inserted="309" running="308" waiting="1" ended="1" meanWaitingTime="0.11" meanTravelTime="149.20" duration="0"/>
    <step time="254.60" loaded="711" inserted="309" running="308" waiting="1" ended="1" meanWaitingTime="0.11" meanTravelTime="149.20" duration="1"/>
    <step time="254.70" loaded="711" inserted="309" running="308" waiting="1" ended="1" meanWaitingTime="0.11" meanTravelTime="149.20" duration="1"/>
    <step time="254.80" loaded="711" inserted="309" running="308" waiting="1" ended="1" meanWaitingTime="0.11" meanTravelTime="149.20" duration="0"/>
    <step time="254.90" loaded="711" inserted="309" running="308" waiting="1" ended="1" meanWaitingTime="0.11" meanTravelTime="149.20" duration="1"/>
    <step time="255.00" loaded="711" inserted="310" running="309" waiting="1" ended="1" meanWaitingTime="0.11" meanTravelTime="149.20" duration="0"/>
    <step time="255.10" loaded="712" inserted="310" running="309" waiting="1" ended="1" meanWaitingTime="0.11" meanTravelTime="149.20" duration="0"/>
    <step time="255.20" loaded="712" inserted="310" running="309" waiting="1" ended="1" meanWaitingTime="0.11" meanTravelTime="149.20" duration="1"/>
    <step time="255.30" loaded="712" inserted="310" running="309" waiting="1" ended="1" meanWaitingTime="0.11" meanTravelTime="149.20" duration="1"/>
    <step time="255.40" loaded="712" inserted="310" running="309" waiting="1" ended="1" meanWaitingTime="0.11" meanTravelTime="149.20" duration="0"/>
    <step time="255.50" loaded="712" inserted="311" running="310" waiting="1" ended="1" meanWaitingTime="0.11" meanTravelTime="149.20" duration="1"/>
    <step time="255.60" loaded="713" inserted="311" running="310" waiting="1" ended="1" meanWaitingTime="0.11" meanTravelTime="149.20" duration="0"/>
    <step time="255.70" loaded="713" inserted="311" running="310" waiting="1" ended="1" meanWaitingTime="0.11" meanTravelTime="149.20" duration="1"/>
    <step time="255.80" loaded="713" inserted="311" running="310" waiting="1" ended="1" meanWaitingTime="0.11" meanTravelTime="149.20" duration="0"/>
    <step time="255.90" loaded="713" inserted="311" running="310" waiting="1" ended="1" meanWaitingTime="0.11" meanTravelTime="149.20" duration="1"/>
    <step time="256.00" loaded="713" inserted="311" running="310" waiting="2" ended="1" meanWaitingTime="0.11" meanTravelTime="149.20" duration="0"/>
    <step time="256.10" loaded="714" inserted="311" running="310" waiting="2" ended="1" meanWaitingTime="0.11" meanTravelTime="149.20" duration="1"/>
    <step time="256.20" loaded="714" inserted="311" running="310" waiting="2" ended="1" meanWaitingTime="0.11" meanTravelTime="149.20" duration="0"/>
    <step time="256.30" loaded="714" inserted="311" running="310" waiting="2" ended="1" meanWaitingTime="0.11" meanTravelTime="149.20" duration="1"/>
    <step time="256.40" loaded="714" inserted="311" running="310" waiting="2" ended="1" meanWaitingTime="0.11" meanTravelTime="149.20" duration="0"/>
    <step time="256.50" loaded="714" inserted="313" running="312" waiting="1" ended="1" meanWaitingTime="0.11" meanTravelTime="149.20" duration="1"/>
    <step time="256.60" loaded="715" inserted="313" running="312" waiting="1" ended="1" meanWaitingTime="0.11" meanTravelTime="149.20" duration="0"/>
    <step time="256.70" loaded="715" inserted="313" running="312" waiting="1" ended="1" meanWaitingTime="0.11" meanTravelTime="149.20" duration="1"/>
    <step time="256.80" loaded="715" inserted="313" running="312" waiting="1" ended="1" meanWaitingTime="0.11" meanTravelTime="149.20" duration="0"/>
    <step time="256.90" loaded="715" inserted="313" running="312" waiting="1" ended="1" meanWaitingTime="0.11" meanTravelTime="149.20" duration="1"/>
    <step time="257.00" loaded="715" inserted="313" running="312" waiting="2" ended="1" meanWaitingTime="0.11" meanTravelTime="149.20" duration="0"/>
    <step time="257.10" loaded="716" inserted="313" running="312" waiting="2" ended="1" meanWaitingTime="0.11" meanTravelTime="149.20" duration="1"/>
    <step time="257.20" loaded="716" inserted="313" running="312" waiting="2" ended="1" meanWaitingTime="0.11" meanTravelTime="149.20" duration="0"/>
    <step time="257.30" loaded="716" inserted="314" running="313" waiting="1" ended="1" meanWaitingTime="0.11" meanTravelTime="149.20" duration="1"/>
    <step time="257.40" loaded="716" inserted="314" running="313" waiting="1" ended="1" meanWaitingTime="0.11" meanTravelTime="149.20" duration="0"/>
    <step time="257.50" loaded="716" inserted="314" running="313" waiting="2" ended="1" meanWaitingTime="0.11" meanTravelTime="149.20" duration="1"/>
    <step time="257.60" loaded="717" inserted="314" running="313" waiting="2" ended="1" meanWaitingTime="0.11" meanTravelTime="149.20" duration="0"/>
    <step time="257.70" loaded="717" inserted="314" running="313" waiting="2" ended="1" meanWaitingTime="0.11" meanTravelTime="149.20" duration="1"/>
    <step time="257.80" loaded="717" inserted="315" running="314" waiting="1" ended="1" meanWaitingTime="0.11" meanTravelTime="149.20" duration="1"/>
    <step time="257.90" loaded="717" inserted="315" running="314" waiting="1" ended="1" meanWaitingTime="0.11" meanTravelTime="149.20" duration="0"/>
    <step time="258.00" loaded="717" inserted="316" running="315" waiting="1" ended="1" meanWaitingTime="0.11" meanTravelTime="149.20" duration="0"/>
    <step time="258.10" loaded="718" inserted="316" running="315" waiting="1" ended="1" meanWaitingTime="0.11" meanTravelTime="149.20" duration="1"/>
    <step time="258.20" loaded="718" inserted="316" running="315" waiting="1" ended="1" meanWaitingTime="0.11" meanTravelTime="149.20" duration="0"/>
    <step time="258.30" loaded="718" inserted="316" running="315" waiting="1" ended="1" meanWaitingTime="0.11" meanTravelTime="149.20" duration="1"/>
    <step time="258.40" loaded="718" inserted="316" running="315" waiting="1" ended="1" meanWaitingTime="0.11" meanTravelTime="149.20" duration="0"/>
    <step time="258.50" loaded="718" inserted="317" running="316" waiting="1" ended="1" meanWaitingTime="0.11" meanTravelTime="149.20" duration="1"/>
    <step time="258.60" loaded="719" inserted="317" running="316" waiting="1" ended="1" meanWaitingTime="0.11" meanTravelTime="149.20" duration="0"/>
    <step time="258.70" loaded="719" inserted="317" running="316" waiting="1" ended="1" meanWaitingTime="0.11" meanTravelTime="149.20" duration="1"/>
    <step time="258.80" loaded="719" inserted="317" running="316" waiting="1" ended="1" meanWaitingTime="0.11" meanTravelTime="149.20" duration="0"/>
    <step time="258.90" loaded="719" inserted="318" running="317" waiting="0" ended="1" meanWaitingTime="0.14" meanTravelTime="149.20" duration="0"/>
    <step time="259.00" loaded="719" inserted="319" running="318" waiting="0" ended="1" meanWaitingTime="0.14" meanTravelTime="149.20" duration="1"/>
    <step time="259.10" loaded="720" inserted="319" running="318" waiting="0" ended="1" meanWaitingTime="0.14" meanTravelTime="149.20" duration="0"/>
    <step time="259.20" loaded="720" inserted="319" running="318" waiting="0" ended="1" meanWaitingTime="0.14" meanTravelTime="149.20" duration="1"/>
    <step time="259.30" loaded="720" inserted="319" running="318" waiting="0" ended="1" meanWaitingTime="0.14" meanTravelTime="149.20" duration="0"/>
    <step time="259.40" loaded="720" inserted="319" running="318" waiting="0" ended="1" meanWaitingTime="0.14" meanTravelTime="149.20" duration="1"/>
    <step time="259.50" loaded="720" inserted="320" running="319" waiting="0" ended="1" meanWaitingTime="0.14" meanTravelTime="149.20" duration="0"/>
    <step time="259.60" loaded="721" inserted="320" running="319" waiting="0" ended="1" meanWaitingTime="0.14" meanTravelTime="149.20" duration="1"/>
    <step time="259.70" loaded="721" inserted="320" running="319" waiting="0" ended="1" meanWaitingTime="0.14" meanTravelTime="149.20" duration="0"/>
    <step time="259.80" loaded="721" inserted="320" running="319" waiting="0" ended="1" meanWaitingTime="0.14" meanTravelTime="149.20" duration="0"/>
    <step time="259.90" loaded="721" inserted="320" running="319" waiting="0" ended="1" meanWaitingTime="0.14" meanTravelTime="149.20" duration="1"/>
    <step time="260.00" loaded="721" inserted="320" running="319" waiting="1" ended="1" meanWaitingTime="0.14" meanTravelTime="149.20" duration="0"/>
    <step time="260.10" loaded="722" inserted="320" running="319" waiting="1" ended="1" meanWaitingTime="0.14" meanTravelTime="149.20" duration="1"/>
    <step time="260.20" loaded="722" inserted="321" running="320" waiting="0" ended="1" meanWaitingTime="0.14" meanTravelTime="149.20" duration="0"/>
    <step time="260.30" loaded="722" inserted="321" running="320" waiting="0" ended="1" meanWaitingTime="0.14" meanTravelTime="149.20" duration="1"/>
    <step time="260.40" loaded="722" inserted="321" running="320" waiting="0" ended="1" meanWaitingTime="0.14" meanTravelTime="149.20" duration="0"/>
    <step time="260.50" loaded="722" inserted="322" running="321" waiting="0" ended="1" meanWaitingTime="0.14" meanTravelTime="149.20" duration="0"/>
    <step time="260.60" loaded="723" inserted="322" running="321" waiting="0" ended="1" meanWaitingTime="0.14" meanTravelTime="149.20" duration="1"/>
    <step time="260.70" loaded="723" inserted="322" running="321" waiting="0" ended="1" meanWaitingTime="0.14" meanTravelTime="149.20" duration="1"/>
    <step time="260.80" loaded="723" inserted="322" running="321" waiting="0" ended="1" meanWaitingTime="0.14" meanTravelTime="149.20" duration="0"/>
    <step time="260.90" loaded="723" inserted="322" running="321" waiting="0" ended="1" meanWaitingTime="0.14" meanTravelTime="149.20" duration="1"/>
    <step time="261.00" loaded="723" inserted="323" running="322" waiting="0" ended="1" meanWaitingTime="0.14" meanTravelTime="149.20" duration="0"/>
    <step time="261.10" loaded="724" inserted="323" running="322" waiting="0" ended="1" meanWaitingTime="0.14" meanTravelTime="149.20" duration="1"/>
    <step time="261.20" loaded="724" inserted="323" running="322" waiting="0" ended="1" meanWaitingTime="0.14" meanTravelTime="149.20" duration="0"/>
    <step time="261.30" loaded="724" inserted="323" running="322" waiting="0" ended="1" meanWaitingTime="0.14" meanTravelTime="149.20" duration="1"/>
    <step time="261.40" loaded="724" inserted="323" running="322" waiting="0" ended="1" meanWaitingTime="0.14" meanTravelTime="149.20" duration="0"/>
    <step time="261.50" loaded="724" inserted="324" running="323" waiting="0" ended="1" meanWaitingTime="0.14" meanTravelTime="149.20" duration="1"/>
    <step time="261.60" loaded="725" inserted="324" running="323" waiting="0" ended="1" meanWaitingTime="0.14" meanTravelTime="149.20" duration="0"/>
    <step time="261.70" loaded="725" inserted="324" running="323" waiting="0" ended="1" meanWaitingTime="0.14" meanTravelTime="149.20" duration="1"/>
    <step time="261.80" loaded="725" inserted="324" running="323" waiting="0" ended="1" meanWaitingTime="0.14" meanTravelTime="149.20" duration="0"/>
    <step time="261.90" loaded="725" inserted="324" running="323" waiting="0" ended="1" meanWaitingTime="0.14" meanTravelTime="149.20" duration="0"/>
    <step time="262.00" loaded="725" inserted="325" running="324" waiting="0" ended="1" meanWaitingTime="0.14" meanTravelTime="149.20" duration="1"/>
    <step time="262.10" loaded="726" inserted="325" running="324" waiting="0" ended="1" meanWaitingTime="0.14" meanTravelTime="149.20" duration="0"/>
    <step time="262.20" loaded="726" inserted="325" running="324" waiting="0" ended="1" meanWaitingTime="0.14" meanTravelTime="149.20" duration="1"/>
    <step time="262.30" loaded="726" inserted="325" running="324" waiting="0" ended="1" meanWaitingTime="0.14" meanTravelTime="149.20" duration="0"/>
    <step time="262.40" loaded="726" inserted="325" running="324" waiting="0" ended="1" meanWaitingTime="0.14" meanTravelTime="149.20" duration="0"/>
    <step time="262.50" loaded="726" inserted="326" running="325" waiting="0" ended="1" meanWaitingTime="0.14" meanTravelTime="149.20" duration="1"/>
    <step time="262.60" loaded="727" inserted="326" running="325" waiting="0" ended="1" meanWaitingTime="0.14" meanTravelTime="149.20" duration="0"/>
    <step time="262.70" loaded="727" inserted="326" running="325" waiting="0" ended="1" meanWaitingTime="0.14" meanTravelTime="149.20" duration="0"/>
    <step time="262.80" loaded="727" inserted="326" running="325" waiting="0" ended="1" meanWaitingTime="0.14" meanTravelTime="149.20" duration="1"/>
    <step time="262.90" loaded="727" inserted="326" running="325" waiting="0" ended="1" meanWaitingTime="0.14" meanTravelTime="149.20" duration="0"/>
    <step time="263.00" loaded="727" inserted="327" running="326" waiting="0" ended="1" meanWaitingTime="0.14" meanTravelTime="149.20" duration="1"/>
    <step time="263.10" loaded="728" inserted="327" running="326" waiting="0" ended="1" meanWaitingTime="0.14" meanTravelTime="149.20" duration="0"/>
    <step time="263.20" loaded="728" inserted="327" running="326" waiting="0" ended="1" meanWaitingTime="0.14" meanTravelTime="149.20" duration="0"/>
    <step time="263.30" loaded="728" inserted="327" running="326" waiting="0" ended="1" meanWaitingTime="0.14" meanTravelTime="149.20" duration="1"/>
    <step time="263.40" loaded="728" inserted="327" running="326" waiting="0" ended="1" meanWaitingTime="0.14" meanTravelTime="149.20" duration="0"/>
    <step time="263.50" loaded="728" inserted="328" running="327" waiting="0" ended="1" meanWaitingTime="0.14" meanTravelTime="149.20" duration="0"/>
    <step time="263.60" loaded="729" inserted="328" running="327" waiting="0" ended="1" meanWaitingTime="0.14" meanTravelTime="149.20" duration="1"/>
    <step time="263.70" loaded="729" inserted="328" running="327" waiting="0" ended="1" meanWaitingTime="0.14" meanTravelTime="149.20" duration="0"/>
    <step time="263.80" loaded="729" inserted="328" running="327" waiting="0" ended="1" meanWaitingTime="0.14" meanTravelTime="149.20" duration="1"/>
    <step time="263.90" loaded="729" inserted="328" running="327" waiting="0" ended="1" meanWaitingTime="0.14" meanTravelTime="149.20" duration="0"/>
    <step time="264.00" loaded="729" inserted="329" running="328" waiting="0" ended="1" meanWaitingTime="0.14" meanTravelTime="149.20" duration="0"/>
    <step time="264.10" loaded="730" inserted="329" running="328" waiting="0" ended="1" meanWaitingTime="0.14" meanTravelTime="149.20" duration="1"/>
    <step time="264.20" loaded="730" inserted="329" running="328" waiting="0" ended="1" meanWaitingTime="0.14" meanTravelTime="149.20" duration="0"/>
    <step time="264.30" loaded="730" inserted="329" running="328" waiting="0" ended="1" meanWaitingTime="0.14" meanTravelTime="149.20" duration="1"/>
    <step time="264.40" loaded="730" inserted="329" running="328" waiting="0" ended="1" meanWaitingTime="0.14" meanTravelTime="149.20" duration="0"/>
    <step time="264.50" loaded="730" inserted="330" running="329" waiting="0" ended="1" meanWaitingTime="0.14" meanTravelTime="149.20" duration="0"/>
    <step time="264.60" loaded="731" inserted="330" running="329" waiting="0" ended="1" meanWaitingTime="0.14" meanTravelTime="149.20" duration="1"/>
    <step time="264.70" loaded="731" inserted="330" running="329" waiting="0" ended="1" meanWaitingTime="0.14" meanTravelTime="149.20" duration="0"/>
    <step time="264.80" loaded="731" inserted="330" running="329" waiting="0" ended="1" meanWaitingTime="0.14" meanTravelTime="149.20" duration="1"/>
    <step time="264.90" loaded="731" inserted="330" running="329" waiting="0" ended="1" meanWaitingTime="0.14" meanTravelTime="149.20" duration="0"/>
    <step time="265.00" loaded="731" inserted="331" running="330" waiting="0" ended="1" meanWaitingTime="0.14" meanTravelTime="149.20" duration="1"/>
    <step time="265.10" loaded="732" inserted="331" running="330" waiting="0" ended="1" meanWaitingTime="0.14" meanTravelTime="149.20" duration="0"/>
    <step time="265.20" loaded="732" inserted="331" running="330" waiting="0" ended="1" meanWaitingTime="0.14" meanTravelTime="149.20" duration="1"/>
    <step time="265.30" loaded="732" inserted="331" running="330" waiting="0" ended="1" meanWaitingTime="0.14" meanTravelTime="149.20" duration="0"/>
    <step time="265.40" loaded="732" inserted="331" running="330" waiting="0" ended="1" meanWaitingTime="0.14" meanTravelTime="149.20" duration="0"/>
    <step time="265.50" loaded="732" inserted="332" running="331" waiting="0" ended="1" meanWaitingTime="0.13" meanTravelTime="149.20" duration="1"/>
    <step time="265.60" loaded="733" inserted="332" running="331" waiting="0" ended="1" meanWaitingTime="0.13" meanTravelTime="149.20" duration="0"/>
    <step time="265.70" loaded="733" inserted="332" running="331" waiting="0" ended="1" meanWaitingTime="0.13" meanTravelTime="149.20" duration="1"/>
    <step time="265.80" loaded="733" inserted="332" running="331" waiting="0" ended="1" meanWaitingTime="0.13" meanTravelTime="149.20" duration="0"/>
    <step time="265.90" loaded="733" inserted="332" running="331" waiting="0" ended="1" meanWaitingTime="0.13" meanTravelTime="149.20" duration="0"/>
    <step time="266.00" loaded="733" inserted="333" running="332" waiting="0" ended="1" meanWaitingTime="0.13" meanTravelTime="149.20" duration="1"/>
    <step time="266.10" loaded="734" inserted="333" running="332" waiting="0" ended="1" meanWaitingTime="0.13" meanTravelTime="149.20" duration="0"/>
    <step time="266.20" loaded="734" inserted="333" running="332" waiting="0" ended="1" meanWaitingTime="0.13" meanTravelTime="149.20" duration="1"/>
    <step time="266.30" loaded="734" inserted="333" running="332" waiting="0" ended="1" meanWaitingTime="0.13" meanTravelTime="149.20" duration="0"/>
    <step time="266.40" loaded="734" inserted="333" running="332" waiting="0" ended="1" meanWaitingTime="0.13" meanTravelTime="149.20" duration="0"/>
    <step time="266.50" loaded="734" inserted="334" running="333" waiting="0" ended="1" meanWaitingTime="0.13" meanTravelTime="149.20" duration="1"/>
    <step time="266.60" loaded="735" inserted="334" running="333" waiting="0" ended="1" meanWaitingTime="0.13" meanTravelTime="149.20" duration="0"/>
    <step time="266.70" loaded="735" inserted="334" running="333" waiting="0" ended="1" meanWaitingTime="0.13" meanTravelTime="149.20" duration="0"/>
    <step time="266.80" loaded="735" inserted="334" running="333" waiting="0" ended="1" meanWaitingTime="0.13" meanTravelTime="149.20" duration="1"/>
    <step time="266.90" loaded="735" inserted="334" running="333" waiting="0" ended="1" meanWaitingTime="0.13" meanTravelTime="149.20" duration="0"/>
    <step time="267.00" loaded="735" inserted="335" running="334" waiting="0" ended="1" meanWaitingTime="0.13" meanTravelTime="149.20" duration="0"/>
    <step time="267.10" loaded="736" inserted="335" running="334" waiting="0" ended="1" meanWaitingTime="0.13" meanTravelTime="149.20" duration="1"/>
    <step time="267.20" loaded="736" inserted="335" running="334" waiting="0" ended="1" meanWaitingTime="0.13" meanTravelTime="149.20" duration="0"/>
    <step time="267.30" loaded="736" inserted="335" running="334" waiting="0" ended="1" meanWaitingTime="0.13" meanTravelTime="149.20" duration="0"/>
    <step time="267.40" loaded="736" inserted="335" running="334" waiting="0" ended="1" meanWaitingTime="0.13" meanTravelTime="149.20" duration="1"/>
    <step time="267.50" loaded="736" inserted="336" running="335" waiting="0" ended="1" meanWaitingTime="0.13" meanTravelTime="149.20" duration="0"/>
    <step time="267.60" loaded="737" inserted="336" running="335" waiting="0" ended="1" meanWaitingTime="0.13" meanTravelTime="149.20" duration="1"/>
    <step time="267.70" loaded="737" inserted="336" running="335" waiting="0" ended="1" meanWaitingTime="0.13" meanTravelTime="149.20" duration="0"/>
    <step time="267.80" loaded="737" inserted="336" running="335" waiting="0" ended="1" meanWaitingTime="0.13" meanTravelTime="149.20" duration="0"/>
    <step time="267.90" loaded="737" inserted="336" running="335" waiting="0" ended="1" meanWaitingTime="0.13" meanTravelTime="149.20" duration="1"/>
    <step time="268.00" loaded="737" inserted="337" running="336" waiting="0" ended="1" meanWaitingTime="0.13" meanTravelTime="149.20" duration="0"/>
    <step time="268.10" loaded="738" inserted="337" running="336" waiting="0" ended="1" meanWaitingTime="0.13" meanTravelTime="149.20" duration="0"/>
    <step time="268.20" loaded="738" inserted="337" running="336" waiting="0" ended="1" meanWaitingTime="0.13" meanTravelTime="149.20" duration="1"/>
    <step time="268.30" loaded="738" inserted="337" running="336" waiting="0" ended="1" meanWaitingTime="0.13" meanTravelTime="149.20" duration="0"/>
    <step time="268.40" loaded="738" inserted="337" running="336" waiting="0" ended="1" meanWaitingTime="0.13" meanTravelTime="149.20" duration="0"/>
    <step time="268.50" loaded="738" inserted="338" running="337" waiting="0" ended="1" meanWaitingTime="0.13" meanTravelTime="149.20" duration="1"/>
    <step time="268.60" loaded="739" inserted="338" running="337" waiting="0" ended="1" meanWaitingTime="0.13" meanTravelTime="149.20" duration="0"/>
    <step time="268.70" loaded="739" inserted="338" running="337" waiting="0" ended="1" meanWaitingTime="0.13" meanTravelTime="149.20" duration="1"/>
    <step time="268.80" loaded="739" inserted="338" running="337" waiting="0" ended="1" meanWaitingTime="0.13" meanTravelTime="149.20" duration="0"/>
    <step time="268.90" loaded="739" inserted="338" running="337" waiting="0" ended="1" meanWaitingTime="0.13" meanTravelTime="149.20" duration="0"/>
    <step time="269.00" loaded="739" inserted="339" running="338" waiting="0" ended="1" meanWaitingTime="0.13" meanTravelTime="149.20" duration="1"/>
    <step time="269.10" loaded="740" inserted="339" running="338" waiting="0" ended="1" meanWaitingTime="0.13" meanTravelTime="149.20" duration="0"/>
    <step time="269.20" loaded="740" inserted="339" running="338" waiting="0" ended="1" meanWaitingTime="0.13" meanTravelTime="149.20" duration="0"/>
    <step time="269.30" loaded="740" inserted="339" running="338" waiting="0" ended="1" meanWaitingTime="0.13" meanTravelTime="149.20" duration="1"/>
    <step time="269.40" loaded="740" inserted="339" running="338" waiting="0" ended="1" meanWaitingTime="0.13" meanTravelTime="149.20" duration="0"/>
    <step time="269.50" loaded="740" inserted="340" running="339" waiting="0" ended="1" meanWaitingTime="0.13" meanTravelTime="149.20" duration="1"/>
    <step time="269.60" loaded="741" inserted="340" running="339" waiting="0" ended="1" meanWaitingTime="0.13" meanTravelTime="149.20" duration="0"/>
    <step time="269.70" loaded="741" inserted="340" running="339" waiting="0" ended="1" meanWaitingTime="0.13" meanTravelTime="149.20" duration="0"/>
    <step time="269.80" loaded="741" inserted="340" running="339" waiting="0" ended="1" meanWaitingTime="0.13" meanTravelTime="149.20" duration="1"/>
    <step time="269.90" loaded="741" inserted="340" running="339" waiting="0" ended="1" meanWaitingTime="0.13" meanTravelTime="149.20" duration="0"/>
    <step time="270.00" loaded="741" inserted="341" running="340" waiting="0" ended="1" meanWaitingTime="0.13" meanTravelTime="149.20" duration="1"/>
    <step time="270.10" loaded="742" inserted="341" running="340" waiting="0" ended="1" meanWaitingTime="0.13" meanTravelTime="149.20" duration="1"/>
    <step time="270.20" loaded="742" inserted="341" running="340" waiting="0" ended="1" meanWaitingTime="0.13" meanTravelTime="149.20" duration="1"/>
    <step time="270.30" loaded="742" inserted="341" running="340" waiting="0" ended="1" meanWaitingTime="0.13" meanTravelTime="149.20" duration="1"/>
    <step time="270.40" loaded="742" inserted="341" running="340" waiting="0" ended="1" meanWaitingTime="0.13" meanTravelTime="149.20" duration="1"/>
    <step time="270.50" loaded="742" inserted="342" running="341" waiting="0" ended="1" meanWaitingTime="0.13" meanTravelTime="149.20" duration="1"/>
    <step time="270.60" loaded="743" inserted="342" running="341" waiting="0" ended="1" meanWaitingTime="0.13" meanTravelTime="149.20" duration="1"/>
    <step time="270.70" loaded="743" inserted="342" running="341" waiting="0" ended="1" meanWaitingTime="0.13" meanTravelTime="149.20" duration="1"/>
    <step time="270.80" loaded="743" inserted="342" running="341" waiting="0" ended="1" meanWaitingTime="0.13" meanTravelTime="149.20" duration="1"/>
    <step time="270.90" loaded="743" inserted="342" running="341" waiting="0" ended="1" meanWaitingTime="0.13" meanTravelTime="149.20" duration="1"/>
    <step time="271.00" loaded="743" inserted="343" running="341" waiting="0" ended="2" meanWaitingTime="0.13" meanTravelTime="150.10" duration="0"/>
    <step time="271.10" loaded="744" inserted="343" running="341" waiting="0" ended="2" meanWaitingTime="0.13" meanTravelTime="150.10" duration="1"/>
    <step time="271.20" loaded="744" inserted="343" running="341" waiting="0" ended="2" meanWaitingTime="0.13" meanTravelTime="150.10" duration="1"/>
    <step time="271.30" loaded="744" inserted="343" running="341" waiting="0" ended="2" meanWaitingTime="0.13" meanTravelTime="150.10" duration="1"/>
    <step time="271.40" loaded="744" inserted="343" running="341" waiting="0" ended="2" meanWaitingTime="0.13" meanTravelTime="150.10" duration="1"/>
    <step time="271.50" loaded="744" inserted="343" running="341" waiting="1" ended="2" meanWaitingTime="0.13" meanTravelTime="150.10" duration="1"/>
    <step time="271.60" loaded="745" inserted="343" running="341" waiting="1" ended="2" meanWaitingTime="0.13" meanTravelTime="150.10" duration="1"/>
    <step time="271.70" loaded="745" inserted="343" running="341" waiting="1" ended="2" meanWaitingTime="0.13" meanTravelTime="150.10" duration="1"/>
    <step time="271.80" loaded="745" inserted="343" running="341" waiting="1" ended="2" meanWaitingTime="0.13" meanTravelTime="150.10" duration="1"/>
    <step time="271.90" loaded="745" inserted="343" running="341" waiting="1" ended="2" meanWaitingTime="0.13" meanTravelTime="150.10" duration="1"/>
    <step time="272.00" loaded="745" inserted="344" running="342" waiting="1" ended="2" meanWaitingTime="0.13" meanTravelTime="150.10" duration="1"/>
    <step time="272.10" loaded="746" inserted="344" running="342" waiting="1" ended="2" meanWaitingTime="0.13" meanTravelTime="150.10" duration="0"/>
    <step time="272.20" loaded="746" inserted="344" running="342" waiting="1" ended="2" meanWaitingTime="0.13" meanTravelTime="150.10" duration="1"/>
    <step time="272.30" loaded="746" inserted="344" running="342" waiting="1" ended="2" meanWaitingTime="0.13" meanTravelTime="150.10" duration="1"/>
    <step time="272.40" loaded="746" inserted="344" running="342" waiting="1" ended="2" meanWaitingTime="0.13" meanTravelTime="150.10" duration="1"/>
    <step time="272.50" loaded="746" inserted="345" running="343" waiting="1" ended="2" meanWaitingTime="0.13" meanTravelTime="150.10" duration="1"/>
    <step time="272.60" loaded="747" inserted="345" running="343" waiting="1" ended="2" meanWaitingTime="0.13" meanTravelTime="150.10" duration="1"/>
    <step time="272.70" loaded="747" inserted="345" running="343" waiting="1" ended="2" meanWaitingTime="0.13" meanTravelTime="150.10" duration="0"/>
    <step time="272.80" loaded="747" inserted="345" running="343" waiting="1" ended="2" meanWaitingTime="0.13" meanTravelTime="150.10" duration="1"/>
    <step time="272.90" loaded="747" inserted="345" running="343" waiting="1" ended="2" meanWaitingTime="0.13" meanTravelTime="150.10" duration="2"/>
    <step time="273.00" loaded="747" inserted="345" running="343" waiting="2" ended="2" meanWaitingTime="0.13" meanTravelTime="150.10" duration="1"/>
    <step time="273.10" loaded="748" inserted="345" running="343" waiting="2" ended="2" meanWaitingTime="0.13" meanTravelTime="150.10" duration="1"/>
    <step time="273.20" loaded="748" inserted="345" running="343" waiting="2" ended="2" meanWaitingTime="0.13" meanTravelTime="150.10" duration="1"/>
    <step time="273.30" loaded="748" inserted="345" running="343" waiting="2" ended="2" meanWaitingTime="0.13" meanTravelTime="150.10" duration="1"/>
    <step time="273.40" loaded="748" inserted="345" running="343" waiting="2" ended="2" meanWaitingTime="0.13" meanTravelTime="150.10" duration="1"/>
    <step time="273.50" loaded="748" inserted="346" running="344" waiting="2" ended="2" meanWaitingTime="0.13" meanTravelTime="150.10" duration="1"/>
    <step time="273.60" loaded="749" inserted="346" running="344" waiting="2" ended="2" meanWaitingTime="0.13" meanTravelTime="150.10" duration="1"/>
    <step time="273.70" loaded="749" inserted="346" running="344" waiting="2" ended="2" meanWaitingTime="0.13" meanTravelTime="150.10" duration="1"/>
    <step time="273.80" loaded="749" inserted="346" running="344" waiting="2" ended="2" meanWaitingTime="0.13" meanTravelTime="150.10" duration="1"/>
    <step time="273.90" loaded="749" inserted="346" running="344" waiting="2" ended="2" meanWaitingTime="0.13" meanTravelTime="150.10" duration="1"/>
    <step time="274.00" loaded="749" inserted="347" running="345" waiting="2" ended="2" meanWaitingTime="0.13" meanTravelTime="150.10" duration="0"/>
    <step time="274.10" loaded="750" inserted="347" running="345" waiting="2" ended="2" meanWaitingTime="0.13" meanTravelTime="150.10" duration="2"/>
    <step time="274.20" loaded="750" inserted="347" running="345" waiting="2" ended="2" meanWaitingTime="0.13" meanTravelTime="150.10" duration="1"/>
    <step time="274.30" loaded="750" inserted="347" running="345" waiting="2" ended="2" meanWaitingTime="0.13" meanTravelTime="150.10" duration="0"/>
    <step time="274.40" loaded="750" inserted="347" running="345" waiting="2" ended="2" meanWaitingTime="0.13" meanTravelTime="150.10" duration="1"/>
    <step time="274.50" loaded="750" inserted="348" running="346" waiting="2" ended="2" meanWaitingTime="0.13" meanTravelTime="150.10" duration="1"/>
    <step time="274.60" loaded="751" inserted="348" running="346" waiting="2" ended="2" meanWaitingTime="0.13" meanTravelTime="150.10" duration="1"/>
    <step time="274.70" loaded="751" inserted="348" running="346" waiting="2" ended="2" meanWaitingTime="0.13" meanTravelTime="150.10" duration="1"/>
    <step time="274.80" loaded="751" inserted="348" running="346" waiting="2" ended="2" meanWaitingTime="0.13" meanTravelTime="150.10" duration="1"/>
    <step time="274.90" loaded="751" inserted="348" running="346" waiting="2" ended="2" meanWaitingTime="0.13" meanTravelTime="150.10" duration="1"/>
    <step time="275.00" loaded="751" inserted="349" running="347" waiting="2" ended="2" meanWaitingTime="0.13" meanTravelTime="150.10" duration="1"/>
    <step time="275.10" loaded="752" inserted="350" running="348" waiting="1" ended="2" meanWaitingTime="0.13" meanTravelTime="150.10" duration="0"/>
    <step time="275.20" loaded="752" inserted="350" running="348" waiting="1" ended="2" meanWaitingTime="0.13" meanTravelTime="150.10" duration="2"/>
    <step time="275.30" loaded="752" inserted="350" running="348" waiting="1" ended="2" meanWaitingTime="0.13" meanTravelTime="150.10" duration="1"/>
    <step time="275.40" loaded="752" inserted="351" running="349" waiting="0" ended="2" meanWaitingTime="0.14" meanTravelTime="150.10" duration="1"/>
    <step time="275.50" loaded="752" inserted="352" running="350" waiting="0" ended="2" meanWaitingTime="0.14" meanTravelTime="150.10" duration="1"/>
    <step time="275.60" loaded="753" inserted="352" running="350" waiting="0" ended="2" meanWaitingTime="0.14" meanTravelTime="150.10" duration="1"/>
    <step time="275.70" loaded="753" inserted="352" running="350" waiting="0" ended="2" meanWaitingTime="0.14" meanTravelTime="150.10" duration="0"/>
    <step time="275.80" loaded="753" inserted="352" running="350" waiting="0" ended="2" meanWaitingTime="0.14" meanTravelTime="150.10" duration="1"/>
    <step time="275.90" loaded="753" inserted="352" running="350" waiting="0" ended="2" meanWaitingTime="0.14" meanTravelTime="150.10" duration="1"/>
    <step time="276.00" loaded="753" inserted="353" running="351" waiting="0" ended="2" meanWaitingTime="0.14" meanTravelTime="150.10" duration="1"/>
    <step time="276.10" loaded="754" inserted="353" running="351" waiting="0" ended="2" meanWaitingTime="0.14" meanTravelTime="150.10" duration="1"/>
    <step time="276.20" loaded="754" inserted="353" running="351" waiting="0" ended="2" meanWaitingTime="0.14" meanTravelTime="150.10" duration="0"/>
    <step time="276.30" loaded="754" inserted="353" running="351" waiting="0" ended="2" meanWaitingTime="0.14" meanTravelTime="150.10" duration="1"/>
    <step time="276.40" loaded="754" inserted="353" running="351" waiting="0" ended="2" meanWaitingTime="0.14" meanTravelTime="150.10" duration="1"/>
    <step time="276.50" loaded="754" inserted="354" running="352" waiting="0" ended="2" meanWaitingTime="0.14" meanTravelTime="150.10" duration="1"/>
    <step time="276.60" loaded="755" inserted="354" running="352" waiting="0" ended="2" meanWaitingTime="0.14" meanTravelTime="150.10" duration="1"/>
    <step time="276.70" loaded="755" inserted="354" running="352" waiting="0" ended="2" meanWaitingTime="0.14" meanTravelTime="150.10" duration="0"/>
    <step time="276.80" loaded="755" inserted="354" running="352" waiting="0" ended="2" meanWaitingTime="0.14" meanTravelTime="150.10" duration="1"/>
    <step time="276.90" loaded="755" inserted="354" running="352" waiting="0" ended="2" meanWaitingTime="0.14" meanTravelTime="150.10" duration="1"/>
    <step time="277.00" loaded="755" inserted="355" running="353" waiting="0" ended="2" meanWaitingTime="0.14" meanTravelTime="150.10" duration="1"/>
    <step time="277.10" loaded="756" inserted="355" running="353" waiting="0" ended="2" meanWaitingTime="0.14" meanTravelTime="150.10" duration="1"/>
    <step time="277.20" loaded="756" inserted="355" running="353" waiting="0" ended="2" meanWaitingTime="0.14" meanTravelTime="150.10" duration="1"/>
    <step time="277.30" loaded="756" inserted="355" running="353" waiting="0" ended="2" meanWaitingTime="0.14" meanTravelTime="150.10" duration="0"/>
    <step time="277.40" loaded="756" inserted="355" running="353" waiting="0" ended="2" meanWaitingTime="0.14" meanTravelTime="150.10" duration="1"/>
    <step time="277.50" loaded="756" inserted="355" running="353" waiting="1" ended="2" meanWaitingTime="0.14" meanTravelTime="150.10" duration="1"/>
    <step time="277.60" loaded="757" inserted="355" running="353" waiting="1" ended="2" meanWaitingTime="0.14" meanTravelTime="150.10" duration="1"/>
    <step time="277.70" loaded="757" inserted="355" running="353" waiting="1" ended="2" meanWaitingTime="0.14" meanTravelTime="150.10" duration="0"/>
    <step time="277.80" loaded="757" inserted="355" running="353" waiting="1" ended="2" meanWaitingTime="0.14" meanTravelTime="150.10" duration="1"/>
    <step time="277.90" loaded="757" inserted="355" running="353" waiting="1" ended="2" meanWaitingTime="0.14" meanTravelTime="150.10" duration="1"/>
    <step time="278.00" loaded="757" inserted="356" running="354" waiting="1" ended="2" meanWaitingTime="0.14" meanTravelTime="150.10" duration="1"/>
    <step time="278.10" loaded="758" inserted="356" running="354" waiting="1" ended="2" meanWaitingTime="0.14" meanTravelTime="150.10" duration="1"/>
    <step time="278.20" loaded="758" inserted="356" running="354" waiting="1" ended="2" meanWaitingTime="0.14" meanTravelTime="150.10" duration="0"/>
    <step time="278.30" loaded="758" inserted="356" running="354" waiting="1" ended="2" meanWaitingTime="0.14" meanTravelTime="150.10" duration="1"/>
    <step time="278.40" loaded="758" inserted="356" running="354" waiting="1" ended="2" meanWaitingTime="0.14" meanTravelTime="150.10" duration="1"/>
    <step time="278.50" loaded="758" inserted="356" running="354" waiting="2" ended="2" meanWaitingTime="0.14" meanTravelTime="150.10" duration="1"/>
    <step time="278.60" loaded="759" inserted="356" running="354" waiting="2" ended="2" meanWaitingTime="0.14" meanTravelTime="150.10" duration="0"/>
    <step time="278.70" loaded="759" inserted="356" running="354" waiting="2" ended="2" meanWaitingTime="0.14" meanTravelTime="150.10" duration="1"/>
    <step time="278.80" loaded="759" inserted="357" running="355" waiting="1" ended="2" meanWaitingTime="0.15" meanTravelTime="150.10" duration="1"/>
    <step time="278.90" loaded="759" inserted="357" running="355" waiting="1" ended="2" meanWaitingTime="0.15" meanTravelTime="150.10" duration="1"/>
    <step time="279.00" loaded="759" inserted="358" running="356" waiting="1" ended="2" meanWaitingTime="0.15" meanTravelTime="150.10" duration="1"/>
    <step time="279.10" loaded="760" inserted="358" running="356" waiting="1" ended="2" meanWaitingTime="0.15" meanTravelTime="150.10" duration="1"/>
    <step time="279.20" loaded="760" inserted="358" running="356" waiting="1" ended="2" meanWaitingTime="0.15" meanTravelTime="150.10" duration="1"/>
    <step time="279.30" loaded="760" inserted="358" running="356" waiting="1" ended="2" meanWaitingTime="0.15" meanTravelTime="150.10" duration="1"/>
    <step time="279.40" loaded="760" inserted="358" running="356" waiting="1" ended="2" meanWaitingTime="0.15" meanTravelTime="150.10" duration="0"/>
    <step time="279.50" loaded="760" inserted="359" running="357" waiting="1" ended="2" meanWaitingTime="0.15" meanTravelTime="150.10" duration="1"/>
    <step time="279.60" loaded="761" inserted="359" running="357" waiting="1" ended="2" meanWaitingTime="0.15" meanTravelTime="150.10" duration="1"/>
    <step time="279.70" loaded="761" inserted="359" running="357" waiting="1" ended="2" meanWaitingTime="0.15" meanTravelTime="150.10" duration="1"/>
    <step time="279.80" loaded="761" inserted="359" running="357" waiting="1" ended="2" meanWaitingTime="0.15" meanTravelTime="150.10" duration="1"/>
    <step time="279.90" loaded="761" inserted="359" running="357" waiting="1" ended="2" meanWaitingTime="0.15" meanTravelTime="150.10" duration="0"/>
    <step time="280.00" loaded="761" inserted="360" running="357" waiting="1" ended="3" meanWaitingTime="0.14" meanTravelTime="154.23" duration="1"/>
    <step time="280.10" loaded="762" inserted="360" running="357" waiting="1" ended="3" meanWaitingTime="0.14" meanTravelTime="154.23" duration="1"/>
    <step time="280.20" loaded="762" inserted="360" running="357" waiting="1" ended="3" meanWaitingTime="0.14" meanTravelTime="154.23" duration="1"/>
    <step time="280.30" loaded="762" inserted="360" running="357" waiting="1" ended="3" meanWaitingTime="0.14" meanTravelTime="154.23" duration="1"/>
    <step time="280.40" loaded="762" inserted="360" running="357" waiting="1" ended="3" meanWaitingTime="0.14" meanTravelTime="154.23" duration="0"/>
    <step time="280.50" loaded="762" inserted="360" running="357" waiting="2" ended="3" meanWaitingTime="0.14" meanTravelTime="154.23" duration="1"/>
    <step time="280.60" loaded="763" inserted="360" running="357" waiting="2" ended="3" meanWaitingTime="0.14" meanTravelTime="154.23" duration="1"/>
    <step time="280.70" loaded="763" inserted="360" running="357" waiting="2" ended="3" meanWaitingTime="0.14" meanTravelTime="154.23" duration="1"/>
    <step time="280.80" loaded="763" inserted="361" running="358" waiting="1" ended="3" meanWaitingTime="0.15" meanTravelTime="154.23" duration="1"/>
    <step time="280.90" loaded="763" inserted="361" running="358" waiting="1" ended="3" meanWaitingTime="0.15" meanTravelTime="154.23" duration="1"/>
    <step time="281.00" loaded="763" inserted="361" running="358" waiting="2" ended="3" meanWaitingTime="0.15" meanTravelTime="154.23" duration="1"/>
    <step time="281.10" loaded="764" inserted="361" running="358" waiting="2" ended="3" meanWaitingTime="0.15" meanTravelTime="154.23" duration="1"/>
    <step time="281.20" loaded="764" inserted="361" running="358" waiting="2" ended="3" meanWaitingTime="0.15" meanTravelTime="154.23" duration="1"/>
    <step time="281.30" loaded="764" inserted="361" running="358" waiting="2" ended="3" meanWaitingTime="0.15" meanTravelTime="154.23" duration="1"/>
    <step time="281.40" loaded="764" inserted="362" running="359" waiting="1" ended="3" meanWaitingTime="0.15" meanTravelTime="154.23" duration="1"/>
    <step time="281.50" loaded="764" inserted="363" running="360" waiting="1" ended="3" meanWaitingTime="0.15" meanTravelTime="154.23" duration="0"/>
    <step time="281.60" loaded="765" inserted="363" running="360" waiting="1" ended="3" meanWaitingTime="0.15" meanTravelTime="154.23" duration="1"/>
    <step time="281.70" loaded="765" inserted="363" running="360" waiting="1" ended="3" meanWaitingTime="0.15" meanTravelTime="154.23" duration="1"/>
    <step time="281.80" loaded="765" inserted="363" running="360" waiting="1" ended="3" meanWaitingTime="0.15" meanTravelTime="154.23" duration="1"/>
    <step time="281.90" loaded="765" inserted="363" running="360" waiting="1" ended="3" meanWaitingTime="0.15" meanTravelTime="154.23" duration="1"/>
    <step time="282.00" loaded="765" inserted="363" running="360" waiting="2" ended="3" meanWaitingTime="0.15" meanTravelTime="154.23" duration="1"/>
    <step time="282.10" loaded="766" inserted="363" running="360" waiting="2" ended="3" meanWaitingTime="0.15" meanTravelTime="154.23" duration="0"/>
    <step time="282.20" loaded="766" inserted="363" running="360" waiting="2" ended="3" meanWaitingTime="0.15" meanTravelTime="154.23" duration="1"/>
    <step time="282.30" loaded="766" inserted="363" running="360" waiting="2" ended="3" meanWaitingTime="0.15" meanTravelTime="154.23" duration="1"/>
    <step time="282.40" loaded="766" inserted="363" running="360" waiting="2" ended="3" meanWaitingTime="0.15" meanTravelTime="154.23" duration="1"/>
    <step time="282.50" loaded="766" inserted="365" running="362" waiting="1" ended="3" meanWaitingTime="0.15" meanTravelTime="154.23" duration="1"/>
    <step time="282.60" loaded="767" inserted="365" running="362" waiting="1" ended="3" meanWaitingTime="0.15" meanTravelTime="154.23" duration="0"/>
    <step time="282.70" loaded="767" inserted="365" running="362" waiting="1" ended="3" meanWaitingTime="0.15" meanTravelTime="154.23" duration="1"/>
    <step time="282.80" loaded="767" inserted="365" running="362" waiting="1" ended="3" meanWaitingTime="0.15" meanTravelTime="154.23" duration="1"/>
    <step time="282.90" loaded="767" inserted="365" running="362" waiting="1" ended="3" meanWaitingTime="0.15" meanTravelTime="154.23" duration="1"/>
    <step time="283.00" loaded="767" inserted="365" running="362" waiting="2" ended="3" meanWaitingTime="0.15" meanTravelTime="154.23" duration="1"/>
    <step time="283.10" loaded="768" inserted="365" running="362" waiting="2" ended="3" meanWaitingTime="0.15" meanTravelTime="154.23" duration="1"/>
    <step time="283.20" loaded="768" inserted="365" running="362" waiting="2" ended="3" meanWaitingTime="0.15" meanTravelTime="154.23" duration="1"/>
    <step time="283.30" loaded="768" inserted="365" running="362" waiting="2" ended="3" meanWaitingTime="0.15" meanTravelTime="154.23" duration="0"/>
    <step time="283.40" loaded="768" inserted="365" running="362" waiting="2" ended="3" meanWaitingTime="0.15" meanTravelTime="154.23" duration="1"/>
    <step time="283.50" loaded="768" inserted="366" running="363" waiting="2" ended="3" meanWaitingTime="0.15" meanTravelTime="154.23" duration="1"/>
    <step time="283.60" loaded="769" inserted="366" running="363" waiting="2" ended="3" meanWaitingTime="0.15" meanTravelTime="154.23" duration="1"/>
    <step time="283.70" loaded="769" inserted="366" running="363" waiting="2" ended="3" meanWaitingTime="0.15" meanTravelTime="154.23" duration="1"/>
    <step time="283.80" loaded="769" inserted="366" running="363" waiting="2" ended="3" meanWaitingTime="0.15" meanTravelTime="154.23" duration="0"/>
    <step time="283.90" loaded="769" inserted="366" running="363" waiting="2" ended="3" meanWaitingTime="0.15" meanTravelTime="154.23" duration="1"/>
    <step time="284.00" loaded="769" inserted="367" running="364" waiting="2" ended="3" meanWaitingTime="0.15" meanTravelTime="154.23" duration="1"/>
    <step time="284.10" loaded="770" inserted="367" running="364" waiting="2" ended="3" meanWaitingTime="0.15" meanTravelTime="154.23" duration="0"/>
    <step time="284.20" loaded="770" inserted="367" running="364" waiting="2" ended="3" meanWaitingTime="0.15" meanTravelTime="154.23" duration="1"/>
    <step time="284.30" loaded="770" inserted="368" running="365" waiting="1" ended="3" meanWaitingTime="0.16" meanTravelTime="154.23" duration="1"/>
    <step time="284.40" loaded="770" inserted="368" running="365" waiting="1" ended="3" meanWaitingTime="0.16" meanTravelTime="154.23" duration="1"/>
    <step time="284.50" loaded="770" inserted="369" running="366" waiting="1" ended="3" meanWaitingTime="0.16" meanTravelTime="154.23" duration="1"/>
    <step time="284.60" loaded="771" inserted="369" running="366" waiting="1" ended="3" meanWaitingTime="0.16" meanTravelTime="154.23" duration="0"/>
    <step time="284.70" loaded="771" inserted="369" running="366" waiting="1" ended="3" meanWaitingTime="0.16" meanTravelTime="154.23" duration="1"/>
    <step time="284.80" loaded="771" inserted="369" running="366" waiting="1" ended="3" meanWaitingTime="0.16" meanTravelTime="154.23" duration="1"/>
    <step time="284.90" loaded="771" inserted="369" running="366" waiting="1" ended="3" meanWaitingTime="0.16" meanTravelTime="154.23" duration="1"/>
    <step time="285.00" loaded="771" inserted="370" running="367" waiting="1" ended="3" meanWaitingTime="0.16" meanTravelTime="154.23" duration="0"/>
    <step time="285.10" loaded="772" inserted="371" running="368" waiting="0" ended="3" meanWaitingTime="0.16" meanTravelTime="154.23" duration="1"/>
    <step time="285.20" loaded="772" inserted="371" running="368" waiting="0" ended="3" meanWaitingTime="0.16" meanTravelTime="154.23" duration="1"/>
    <step time="285.30" loaded="772" inserted="371" running="368" waiting="0" ended="3" meanWaitingTime="0.16" meanTravelTime="154.23" duration="1"/>
    <step time="285.40" loaded="772" inserted="371" running="368" waiting="0" ended="3" meanWaitingTime="0.16" meanTravelTime="154.23" duration="1"/>
    <step time="285.50" loaded="772" inserted="372" running="369" waiting="0" ended="3" meanWaitingTime="0.16" meanTravelTime="154.23" duration="1"/>
    <step time="285.60" loaded="773" inserted="372" running="369" waiting="0" ended="3" meanWaitingTime="0.16" meanTravelTime="154.23" duration="1"/>
    <step time="285.70" loaded="773" inserted="372" running="369" waiting="0" ended="3" meanWaitingTime="0.16" meanTravelTime="154.23" duration="1"/>
    <step time="285.80" loaded="773" inserted="372" running="369" waiting="0" ended="3" meanWaitingTime="0.16" meanTravelTime="154.23" duration="1"/>
    <step time="285.90" loaded="773" inserted="372" running="369" waiting="0" ended="3" meanWaitingTime="0.16" meanTravelTime="154.23" duration="1"/>
    <step time="286.00" loaded="773" inserted="373" running="370" waiting="0" ended="3" meanWaitingTime="0.16" meanTravelTime="154.23" duration="1"/>
    <step time="286.10" loaded="774" inserted="373" running="370" waiting="0" ended="3" meanWaitingTime="0.16" meanTravelTime="154.23" duration="1"/>
    <step time="286.20" loaded="774" inserted="373" running="370" waiting="0" ended="3" meanWaitingTime="0.16" meanTravelTime="154.23" duration="1"/>
    <step time="286.30" loaded="774" inserted="373" running="370" waiting="0" ended="3" meanWaitingTime="0.16" meanTravelTime="154.23" duration="0"/>
    <step time="286.40" loaded="774" inserted="373" running="370" waiting="0" ended="3" meanWaitingTime="0.16" meanTravelTime="154.23" duration="1"/>
    <step time="286.50" loaded="774" inserted="374" running="371" waiting="0" ended="3" meanWaitingTime="0.16" meanTravelTime="154.23" duration="1"/>
    <step time="286.60" loaded="775" inserted="374" running="371" waiting="0" ended="3" meanWaitingTime="0.16" meanTravelTime="154.23" duration="1"/>
    <step time="286.70" loaded="775" inserted="374" running="371" waiting="0" ended="3" meanWaitingTime="0.16" meanTravelTime="154.23" duration="0"/>
    <step time="286.80" loaded="775" inserted="374" running="371" waiting="0" ended="3" meanWaitingTime="0.16" meanTravelTime="154.23" duration="1"/>
    <step time="286.90" loaded="775" inserted="374" running="371" waiting="0" ended="3" meanWaitingTime="0.16" meanTravelTime="154.23" duration="1"/>
    <step time="287.00" loaded="775" inserted="375" running="372" waiting="0" ended="3" meanWaitingTime="0.16" meanTravelTime="154.23" duration="1"/>
    <step time="287.10" loaded="776" inserted="375" running="371" waiting="0" ended="4" meanWaitingTime="0.16" meanTravelTime="160.32" duration="1"/>
    <step time="287.20" loaded="776" inserted="375" running="371" waiting="0" ended="4" meanWaitingTime="0.16" meanTravelTime="160.32" duration="1"/>
    <step time="287.30" loaded="776" inserted="375" running="371" waiting="0" ended="4" meanWaitingTime="0.16" meanTravelTime="160.32" duration="1"/>
    <step time="287.40" loaded="776" inserted="375" running="371" waiting="0" ended="4" meanWaitingTime="0.16" meanTravelTime="160.32" duration="0"/>
    <step time="287.50" loaded="776" inserted="375" running="371" waiting="1" ended="4" meanWaitingTime="0.16" meanTravelTime="160.32" duration="1"/>
    <step time="287.60" loaded="777" inserted="375" running="371" waiting="1" ended="4" meanWaitingTime="0.16" meanTravelTime="160.32" duration="1"/>
    <step time="287.70" loaded="777" inserted="375" running="371" waiting="1" ended="4" meanWaitingTime="0.16" meanTravelTime="160.32" duration="0"/>
    <step time="287.80" loaded="777" inserted="375" running="371" waiting="1" ended="4" meanWaitingTime="0.16" meanTravelTime="160.32" duration="1"/>
    <step time="287.90" loaded="777" inserted="375" running="371" waiting="1" ended="4" meanWaitingTime="0.16" meanTravelTime="160.32" duration="1"/>
    <step time="288.00" loaded="777" inserted="376" running="372" waiting="1" ended="4" meanWaitingTime="0.16" meanTravelTime="160.32" duration="1"/>
    <step time="288.10" loaded="778" inserted="376" running="372" waiting="1" ended="4" meanWaitingTime="0.16" meanTravelTime="160.32" duration="1"/>
    <step time="288.20" loaded="778" inserted="376" running="372" waiting="1" ended="4" meanWaitingTime="0.16" meanTravelTime="160.32" duration="1"/>
    <step time="288.30" loaded="778" inserted="376" running="372" waiting="1" ended="4" meanWaitingTime="0.16" meanTravelTime="160.32" duration="0"/>
    <step time="288.40" loaded="778" inserted="376" running="372" waiting="1" ended="4" meanWaitingTime="0.16" meanTravelTime="160.32" duration="1"/>
    <step time="288.50" loaded="778" inserted="377" running="373" waiting="1" ended="4" meanWaitingTime="0.16" meanTravelTime="160.32" duration="1"/>
    <step time="288.60" loaded="779" inserted="378" running="374" waiting="0" ended="4" meanWaitingTime="0.16" meanTravelTime="160.32" duration="0"/>
    <step time="288.70" loaded="779" inserted="378" running="374" waiting="0" ended="4" meanWaitingTime="0.16" meanTravelTime="160.32" duration="1"/>
    <step time="288.80" loaded="779" inserted="378" running="374" waiting="0" ended="4" meanWaitingTime="0.16" meanTravelTime="160.32" duration="1"/>
    <step time="288.90" loaded="779" inserted="378" running="374" waiting="0" ended="4" meanWaitingTime="0.16" meanTravelTime="160.32" duration="1"/>
    <step time="289.00" loaded="779" inserted="378" running="374" waiting="1" ended="4" meanWaitingTime="0.16" meanTravelTime="160.32" duration="1"/>
    <step time="289.10" loaded="780" inserted="378" running="374" waiting="1" ended="4" meanWaitingTime="0.16" meanTravelTime="160.32" duration="1"/>
    <step time="289.20" loaded="780" inserted="378" running="374" waiting="1" ended="4" meanWaitingTime="0.16" meanTravelTime="160.32" duration="1"/>
    <step time="289.30" loaded="780" inserted="379" running="375" waiting="0" ended="4" meanWaitingTime="0.17" meanTravelTime="160.32" duration="1"/>
    <step time="289.40" loaded="780" inserted="379" running="375" waiting="0" ended="4" meanWaitingTime="0.17" meanTravelTime="160.32" duration="0"/>
    <step time="289.50" loaded="780" inserted="380" running="376" waiting="0" ended="4" meanWaitingTime="0.16" meanTravelTime="160.32" duration="1"/>
    <step time="289.60" loaded="781" inserted="380" running="376" waiting="0" ended="4" meanWaitingTime="0.16" meanTravelTime="160.32" duration="1"/>
    <step time="289.70" loaded="781" inserted="380" running="376" waiting="0" ended="4" meanWaitingTime="0.16" meanTravelTime="160.32" duration="1"/>
    <step time="289.80" loaded="781" inserted="380" running="376" waiting="0" ended="4" meanWaitingTime="0.16" meanTravelTime="160.32" duration="1"/>
    <step time="289.90" loaded="781" inserted="380" running="376" waiting="0" ended="4" meanWaitingTime="0.16" meanTravelTime="160.32" duration="1"/>
    <step time="290.00" loaded="781" inserted="381" running="377" waiting="0" ended="4" meanWaitingTime="0.16" meanTravelTime="160.32" duration="0"/>
    <step time="290.10" loaded="782" inserted="381" running="377" waiting="0" ended="4" meanWaitingTime="0.16" meanTravelTime="160.32" duration="1"/>
    <step time="290.20" loaded="782" inserted="381" running="377" waiting="0" ended="4" meanWaitingTime="0.16" meanTravelTime="160.32" duration="1"/>
    <step time="290.30" loaded="782" inserted="381" running="377" waiting="0" ended="4" meanWaitingTime="0.16" meanTravelTime="160.32" duration="1"/>
    <step time="290.40" loaded="782" inserted="381" running="377" waiting="0" ended="4" meanWaitingTime="0.16" meanTravelTime="160.32" duration="1"/>
    <step time="290.50" loaded="782" inserted="382" running="378" waiting="0" ended="4" meanWaitingTime="0.16" meanTravelTime="160.32" duration="1"/>
    <step time="290.60" loaded="783" inserted="382" running="378" waiting="0" ended="4" meanWaitingTime="0.16" meanTravelTime="160.32" duration="1"/>
    <step time="290.70" loaded="783" inserted="382" running="378" waiting="0" ended="4" meanWaitingTime="0.16" meanTravelTime="160.32" duration="2"/>
    <step time="290.80" loaded="783" inserted="382" running="378" waiting="0" ended="4" meanWaitingTime="0.16" meanTravelTime="160.32" duration="0"/>
    <step time="290.90" loaded="783" inserted="382" running="378" waiting="0" ended="4" meanWaitingTime="0.16" meanTravelTime="160.32" duration="2"/>
    <step time="291.00" loaded="783" inserted="383" running="379" waiting="0" ended="4" meanWaitingTime="0.16" meanTravelTime="160.32" duration="1"/>
    <step time="291.10" loaded="784" inserted="383" running="379" waiting="0" ended="4" meanWaitingTime="0.16" meanTravelTime="160.32" duration="0"/>
    <step time="291.20" loaded="784" inserted="383" running="379" waiting="0" ended="4" meanWaitingTime="0.16" meanTravelTime="160.32" duration="1"/>
    <step time="291.30" loaded="784" inserted="383" running="379" waiting="0" ended="4" meanWaitingTime="0.16" meanTravelTime="160.32" duration="1"/>
    <step time="291.40" loaded="784" inserted="383" running="379" waiting="0" ended="4" meanWaitingTime="0.16" meanTravelTime="160.32" duration="1"/>
    <step time="291.50" loaded="784" inserted="384" running="380" waiting="0" ended="4" meanWaitingTime="0.16" meanTravelTime="160.32" duration="1"/>
    <step time="291.60" loaded="785" inserted="384" running="380" waiting="0" ended="4" meanWaitingTime="0.16" meanTravelTime="160.32" duration="0"/>
    <step time="291.70" loaded="785" inserted="384" running="380" waiting="0" ended="4" meanWaitingTime="0.16" meanTravelTime="160.32" duration="1"/>
    <step time="291.80" loaded="785" inserted="384" running="380" waiting="0" ended="4" meanWaitingTime="0.16" meanTravelTime="160.32" duration="1"/>
    <step time="291.90" loaded="785" inserted="384" running="380" waiting="0" ended="4" meanWaitingTime="0.16" meanTravelTime="160.32" duration="1"/>
    <step time="292.00" loaded="785" inserted="385" running="381" waiting="0" ended="4" meanWaitingTime="0.16" meanTravelTime="160.32" duration="0"/>
    <step time="292.10" loaded="786" inserted="385" running="381" waiting="0" ended="4" meanWaitingTime="0.16" meanTravelTime="160.32" duration="1"/>
    <step time="292.20" loaded="786" inserted="385" running="381" waiting="0" ended="4" meanWaitingTime="0.16" meanTravelTime="160.32" duration="1"/>
    <step time="292.30" loaded="786" inserted="385" running="381" waiting="0" ended="4" meanWaitingTime="0.16" meanTravelTime="160.32" duration="0"/>
    <step time="292.40" loaded="786" inserted="385" running="381" waiting="0" ended="4" meanWaitingTime="0.16" meanTravelTime="160.32" duration="1"/>
    <step time="292.50" loaded="786" inserted="386" running="382" waiting="0" ended="4" meanWaitingTime="0.16" meanTravelTime="160.32" duration="1"/>
    <step time="292.60" loaded="787" inserted="386" running="382" waiting="0" ended="4" meanWaitingTime="0.16" meanTravelTime="160.32" duration="1"/>
    <step time="292.70" loaded="787" inserted="386" running="382" waiting="0" ended="4" meanWaitingTime="0.16" meanTravelTime="160.32" duration="1"/>
    <step time="292.80" loaded="787" inserted="386" running="382" waiting="0" ended="4" meanWaitingTime="0.16" meanTravelTime="160.32" duration="0"/>
    <step time="292.90" loaded="787" inserted="386" running="382" waiting="0" ended="4" meanWaitingTime="0.16" meanTravelTime="160.32" duration="1"/>
    <step time="293.00" loaded="787" inserted="387" running="383" waiting="0" ended="4" meanWaitingTime="0.16" meanTravelTime="160.32" duration="1"/>
    <step time="293.10" loaded="788" inserted="387" running="383" waiting="0" ended="4" meanWaitingTime="0.16" meanTravelTime="160.32" duration="1"/>
    <step time="293.20" loaded="788" inserted="387" running="383" waiting="0" ended="4" meanWaitingTime="0.16" meanTravelTime="160.32" duration="0"/>
    <step time="293.30" loaded="788" inserted="387" running="383" waiting="0" ended="4" meanWaitingTime="0.16" meanTravelTime="160.32" duration="1"/>
    <step time="293.40" loaded="788" inserted="387" running="383" waiting="0" ended="4" meanWaitingTime="0.16" meanTravelTime="160.32" duration="1"/>
    <step time="293.50" loaded="788" inserted="387" running="383" waiting="1" ended="4" meanWaitingTime="0.16" meanTravelTime="160.32" duration="1"/>
    <step time="293.60" loaded="789" inserted="387" running="383" waiting="1" ended="4" meanWaitingTime="0.16" meanTravelTime="160.32" duration="0"/>
    <step time="293.70" loaded="789" inserted="387" running="383" waiting="1" ended="4" meanWaitingTime="0.16" meanTravelTime="160.32" duration="1"/>
    <step time="293.80" loaded="789" inserted="387" running="383" waiting="1" ended="4" meanWaitingTime="0.16" meanTravelTime="160.32" duration="1"/>
    <step time="293.90" loaded="789" inserted="387" running="383" waiting="1" ended="4" meanWaitingTime="0.16" meanTravelTime="160.32" duration="0"/>
    <step time="294.00" loaded="789" inserted="388" running="384" waiting="1" ended="4" meanWaitingTime="0.16" meanTravelTime="160.32" duration="1"/>
    <step time="294.10" loaded="790" inserted="388" running="384" waiting="1" ended="4" meanWaitingTime="0.16" meanTravelTime="160.32" duration="1"/>
    <step time="294.20" loaded="790" inserted="388" running="384" waiting="1" ended="4" meanWaitingTime="0.16" meanTravelTime="160.32" duration="1"/>
    <step time="294.30" loaded="790" inserted="388" running="384" waiting="1" ended="4" meanWaitingTime="0.16" meanTravelTime="160.32" duration="0"/>
    <step time="294.40" loaded="790" inserted="388" running="384" waiting="1" ended="4" meanWaitingTime="0.16" meanTravelTime="160.32" duration="1"/>
    <step time="294.50" loaded="790" inserted="389" running="385" waiting="1" ended="4" meanWaitingTime="0.16" meanTravelTime="160.32" duration="1"/>
    <step time="294.60" loaded="791" inserted="389" running="385" waiting="1" ended="4" meanWaitingTime="0.16" meanTravelTime="160.32" duration="0"/>
    <step time="294.70" loaded="791" inserted="389" running="384" waiting="1" ended="5" meanWaitingTime="0.16" meanTravelTime="166.00" duration="1"/>
    <step time="294.80" loaded="791" inserted="389" running="384" waiting="1" ended="5" meanWaitingTime="0.16" meanTravelTime="166.00" duration="1"/>
    <step time="294.90" loaded="791" inserted="389" running="384" waiting="1" ended="5" meanWaitingTime="0.16" meanTravelTime="166.00" duration="1"/>
    <step time="295.00" loaded="791" inserted="390" running="385" waiting="1" ended="5" meanWaitingTime="0.16" meanTravelTime="166.00" duration="0"/>
    <step time="295.10" loaded="792" inserted="390" running="385" waiting="1" ended="5" meanWaitingTime="0.16" meanTravelTime="166.00" duration="2"/>
    <step time="295.20" loaded="792" inserted="390" running="385" waiting="1" ended="5" meanWaitingTime="0.16" meanTravelTime="166.00" duration="1"/>
    <step time="295.30" loaded="792" inserted="390" running="385" waiting="1" ended="5" meanWaitingTime="0.16" meanTravelTime="166.00" duration="0"/>
    <step time="295.40" loaded="792" inserted="390" running="385" waiting="1" ended="5" meanWaitingTime="0.16" meanTravelTime="166.00" duration="1"/>
    <step time="295.50" loaded="792" inserted="391" running="386" waiting="1" ended="5" meanWaitingTime="0.16" meanTravelTime="166.00" duration="1"/>
    <step time="295.60" loaded="793" inserted="391" running="386" waiting="1" ended="5" meanWaitingTime="0.16" meanTravelTime="166.00" duration="1"/>
    <step time="295.70" loaded="793" inserted="391" running="386" waiting="1" ended="5" meanWaitingTime="0.16" meanTravelTime="166.00" duration="1"/>
    <step time="295.80" loaded="793" inserted="392" running="387" waiting="0" ended="5" meanWaitingTime="0.17" meanTravelTime="166.00" duration="0"/>
    <step time="295.90" loaded="793" inserted="392" running="387" waiting="0" ended="5" meanWaitingTime="0.17" meanTravelTime="166.00" duration="1"/>
    <step time="296.00" loaded="793" inserted="393" running="388" waiting="0" ended="5" meanWaitingTime="0.17" meanTravelTime="166.00" duration="1"/>
    <step time="296.10" loaded="794" inserted="393" running="388" waiting="0" ended="5" meanWaitingTime="0.17" meanTravelTime="166.00" duration="1"/>
    <step time="296.20" loaded="794" inserted="393" running="388" waiting="0" ended="5" meanWaitingTime="0.17" meanTravelTime="166.00" duration="0"/>
    <step time="296.30" loaded="794" inserted="393" running="388" waiting="0" ended="5" meanWaitingTime="0.17" meanTravelTime="166.00" duration="1"/>
    <step time="296.40" loaded="794" inserted="393" running="388" waiting="0" ended="5" meanWaitingTime="0.17" meanTravelTime="166.00" duration="1"/>
    <step time="296.50" loaded="794" inserted="394" running="389" waiting="0" ended="5" meanWaitingTime="0.16" meanTravelTime="166.00" duration="0"/>
    <step time="296.60" loaded="795" inserted="394" running="389" waiting="0" ended="5" meanWaitingTime="0.16" meanTravelTime="166.00" duration="1"/>
    <step time="296.70" loaded="795" inserted="394" running="389" waiting="0" ended="5" meanWaitingTime="0.16" meanTravelTime="166.00" duration="1"/>
    <step time="296.80" loaded="795" inserted="394" running="389" waiting="0" ended="5" meanWaitingTime="0.16" meanTravelTime="166.00" duration="0"/>
    <step time="296.90" loaded="795" inserted="394" running="389" waiting="0" ended="5" meanWaitingTime="0.16" meanTravelTime="166.00" duration="1"/>
    <step time="297.00" loaded="795" inserted="395" running="390" waiting="0" ended="5" meanWaitingTime="0.16" meanTravelTime="166.00" duration="1"/>
    <step time="297.10" loaded="796" inserted="395" running="390" waiting="0" ended="5" meanWaitingTime="0.16" meanTravelTime="166.00" duration="1"/>
    <step time="297.20" loaded="796" inserted="395" running="390" waiting="0" ended="5" meanWaitingTime="0.16" meanTravelTime="166.00" duration="1"/>
    <step time="297.30" loaded="796" inserted="395" running="390" waiting="0" ended="5" meanWaitingTime="0.16" meanTravelTime="166.00" duration="0"/>
    <step time="297.40" loaded="796" inserted="395" running="390" waiting="0" ended="5" meanWaitingTime="0.16" meanTravelTime="166.00" duration="1"/>
    <step time="297.50" loaded="796" inserted="396" running="391" waiting="0" ended="5" meanWaitingTime="0.16" meanTravelTime="166.00" duration="1"/>
    <step time="297.60" loaded="797" inserted="396" running="391" waiting="0" ended="5" meanWaitingTime="0.16" meanTravelTime="166.00" duration="1"/>
    <step time="297.70" loaded="797" inserted="396" running="391" waiting="0" ended="5" meanWaitingTime="0.16" meanTravelTime="166.00" duration="0"/>
    <step time="297.80" loaded="797" inserted="396" running="391" waiting="0" ended="5" meanWaitingTime="0.16" meanTravelTime="166.00" duration="1"/>
    <step time="297.90" loaded="797" inserted="396" running="391" waiting="0" ended="5" meanWaitingTime="0.16" meanTravelTime="166.00" duration="1"/>
    <step time="298.00" loaded="797" inserted="397" running="392" waiting="0" ended="5" meanWaitingTime="0.16" meanTravelTime="166.00" duration="1"/>
    <step time="298.10" loaded="798" inserted="397" running="392" waiting="0" ended="5" meanWaitingTime="0.16" meanTravelTime="166.00" duration="0"/>
    <step time="298.20" loaded="798" inserted="397" running="392" waiting="0" ended="5" meanWaitingTime="0.16" meanTravelTime="166.00" duration="1"/>
    <step time="298.30" loaded="798" inserted="397" running="392" waiting="0" ended="5" meanWaitingTime="0.16" meanTravelTime="166.00" duration="1"/>
    <step time="298.40" loaded="798" inserted="397" running="392" waiting="0" ended="5" meanWaitingTime="0.16" meanTravelTime="166.00" duration="1"/>
    <step time="298.50" loaded="798" inserted="398" running="393" waiting="0" ended="5" meanWaitingTime="0.16" meanTravelTime="166.00" duration="0"/>
    <step time="298.60" loaded="799" inserted="398" running="393" waiting="0" ended="5" meanWaitingTime="0.16" meanTravelTime="166.00" duration="1"/>
    <step time="298.70" loaded="799" inserted="398" running="393" waiting="0" ended="5" meanWaitingTime="0.16" meanTravelTime="166.00" duration="1"/>
    <step time="298.80" loaded="799" inserted="398" running="393" waiting="0" ended="5" meanWaitingTime="0.16" meanTravelTime="166.00" duration="1"/>
    <step time="298.90" loaded="799" inserted="398" running="393" waiting="0" ended="5" meanWaitingTime="0.16" meanTravelTime="166.00" duration="1"/>
    <step time="299.00" loaded="799" inserted="399" running="394" waiting="0" ended="5" meanWaitingTime="0.16" meanTravelTime="166.00" duration="0"/>
    <step time="299.10" loaded="800" inserted="399" running="394" waiting="0" ended="5" meanWaitingTime="0.16" meanTravelTime="166.00" duration="1"/>
    <step time="299.20" loaded="800" inserted="399" running="394" waiting="0" ended="5" meanWaitingTime="0.16" meanTravelTime="166.00" duration="1"/>
    <step time="299.30" loaded="800" inserted="399" running="394" waiting="0" ended="5" meanWaitingTime="0.16" meanTravelTime="166.00" duration="0"/>
    <step time="299.40" loaded="800" inserted="399" running="394" waiting="0" ended="5" meanWaitingTime="0.16" meanTravelTime="166.00" duration="1"/>
    <step time="299.50" loaded="800" inserted="400" running="395" waiting="0" ended="5" meanWaitingTime="0.16" meanTravelTime="166.00" duration="1"/>
    <step time="299.60" loaded="801" inserted="400" running="395" waiting="0" ended="5" meanWaitingTime="0.16" meanTravelTime="166.00" duration="1"/>
    <step time="299.70" loaded="801" inserted="400" running="395" waiting="0" ended="5" meanWaitingTime="0.16" meanTravelTime="166.00" duration="1"/>
    <step time="299.80" loaded="801" inserted="400" running="395" waiting="0" ended="5" meanWaitingTime="0.16" meanTravelTime="166.00" duration="1"/>
    <step time="299.90" loaded="801" inserted="400" running="395" waiting="0" ended="5" meanWaitingTime="0.16" meanTravelTime="166.00" duration="1"/>
    <step time="300.00" loaded="801" inserted="401" running="396" waiting="0" ended="5" meanWaitingTime="0.16" meanTravelTime="166.00" duration="1"/>
    <step time="300.10" loaded="802" inserted="401" running="396" waiting="0" ended="5" meanWaitingTime="0.16" meanTravelTime="166.00" duration="1"/>
    <step time="300.20" loaded="802" inserted="401" running="396" waiting="0" ended="5" meanWaitingTime="0.16" meanTravelTime="166.00" duration="0"/>
    <step time="300.30" loaded="802" inserted="401" running="396" waiting="0" ended="5" meanWaitingTime="0.16" meanTravelTime="166.00" duration="1"/>
    <step time="300.40" loaded="802" inserted="401" running="396" waiting="0" ended="5" meanWaitingTime="0.16" meanTravelTime="166.00" duration="1"/>
    <step time="300.50" loaded="802" inserted="401" running="396" waiting="1" ended="5" meanWaitingTime="0.16" meanTravelTime="166.00" duration="1"/>
    <step time="300.60" loaded="803" inserted="401" running="396" waiting="1" ended="5" meanWaitingTime="0.16" meanTravelTime="166.00" duration="1"/>
    <step time="300.70" loaded="803" inserted="401" running="396" waiting="1" ended="5" meanWaitingTime="0.16" meanTravelTime="166.00" duration="1"/>
    <step time="300.80" loaded="803" inserted="401" running="396" waiting="1" ended="5" meanWaitingTime="0.16" meanTravelTime="166.00" duration="0"/>
    <step time="300.90" loaded="803" inserted="401" running="396" waiting="1" ended="5" meanWaitingTime="0.16" meanTravelTime="166.00" duration="1"/>
    <step time="301.00" loaded="803" inserted="401" running="396" waiting="2" ended="5" meanWaitingTime="0.16" meanTravelTime="166.00" duration="1"/>
    <step time="301.10" loaded="804" inserted="401" running="396" waiting="2" ended="5" meanWaitingTime="0.16" meanTravelTime="166.00" duration="0"/>
    <step time="301.20" loaded="804" inserted="401" running="396" waiting="2" ended="5" meanWaitingTime="0.16" meanTravelTime="166.00" duration="1"/>
    <step time="301.30" loaded="804" inserted="401" running="396" waiting="2" ended="5" meanWaitingTime="0.16" meanTravelTime="166.00" duration="1"/>
    <step time="301.40" loaded="804" inserted="401" running="396" waiting="2" ended="5" meanWaitingTime="0.16" meanTravelTime="166.00" duration="0"/>
    <step time="301.50" loaded="804" inserted="402" running="397" waiting="2" ended="5" meanWaitingTime="0.16" meanTravelTime="166.00" duration="1"/>
    <step time="301.60" loaded="805" inserted="402" running="397" waiting="2" ended="5" meanWaitingTime="0.16" meanTravelTime="166.00" duration="1"/>
    <step time="301.70" loaded="805" inserted="402" running="397" waiting="2" ended="5" meanWaitingTime="0.16" meanTravelTime="166.00" duration="1"/>
    <step time="301.80" loaded="805" inserted="403" running="398" waiting="1" ended="5" meanWaitingTime="0.16" meanTravelTime="166.00" duration="1"/>
    <step time="301.90" loaded="805" inserted="403" running="398" waiting="1" ended="5" meanWaitingTime="0.16" meanTravelTime="166.00" duration="1"/>
    <step time="302.00" loaded="805" inserted="404" running="399" waiting="1" ended="5" meanWaitingTime="0.16" meanTravelTime="166.00" duration="0"/>
    <step time="302.10" loaded="806" inserted="404" running="399" waiting="1" ended="5" meanWaitingTime="0.16" meanTravelTime="166.00" duration="1"/>
    <step time="302.20" loaded="806" inserted="404" running="399" waiting="1" ended="5" meanWaitingTime="0.16" meanTravelTime="166.00" duration="1"/>
    <step time="302.30" loaded="806" inserted="404" running="399" waiting="1" ended="5" meanWaitingTime="0.16" meanTravelTime="166.00" duration="0"/>
    <step time="302.40" loaded="806" inserted="404" running="398" waiting="1" ended="6" meanWaitingTime="0.16" meanTravelTime="164.82" duration="1"/>
    <step time="302.50" loaded="806" inserted="405" running="399" waiting="1" ended="6" meanWaitingTime="0.16" meanTravelTime="164.82" duration="1"/>
    <step time="302.60" loaded="807" inserted="406" running="400" waiting="0" ended="6" meanWaitingTime="0.17" meanTravelTime="164.82" duration="1"/>
    <step time="302.70" loaded="807" inserted="406" running="400" waiting="0" ended="6" meanWaitingTime="0.17" meanTravelTime="164.82" duration="0"/>
    <step time="302.80" loaded="807" inserted="406" running="400" waiting="0" ended="6" meanWaitingTime="0.17" meanTravelTime="164.82" duration="1"/>
    <step time="302.90" loaded="807" inserted="406" running="400" waiting="0" ended="6" meanWaitingTime="0.17" meanTravelTime="164.82" duration="1"/>
    <step time="303.00" loaded="807" inserted="407" running="401" waiting="0" ended="6" meanWaitingTime="0.17" meanTravelTime="164.82" duration="0"/>
    <step time="303.10" loaded="808" inserted="407" running="401" waiting="0" ended="6" meanWaitingTime="0.17" meanTravelTime="164.82" duration="1"/>
    <step time="303.20" loaded="808" inserted="407" running="401" waiting="0" ended="6" meanWaitingTime="0.17" meanTravelTime="164.82" duration="1"/>
    <step time="303.30" loaded="808" inserted="407" running="401" waiting="0" ended="6" meanWaitingTime="0.17" meanTravelTime="164.82" duration="0"/>
    <step time="303.40" loaded="808" inserted="407" running="400" waiting="0" ended="7" meanWaitingTime="0.17" meanTravelTime="164.47" duration="1"/>
    <step time="303.50" loaded="808" inserted="408" running="401" waiting="0" ended="7" meanWaitingTime="0.17" meanTravelTime="164.47" duration="0"/>
    <step time="303.60" loaded="809" inserted="408" running="401" waiting="0" ended="7" meanWaitingTime="0.17" meanTravelTime="164.47" duration="1"/>
    <step time="303.70" loaded="809" inserted="408" running="401" waiting="0" ended="7" meanWaitingTime="0.17" meanTravelTime="164.47" duration="1"/>
    <step time="303.80" loaded="809" inserted="408" running="401" waiting="0" ended="7" meanWaitingTime="0.17" meanTravelTime="164.47" duration="0"/>
    <step time="303.90" loaded="809" inserted="408" running="401" waiting="0" ended="7" meanWaitingTime="0.17" meanTravelTime="164.47" duration="0"/>
    <step time="304.00" loaded="809" inserted="409" running="402" waiting="0" ended="7" meanWaitingTime="0.17" meanTravelTime="164.47" duration="0"/>
    <step time="304.10" loaded="810" inserted="409" running="402" waiting="0" ended="7" meanWaitingTime="0.17" meanTravelTime="164.47" duration="1"/>
    <step time="304.20" loaded="810" inserted="409" running="402" waiting="0" ended="7" meanWaitingTime="0.17" meanTravelTime="164.47" duration="1"/>
    <step time="304.30" loaded="810" inserted="409" running="402" waiting="0" ended="7" meanWaitingTime="0.17" meanTravelTime="164.47" duration="0"/>
    <step time="304.40" loaded="810" inserted="409" running="402" waiting="0" ended="7" meanWaitingTime="0.17" meanTravelTime="164.47" duration="1"/>
    <step time="304.50" loaded="810" inserted="410" running="403" waiting="0" ended="7" meanWaitingTime="0.17" meanTravelTime="164.47" duration="0"/>
    <step time="304.60" loaded="811" inserted="410" running="403" waiting="0" ended="7" meanWaitingTime="0.17" meanTravelTime="164.47" duration="1"/>
    <step time="304.70" loaded="811" inserted="410" running="403" waiting="0" ended="7" meanWaitingTime="0.17" meanTravelTime="164.47" duration="0"/>
    <step time="304.80" loaded="811" inserted="410" running="403" waiting="0" ended="7" meanWaitingTime="0.17" meanTravelTime="164.47" duration="1"/>
    <step time="304.90" loaded="811" inserted="410" running="403" waiting="0" ended="7" meanWaitingTime="0.17" meanTravelTime="164.47" duration="0"/>
    <step time="305.00" loaded="811" inserted="411" running="404" waiting="0" ended="7" meanWaitingTime="0.16" meanTravelTime="164.47" duration="1"/>
    <step time="305.10" loaded="812" inserted="411" running="404" waiting="0" ended="7" meanWaitingTime="0.16" meanTravelTime="164.47" duration="1"/>
    <step time="305.20" loaded="812" inserted="411" running="404" waiting="0" ended="7" meanWaitingTime="0.16" meanTravelTime="164.47" duration="0"/>
    <step time="305.30" loaded="812" inserted="411" running="404" waiting="0" ended="7" meanWaitingTime="0.16" meanTravelTime="164.47" duration="1"/>
    <step time="305.40" loaded="812" inserted="411" running="404" waiting="0" ended="7" meanWaitingTime="0.16" meanTravelTime="164.47" duration="0"/>
    <step time="305.50" loaded="812" inserted="412" running="405" waiting="0" ended="7" meanWaitingTime="0.16" meanTravelTime="164.47" duration="1"/>
    <step time="305.60" loaded="813" inserted="412" running="405" waiting="0" ended="7" meanWaitingTime="0.16" meanTravelTime="164.47" duration="0"/>
    <step time="305.70" loaded="813" inserted="412" running="405" waiting="0" ended="7" meanWaitingTime="0.16" meanTravelTime="164.47" duration="1"/>
    <step time="305.80" loaded="813" inserted="412" running="405" waiting="0" ended="7" meanWaitingTime="0.16" meanTravelTime="164.47" duration="0"/>
    <step time="305.90" loaded="813" inserted="412" running="405" waiting="0" ended="7" meanWaitingTime="0.16" meanTravelTime="164.47" duration="1"/>
    <step time="306.00" loaded="813" inserted="413" running="406" waiting="0" ended="7" meanWaitingTime="0.16" meanTravelTime="164.47" duration="0"/>
    <step time="306.10" loaded="814" inserted="413" running="406" waiting="0" ended="7" meanWaitingTime="0.16" meanTravelTime="164.47" duration="1"/>
    <step time="306.20" loaded="814" inserted="413" running="406" waiting="0" ended="7" meanWaitingTime="0.16" meanTravelTime="164.47" duration="0"/>
    <step time="306.30" loaded="814" inserted="413" running="406" waiting="0" ended="7" meanWaitingTime="0.16" meanTravelTime="164.47" duration="1"/>
    <step time="306.40" loaded="814" inserted="413" running="406" waiting="0" ended="7" meanWaitingTime="0.16" meanTravelTime="164.47" duration="0"/>
    <step time="306.50" loaded="814" inserted="414" running="407" waiting="0" ended="7" meanWaitingTime="0.16" meanTravelTime="164.47" duration="1"/>
    <step time="306.60" loaded="815" inserted="414" running="407" waiting="0" ended="7" meanWaitingTime="0.16" meanTravelTime="164.47" duration="0"/>
    <step time="306.70" loaded="815" inserted="414" running="407" waiting="0" ended="7" meanWaitingTime="0.16" meanTravelTime="164.47" duration="1"/>
    <step time="306.80" loaded="815" inserted="414" running="407" waiting="0" ended="7" meanWaitingTime="0.16" meanTravelTime="164.47" duration="0"/>
    <step time="306.90" loaded="815" inserted="414" running="407" waiting="0" ended="7" meanWaitingTime="0.16" meanTravelTime="164.47" duration="1"/>
    <step time="307.00" loaded="815" inserted="415" running="408" waiting="0" ended="7" meanWaitingTime="0.16" meanTravelTime="164.47" duration="1"/>
    <step time="307.10" loaded="816" inserted="415" running="408" waiting="0" ended="7" meanWaitingTime="0.16" meanTravelTime="164.47" duration="0"/>
    <step time="307.20" loaded="816" inserted="415" running="408" waiting="0" ended="7" meanWaitingTime="0.16" meanTravelTime="164.47" duration="1"/>
    <step time="307.30" loaded="816" inserted="415" running="408" waiting="0" ended="7" meanWaitingTime="0.16" meanTravelTime="164.47" duration="0"/>
    <step time="307.40" loaded="816" inserted="415" running="408" waiting="0" ended="7" meanWaitingTime="0.16" meanTravelTime="164.47" duration="1"/>
    <step time="307.50" loaded="816" inserted="416" running="409" waiting="0" ended="7" meanWaitingTime="0.16" meanTravelTime="164.47" duration="0"/>
    <step time="307.60" loaded="817" inserted="416" running="409" waiting="0" ended="7" meanWaitingTime="0.16" meanTravelTime="164.47" duration="1"/>
    <step time="307.70" loaded="817" inserted="416" running="409" waiting="0" ended="7" meanWaitingTime="0.16" meanTravelTime="164.47" duration="1"/>
    <step time="307.80" loaded="817" inserted="416" running="409" waiting="0" ended="7" meanWaitingTime="0.16" meanTravelTime="164.47" duration="0"/>
    <step time="307.90" loaded="817" inserted="416" running="409" waiting="0" ended="7" meanWaitingTime="0.16" meanTravelTime="164.47" duration="0"/>
    <step time="308.00" loaded="817" inserted="417" running="410" waiting="0" ended="7" meanWaitingTime="0.16" meanTravelTime="164.47" duration="1"/>
    <step time="308.10" loaded="818" inserted="417" running="410" waiting="0" ended="7" meanWaitingTime="0.16" meanTravelTime="164.47" duration="1"/>
    <step time="308.20" loaded="818" inserted="417" running="410" waiting="0" ended="7" meanWaitingTime="0.16" meanTravelTime="164.47" duration="0"/>
    <step time="308.30" loaded="818" inserted="417" running="410" waiting="0" ended="7" meanWaitingTime="0.16" meanTravelTime="164.47" duration="1"/>
    <step time="308.40" loaded="818" inserted="417" running="410" waiting="0" ended="7" meanWaitingTime="0.16" meanTravelTime="164.47" duration="0"/>
    <step time="308.50" loaded="818" inserted="417" running="410" waiting="1" ended="7" meanWaitingTime="0.16" meanTravelTime="164.47" duration="1"/>
    <step time="308.60" loaded="819" inserted="417" running="410" waiting="1" ended="7" meanWaitingTime="0.16" meanTravelTime="164.47" duration="0"/>
    <step time="308.70" loaded="819" inserted="418" running="411" waiting="0" ended="7" meanWaitingTime="0.16" meanTravelTime="164.47" duration="1"/>
    <step time="308.80" loaded="819" inserted="418" running="411" waiting="0" ended="7" meanWaitingTime="0.16" meanTravelTime="164.47" duration="0"/>
    <step time="308.90" loaded="819" inserted="418" running="411" waiting="0" ended="7" meanWaitingTime="0.16" meanTravelTime="164.47" duration="1"/>
    <step time="309.00" loaded="819" inserted="419" running="412" waiting="0" ended="7" meanWaitingTime="0.16" meanTravelTime="164.47" duration="0"/>
    <step time="309.10" loaded="820" inserted="419" running="412" waiting="0" ended="7" meanWaitingTime="0.16" meanTravelTime="164.47" duration="0"/>
    <step time="309.20" loaded="820" inserted="419" running="412" waiting="0" ended="7" meanWaitingTime="0.16" meanTravelTime="164.47" duration="1"/>
    <step time="309.30" loaded="820" inserted="419" running="412" waiting="0" ended="7" meanWaitingTime="0.16" meanTravelTime="164.47" duration="0"/>
    <step time="309.40" loaded="820" inserted="419" running="412" waiting="0" ended="7" meanWaitingTime="0.16" meanTravelTime="164.47" duration="1"/>
    <step time="309.50" loaded="820" inserted="420" running="413" waiting="0" ended="7" meanWaitingTime="0.16" meanTravelTime="164.47" duration="0"/>
    <step time="309.60" loaded="821" inserted="420" running="413" waiting="0" ended="7" meanWaitingTime="0.16" meanTravelTime="164.47" duration="1"/>
    <step time="309.70" loaded="821" inserted="420" running="413" waiting="0" ended="7" meanWaitingTime="0.16" meanTravelTime="164.47" duration="0"/>
    <step time="309.80" loaded="821" inserted="420" running="413" waiting="0" ended="7" meanWaitingTime="0.16" meanTravelTime="164.47" duration="1"/>
    <step time="309.90" loaded="821" inserted="420" running="413" waiting="0" ended="7" meanWaitingTime="0.16" meanTravelTime="164.47" duration="1"/>
    <step time="310.00" loaded="821" inserted="421" running="414" waiting="0" ended="7" meanWaitingTime="0.16" meanTravelTime="164.47" duration="0"/>
    <step time="310.10" loaded="822" inserted="421" running="414" waiting="0" ended="7" meanWaitingTime="0.16" meanTravelTime="164.47" duration="1"/>
    <step time="310.20" loaded="822" inserted="421" running="414" waiting="0" ended="7" meanWaitingTime="0.16" meanTravelTime="164.47" duration="0"/>
    <step time="310.30" loaded="822" inserted="421" running="414" waiting="0" ended="7" meanWaitingTime="0.16" meanTravelTime="164.47" duration="1"/>
    <step time="310.40" loaded="822" inserted="421" running="414" waiting="0" ended="7" meanWaitingTime="0.16" meanTravelTime="164.47" duration="1"/>
    <step time="310.50" loaded="822" inserted="422" running="415" waiting="0" ended="7" meanWaitingTime="0.16" meanTravelTime="164.47" duration="0"/>
    <step time="310.60" loaded="823" inserted="422" running="415" waiting="0" ended="7" meanWaitingTime="0.16" meanTravelTime="164.47" duration="1"/>
    <step time="310.70" loaded="823" inserted="422" running="415" waiting="0" ended="7" meanWaitingTime="0.16" meanTravelTime="164.47" duration="0"/>
    <step time="310.80" loaded="823" inserted="422" running="415" waiting="0" ended="7" meanWaitingTime="0.16" meanTravelTime="164.47" duration="1"/>
    <step time="310.90" loaded="823" inserted="422" running="415" waiting="0" ended="7" meanWaitingTime="0.16" meanTravelTime="164.47" duration="0"/>
    <step time="311.00" loaded="823" inserted="423" running="416" waiting="0" ended="7" meanWaitingTime="0.16" meanTravelTime="164.47" duration="1"/>
    <step time="311.10" loaded="824" inserted="423" running="416" waiting="0" ended="7" meanWaitingTime="0.16" meanTravelTime="164.47" duration="0"/>
    <step time="311.20" loaded="824" inserted="423" running="416" waiting="0" ended="7" meanWaitingTime="0.16" meanTravelTime="164.47" duration="1"/>
    <step time="311.30" loaded="824" inserted="423" running="416" waiting="0" ended="7" meanWaitingTime="0.16" meanTravelTime="164.47" duration="0"/>
    <step time="311.40" loaded="824" inserted="423" running="416" waiting="0" ended="7" meanWaitingTime="0.16" meanTravelTime="164.47" duration="1"/>
    <step time="311.50" loaded="824" inserted="424" running="417" waiting="0" ended="7" meanWaitingTime="0.16" meanTravelTime="164.47" duration="0"/>
    <step time="311.60" loaded="825" inserted="424" running="417" waiting="0" ended="7" meanWaitingTime="0.16" meanTravelTime="164.47" duration="1"/>
    <step time="311.70" loaded="825" inserted="424" running="417" waiting="0" ended="7" meanWaitingTime="0.16" meanTravelTime="164.47" duration="0"/>
    <step time="311.80" loaded="825" inserted="424" running="417" waiting="0" ended="7" meanWaitingTime="0.16" meanTravelTime="164.47" duration="1"/>
    <step time="311.90" loaded="825" inserted="424" running="417" waiting="0" ended="7" meanWaitingTime="0.16" meanTravelTime="164.47" duration="0"/>
    <step time="312.00" loaded="825" inserted="425" running="418" waiting="0" ended="7" meanWaitingTime="0.16" meanTravelTime="164.47" duration="1"/>
    <step time="312.10" loaded="826" inserted="425" running="418" waiting="0" ended="7" meanWaitingTime="0.16" meanTravelTime="164.47" duration="0"/>
    <step time="312.20" loaded="826" inserted="425" running="418" waiting="0" ended="7" meanWaitingTime="0.16" meanTravelTime="164.47" duration="0"/>
    <step time="312.30" loaded="826" inserted="425" running="418" waiting="0" ended="7" meanWaitingTime="0.16" meanTravelTime="164.47" duration="1"/>
    <step time="312.40" loaded="826" inserted="425" running="418" waiting="0" ended="7" meanWaitingTime="0.16" meanTravelTime="164.47" duration="0"/>
    <step time="312.50" loaded="826" inserted="426" running="419" waiting="0" ended="7" meanWaitingTime="0.16" meanTravelTime="164.47" duration="1"/>
    <step time="312.60" loaded="827" inserted="426" running="419" waiting="0" ended="7" meanWaitingTime="0.16" meanTravelTime="164.47" duration="0"/>
    <step time="312.70" loaded="827" inserted="426" running="419" waiting="0" ended="7" meanWaitingTime="0.16" meanTravelTime="164.47" duration="1"/>
    <step time="312.80" loaded="827" inserted="426" running="419" waiting="0" ended="7" meanWaitingTime="0.16" meanTravelTime="164.47" duration="0"/>
    <step time="312.90" loaded="827" inserted="426" running="419" waiting="0" ended="7" meanWaitingTime="0.16" meanTravelTime="164.47" duration="1"/>
    <step time="313.00" loaded="827" inserted="427" running="420" waiting="0" ended="7" meanWaitingTime="0.16" meanTravelTime="164.47" duration="0"/>
    <step time="313.10" loaded="828" inserted="427" running="420" waiting="0" ended="7" meanWaitingTime="0.16" meanTravelTime="164.47" duration="0"/>
    <step time="313.20" loaded="828" inserted="427" running="420" waiting="0" ended="7" meanWaitingTime="0.16" meanTravelTime="164.47" duration="1"/>
    <step time="313.30" loaded="828" inserted="427" running="420" waiting="0" ended="7" meanWaitingTime="0.16" meanTravelTime="164.47" duration="0"/>
    <step time="313.40" loaded="828" inserted="427" running="420" waiting="0" ended="7" meanWaitingTime="0.16" meanTravelTime="164.47" duration="1"/>
    <step time="313.50" loaded="828" inserted="428" running="421" waiting="0" ended="7" meanWaitingTime="0.16" meanTravelTime="164.47" duration="0"/>
    <step time="313.60" loaded="829" inserted="428" running="421" waiting="0" ended="7" meanWaitingTime="0.16" meanTravelTime="164.47" duration="1"/>
    <step time="313.70" loaded="829" inserted="428" running="421" waiting="0" ended="7" meanWaitingTime="0.16" meanTravelTime="164.47" duration="0"/>
    <step time="313.80" loaded="829" inserted="428" running="421" waiting="0" ended="7" meanWaitingTime="0.16" meanTravelTime="164.47" duration="1"/>
    <step time="313.90" loaded="829" inserted="428" running="421" waiting="0" ended="7" meanWaitingTime="0.16" meanTravelTime="164.47" duration="1"/>
    <step time="314.00" loaded="829" inserted="429" running="422" waiting="0" ended="7" meanWaitingTime="0.16" meanTravelTime="164.47" duration="0"/>
    <step time="314.10" loaded="830" inserted="429" running="422" waiting="0" ended="7" meanWaitingTime="0.16" meanTravelTime="164.47" duration="1"/>
    <step time="314.20" loaded="830" inserted="429" running="422" waiting="0" ended="7" meanWaitingTime="0.16" meanTravelTime="164.47" duration="0"/>
    <step time="314.30" loaded="830" inserted="429" running="422" waiting="0" ended="7" meanWaitingTime="0.16" meanTravelTime="164.47" duration="1"/>
    <step time="314.40" loaded="830" inserted="429" running="422" waiting="0" ended="7" meanWaitingTime="0.16" meanTravelTime="164.47" duration="0"/>
    <step time="314.50" loaded="830" inserted="430" running="423" waiting="0" ended="7" meanWaitingTime="0.16" meanTravelTime="164.47" duration="1"/>
    <step time="314.60" loaded="831" inserted="430" running="423" waiting="0" ended="7" meanWaitingTime="0.16" meanTravelTime="164.47" duration="1"/>
    <step time="314.70" loaded="831" inserted="430" running="423" waiting="0" ended="7" meanWaitingTime="0.16" meanTravelTime="164.47" duration="0"/>
    <step time="314.80" loaded="831" inserted="430" running="423" waiting="0" ended="7" meanWaitingTime="0.16" meanTravelTime="164.47" duration="1"/>
    <step time="314.90" loaded="831" inserted="430" running="423" waiting="0" ended="7" meanWaitingTime="0.16" meanTravelTime="164.47" duration="0"/>
    <step time="315.00" loaded="831" inserted="431" running="424" waiting="0" ended="7" meanWaitingTime="0.16" meanTravelTime="164.47" duration="0"/>
    <step time="315.10" loaded="832" inserted="431" running="424" waiting="0" ended="7" meanWaitingTime="0.16" meanTravelTime="164.47" duration="2"/>
    <step time="315.20" loaded="832" inserted="431" running="424" waiting="0" ended="7" meanWaitingTime="0.16" meanTravelTime="164.47" duration="1"/>
    <step time="315.30" loaded="832" inserted="431" running="424" waiting="0" ended="7" meanWaitingTime="0.16" meanTravelTime="164.47" duration="1"/>
    <step time="315.40" loaded="832" inserted="431" running="424" waiting="0" ended="7" meanWaitingTime="0.16" meanTravelTime="164.47" duration="1"/>
    <step time="315.50" loaded="832" inserted="432" running="425" waiting="0" ended="7" meanWaitingTime="0.16" meanTravelTime="164.47" duration="1"/>
    <step time="315.60" loaded="833" inserted="432" running="425" waiting="0" ended="7" meanWaitingTime="0.16" meanTravelTime="164.47" duration="1"/>
    <step time="315.70" loaded="833" inserted="432" running="425" waiting="0" ended="7" meanWaitingTime="0.16" meanTravelTime="164.47" duration="1"/>
    <step time="315.80" loaded="833" inserted="432" running="425" waiting="0" ended="7" meanWaitingTime="0.16" meanTravelTime="164.47" duration="2"/>
    <step time="315.90" loaded="833" inserted="432" running="425" waiting="0" ended="7" meanWaitingTime="0.16" meanTravelTime="164.47" duration="1"/>
    <step time="316.00" loaded="833" inserted="433" running="426" waiting="0" ended="7" meanWaitingTime="0.16" meanTravelTime="164.47" duration="1"/>
    <step time="316.10" loaded="834" inserted="433" running="426" waiting="0" ended="7" meanWaitingTime="0.16" meanTravelTime="164.47" duration="1"/>
    <step time="316.20" loaded="834" inserted="433" running="426" waiting="0" ended="7" meanWaitingTime="0.16" meanTravelTime="164.47" duration="2"/>
    <step time="316.30" loaded="834" inserted="433" running="426" waiting="0" ended="7" meanWaitingTime="0.16" meanTravelTime="164.47" duration="1"/>
    <step time="316.40" loaded="834" inserted="433" running="426" waiting="0" ended="7" meanWaitingTime="0.16" meanTravelTime="164.47" duration="1"/>
    <step time="316.50" loaded="834" inserted="434" running="427" waiting="0" ended="7" meanWaitingTime="0.16" meanTravelTime="164.47" duration="1"/>
    <step time="316.60" loaded="835" inserted="434" running="427" waiting="0" ended="7" meanWaitingTime="0.16" meanTravelTime="164.47" duration="1"/>
    <step time="316.70" loaded="835" inserted="434" running="427" waiting="0" ended="7" meanWaitingTime="0.16" meanTravelTime="164.47" duration="1"/>
    <step time="316.80" loaded="835" inserted="434" running="427" waiting="0" ended="7" meanWaitingTime="0.16" meanTravelTime="164.47" duration="1"/>
    <step time="316.90" loaded="835" inserted="434" running="427" waiting="0" ended="7" meanWaitingTime="0.16" meanTravelTime="164.47" duration="1"/>
    <step time="317.00" loaded="835" inserted="434" running="427" waiting="1" ended="7" meanWaitingTime="0.16" meanTravelTime="164.47" duration="1"/>
    <step time="317.10" loaded="836" inserted="434" running="427" waiting="1" ended="7" meanWaitingTime="0.16" meanTravelTime="164.47" duration="1"/>
    <step time="317.20" loaded="836" inserted="434" running="427" waiting="1" ended="7" meanWaitingTime="0.16" meanTravelTime="164.47" duration="2"/>
    <step time="317.30" loaded="836" inserted="434" running="427" waiting="1" ended="7" meanWaitingTime="0.16" meanTravelTime="164.47" duration="1"/>
    <step time="317.40" loaded="836" inserted="434" running="427" waiting="1" ended="7" meanWaitingTime="0.16" meanTravelTime="164.47" duration="1"/>
    <step time="317.50" loaded="836" inserted="435" running="428" waiting="1" ended="7" meanWaitingTime="0.16" meanTravelTime="164.47" duration="1"/>
    <step time="317.60" loaded="837" inserted="435" running="428" waiting="1" ended="7" meanWaitingTime="0.16" meanTravelTime="164.47" duration="1"/>
    <step time="317.70" loaded="837" inserted="435" running="428" waiting="1" ended="7" meanWaitingTime="0.16" meanTravelTime="164.47" duration="1"/>
    <step time="317.80" loaded="837" inserted="435" running="426" waiting="1" ended="9" meanWaitingTime="0.16" meanTravelTime="173.71" duration="1"/>
    <step time="317.90" loaded="837" inserted="435" running="426" waiting="1" ended="9" meanWaitingTime="0.16" meanTravelTime="173.71" duration="2"/>
    <step time="318.00" loaded="837" inserted="436" running="427" waiting="1" ended="9" meanWaitingTime="0.16" meanTravelTime="173.71" duration="1"/>
    <step time="318.10" loaded="838" inserted="436" running="427" waiting="1" ended="9" meanWaitingTime="0.16" meanTravelTime="173.71" duration="1"/>
    <step time="318.20" loaded="838" inserted="436" running="427" waiting="1" ended="9" meanWaitingTime="0.16" meanTravelTime="173.71" duration="1"/>
    <step time="318.30" loaded="838" inserted="436" running="427" waiting="1" ended="9" meanWaitingTime="0.16" meanTravelTime="173.71" duration="2"/>
    <step time="318.40" loaded="838" inserted="436" running="427" waiting="1" ended="9" meanWaitingTime="0.16" meanTravelTime="173.71" duration="1"/>
    <step time="318.50" loaded="838" inserted="437" running="428" waiting="1" ended="9" meanWaitingTime="0.16" meanTravelTime="173.71" duration="2"/>
    <step time="318.60" loaded="839" inserted="437" running="428" waiting="1" ended="9" meanWaitingTime="0.16" meanTravelTime="173.71" duration="1"/>
    <step time="318.70" loaded="839" inserted="437" running="428" waiting="1" ended="9" meanWaitingTime="0.16" meanTravelTime="173.71" duration="1"/>
    <step time="318.80" loaded="839" inserted="437" running="428" waiting="1" ended="9" meanWaitingTime="0.16" meanTravelTime="173.71" duration="2"/>
    <step time="318.90" loaded="839" inserted="437" running="428" waiting="1" ended="9" meanWaitingTime="0.16" meanTravelTime="173.71" duration="1"/>
    <step time="319.00" loaded="839" inserted="438" running="429" waiting="1" ended="9" meanWaitingTime="0.16" meanTravelTime="173.71" duration="1"/>
    <step time="319.10" loaded="840" inserted="438" running="429" waiting="1" ended="9" meanWaitingTime="0.16" meanTravelTime="173.71" duration="1"/>
    <step time="319.20" loaded="840" inserted="438" running="429" waiting="1" ended="9" meanWaitingTime="0.16" meanTravelTime="173.71" duration="2"/>
    <step time="319.30" loaded="840" inserted="438" running="429" waiting="1" ended="9" meanWaitingTime="0.16" meanTravelTime="173.71" duration="0"/>
    <step time="319.40" loaded="840" inserted="438" running="429" waiting="1" ended="9" meanWaitingTime="0.16" meanTravelTime="173.71" duration="1"/>
    <step time="319.50" loaded="840" inserted="439" running="430" waiting="1" ended="9" meanWaitingTime="0.15" meanTravelTime="173.71" duration="1"/>
    <step time="319.60" loaded="841" inserted="439" running="430" waiting="1" ended="9" meanWaitingTime="0.15" meanTravelTime="173.71" duration="1"/>
    <step time="319.70" loaded="841" inserted="439" running="430" waiting="1" ended="9" meanWaitingTime="0.15" meanTravelTime="173.71" duration="1"/>
    <step time="319.80" loaded="841" inserted="439" running="430" waiting="1" ended="9" meanWaitingTime="0.15" meanTravelTime="173.71" duration="1"/>
    <step time="319.90" loaded="841" inserted="439" running="430" waiting="1" ended="9" meanWaitingTime="0.15" meanTravelTime="173.71" duration="1"/>
    <step time="320.00" loaded="841" inserted="441" running="432" waiting="0" ended="9" meanWaitingTime="0.16" meanTravelTime="173.71" duration="1"/>
    <step time="320.10" loaded="842" inserted="441" running="432" waiting="0" ended="9" meanWaitingTime="0.16" meanTravelTime="173.71" duration="1"/>
    <step time="320.20" loaded="842" inserted="441" running="432" waiting="0" ended="9" meanWaitingTime="0.16" meanTravelTime="173.71" duration="2"/>
    <step time="320.30" loaded="842" inserted="441" running="431" waiting="0" ended="10" meanWaitingTime="0.16" meanTravelTime="174.67" duration="1"/>
    <step time="320.40" loaded="842" inserted="441" running="431" waiting="0" ended="10" meanWaitingTime="0.16" meanTravelTime="174.67" duration="2"/>
    <step time="320.50" loaded="842" inserted="442" running="432" waiting="0" ended="10" meanWaitingTime="0.16" meanTravelTime="174.67" duration="1"/>
    <step time="320.60" loaded="843" inserted="442" running="432" waiting="0" ended="10" meanWaitingTime="0.16" meanTravelTime="174.67" duration="1"/>
    <step time="320.70" loaded="843" inserted="442" running="432" waiting="0" ended="10" meanWaitingTime="0.16" meanTravelTime="174.67" duration="1"/>
    <step time="320.80" loaded="843" inserted="442" running="432" waiting="0" ended="10" meanWaitingTime="0.16" meanTravelTime="174.67" duration="1"/>
    <step time="320.90" loaded="843" inserted="442" running="432" waiting="0" ended="10" meanWaitingTime="0.16" meanTravelTime="174.67" duration="1"/>
    <step time="321.00" loaded="843" inserted="443" running="433" waiting="0" ended="10" meanWaitingTime="0.16" meanTravelTime="174.67" duration="1"/>
    <step time="321.10" loaded="844" inserted="443" running="433" waiting="0" ended="10" meanWaitingTime="0.16" meanTravelTime="174.67" duration="1"/>
    <step time="321.20" loaded="844" inserted="443" running="433" waiting="0" ended="10" meanWaitingTime="0.16" meanTravelTime="174.67" duration="1"/>
    <step time="321.30" loaded="844" inserted="443" running="433" waiting="0" ended="10" meanWaitingTime="0.16" meanTravelTime="174.67" duration="1"/>
    <step time="321.40" loaded="844" inserted="443" running="433" waiting="0" ended="10" meanWaitingTime="0.16" meanTravelTime="174.67" duration="0"/>
    <step time="321.50" loaded="844" inserted="444" running="434" waiting="0" ended="10" meanWaitingTime="0.16" meanTravelTime="174.67" duration="1"/>
    <step time="321.60" loaded="845" inserted="444" running="434" waiting="0" ended="10" meanWaitingTime="0.16" meanTravelTime="174.67" duration="1"/>
    <step time="321.70" loaded="845" inserted="444" running="434" waiting="0" ended="10" meanWaitingTime="0.16" meanTravelTime="174.67" duration="1"/>
    <step time="321.80" loaded="845" inserted="444" running="434" waiting="0" ended="10" meanWaitingTime="0.16" meanTravelTime="174.67" duration="2"/>
    <step time="321.90" loaded="845" inserted="444" running="434" waiting="0" ended="10" meanWaitingTime="0.16" meanTravelTime="174.67" duration="1"/>
    <step time="322.00" loaded="845" inserted="445" running="435" waiting="0" ended="10" meanWaitingTime="0.16" meanTravelTime="174.67" duration="1"/>
    <step time="322.10" loaded="846" inserted="445" running="435" waiting="0" ended="10" meanWaitingTime="0.16" meanTravelTime="174.67" duration="1"/>
    <step time="322.20" loaded="846" inserted="445" running="435" waiting="0" ended="10" meanWaitingTime="0.16" meanTravelTime="174.67" duration="1"/>
    <step time="322.30" loaded="846" inserted="445" running="435" waiting="0" ended="10" meanWaitingTime="0.16" meanTravelTime="174.67" duration="1"/>
    <step time="322.40" loaded="846" inserted="445" running="435" waiting="0" ended="10" meanWaitingTime="0.16" meanTravelTime="174.67" duration="1"/>
    <step time="322.50" loaded="846" inserted="446" running="436" waiting="0" ended="10" meanWaitingTime="0.16" meanTravelTime="174.67" duration="1"/>
    <step time="322.60" loaded="847" inserted="446" running="436" waiting="0" ended="10" meanWaitingTime="0.16" meanTravelTime="174.67" duration="0"/>
    <step time="322.70" loaded="847" inserted="446" running="436" waiting="0" ended="10" meanWaitingTime="0.16" meanTravelTime="174.67" duration="1"/>
    <step time="322.80" loaded="847" inserted="446" running="436" waiting="0" ended="10" meanWaitingTime="0.16" meanTravelTime="174.67" duration="1"/>
    <step time="322.90" loaded="847" inserted="446" running="436" waiting="0" ended="10" meanWaitingTime="0.16" meanTravelTime="174.67" duration="1"/>
    <step time="323.00" loaded="847" inserted="447" running="437" waiting="0" ended="10" meanWaitingTime="0.16" meanTravelTime="174.67" duration="1"/>
    <step time="323.10" loaded="848" inserted="447" running="437" waiting="0" ended="10" meanWaitingTime="0.16" meanTravelTime="174.67" duration="1"/>
    <step time="323.20" loaded="848" inserted="447" running="437" waiting="0" ended="10" meanWaitingTime="0.16" meanTravelTime="174.67" duration="0"/>
    <step time="323.30" loaded="848" inserted="447" running="437" waiting="0" ended="10" meanWaitingTime="0.16" meanTravelTime="174.67" duration="0"/>
    <step time="323.40" loaded="848" inserted="447" running="437" waiting="0" ended="10" meanWaitingTime="0.16" meanTravelTime="174.67" duration="1"/>
    <step time="323.50" loaded="848" inserted="447" running="437" waiting="1" ended="10" meanWaitingTime="0.16" meanTravelTime="174.67" duration="1"/>
    <step time="323.60" loaded="849" inserted="447" running="437" waiting="1" ended="10" meanWaitingTime="0.16" meanTravelTime="174.67" duration="1"/>
    <step time="323.70" loaded="849" inserted="447" running="437" waiting="1" ended="10" meanWaitingTime="0.16" meanTravelTime="174.67" duration="1"/>
    <step time="323.80" loaded="849" inserted="447" running="437" waiting="1" ended="10" meanWaitingTime="0.16" meanTravelTime="174.67" duration="2"/>
    <step time="323.90" loaded="849" inserted="447" running="437" waiting="1" ended="10" meanWaitingTime="0.16" meanTravelTime="174.67" duration="1"/>
    <step time="324.00" loaded="849" inserted="448" running="438" waiting="1" ended="10" meanWaitingTime="0.16" meanTravelTime="174.67" duration="1"/>
    <step time="324.10" loaded="850" inserted="448" running="438" waiting="1" ended="10" meanWaitingTime="0.16" meanTravelTime="174.67" duration="1"/>
    <step time="324.20" loaded="850" inserted="448" running="438" waiting="1" ended="10" meanWaitingTime="0.16" meanTravelTime="174.67" duration="1"/>
    <step time="324.30" loaded="850" inserted="448" running="438" waiting="1" ended="10" meanWaitingTime="0.16" meanTravelTime="174.67" duration="0"/>
    <step time="324.40" loaded="850" inserted="448" running="438" waiting="1" ended="10" meanWaitingTime="0.16" meanTravelTime="174.67" duration="1"/>
    <step time="324.50" loaded="850" inserted="449" running="439" waiting="1" ended="10" meanWaitingTime="0.16" meanTravelTime="174.67" duration="1"/>
    <step time="324.60" loaded="851" inserted="449" running="438" waiting="1" ended="11" meanWaitingTime="0.16" meanTravelTime="178.25" duration="1"/>
    <step time="324.70" loaded="851" inserted="449" running="438" waiting="1" ended="11" meanWaitingTime="0.16" meanTravelTime="178.25" duration="1"/>
    <step time="324.80" loaded="851" inserted="449" running="438" waiting="1" ended="11" meanWaitingTime="0.16" meanTravelTime="178.25" duration="0"/>
    <step time="324.90" loaded="851" inserted="449" running="438" waiting="1" ended="11" meanWaitingTime="0.16" meanTravelTime="178.25" duration="1"/>
    <step time="325.00" loaded="851" inserted="450" running="438" waiting="1" ended="12" meanWaitingTime="0.16" meanTravelTime="181.40" duration="1"/>
    <step time="325.10" loaded="852" inserted="450" running="438" waiting="1" ended="12" meanWaitingTime="0.16" meanTravelTime="181.40" duration="1"/>
    <step time="325.20" loaded="852" inserted="450" running="438" waiting="1" ended="12" meanWaitingTime="0.16" meanTravelTime="181.40" duration="1"/>
    <step time="325.30" loaded="852" inserted="450" running="437" waiting="1" ended="13" meanWaitingTime="0.16" meanTravelTime="180.74" duration="1"/>
    <step time="325.40" loaded="852" inserted="450" running="437" waiting="1" ended="13" meanWaitingTime="0.16" meanTravelTime="180.74" duration="1"/>
    <step time="325.50" loaded="852" inserted="450" running="437" waiting="2" ended="13" meanWaitingTime="0.16" meanTravelTime="180.74" duration="1"/>
    <step time="325.60" loaded="853" inserted="450" running="437" waiting="2" ended="13" meanWaitingTime="0.16" meanTravelTime="180.74" duration="1"/>
    <step time="325.70" loaded="853" inserted="450" running="437" waiting="2" ended="13" meanWaitingTime="0.16" meanTravelTime="180.74" duration="1"/>
    <step time="325.80" loaded="853" inserted="451" running="438" waiting="1" ended="13" meanWaitingTime="0.16" meanTravelTime="180.74" duration="1"/>
    <step time="325.90" loaded="853" inserted="451" running="438" waiting="1" ended="13" meanWaitingTime="0.16" meanTravelTime="180.74" duration="1"/>
    <step time="326.00" loaded="853" inserted="452" running="439" waiting="1" ended="13" meanWaitingTime="0.16" meanTravelTime="180.74" duration="1"/>
    <step time="326.10" loaded="854" inserted="452" running="439" waiting="1" ended="13" meanWaitingTime="0.16" meanTravelTime="180.74" duration="1"/>
    <step time="326.20" loaded="854" inserted="452" running="439" waiting="1" ended="13" meanWaitingTime="0.16" meanTravelTime="180.74" duration="1"/>
    <step time="326.30" loaded="854" inserted="453" running="440" waiting="0" ended="13" meanWaitingTime="0.16" meanTravelTime="180.74" duration="0"/>
    <step time="326.40" loaded="854" inserted="453" running="440" waiting="0" ended="13" meanWaitingTime="0.16" meanTravelTime="180.74" duration="1"/>
    <step time="326.50" loaded="854" inserted="454" running="441" waiting="0" ended="13" meanWaitingTime="0.16" meanTravelTime="180.74" duration="1"/>
    <step time="326.60" loaded="855" inserted="454" running="441" waiting="0" ended="13" meanWaitingTime="0.16" meanTravelTime="180.74" duration="1"/>
    <step time="326.70" loaded="855" inserted="454" running="440" waiting="0" ended="14" meanWaitingTime="0.16" meanTravelTime="183.66" duration="1"/>
    <step time="326.80" loaded="855" inserted="454" running="440" waiting="0" ended="14" meanWaitingTime="0.16" meanTravelTime="183.66" duration="1"/>
    <step time="326.90" loaded="855" inserted="454" running="440" waiting="0" ended="14" meanWaitingTime="0.16" meanTravelTime="183.66" duration="1"/>
    <step time="327.00" loaded="855" inserted="455" running="441" waiting="0" ended="14" meanWaitingTime="0.16" meanTravelTime="183.66" duration="0"/>
    <step time="327.10" loaded="856" inserted="455" running="441" waiting="0" ended="14" meanWaitingTime="0.16" meanTravelTime="183.66" duration="1"/>
    <step time="327.20" loaded="856" inserted="455" running="441" waiting="0" ended="14" meanWaitingTime="0.16" meanTravelTime="183.66" duration="1"/>
    <step time="327.30" loaded="856" inserted="455" running="440" waiting="0" ended="15" meanWaitingTime="0.16" meanTravelTime="186.11" duration="1"/>
    <step time="327.40" loaded="856" inserted="455" running="440" waiting="0" ended="15" meanWaitingTime="0.16" meanTravelTime="186.11" duration="1"/>
    <step time="327.50" loaded="856" inserted="456" running="441" waiting="0" ended="15" meanWaitingTime="0.16" meanTravelTime="186.11" duration="1"/>
    <step time="327.60" loaded="857" inserted="456" running="441" waiting="0" ended="15" meanWaitingTime="0.16" meanTravelTime="186.11" duration="1"/>
    <step time="327.70" loaded="857" inserted="456" running="441" waiting="0" ended="15" meanWaitingTime="0.16" meanTravelTime="186.11" duration="2"/>
    <step time="327.80" loaded="857" inserted="456" running="441" waiting="0" ended="15" meanWaitingTime="0.16" meanTravelTime="186.11" duration="1"/>
    <step time="327.90" loaded="857" inserted="456" running="441" waiting="0" ended="15" meanWaitingTime="0.16" meanTravelTime="186.11" duration="1"/>
    <step time="328.00" loaded="857" inserted="457" running="442" waiting="0" ended="15" meanWaitingTime="0.16" meanTravelTime="186.11" duration="1"/>
    <step time="328.10" loaded="858" inserted="457" running="442" waiting="0" ended="15" meanWaitingTime="0.16" meanTravelTime="186.11" duration="1"/>
    <step time="328.20" loaded="858" inserted="457" running="442" waiting="0" ended="15" meanWaitingTime="0.16" meanTravelTime="186.11" duration="1"/>
    <step time="328.30" loaded="858" inserted="457" running="442" waiting="0" ended="15" meanWaitingTime="0.16" meanTravelTime="186.11" duration="1"/>
    <step time="328.40" loaded="858" inserted="457" running="442" waiting="0" ended="15" meanWaitingTime="0.16" meanTravelTime="186.11" duration="1"/>
    <step time="328.50" loaded="858" inserted="458" running="442" waiting="0" ended="16" meanWaitingTime="0.16" meanTravelTime="187.88" duration="1"/>
    <step time="328.60" loaded="859" inserted="458" running="442" waiting="0" ended="16" meanWaitingTime="0.16" meanTravelTime="187.88" duration="1"/>
    <step time="328.70" loaded="859" inserted="458" running="442" waiting="0" ended="16" meanWaitingTime="0.16" meanTravelTime="187.88" duration="1"/>
    <step time="328.80" loaded="859" inserted="458" running="442" waiting="0" ended="16" meanWaitingTime="0.16" meanTravelTime="187.88" duration="1"/>
    <step time="328.90" loaded="859" inserted="458" running="442" waiting="0" ended="16" meanWaitingTime="0.16" meanTravelTime="187.88" duration="1"/>
    <step time="329.00" loaded="859" inserted="459" running="443" waiting="0" ended="16" meanWaitingTime="0.16" meanTravelTime="187.88" duration="0"/>
    <step time="329.10" loaded="860" inserted="459" running="443" waiting="0" ended="16" meanWaitingTime="0.16" meanTravelTime="187.88" duration="1"/>
    <step time="329.20" loaded="860" inserted="459" running="443" waiting="0" ended="16" meanWaitingTime="0.16" meanTravelTime="187.88" duration="1"/>
    <step time="329.30" loaded="860" inserted="459" running="443" waiting="0" ended="16" meanWaitingTime="0.16" meanTravelTime="187.88" duration="1"/>
    <step time="329.40" loaded="860" inserted="459" running="443" waiting="0" ended="16" meanWaitingTime="0.16" meanTravelTime="187.88" duration="1"/>
    <step time="329.50" loaded="860" inserted="460" running="444" waiting="0" ended="16" meanWaitingTime="0.16" meanTravelTime="187.88" duration="1"/>
    <step time="329.60" loaded="861" inserted="460" running="444" waiting="0" ended="16" meanWaitingTime="0.16" meanTravelTime="187.88" duration="0"/>
    <step time="329.70" loaded="861" inserted="460" running="444" waiting="0" ended="16" meanWaitingTime="0.16" meanTravelTime="187.88" duration="1"/>
    <step time="329.80" loaded="861" inserted="460" running="444" waiting="0" ended="16" meanWaitingTime="0.16" meanTravelTime="187.88" duration="1"/>
    <step time="329.90" loaded="861" inserted="460" running="444" waiting="0" ended="16" meanWaitingTime="0.16" meanTravelTime="187.88" duration="1"/>
    <step time="330.00" loaded="861" inserted="461" running="445" waiting="0" ended="16" meanWaitingTime="0.16" meanTravelTime="187.88" duration="0"/>
    <step time="330.10" loaded="862" inserted="461" running="445" waiting="0" ended="16" meanWaitingTime="0.16" meanTravelTime="187.88" duration="1"/>
    <step time="330.20" loaded="862" inserted="461" running="445" waiting="0" ended="16" meanWaitingTime="0.16" meanTravelTime="187.88" duration="1"/>
    <step time="330.30" loaded="862" inserted="461" running="445" waiting="0" ended="16" meanWaitingTime="0.16" meanTravelTime="187.88" duration="1"/>
    <step time="330.40" loaded="862" inserted="461" running="445" waiting="0" ended="16" meanWaitingTime="0.16" meanTravelTime="187.88" duration="0"/>
    <step time="330.50" loaded="862" inserted="462" running="446" waiting="0" ended="16" meanWaitingTime="0.16" meanTravelTime="187.88" duration="1"/>
    <step time="330.60" loaded="863" inserted="462" running="446" waiting="0" ended="16" meanWaitingTime="0.16" meanTravelTime="187.88" duration="1"/>
    <step time="330.70" loaded="863" inserted="462" running="446" waiting="0" ended="16" meanWaitingTime="0.16" meanTravelTime="187.88" duration="2"/>
    <step time="330.80" loaded="863" inserted="462" running="446" waiting="0" ended="16" meanWaitingTime="0.16" meanTravelTime="187.88" duration="1"/>
    <step time="330.90" loaded="863" inserted="462" running="446" waiting="0" ended="16" meanWaitingTime="0.16" meanTravelTime="187.88" duration="1"/>
    <step time="331.00" loaded="863" inserted="462" running="446" waiting="1" ended="16" meanWaitingTime="0.16" meanTravelTime="187.88" duration="1"/>
    <step time="331.10" loaded="864" inserted="462" running="446" waiting="1" ended="16" meanWaitingTime="0.16" meanTravelTime="187.88" duration="1"/>
    <step time="331.20" loaded="864" inserted="462" running="446" waiting="1" ended="16" meanWaitingTime="0.16" meanTravelTime="187.88" duration="1"/>
    <step time="331.30" loaded="864" inserted="462" running="446" waiting="1" ended="16" meanWaitingTime="0.16" meanTravelTime="187.88" duration="1"/>
    <step time="331.40" loaded="864" inserted="462" running="446" waiting="1" ended="16" meanWaitingTime="0.16" meanTravelTime="187.88" duration="0"/>
    <step time="331.50" loaded="864" inserted="463" running="447" waiting="1" ended="16" meanWaitingTime="0.16" meanTravelTime="187.88" duration="1"/>
    <step time="331.60" loaded="865" inserted="463" running="447" waiting="1" ended="16" meanWaitingTime="0.16" meanTravelTime="187.88" duration="1"/>
    <step time="331.70" loaded="865" inserted="463" running="447" waiting="1" ended="16" meanWaitingTime="0.16" meanTravelTime="187.88" duration="1"/>
    <step time="331.80" loaded="865" inserted="463" running="447" waiting="1" ended="16" meanWaitingTime="0.16" meanTravelTime="187.88" duration="1"/>
    <step time="331.90" loaded="865" inserted="463" running="447" waiting="1" ended="16" meanWaitingTime="0.16" meanTravelTime="187.88" duration="1"/>
    <step time="332.00" loaded="865" inserted="463" running="447" waiting="2" ended="16" meanWaitingTime="0.16" meanTravelTime="187.88" duration="0"/>
    <step time="332.10" loaded="866" inserted="463" running="446" waiting="2" ended="17" meanWaitingTime="0.16" meanTravelTime="189.25" duration="1"/>
    <step time="332.20" loaded="866" inserted="463" running="446" waiting="2" ended="17" meanWaitingTime="0.16" meanTravelTime="189.25" duration="2"/>
    <step time="332.30" loaded="866" inserted="463" running="446" waiting="2" ended="17" meanWaitingTime="0.16" meanTravelTime="189.25" duration="1"/>
    <step time="332.40" loaded="866" inserted="463" running="446" waiting="2" ended="17" meanWaitingTime="0.16" meanTravelTime="189.25" duration="1"/>
    <step time="332.50" loaded="866" inserted="463" running="446" waiting="3" ended="17" meanWaitingTime="0.16" meanTravelTime="189.25" duration="1"/>
    <step time="332.60" loaded="867" inserted="463" running="446" waiting="3" ended="17" meanWaitingTime="0.16" meanTravelTime="189.25" duration="1"/>
    <step time="332.70" loaded="867" inserted="463" running="446" waiting="3" ended="17" meanWaitingTime="0.16" meanTravelTime="189.25" duration="2"/>
    <step time="332.80" loaded="867" inserted="463" running="446" waiting="3" ended="17" meanWaitingTime="0.16" meanTravelTime="189.25" duration="1"/>
    <step time="332.90" loaded="867" inserted="463" running="446" waiting="3" ended="17" meanWaitingTime="0.16" meanTravelTime="189.25" duration="1"/>
    <step time="333.00" loaded="867" inserted="465" running="448" waiting="2" ended="17" meanWaitingTime="0.16" meanTravelTime="189.25" duration="1"/>
    <step time="333.10" loaded="868" inserted="465" running="448" waiting="2" ended="17" meanWaitingTime="0.16" meanTravelTime="189.25" duration="1"/>
    <step time="333.20" loaded="868" inserted="465" running="448" waiting="2" ended="17" meanWaitingTime="0.16" meanTravelTime="189.25" duration="1"/>
    <step time="333.30" loaded="868" inserted="465" running="448" waiting="2" ended="17" meanWaitingTime="0.16" meanTravelTime="189.25" duration="1"/>
    <step time="333.40" loaded="868" inserted="465" running="448" waiting="2" ended="17" meanWaitingTime="0.16" meanTravelTime="189.25" duration="2"/>
    <step time="333.50" loaded="868" inserted="466" running="449" waiting="2" ended="17" meanWaitingTime="0.16" meanTravelTime="189.25" duration="1"/>
    <step time="333.60" loaded="869" inserted="468" running="451" waiting="0" ended="17" meanWaitingTime="0.17" meanTravelTime="189.25" duration="1"/>
    <step time="333.70" loaded="869" inserted="468" running="451" waiting="0" ended="17" meanWaitingTime="0.17" meanTravelTime="189.25" duration="1"/>
    <step time="333.80" loaded="869" inserted="468" running="451" waiting="0" ended="17" meanWaitingTime="0.17" meanTravelTime="189.25" duration="1"/>
    <step time="333.90" loaded="869" inserted="468" running="451" waiting="0" ended="17" meanWaitingTime="0.17" meanTravelTime="189.25" duration="2"/>
    <step time="334.00" loaded="869" inserted="469" running="452" waiting="0" ended="17" meanWaitingTime="0.17" meanTravelTime="189.25" duration="1"/>
    <step time="334.10" loaded="870" inserted="469" running="452" waiting="0" ended="17" meanWaitingTime="0.17" meanTravelTime="189.25" duration="1"/>
    <step time="334.20" loaded="870" inserted="469" running="452" waiting="0" ended="17" meanWaitingTime="0.17" meanTravelTime="189.25" duration="1"/>
    <step time="334.30" loaded="870" inserted="469" running="452" waiting="0" ended="17" meanWaitingTime="0.17" meanTravelTime="189.25" duration="1"/>
    <step time="334.40" loaded="870" inserted="469" running="452" waiting="0" ended="17" meanWaitingTime="0.17" meanTravelTime="189.25" duration="1"/>
    <step time="334.50" loaded="870" inserted="470" running="453" waiting="0" ended="17" meanWaitingTime="0.17" meanTravelTime="189.25" duration="0"/>
    <step time="334.60" loaded="871" inserted="470" running="453" waiting="0" ended="17" meanWaitingTime="0.17" meanTravelTime="189.25" duration="1"/>
    <step time="334.70" loaded="871" inserted="470" running="453" waiting="0" ended="17" meanWaitingTime="0.17" meanTravelTime="189.25" duration="1"/>
    <step time="334.80" loaded="871" inserted="470" running="453" waiting="0" ended="17" meanWaitingTime="0.17" meanTravelTime="189.25" duration="2"/>
    <step time="334.90" loaded="871" inserted="470" running="453" waiting="0" ended="17" meanWaitingTime="0.17" meanTravelTime="189.25" duration="1"/>
    <step time="335.00" loaded="871" inserted="470" running="453" waiting="1" ended="17" meanWaitingTime="0.17" meanTravelTime="189.25" duration="1"/>
    <step time="335.10" loaded="872" inserted="470" running="453" waiting="1" ended="17" meanWaitingTime="0.17" meanTravelTime="189.25" duration="1"/>
    <step time="335.20" loaded="872" inserted="470" running="453" waiting="1" ended="17" meanWaitingTime="0.17" meanTravelTime="189.25" duration="1"/>
    <step time="335.30" loaded="872" inserted="470" running="453" waiting="1" ended="17" meanWaitingTime="0.17" meanTravelTime="189.25" duration="1"/>
    <step time="335.40" loaded="872" inserted="470" running="452" waiting="1" ended="18" meanWaitingTime="0.17" meanTravelTime="191.39" duration="1"/>
    <step time="335.50" loaded="872" inserted="471" running="453" waiting="1" ended="18" meanWaitingTime="0.17" meanTravelTime="191.39" duration="1"/>
    <step time="335.60" loaded="873" inserted="471" running="453" waiting="1" ended="18" meanWaitingTime="0.17" meanTravelTime="191.39" duration="1"/>
    <step time="335.70" loaded="873" inserted="471" running="453" waiting="1" ended="18" meanWaitingTime="0.17" meanTravelTime="191.39" duration="1"/>
    <step time="335.80" loaded="873" inserted="471" running="453" waiting="1" ended="18" meanWaitingTime="0.17" meanTravelTime="191.39" duration="1"/>
    <step time="335.90" loaded="873" inserted="471" running="453" waiting="1" ended="18" meanWaitingTime="0.17" meanTravelTime="191.39" duration="1"/>
    <step time="336.00" loaded="873" inserted="472" running="454" waiting="1" ended="18" meanWaitingTime="0.17" meanTravelTime="191.39" duration="1"/>
    <step time="336.10" loaded="874" inserted="472" running="454" waiting="1" ended="18" meanWaitingTime="0.17" meanTravelTime="191.39" duration="0"/>
    <step time="336.20" loaded="874" inserted="472" running="454" waiting="1" ended="18" meanWaitingTime="0.17" meanTravelTime="191.39" duration="1"/>
    <step time="336.30" loaded="874" inserted="472" running="454" waiting="1" ended="18" meanWaitingTime="0.17" meanTravelTime="191.39" duration="1"/>
    <step time="336.40" loaded="874" inserted="472" running="454" waiting="1" ended="18" meanWaitingTime="0.17" meanTravelTime="191.39" duration="1"/>
    <step time="336.50" loaded="874" inserted="473" running="455" waiting="1" ended="18" meanWaitingTime="0.17" meanTravelTime="191.39" duration="1"/>
    <step time="336.60" loaded="875" inserted="473" running="455" waiting="1" ended="18" meanWaitingTime="0.17" meanTravelTime="191.39" duration="1"/>
    <step time="336.70" loaded="875" inserted="473" running="455" waiting="1" ended="18" meanWaitingTime="0.17" meanTravelTime="191.39" duration="1"/>
    <step time="336.80" loaded="875" inserted="473" running="455" waiting="1" ended="18" meanWaitingTime="0.17" meanTravelTime="191.39" duration="0"/>
    <step time="336.90" loaded="875" inserted="473" running="455" waiting="1" ended="18" meanWaitingTime="0.17" meanTravelTime="191.39" duration="1"/>
    <step time="337.00" loaded="875" inserted="474" running="456" waiting="1" ended="18" meanWaitingTime="0.17" meanTravelTime="191.39" duration="1"/>
    <step time="337.10" loaded="876" inserted="474" running="456" waiting="1" ended="18" meanWaitingTime="0.17" meanTravelTime="191.39" duration="1"/>
    <step time="337.20" loaded="876" inserted="474" running="456" waiting="1" ended="18" meanWaitingTime="0.17" meanTravelTime="191.39" duration="0"/>
    <step time="337.30" loaded="876" inserted="474" running="456" waiting="1" ended="18" meanWaitingTime="0.17" meanTravelTime="191.39" duration="1"/>
    <step time="337.40" loaded="876" inserted="475" running="457" waiting="0" ended="18" meanWaitingTime="0.17" meanTravelTime="191.39" duration="1"/>
    <step time="337.50" loaded="876" inserted="476" running="458" waiting="0" ended="18" meanWaitingTime="0.17" meanTravelTime="191.39" duration="1"/>
    <step time="337.60" loaded="877" inserted="476" running="458" waiting="0" ended="18" meanWaitingTime="0.17" meanTravelTime="191.39" duration="1"/>
    <step time="337.70" loaded="877" inserted="476" running="458" waiting="0" ended="18" meanWaitingTime="0.17" meanTravelTime="191.39" duration="1"/>
    <step time="337.80" loaded="877" inserted="476" running="458" waiting="0" ended="18" meanWaitingTime="0.17" meanTravelTime="191.39" duration="1"/>
    <step time="337.90" loaded="877" inserted="476" running="458" waiting="0" ended="18" meanWaitingTime="0.17" meanTravelTime="191.39" duration="1"/>
    <step time="338.00" loaded="877" inserted="477" running="459" waiting="0" ended="18" meanWaitingTime="0.17" meanTravelTime="191.39" duration="1"/>
    <step time="338.10" loaded="878" inserted="477" running="459" waiting="0" ended="18" meanWaitingTime="0.17" meanTravelTime="191.39" duration="1"/>
    <step time="338.20" loaded="878" inserted="477" running="459" waiting="0" ended="18" meanWaitingTime="0.17" meanTravelTime="191.39" duration="1"/>
    <step time="338.30" loaded="878" inserted="477" running="459" waiting="0" ended="18" meanWaitingTime="0.17" meanTravelTime="191.39" duration="1"/>
    <step time="338.40" loaded="878" inserted="477" running="459" waiting="0" ended="18" meanWaitingTime="0.17" meanTravelTime="191.39" duration="1"/>
    <step time="338.50" loaded="878" inserted="478" running="460" waiting="0" ended="18" meanWaitingTime="0.17" meanTravelTime="191.39" duration="1"/>
    <step time="338.60" loaded="879" inserted="478" running="460" waiting="0" ended="18" meanWaitingTime="0.17" meanTravelTime="191.39" duration="1"/>
    <step time="338.70" loaded="879" inserted="478" running="460" waiting="0" ended="18" meanWaitingTime="0.17" meanTravelTime="191.39" duration="0"/>
    <step time="338.80" loaded="879" inserted="478" running="460" waiting="0" ended="18" meanWaitingTime="0.17" meanTravelTime="191.39" duration="1"/>
    <step time="338.90" loaded="879" inserted="478" running="460" waiting="0" ended="18" meanWaitingTime="0.17" meanTravelTime="191.39" duration="1"/>
    <step time="339.00" loaded="879" inserted="479" running="461" waiting="0" ended="18" meanWaitingTime="0.17" meanTravelTime="191.39" duration="1"/>
    <step time="339.10" loaded="880" inserted="479" running="461" waiting="0" ended="18" meanWaitingTime="0.17" meanTravelTime="191.39" duration="1"/>
    <step time="339.20" loaded="880" inserted="479" running="461" waiting="0" ended="18" meanWaitingTime="0.17" meanTravelTime="191.39" duration="1"/>
    <step time="339.30" loaded="880" inserted="479" running="460" waiting="0" ended="19" meanWaitingTime="0.17" meanTravelTime="192.23" duration="1"/>
    <step time="339.40" loaded="880" inserted="479" running="460" waiting="0" ended="19" meanWaitingTime="0.17" meanTravelTime="192.23" duration="1"/>
    <step time="339.50" loaded="880" inserted="480" running="461" waiting="0" ended="19" meanWaitingTime="0.17" meanTravelTime="192.23" duration="1"/>
    <step time="339.60" loaded="881" inserted="480" running="461" waiting="0" ended="19" meanWaitingTime="0.17" meanTravelTime="192.23" duration="1"/>
    <step time="339.70" loaded="881" inserted="480" running="461" waiting="0" ended="19" meanWaitingTime="0.17" meanTravelTime="192.23" duration="1"/>
    <step time="339.80" loaded="881" inserted="480" running="461" waiting="0" ended="19" meanWaitingTime="0.17" meanTravelTime="192.23" duration="1"/>
    <step time="339.90" loaded="881" inserted="480" running="461" waiting="0" ended="19" meanWaitingTime="0.17" meanTravelTime="192.23" duration="1"/>
    <step time="340.00" loaded="881" inserted="481" running="462" waiting="0" ended="19" meanWaitingTime="0.17" meanTravelTime="192.23" duration="1"/>
    <step time="340.10" loaded="882" inserted="481" running="462" waiting="0" ended="19" meanWaitingTime="0.17" meanTravelTime="192.23" duration="1"/>
    <step time="340.20" loaded="882" inserted="481" running="462" waiting="0" ended="19" meanWaitingTime="0.17" meanTravelTime="192.23" duration="1"/>
    <step time="340.30" loaded="882" inserted="481" running="462" waiting="0" ended="19" meanWaitingTime="0.17" meanTravelTime="192.23" duration="1"/>
    <step time="340.40" loaded="882" inserted="481" running="462" waiting="0" ended="19" meanWaitingTime="0.17" meanTravelTime="192.23" duration="1"/>
    <step time="340.50" loaded="882" inserted="482" running="463" waiting="0" ended="19" meanWaitingTime="0.17" meanTravelTime="192.23" duration="0"/>
    <step time="340.60" loaded="883" inserted="482" running="461" waiting="0" ended="21" meanWaitingTime="0.17" meanTravelTime="195.05" duration="1"/>
    <step time="340.70" loaded="883" inserted="482" running="461" waiting="0" ended="21" meanWaitingTime="0.17" meanTravelTime="195.05" duration="1"/>
    <step time="340.80" loaded="883" inserted="482" running="461" waiting="0" ended="21" meanWaitingTime="0.17" meanTravelTime="195.05" duration="1"/>
    <step time="340.90" loaded="883" inserted="482" running="461" waiting="0" ended="21" meanWaitingTime="0.17" meanTravelTime="195.05" duration="1"/>
    <step time="341.00" loaded="883" inserted="483" running="462" waiting="0" ended="21" meanWaitingTime="0.17" meanTravelTime="195.05" duration="1"/>
    <step time="341.10" loaded="884" inserted="483" running="462" waiting="0" ended="21" meanWaitingTime="0.17" meanTravelTime="195.05" duration="1"/>
    <step time="341.20" loaded="884" inserted="483" running="462" waiting="0" ended="21" meanWaitingTime="0.17" meanTravelTime="195.05" duration="1"/>
    <step time="341.30" loaded="884" inserted="483" running="462" waiting="0" ended="21" meanWaitingTime="0.17" meanTravelTime="195.05" duration="1"/>
    <step time="341.40" loaded="884" inserted="483" running="461" waiting="0" ended="22" meanWaitingTime="0.17" meanTravelTime="197.02" duration="1"/>
    <step time="341.50" loaded="884" inserted="484" running="462" waiting="0" ended="22" meanWaitingTime="0.17" meanTravelTime="197.02" duration="1"/>
    <step time="341.60" loaded="885" inserted="484" running="462" waiting="0" ended="22" meanWaitingTime="0.17" meanTravelTime="197.02" duration="1"/>
    <step time="341.70" loaded="885" inserted="484" running="462" waiting="0" ended="22" meanWaitingTime="0.17" meanTravelTime="197.02" duration="1"/>
    <step time="341.80" loaded="885" inserted="484" running="462" waiting="0" ended="22" meanWaitingTime="0.17" meanTravelTime="197.02" duration="1"/>
    <step time="341.90" loaded="885" inserted="484" running="462" waiting="0" ended="22" meanWaitingTime="0.17" meanTravelTime="197.02" duration="1"/>
    <step time="342.00" loaded="885" inserted="485" running="463" waiting="0" ended="22" meanWaitingTime="0.17" meanTravelTime="197.02" duration="0"/>
    <step time="342.10" loaded="886" inserted="485" running="463" waiting="0" ended="22" meanWaitingTime="0.17" meanTravelTime="197.02" duration="1"/>
    <step time="342.20" loaded="886" inserted="485" running="463" waiting="0" ended="22" meanWaitingTime="0.17" meanTravelTime="197.02" duration="1"/>
    <step time="342.30" loaded="886" inserted="485" running="463" waiting="0" ended="22" meanWaitingTime="0.17" meanTravelTime="197.02" duration="1"/>
    <step time="342.40" loaded="886" inserted="485" running="463" waiting="0" ended="22" meanWaitingTime="0.17" meanTravelTime="197.02" duration="0"/>
    <step time="342.50" loaded="886" inserted="486" running="464" waiting="0" ended="22" meanWaitingTime="0.17" meanTravelTime="197.02" duration="1"/>
    <step time="342.60" loaded="887" inserted="486" running="464" waiting="0" ended="22" meanWaitingTime="0.17" meanTravelTime="197.02" duration="1"/>
    <step time="342.70" loaded="887" inserted="486" running="464" waiting="0" ended="22" meanWaitingTime="0.17" meanTravelTime="197.02" duration="1"/>
    <step time="342.80" loaded="887" inserted="486" running="464" waiting="0" ended="22" meanWaitingTime="0.17" meanTravelTime="197.02" duration="1"/>
    <step time="342.90" loaded="887" inserted="486" running="464" waiting="0" ended="22" meanWaitingTime="0.17" meanTravelTime="197.02" duration="1"/>
    <step time="343.00" loaded="887" inserted="487" running="465" waiting="0" ended="22" meanWaitingTime="0.17" meanTravelTime="197.02" duration="1"/>
    <step time="343.10" loaded="888" inserted="487" running="465" waiting="0" ended="22" meanWaitingTime="0.17" meanTravelTime="197.02" duration="1"/>
    <step time="343.20" loaded="888" inserted="487" running="465" waiting="0" ended="22" meanWaitingTime="0.17" meanTravelTime="197.02" duration="0"/>
    <step time="343.30" loaded="888" inserted="487" running="465" waiting="0" ended="22" meanWaitingTime="0.17" meanTravelTime="197.02" duration="1"/>
    <step time="343.40" loaded="888" inserted="487" running="465" waiting="0" ended="22" meanWaitingTime="0.17" meanTravelTime="197.02" duration="1"/>
    <step time="343.50" loaded="888" inserted="488" running="466" waiting="0" ended="22" meanWaitingTime="0.17" meanTravelTime="197.02" duration="1"/>
    <step time="343.60" loaded="889" inserted="488" running="466" waiting="0" ended="22" meanWaitingTime="0.17" meanTravelTime="197.02" duration="1"/>
    <step time="343.70" loaded="889" inserted="488" running="466" waiting="0" ended="22" meanWaitingTime="0.17" meanTravelTime="197.02" duration="1"/>
    <step time="343.80" loaded="889" inserted="488" running="466" waiting="0" ended="22" meanWaitingTime="0.17" meanTravelTime="197.02" duration="1"/>
    <step time="343.90" loaded="889" inserted="488" running="466" waiting="0" ended="22" meanWaitingTime="0.17" meanTravelTime="197.02" duration="0"/>
    <step time="344.00" loaded="889" inserted="489" running="467" waiting="0" ended="22" meanWaitingTime="0.17" meanTravelTime="197.02" duration="1"/>
    <step time="344.10" loaded="890" inserted="489" running="467" waiting="0" ended="22" meanWaitingTime="0.17" meanTravelTime="197.02" duration="1"/>
    <step time="344.20" loaded="890" inserted="489" running="467" waiting="0" ended="22" meanWaitingTime="0.17" meanTravelTime="197.02" duration="1"/>
    <step time="344.30" loaded="890" inserted="489" running="467" waiting="0" ended="22" meanWaitingTime="0.17" meanTravelTime="197.02" duration="0"/>
    <step time="344.40" loaded="890" inserted="489" running="467" waiting="0" ended="22" meanWaitingTime="0.17" meanTravelTime="197.02" duration="1"/>
    <step time="344.50" loaded="890" inserted="490" running="468" waiting="0" ended="22" meanWaitingTime="0.17" meanTravelTime="197.02" duration="1"/>
    <step time="344.60" loaded="891" inserted="490" running="468" waiting="0" ended="22" meanWaitingTime="0.17" meanTravelTime="197.02" duration="1"/>
    <step time="344.70" loaded="891" inserted="490" running="468" waiting="0" ended="22" meanWaitingTime="0.17" meanTravelTime="197.02" duration="1"/>
    <step time="344.80" loaded="891" inserted="490" running="468" waiting="0" ended="22" meanWaitingTime="0.17" meanTravelTime="197.02" duration="1"/>
    <step time="344.90" loaded="891" inserted="490" running="468" waiting="0" ended="22" meanWaitingTime="0.17" meanTravelTime="197.02" duration="1"/>
    <step time="345.00" loaded="891" inserted="491" running="469" waiting="0" ended="22" meanWaitingTime="0.17" meanTravelTime="197.02" duration="1"/>
    <step time="345.10" loaded="892" inserted="491" running="469" waiting="0" ended="22" meanWaitingTime="0.17" meanTravelTime="197.02" duration="1"/>
    <step time="345.20" loaded="892" inserted="491" running="469" waiting="0" ended="22" meanWaitingTime="0.17" meanTravelTime="197.02" duration="0"/>
    <step time="345.30" loaded="892" inserted="491" running="469" waiting="0" ended="22" meanWaitingTime="0.17" meanTravelTime="197.02" duration="1"/>
    <step time="345.40" loaded="892" inserted="491" running="469" waiting="0" ended="22" meanWaitingTime="0.17" meanTravelTime="197.02" duration="1"/>
    <step time="345.50" loaded="892" inserted="492" running="470" waiting="0" ended="22" meanWaitingTime="0.17" meanTravelTime="197.02" duration="1"/>
    <step time="345.60" loaded="893" inserted="492" running="470" waiting="0" ended="22" meanWaitingTime="0.17" meanTravelTime="197.02" duration="1"/>
    <step time="345.70" loaded="893" inserted="492" running="470" waiting="0" ended="22" meanWaitingTime="0.17" meanTravelTime="197.02" duration="1"/>
    <step time="345.80" loaded="893" inserted="492" running="470" waiting="0" ended="22" meanWaitingTime="0.17" meanTravelTime="197.02" duration="0"/>
    <step time="345.90" loaded="893" inserted="492" running="470" waiting="0" ended="22" meanWaitingTime="0.17" meanTravelTime="197.02" duration="1"/>
    <step time="346.00" loaded="893" inserted="493" running="471" waiting="0" ended="22" meanWaitingTime="0.16" meanTravelTime="197.02" duration="1"/>
    <step time="346.10" loaded="894" inserted="493" running="471" waiting="0" ended="22" meanWaitingTime="0.16" meanTravelTime="197.02" duration="1"/>
    <step time="346.20" loaded="894" inserted="493" running="471" waiting="0" ended="22" meanWaitingTime="0.16" meanTravelTime="197.02" duration="0"/>
    <step time="346.30" loaded="894" inserted="493" running="471" waiting="0" ended="22" meanWaitingTime="0.16" meanTravelTime="197.02" duration="1"/>
    <step time="346.40" loaded="894" inserted="493" running="471" waiting="0" ended="22" meanWaitingTime="0.16" meanTravelTime="197.02" duration="1"/>
    <step time="346.50" loaded="894" inserted="494" running="471" waiting="0" ended="23" meanWaitingTime="0.16" meanTravelTime="197.22" duration="1"/>
    <step time="346.60" loaded="895" inserted="494" running="471" waiting="0" ended="23" meanWaitingTime="0.16" meanTravelTime="197.22" duration="0"/>
    <step time="346.70" loaded="895" inserted="494" running="471" waiting="0" ended="23" meanWaitingTime="0.16" meanTravelTime="197.22" duration="1"/>
    <step time="346.80" loaded="895" inserted="494" running="471" waiting="0" ended="23" meanWaitingTime="0.16" meanTravelTime="197.22" duration="1"/>
    <step time="346.90" loaded="895" inserted="494" running="470" waiting="0" ended="24" meanWaitingTime="0.16" meanTravelTime="199.10" duration="1"/>
    <step time="347.00" loaded="895" inserted="494" running="470" waiting="1" ended="24" meanWaitingTime="0.16" meanTravelTime="199.10" duration="0"/>
    <step time="347.10" loaded="896" inserted="494" running="470" waiting="1" ended="24" meanWaitingTime="0.16" meanTravelTime="199.10" duration="1"/>
    <step time="347.20" loaded="896" inserted="494" running="470" waiting="1" ended="24" meanWaitingTime="0.16" meanTravelTime="199.10" duration="1"/>
    <step time="347.30" loaded="896" inserted="494" running="470" waiting="1" ended="24" meanWaitingTime="0.16" meanTravelTime="199.10" duration="1"/>
    <step time="347.40" loaded="896" inserted="494" running="469" waiting="1" ended="25" meanWaitingTime="0.16" meanTravelTime="197.61" duration="1"/>
    <step time="347.50" loaded="896" inserted="495" running="470" waiting="1" ended="25" meanWaitingTime="0.16" meanTravelTime="197.61" duration="0"/>
    <step time="347.60" loaded="897" inserted="496" running="470" waiting="0" ended="26" meanWaitingTime="0.16" meanTravelTime="199.44" duration="1"/>
    <step time="347.70" loaded="897" inserted="496" running="470" waiting="0" ended="26" meanWaitingTime="0.16" meanTravelTime="199.44" duration="1"/>
    <step time="347.80" loaded="897" inserted="496" running="470" waiting="0" ended="26" meanWaitingTime="0.16" meanTravelTime="199.44" duration="0"/>
    <step time="347.90" loaded="897" inserted="496" running="470" waiting="0" ended="26" meanWaitingTime="0.16" meanTravelTime="199.44" duration="1"/>
    <step time="348.00" loaded="897" inserted="497" running="471" waiting="0" ended="26" meanWaitingTime="0.16" meanTravelTime="199.44" duration="1"/>
    <step time="348.10" loaded="898" inserted="497" running="471" waiting="0" ended="26" meanWaitingTime="0.16" meanTravelTime="199.44" duration="0"/>
    <step time="348.20" loaded="898" inserted="497" running="471" waiting="0" ended="26" meanWaitingTime="0.16" meanTravelTime="199.44" duration="1"/>
    <step time="348.30" loaded="898" inserted="497" running="471" waiting="0" ended="26" meanWaitingTime="0.16" meanTravelTime="199.44" duration="0"/>
    <step time="348.40" loaded="898" inserted="497" running="470" waiting="0" ended="27" meanWaitingTime="0.16" meanTravelTime="200.29" duration="1"/>
    <step time="348.50" loaded="898" inserted="498" running="471" waiting="0" ended="27" meanWaitingTime="0.16" meanTravelTime="200.29" duration="1"/>
    <step time="348.60" loaded="899" inserted="498" running="471" waiting="0" ended="27" meanWaitingTime="0.16" meanTravelTime="200.29" duration="1"/>
    <step time="348.70" loaded="899" inserted="498" running="471" waiting="0" ended="27" meanWaitingTime="0.16" meanTravelTime="200.29" duration="1"/>
    <step time="348.80" loaded="899" inserted="498" running="471" waiting="0" ended="27" meanWaitingTime="0.16" meanTravelTime="200.29" duration="0"/>
    <step time="348.90" loaded="899" inserted="498" running="471" waiting="0" ended="27" meanWaitingTime="0.16" meanTravelTime="200.29" duration="1"/>
    <step time="349.00" loaded="899" inserted="499" running="472" waiting="0" ended="27" meanWaitingTime="0.16" meanTravelTime="200.29" duration="0"/>
    <step time="349.10" loaded="900" inserted="499" running="471" waiting="0" ended="28" meanWaitingTime="0.16" meanTravelTime="201.44" duration="1"/>
    <step time="349.20" loaded="900" inserted="499" running="471" waiting="0" ended="28" meanWaitingTime="0.16" meanTravelTime="201.44" duration="1"/>
    <step time="349.30" loaded="900" inserted="499" running="471" waiting="0" ended="28" meanWaitingTime="0.16" meanTravelTime="201.44" duration="1"/>
    <step time="349.40" loaded="900" inserted="499" running="471" waiting="0" ended="28" meanWaitingTime="0.16" meanTravelTime="201.44" duration="0"/>
    <step time="349.50" loaded="900" inserted="500" running="472" waiting="0" ended="28" meanWaitingTime="0.16" meanTravelTime="201.44" duration="1"/>
    <step time="349.60" loaded="901" inserted="500" running="472" waiting="0" ended="28" meanWaitingTime="0.16" meanTravelTime="201.44" duration="0"/>
    <step time="349.70" loaded="901" inserted="500" running="472" waiting="0" ended="28" meanWaitingTime="0.16" meanTravelTime="201.44" duration="1"/>
    <step time="349.80" loaded="901" inserted="500" running="472" waiting="0" ended="28" meanWaitingTime="0.16" meanTravelTime="201.44" duration="1"/>
    <step time="349.90" loaded="901" inserted="500" running="472" waiting="0" ended="28" meanWaitingTime="0.16" meanTravelTime="201.44" duration="0"/>
    <step time="350.00" loaded="901" inserted="501" running="473" waiting="0" ended="28" meanWaitingTime="0.16" meanTravelTime="201.44" duration="1"/>
    <step time="350.10" loaded="902" inserted="501" running="473" waiting="0" ended="28" meanWaitingTime="0.16" meanTravelTime="201.44" duration="1"/>
    <step time="350.20" loaded="902" inserted="501" running="473" waiting="0" ended="28" meanWaitingTime="0.16" meanTravelTime="201.44" duration="1"/>
    <step time="350.30" loaded="902" inserted="501" running="473" waiting="0" ended="28" meanWaitingTime="0.16" meanTravelTime="201.44" duration="1"/>
    <step time="350.40" loaded="902" inserted="501" running="473" waiting="0" ended="28" meanWaitingTime="0.16" meanTravelTime="201.44" duration="0"/>
    <step time="350.50" loaded="902" inserted="502" running="474" waiting="0" ended="28" meanWaitingTime="0.16" meanTravelTime="201.44" duration="1"/>
    <step time="350.60" loaded="903" inserted="502" running="473" waiting="0" ended="29" meanWaitingTime="0.16" meanTravelTime="201.91" duration="0"/>
    <step time="350.70" loaded="903" inserted="502" running="473" waiting="0" ended="29" meanWaitingTime="0.16" meanTravelTime="201.91" duration="1"/>
    <step time="350.80" loaded="903" inserted="502" running="473" waiting="0" ended="29" meanWaitingTime="0.16" meanTravelTime="201.91" duration="1"/>
    <step time="350.90" loaded="903" inserted="502" running="473" waiting="0" ended="29" meanWaitingTime="0.16" meanTravelTime="201.91" duration="1"/>
    <step time="351.00" loaded="903" inserted="503" running="474" waiting="0" ended="29" meanWaitingTime="0.16" meanTravelTime="201.91" duration="0"/>
    <step time="351.10" loaded="904" inserted="503" running="474" waiting="0" ended="29" meanWaitingTime="0.16" meanTravelTime="201.91" duration="1"/>
    <step time="351.20" loaded="904" inserted="503" running="474" waiting="0" ended="29" meanWaitingTime="0.16" meanTravelTime="201.91" duration="0"/>
    <step time="351.30" loaded="904" inserted="503" running="474" waiting="0" ended="29" meanWaitingTime="0.16" meanTravelTime="201.91" duration="1"/>
    <step time="351.40" loaded="904" inserted="503" running="474" waiting="0" ended="29" meanWaitingTime="0.16" meanTravelTime="201.91" duration="0"/>
    <step time="351.50" loaded="904" inserted="503" running="474" waiting="1" ended="29" meanWaitingTime="0.16" meanTravelTime="201.91" duration="1"/>
    <step time="351.60" loaded="905" inserted="503" running="474" waiting="1" ended="29" meanWaitingTime="0.16" meanTravelTime="201.91" duration="0"/>
    <step time="351.70" loaded="905" inserted="503" running="474" waiting="1" ended="29" meanWaitingTime="0.16" meanTravelTime="201.91" duration="1"/>
    <step time="351.80" loaded="905" inserted="503" running="473" waiting="1" ended="30" meanWaitingTime="0.16" meanTravelTime="201.13" duration="1"/>
    <step time="351.90" loaded="905" inserted="503" running="473" waiting="1" ended="30" meanWaitingTime="0.16" meanTravelTime="201.13" duration="0"/>
    <step time="352.00" loaded="905" inserted="504" running="474" waiting="1" ended="30" meanWaitingTime="0.16" meanTravelTime="201.13" duration="1"/>
    <step time="352.10" loaded="906" inserted="504" running="474" waiting="1" ended="30" meanWaitingTime="0.16" meanTravelTime="201.13" duration="1"/>
    <step time="352.20" loaded="906" inserted="504" running="474" waiting="1" ended="30" meanWaitingTime="0.16" meanTravelTime="201.13" duration="0"/>
    <step time="352.30" loaded="906" inserted="504" running="474" waiting="1" ended="30" meanWaitingTime="0.16" meanTravelTime="201.13" duration="1"/>
    <step time="352.40" loaded="906" inserted="504" running="474" waiting="1" ended="30" meanWaitingTime="0.16" meanTravelTime="201.13" duration="1"/>
    <step time="352.50" loaded="906" inserted="505" running="475" waiting="1" ended="30" meanWaitingTime="0.16" meanTravelTime="201.13" duration="0"/>
    <step time="352.60" loaded="907" inserted="505" running="475" waiting="1" ended="30" meanWaitingTime="0.16" meanTravelTime="201.13" duration="1"/>
    <step time="352.70" loaded="907" inserted="505" running="475" waiting="1" ended="30" meanWaitingTime="0.16" meanTravelTime="201.13" duration="1"/>
    <step time="352.80" loaded="907" inserted="505" running="475" waiting="1" ended="30" meanWaitingTime="0.16" meanTravelTime="201.13" duration="0"/>
    <step time="352.90" loaded="907" inserted="505" running="475" waiting="1" ended="30" meanWaitingTime="0.16" meanTravelTime="201.13" duration="1"/>
    <step time="353.00" loaded="907" inserted="506" running="476" waiting="1" ended="30" meanWaitingTime="0.16" meanTravelTime="201.13" duration="0"/>
    <step time="353.10" loaded="908" inserted="506" running="476" waiting="1" ended="30" meanWaitingTime="0.16" meanTravelTime="201.13" duration="1"/>
    <step time="353.20" loaded="908" inserted="506" running="476" waiting="1" ended="30" meanWaitingTime="0.16" meanTravelTime="201.13" duration="0"/>
    <step time="353.30" loaded="908" inserted="507" running="477" waiting="0" ended="30" meanWaitingTime="0.16" meanTravelTime="201.13" duration="1"/>
    <step time="353.40" loaded="908" inserted="507" running="477" waiting="0" ended="30" meanWaitingTime="0.16" meanTravelTime="201.13" duration="0"/>
    <step time="353.50" loaded="908" inserted="508" running="478" waiting="0" ended="30" meanWaitingTime="0.16" meanTravelTime="201.13" duration="1"/>
    <step time="353.60" loaded="909" inserted="508" running="478" waiting="0" ended="30" meanWaitingTime="0.16" meanTravelTime="201.13" duration="1"/>
    <step time="353.70" loaded="909" inserted="508" running="478" waiting="0" ended="30" meanWaitingTime="0.16" meanTravelTime="201.13" duration="0"/>
    <step time="353.80" loaded="909" inserted="508" running="477" waiting="0" ended="31" meanWaitingTime="0.16" meanTravelTime="201.60" duration="1"/>
    <step time="353.90" loaded="909" inserted="508" running="477" waiting="0" ended="31" meanWaitingTime="0.16" meanTravelTime="201.60" duration="0"/>
    <step time="354.00" loaded="909" inserted="509" running="478" waiting="0" ended="31" meanWaitingTime="0.16" meanTravelTime="201.60" duration="1"/>
    <step time="354.10" loaded="910" inserted="509" running="477" waiting="0" ended="32" meanWaitingTime="0.16" meanTravelTime="201.46" duration="0"/>
    <step time="354.20" loaded="910" inserted="509" running="477" waiting="0" ended="32" meanWaitingTime="0.16" meanTravelTime="201.46" duration="1"/>
    <step time="354.30" loaded="910" inserted="509" running="477" waiting="0" ended="32" meanWaitingTime="0.16" meanTravelTime="201.46" duration="1"/>
    <step time="354.40" loaded="910" inserted="509" running="477" waiting="0" ended="32" meanWaitingTime="0.16" meanTravelTime="201.46" duration="0"/>
    <step time="354.50" loaded="910" inserted="509" running="477" waiting="1" ended="32" meanWaitingTime="0.16" meanTravelTime="201.46" duration="1"/>
    <step time="354.60" loaded="911" inserted="509" running="477" waiting="1" ended="32" meanWaitingTime="0.16" meanTravelTime="201.46" duration="0"/>
    <step time="354.70" loaded="911" inserted="509" running="477" waiting="1" ended="32" meanWaitingTime="0.16" meanTravelTime="201.46" duration="1"/>
    <step time="354.80" loaded="911" inserted="509" running="477" waiting="1" ended="32" meanWaitingTime="0.16" meanTravelTime="201.46" duration="1"/>
    <step time="354.90" loaded="911" inserted="509" running="477" waiting="1" ended="32" meanWaitingTime="0.16" meanTravelTime="201.46" duration="0"/>
    <step time="355.00" loaded="911" inserted="510" running="478" waiting="1" ended="32" meanWaitingTime="0.16" meanTravelTime="201.46" duration="1"/>
    <step time="355.10" loaded="912" inserted="510" running="478" waiting="1" ended="32" meanWaitingTime="0.16" meanTravelTime="201.46" duration="0"/>
    <step time="355.20" loaded="912" inserted="510" running="478" waiting="1" ended="32" meanWaitingTime="0.16" meanTravelTime="201.46" duration="1"/>
    <step time="355.30" loaded="912" inserted="510" running="478" waiting="1" ended="32" meanWaitingTime="0.16" meanTravelTime="201.46" duration="0"/>
    <step time="355.40" loaded="912" inserted="510" running="478" waiting="1" ended="32" meanWaitingTime="0.16" meanTravelTime="201.46" duration="1"/>
    <step time="355.50" loaded="912" inserted="511" running="479" waiting="1" ended="32" meanWaitingTime="0.16" meanTravelTime="201.46" duration="0"/>
    <step time="355.60" loaded="913" inserted="511" running="479" waiting="1" ended="32" meanWaitingTime="0.16" meanTravelTime="201.46" duration="1"/>
    <step time="355.70" loaded="913" inserted="511" running="479" waiting="1" ended="32" meanWaitingTime="0.16" meanTravelTime="201.46" duration="0"/>
    <step time="355.80" loaded="913" inserted="511" running="478" waiting="1" ended="33" meanWaitingTime="0.16" meanTravelTime="202.98" duration="1"/>
    <step time="355.90" loaded="913" inserted="511" running="478" waiting="1" ended="33" meanWaitingTime="0.16" meanTravelTime="202.98" duration="1"/>
    <step time="356.00" loaded="913" inserted="512" running="477" waiting="1" ended="35" meanWaitingTime="0.16" meanTravelTime="202.81" duration="0"/>
    <step time="356.10" loaded="914" inserted="512" running="477" waiting="1" ended="35" meanWaitingTime="0.16" meanTravelTime="202.81" duration="1"/>
    <step time="356.20" loaded="914" inserted="512" running="477" waiting="1" ended="35" meanWaitingTime="0.16" meanTravelTime="202.81" duration="0"/>
    <step time="356.30" loaded="914" inserted="513" running="478" waiting="0" ended="35" meanWaitingTime="0.17" meanTravelTime="202.81" duration="1"/>
    <step time="356.40" loaded="914" inserted="513" running="478" waiting="0" ended="35" meanWaitingTime="0.17" meanTravelTime="202.81" duration="0"/>
    <step time="356.50" loaded="914" inserted="514" running="479" waiting="0" ended="35" meanWaitingTime="0.17" meanTravelTime="202.81" duration="1"/>
    <step time="356.60" loaded="915" inserted="514" running="479" waiting="0" ended="35" meanWaitingTime="0.17" meanTravelTime="202.81" duration="0"/>
    <step time="356.70" loaded="915" inserted="514" running="479" waiting="0" ended="35" meanWaitingTime="0.17" meanTravelTime="202.81" duration="1"/>
    <step time="356.80" loaded="915" inserted="514" running="479" waiting="0" ended="35" meanWaitingTime="0.17" meanTravelTime="202.81" duration="0"/>
    <step time="356.90" loaded="915" inserted="514" running="479" waiting="0" ended="35" meanWaitingTime="0.17" meanTravelTime="202.81" duration="1"/>
    <step time="357.00" loaded="915" inserted="515" running="480" waiting="0" ended="35" meanWaitingTime="0.17" meanTravelTime="202.81" duration="0"/>
    <step time="357.10" loaded="916" inserted="515" running="480" waiting="0" ended="35" meanWaitingTime="0.17" meanTravelTime="202.81" duration="1"/>
    <step time="357.20" loaded="916" inserted="515" running="480" waiting="0" ended="35" meanWaitingTime="0.17" meanTravelTime="202.81" duration="0"/>
    <step time="357.30" loaded="916" inserted="515" running="480" waiting="0" ended="35" meanWaitingTime="0.17" meanTravelTime="202.81" duration="1"/>
    <step time="357.40" loaded="916" inserted="515" running="480" waiting="0" ended="35" meanWaitingTime="0.17" meanTravelTime="202.81" duration="0"/>
    <step time="357.50" loaded="916" inserted="516" running="481" waiting="0" ended="35" meanWaitingTime="0.17" meanTravelTime="202.81" duration="1"/>
    <step time="357.60" loaded="917" inserted="516" running="481" waiting="0" ended="35" meanWaitingTime="0.17" meanTravelTime="202.81" duration="0"/>
    <step time="357.70" loaded="917" inserted="516" running="481" waiting="0" ended="35" meanWaitingTime="0.17" meanTravelTime="202.81" duration="1"/>
    <step time="357.80" loaded="917" inserted="516" running="481" waiting="0" ended="35" meanWaitingTime="0.17" meanTravelTime="202.81" duration="1"/>
    <step time="357.90" loaded="917" inserted="516" running="481" waiting="0" ended="35" meanWaitingTime="0.17" meanTravelTime="202.81" duration="0"/>
    <step time="358.00" loaded="917" inserted="517" running="482" waiting="0" ended="35" meanWaitingTime="0.17" meanTravelTime="202.81" duration="1"/>
    <step time="358.10" loaded="918" inserted="517" running="482" waiting="0" ended="35" meanWaitingTime="0.17" meanTravelTime="202.81" duration="0"/>
    <step time="358.20" loaded="918" inserted="517" running="482" waiting="0" ended="35" meanWaitingTime="0.17" meanTravelTime="202.81" duration="1"/>
    <step time="358.30" loaded="918" inserted="517" running="482" waiting="0" ended="35" meanWaitingTime="0.17" meanTravelTime="202.81" duration="0"/>
    <step time="358.40" loaded="918" inserted="517" running="482" waiting="0" ended="35" meanWaitingTime="0.17" meanTravelTime="202.81" duration="1"/>
    <step time="358.50" loaded="918" inserted="518" running="483" waiting="0" ended="35" meanWaitingTime="0.16" meanTravelTime="202.81" duration="0"/>
    <step time="358.60" loaded="919" inserted="518" running="483" waiting="0" ended="35" meanWaitingTime="0.16" meanTravelTime="202.81" duration="1"/>
    <step time="358.70" loaded="919" inserted="518" running="483" waiting="0" ended="35" meanWaitingTime="0.16" meanTravelTime="202.81" duration="0"/>
    <step time="358.80" loaded="919" inserted="518" running="483" waiting="0" ended="35" meanWaitingTime="0.16" meanTravelTime="202.81" duration="1"/>
    <step time="358.90" loaded="919" inserted="518" running="483" waiting="0" ended="35" meanWaitingTime="0.16" meanTravelTime="202.81" duration="0"/>
    <step time="359.00" loaded="919" inserted="519" running="484" waiting="0" ended="35" meanWaitingTime="0.16" meanTravelTime="202.81" duration="1"/>
    <step time="359.10" loaded="920" inserted="519" running="484" waiting="0" ended="35" meanWaitingTime="0.16" meanTravelTime="202.81" duration="0"/>
    <step time="359.20" loaded="920" inserted="519" running="484" waiting="0" ended="35" meanWaitingTime="0.16" meanTravelTime="202.81" duration="1"/>
    <step time="359.30" loaded="920" inserted="519" running="484" waiting="0" ended="35" meanWaitingTime="0.16" meanTravelTime="202.81" duration="0"/>
    <step time="359.40" loaded="920" inserted="519" running="484" waiting="0" ended="35" meanWaitingTime="0.16" meanTravelTime="202.81" duration="1"/>
    <step time="359.50" loaded="920" inserted="520" running="485" waiting="0" ended="35" meanWaitingTime="0.16" meanTravelTime="202.81" duration="0"/>
    <step time="359.60" loaded="921" inserted="520" running="485" waiting="0" ended="35" meanWaitingTime="0.16" meanTravelTime="202.81" duration="1"/>
    <step time="359.70" loaded="921" inserted="520" running="485" waiting="0" ended="35" meanWaitingTime="0.16" meanTravelTime="202.81" duration="1"/>
    <step time="359.80" loaded="921" inserted="520" running="485" waiting="0" ended="35" meanWaitingTime="0.16" meanTravelTime="202.81" duration="0"/>
    <step time="359.90" loaded="921" inserted="520" running="485" waiting="0" ended="35" meanWaitingTime="0.16" meanTravelTime="202.81" duration="0"/>
    <step time="360.00" loaded="921" inserted="521" running="486" waiting="0" ended="35" meanWaitingTime="0.16" meanTravelTime="202.81" duration="0"/>
    <step time="360.10" loaded="922" inserted="521" running="486" waiting="0" ended="35" meanWaitingTime="0.16" meanTravelTime="202.81" duration="1"/>
    <step time="360.20" loaded="922" inserted="521" running="486" waiting="0" ended="35" meanWaitingTime="0.16" meanTravelTime="202.81" duration="2"/>
    <step time="360.30" loaded="922" inserted="521" running="486" waiting="0" ended="35" meanWaitingTime="0.16" meanTravelTime="202.81" duration="1"/>
    <step time="360.40" loaded="922" inserted="521" running="486" waiting="0" ended="35" meanWaitingTime="0.16" meanTravelTime="202.81" duration="2"/>
    <step time="360.50" loaded="922" inserted="522" running="487" waiting="0" ended="35" meanWaitingTime="0.16" meanTravelTime="202.81" duration="1"/>
    <step time="360.60" loaded="923" inserted="522" running="487" waiting="0" ended="35" meanWaitingTime="0.16" meanTravelTime="202.81" duration="1"/>
    <step time="360.70" loaded="923" inserted="522" running="487" waiting="0" ended="35" meanWaitingTime="0.16" meanTravelTime="202.81" duration="2"/>
    <step time="360.80" loaded="923" inserted="522" running="487" waiting="0" ended="35" meanWaitingTime="0.16" meanTravelTime="202.81" duration="1"/>
    <step time="360.90" loaded="923" inserted="522" running="487" waiting="0" ended="35" meanWaitingTime="0.16" meanTravelTime="202.81" duration="2"/>
    <step time="361.00" loaded="923" inserted="523" running="488" waiting="0" ended="35" meanWaitingTime="0.16" meanTravelTime="202.81" duration="1"/>
    <step time="361.10" loaded="924" inserted="523" running="488" waiting="0" ended="35" meanWaitingTime="0.16" meanTravelTime="202.81" duration="2"/>
    <step time="361.20" loaded="924" inserted="523" running="488" waiting="0" ended="35" meanWaitingTime="0.16" meanTravelTime="202.81" duration="1"/>
    <step time="361.30" loaded="924" inserted="523" running="488" waiting="0" ended="35" meanWaitingTime="0.16" meanTravelTime="202.81" duration="1"/>
    <step time="361.40" loaded="924" inserted="523" running="488" waiting="0" ended="35" meanWaitingTime="0.16" meanTravelTime="202.81" duration="2"/>
    <step time="361.50" loaded="924" inserted="524" running="489" waiting="0" ended="35" meanWaitingTime="0.16" meanTravelTime="202.81" duration="1"/>
    <step time="361.60" loaded="925" inserted="524" running="489" waiting="0" ended="35" meanWaitingTime="0.16" meanTravelTime="202.81" duration="2"/>
    <step time="361.70" loaded="925" inserted="524" running="489" waiting="0" ended="35" meanWaitingTime="0.16" meanTravelTime="202.81" duration="2"/>
    <step time="361.80" loaded="925" inserted="524" running="489" waiting="0" ended="35" meanWaitingTime="0.16" meanTravelTime="202.81" duration="1"/>
    <step time="361.90" loaded="925" inserted="524" running="489" waiting="0" ended="35" meanWaitingTime="0.16" meanTravelTime="202.81" duration="2"/>
    <step time="362.00" loaded="925" inserted="524" running="489" waiting="1" ended="35" meanWaitingTime="0.16" meanTravelTime="202.81" duration="1"/>
    <step time="362.10" loaded="926" inserted="524" running="489" waiting="1" ended="35" meanWaitingTime="0.16" meanTravelTime="202.81" duration="1"/>
    <step time="362.20" loaded="926" inserted="524" running="489" waiting="1" ended="35" meanWaitingTime="0.16" meanTravelTime="202.81" duration="2"/>
    <step time="362.30" loaded="926" inserted="525" running="490" waiting="0" ended="35" meanWaitingTime="0.16" meanTravelTime="202.81" duration="2"/>
    <step time="362.40" loaded="926" inserted="525" running="490" waiting="0" ended="35" meanWaitingTime="0.16" meanTravelTime="202.81" duration="1"/>
    <step time="362.50" loaded="926" inserted="525" running="490" waiting="1" ended="35" meanWaitingTime="0.16" meanTravelTime="202.81" duration="1"/>
    <step time="362.60" loaded="927" inserted="525" running="490" waiting="1" ended="35" meanWaitingTime="0.16" meanTravelTime="202.81" duration="1"/>
    <step time="362.70" loaded="927" inserted="525" running="489" waiting="1" ended="36" meanWaitingTime="0.16" meanTravelTime="203.60" duration="2"/>
    <step time="362.80" loaded="927" inserted="525" running="486" waiting="1" ended="39" meanWaitingTime="0.16" meanTravelTime="204.54" duration="1"/>
    <step time="362.90" loaded="927" inserted="525" running="486" waiting="1" ended="39" meanWaitingTime="0.16" meanTravelTime="204.54" duration="3"/>
    <step time="363.00" loaded="927" inserted="526" running="487" waiting="1" ended="39" meanWaitingTime="0.16" meanTravelTime="204.54" duration="1"/>
    <step time="363.10" loaded="928" inserted="526" running="487" waiting="1" ended="39" meanWaitingTime="0.16" meanTravelTime="204.54" duration="2"/>
    <step time="363.20" loaded="928" inserted="526" running="487" waiting="1" ended="39" meanWaitingTime="0.16" meanTravelTime="204.54" duration="1"/>
    <step time="363.30" loaded="928" inserted="526" running="487" waiting="1" ended="39" meanWaitingTime="0.16" meanTravelTime="204.54" duration="1"/>
    <step time="363.40" loaded="928" inserted="526" running="487" waiting="1" ended="39" meanWaitingTime="0.16" meanTravelTime="204.54" duration="2"/>
    <step time="363.50" loaded="928" inserted="528" running="489" waiting="0" ended="39" meanWaitingTime="0.16" meanTravelTime="204.54" duration="1"/>
    <step time="363.60" loaded="929" inserted="528" running="489" waiting="0" ended="39" meanWaitingTime="0.16" meanTravelTime="204.54" duration="2"/>
    <step time="363.70" loaded="929" inserted="528" running="489" waiting="0" ended="39" meanWaitingTime="0.16" meanTravelTime="204.54" duration="1"/>
    <step time="363.80" loaded="929" inserted="528" running="489" waiting="0" ended="39" meanWaitingTime="0.16" meanTravelTime="204.54" duration="2"/>
    <step time="363.90" loaded="929" inserted="528" running="489" waiting="0" ended="39" meanWaitingTime="0.16" meanTravelTime="204.54" duration="1"/>
    <step time="364.00" loaded="929" inserted="528" running="489" waiting="1" ended="39" meanWaitingTime="0.16" meanTravelTime="204.54" duration="1"/>
    <step time="364.10" loaded="930" inserted="528" running="489" waiting="1" ended="39" meanWaitingTime="0.16" meanTravelTime="204.54" duration="2"/>
    <step time="364.20" loaded="930" inserted="528" running="489" waiting="1" ended="39" meanWaitingTime="0.16" meanTravelTime="204.54" duration="2"/>
    <step time="364.30" loaded="930" inserted="528" running="489" waiting="1" ended="39" meanWaitingTime="0.16" meanTravelTime="204.54" duration="1"/>
    <step time="364.40" loaded="930" inserted="528" running="489" waiting="1" ended="39" meanWaitingTime="0.16" meanTravelTime="204.54" duration="1"/>
    <step time="364.50" loaded="930" inserted="529" running="490" waiting="1" ended="39" meanWaitingTime="0.16" meanTravelTime="204.54" duration="1"/>
    <step time="364.60" loaded="931" inserted="529" running="490" waiting="1" ended="39" meanWaitingTime="0.16" meanTravelTime="204.54" duration="2"/>
    <step time="364.70" loaded="931" inserted="529" running="490" waiting="1" ended="39" meanWaitingTime="0.16" meanTravelTime="204.54" duration="1"/>
    <step time="364.80" loaded="931" inserted="529" running="490" waiting="1" ended="39" meanWaitingTime="0.16" meanTravelTime="204.54" duration="1"/>
    <step time="364.90" loaded="931" inserted="529" running="490" waiting="1" ended="39" meanWaitingTime="0.16" meanTravelTime="204.54" duration="1"/>
    <step time="365.00" loaded="931" inserted="530" running="491" waiting="1" ended="39" meanWaitingTime="0.16" meanTravelTime="204.54" duration="2"/>
    <step time="365.10" loaded="932" inserted="530" running="491" waiting="1" ended="39" meanWaitingTime="0.16" meanTravelTime="204.54" duration="1"/>
    <step time="365.20" loaded="932" inserted="530" running="491" waiting="1" ended="39" meanWaitingTime="0.16" meanTravelTime="204.54" duration="2"/>
    <step time="365.30" loaded="932" inserted="530" running="491" waiting="1" ended="39" meanWaitingTime="0.16" meanTravelTime="204.54" duration="1"/>
    <step time="365.40" loaded="932" inserted="530" running="491" waiting="1" ended="39" meanWaitingTime="0.16" meanTravelTime="204.54" duration="1"/>
    <step time="365.50" loaded="932" inserted="530" running="491" waiting="2" ended="39" meanWaitingTime="0.16" meanTravelTime="204.54" duration="1"/>
    <step time="365.60" loaded="933" inserted="530" running="491" waiting="2" ended="39" meanWaitingTime="0.16" meanTravelTime="204.54" duration="1"/>
    <step time="365.70" loaded="933" inserted="530" running="491" waiting="2" ended="39" meanWaitingTime="0.16" meanTravelTime="204.54" duration="2"/>
    <step time="365.80" loaded="933" inserted="530" running="490" waiting="2" ended="40" meanWaitingTime="0.16" meanTravelTime="204.89" duration="1"/>
    <step time="365.90" loaded="933" inserted="530" running="490" waiting="2" ended="40" meanWaitingTime="0.16" meanTravelTime="204.89" duration="1"/>
    <step time="366.00" loaded="933" inserted="531" running="491" waiting="2" ended="40" meanWaitingTime="0.16" meanTravelTime="204.89" duration="1"/>
    <step time="366.10" loaded="934" inserted="531" running="491" waiting="2" ended="40" meanWaitingTime="0.16" meanTravelTime="204.89" duration="1"/>
    <step time="366.20" loaded="934" inserted="531" running="491" waiting="2" ended="40" meanWaitingTime="0.16" meanTravelTime="204.89" duration="1"/>
    <step time="366.30" loaded="934" inserted="531" running="491" waiting="2" ended="40" meanWaitingTime="0.16" meanTravelTime="204.89" duration="2"/>
    <step time="366.40" loaded="934" inserted="531" running="491" waiting="2" ended="40" meanWaitingTime="0.16" meanTravelTime="204.89" duration="2"/>
    <step time="366.50" loaded="934" inserted="532" running="492" waiting="2" ended="40" meanWaitingTime="0.16" meanTravelTime="204.89" duration="1"/>
    <step time="366.60" loaded="935" inserted="532" running="492" waiting="2" ended="40" meanWaitingTime="0.16" meanTravelTime="204.89" duration="1"/>
    <step time="366.70" loaded="935" inserted="532" running="492" waiting="2" ended="40" meanWaitingTime="0.16" meanTravelTime="204.89" duration="2"/>
    <step time="366.80" loaded="935" inserted="533" running="493" waiting="1" ended="40" meanWaitingTime="0.17" meanTravelTime="204.89" duration="1"/>
    <step time="366.90" loaded="935" inserted="533" running="493" waiting="1" ended="40" meanWaitingTime="0.17" meanTravelTime="204.89" duration="1"/>
    <step time="367.00" loaded="935" inserted="534" running="494" waiting="1" ended="40" meanWaitingTime="0.16" meanTravelTime="204.89" duration="1"/>
    <step time="367.10" loaded="936" inserted="534" running="494" waiting="1" ended="40" meanWaitingTime="0.16" meanTravelTime="204.89" duration="1"/>
    <step time="367.20" loaded="936" inserted="534" running="494" waiting="1" ended="40" meanWaitingTime="0.16" meanTravelTime="204.89" duration="1"/>
    <step time="367.30" loaded="936" inserted="534" running="494" waiting="1" ended="40" meanWaitingTime="0.16" meanTravelTime="204.89" duration="1"/>
    <step time="367.40" loaded="936" inserted="534" running="494" waiting="1" ended="40" meanWaitingTime="0.16" meanTravelTime="204.89" duration="1"/>
    <step time="367.50" loaded="936" inserted="535" running="495" waiting="1" ended="40" meanWaitingTime="0.16" meanTravelTime="204.89" duration="1"/>
    <step time="367.60" loaded="937" inserted="535" running="495" waiting="1" ended="40" meanWaitingTime="0.16" meanTravelTime="204.89" duration="1"/>
    <step time="367.70" loaded="937" inserted="535" running="495" waiting="1" ended="40" meanWaitingTime="0.16" meanTravelTime="204.89" duration="2"/>
    <step time="367.80" loaded="937" inserted="535" running="495" waiting="1" ended="40" meanWaitingTime="0.16" meanTravelTime="204.89" duration="1"/>
    <step time="367.90" loaded="937" inserted="535" running="495" waiting="1" ended="40" meanWaitingTime="0.16" meanTravelTime="204.89" duration="1"/>
    <step time="368.00" loaded="937" inserted="536" running="496" waiting="1" ended="40" meanWaitingTime="0.16" meanTravelTime="204.89" duration="1"/>
    <step time="368.10" loaded="938" inserted="536" running="496" waiting="1" ended="40" meanWaitingTime="0.16" meanTravelTime="204.89" duration="1"/>
    <step time="368.20" loaded="938" inserted="536" running="496" waiting="1" ended="40" meanWaitingTime="0.16" meanTravelTime="204.89" duration="1"/>
    <step time="368.30" loaded="938" inserted="536" running="496" waiting="1" ended="40" meanWaitingTime="0.16" meanTravelTime="204.89" duration="1"/>
    <step time="368.40" loaded="938" inserted="536" running="496" waiting="1" ended="40" meanWaitingTime="0.16" meanTravelTime="204.89" duration="1"/>
    <step time="368.50" loaded="938" inserted="537" running="497" waiting="1" ended="40" meanWaitingTime="0.16" meanTravelTime="204.89" duration="1"/>
    <step time="368.60" loaded="939" inserted="537" running="497" waiting="1" ended="40" meanWaitingTime="0.16" meanTravelTime="204.89" duration="1"/>
    <step time="368.70" loaded="939" inserted="537" running="497" waiting="1" ended="40" meanWaitingTime="0.16" meanTravelTime="204.89" duration="1"/>
    <step time="368.80" loaded="939" inserted="537" running="497" waiting="1" ended="40" meanWaitingTime="0.16" meanTravelTime="204.89" duration="1"/>
    <step time="368.90" loaded="939" inserted="537" running="497" waiting="1" ended="40" meanWaitingTime="0.16" meanTravelTime="204.89" duration="1"/>
    <step time="369.00" loaded="939" inserted="537" running="497" waiting="2" ended="40" meanWaitingTime="0.16" meanTravelTime="204.89" duration="1"/>
    <step time="369.10" loaded="940" inserted="537" running="496" waiting="2" ended="41" meanWaitingTime="0.16" meanTravelTime="206.29" duration="2"/>
    <step time="369.20" loaded="940" inserted="537" running="496" waiting="2" ended="41" meanWaitingTime="0.16" meanTravelTime="206.29" duration="1"/>
    <step time="369.30" loaded="940" inserted="537" running="496" waiting="2" ended="41" meanWaitingTime="0.16" meanTravelTime="206.29" duration="1"/>
    <step time="369.40" loaded="940" inserted="538" running="497" waiting="1" ended="41" meanWaitingTime="0.17" meanTravelTime="206.29" duration="1"/>
    <step time="369.50" loaded="940" inserted="539" running="498" waiting="1" ended="41" meanWaitingTime="0.17" meanTravelTime="206.29" duration="1"/>
    <step time="369.60" loaded="941" inserted="539" running="497" waiting="1" ended="42" meanWaitingTime="0.17" meanTravelTime="207.49" duration="2"/>
    <step time="369.70" loaded="941" inserted="539" running="496" waiting="1" ended="43" meanWaitingTime="0.17" meanTravelTime="207.67" duration="1"/>
    <step time="369.80" loaded="941" inserted="539" running="496" waiting="1" ended="43" meanWaitingTime="0.17" meanTravelTime="207.67" duration="2"/>
    <step time="369.90" loaded="941" inserted="539" running="496" waiting="1" ended="43" meanWaitingTime="0.17" meanTravelTime="207.67" duration="1"/>
    <step time="370.00" loaded="941" inserted="540" running="496" waiting="1" ended="44" meanWaitingTime="0.17" meanTravelTime="208.17" duration="1"/>
    <step time="370.10" loaded="942" inserted="540" running="496" waiting="1" ended="44" meanWaitingTime="0.17" meanTravelTime="208.17" duration="1"/>
    <step time="370.20" loaded="942" inserted="540" running="496" waiting="1" ended="44" meanWaitingTime="0.17" meanTravelTime="208.17" duration="1"/>
    <step time="370.30" loaded="942" inserted="540" running="496" waiting="1" ended="44" meanWaitingTime="0.17" meanTravelTime="208.17" duration="1"/>
    <step time="370.40" loaded="942" inserted="540" running="496" waiting="1" ended="44" meanWaitingTime="0.17" meanTravelTime="208.17" duration="1"/>
    <step time="370.50" loaded="942" inserted="541" running="497" waiting="1" ended="44" meanWaitingTime="0.17" meanTravelTime="208.17" duration="1"/>
    <step time="370.60" loaded="943" inserted="541" running="497" waiting="1" ended="44" meanWaitingTime="0.17" meanTravelTime="208.17" duration="2"/>
    <step time="370.70" loaded="943" inserted="541" running="497" waiting="1" ended="44" meanWaitingTime="0.17" meanTravelTime="208.17" duration="1"/>
    <step time="370.80" loaded="943" inserted="541" running="497" waiting="1" ended="44" meanWaitingTime="0.17" meanTravelTime="208.17" duration="2"/>
    <step time="370.90" loaded="943" inserted="541" running="497" waiting="1" ended="44" meanWaitingTime="0.17" meanTravelTime="208.17" duration="1"/>
    <step time="371.00" loaded="943" inserted="542" running="498" waiting="1" ended="44" meanWaitingTime="0.17" meanTravelTime="208.17" duration="1"/>
    <step time="371.10" loaded="944" inserted="542" running="498" waiting="1" ended="44" meanWaitingTime="0.17" meanTravelTime="208.17" duration="1"/>
    <step time="371.20" loaded="944" inserted="542" running="498" waiting="1" ended="44" meanWaitingTime="0.17" meanTravelTime="208.17" duration="1"/>
    <step time="371.30" loaded="944" inserted="542" running="498" waiting="1" ended="44" meanWaitingTime="0.17" meanTravelTime="208.17" duration="1"/>
    <step time="371.40" loaded="944" inserted="543" running="499" waiting="0" ended="44" meanWaitingTime="0.18" meanTravelTime="208.17" duration="1"/>
    <step time="371.50" loaded="944" inserted="543" running="499" waiting="1" ended="44" meanWaitingTime="0.18" meanTravelTime="208.17" duration="1"/>
    <step time="371.60" loaded="945" inserted="543" running="499" waiting="1" ended="44" meanWaitingTime="0.18" meanTravelTime="208.17" duration="1"/>
    <step time="371.70" loaded="945" inserted="543" running="499" waiting="1" ended="44" meanWaitingTime="0.18" meanTravelTime="208.17" duration="2"/>
    <step time="371.80" loaded="945" inserted="543" running="499" waiting="1" ended="44" meanWaitingTime="0.18" meanTravelTime="208.17" duration="1"/>
    <step time="371.90" loaded="945" inserted="543" running="499" waiting="1" ended="44" meanWaitingTime="0.18" meanTravelTime="208.17" duration="1"/>
    <step time="372.00" loaded="945" inserted="544" running="500" waiting="1" ended="44" meanWaitingTime="0.18" meanTravelTime="208.17" duration="1"/>
    <step time="372.10" loaded="946" inserted="544" running="500" waiting="1" ended="44" meanWaitingTime="0.18" meanTravelTime="208.17" duration="1"/>
    <step time="372.20" loaded="946" inserted="544" running="500" waiting="1" ended="44" meanWaitingTime="0.18" meanTravelTime="208.17" duration="1"/>
    <step time="372.30" loaded="946" inserted="544" running="500" waiting="1" ended="44" meanWaitingTime="0.18" meanTravelTime="208.17" duration="1"/>
    <step time="372.40" loaded="946" inserted="544" running="500" waiting="1" ended="44" meanWaitingTime="0.18" meanTravelTime="208.17" duration="1"/>
    <step time="372.50" loaded="946" inserted="545" running="501" waiting="1" ended="44" meanWaitingTime="0.18" meanTravelTime="208.17" duration="1"/>
    <step time="372.60" loaded="947" inserted="545" running="501" waiting="1" ended="44" meanWaitingTime="0.18" meanTravelTime="208.17" duration="1"/>
    <step time="372.70" loaded="947" inserted="545" running="501" waiting="1" ended="44" meanWaitingTime="0.18" meanTravelTime="208.17" duration="1"/>
    <step time="372.80" loaded="947" inserted="545" running="501" waiting="1" ended="44" meanWaitingTime="0.18" meanTravelTime="208.17" duration="1"/>
    <step time="372.90" loaded="947" inserted="545" running="501" waiting="1" ended="44" meanWaitingTime="0.18" meanTravelTime="208.17" duration="1"/>
    <step time="373.00" loaded="947" inserted="546" running="502" waiting="1" ended="44" meanWaitingTime="0.18" meanTravelTime="208.17" duration="1"/>
    <step time="373.10" loaded="948" inserted="546" running="502" waiting="1" ended="44" meanWaitingTime="0.18" meanTravelTime="208.17" duration="1"/>
    <step time="373.20" loaded="948" inserted="546" running="502" waiting="1" ended="44" meanWaitingTime="0.18" meanTravelTime="208.17" duration="1"/>
    <step time="373.30" loaded="948" inserted="546" running="502" waiting="1" ended="44" meanWaitingTime="0.18" meanTravelTime="208.17" duration="1"/>
    <step time="373.40" loaded="948" inserted="546" running="501" waiting="1" ended="45" meanWaitingTime="0.18" meanTravelTime="208.08" duration="1"/>
    <step time="373.50" loaded="948" inserted="547" running="502" waiting="1" ended="45" meanWaitingTime="0.18" meanTravelTime="208.08" duration="1"/>
    <step time="373.60" loaded="949" inserted="547" running="502" waiting="1" ended="45" meanWaitingTime="0.18" meanTravelTime="208.08" duration="1"/>
    <step time="373.70" loaded="949" inserted="547" running="502" waiting="1" ended="45" meanWaitingTime="0.18" meanTravelTime="208.08" duration="1"/>
    <step time="373.80" loaded="949" inserted="547" running="502" waiting="1" ended="45" meanWaitingTime="0.18" meanTravelTime="208.08" duration="1"/>
    <step time="373.90" loaded="949" inserted="547" running="502" waiting="1" ended="45" meanWaitingTime="0.18" meanTravelTime="208.08" duration="1"/>
    <step time="374.00" loaded="949" inserted="549" running="504" waiting="0" ended="45" meanWaitingTime="0.18" meanTravelTime="208.08" duration="1"/>
    <step time="374.10" loaded="950" inserted="549" running="504" waiting="0" ended="45" meanWaitingTime="0.18" meanTravelTime="208.08" duration="1"/>
    <step time="374.20" loaded="950" inserted="549" running="504" waiting="0" ended="45" meanWaitingTime="0.18" meanTravelTime="208.08" duration="1"/>
    <step time="374.30" loaded="950" inserted="549" running="504" waiting="0" ended="45" meanWaitingTime="0.18" meanTravelTime="208.08" duration="1"/>
    <step time="374.40" loaded="950" inserted="549" running="504" waiting="0" ended="45" meanWaitingTime="0.18" meanTravelTime="208.08" duration="1"/>
    <step time="374.50" loaded="950" inserted="550" running="505" waiting="0" ended="45" meanWaitingTime="0.18" meanTravelTime="208.08" duration="1"/>
    <step time="374.60" loaded="951" inserted="550" running="505" waiting="0" ended="45" meanWaitingTime="0.18" meanTravelTime="208.08" duration="1"/>
    <step time="374.70" loaded="951" inserted="550" running="505" waiting="0" ended="45" meanWaitingTime="0.18" meanTravelTime="208.08" duration="1"/>
    <step time="374.80" loaded="951" inserted="550" running="505" waiting="0" ended="45" meanWaitingTime="0.18" meanTravelTime="208.08" duration="1"/>
    <step time="374.90" loaded="951" inserted="550" running="505" waiting="0" ended="45" meanWaitingTime="0.18" meanTravelTime="208.08" duration="0"/>
    <step time="375.00" loaded="951" inserted="551" running="506" waiting="0" ended="45" meanWaitingTime="0.18" meanTravelTime="208.08" duration="1"/>
    <step time="375.10" loaded="952" inserted="551" running="506" waiting="0" ended="45" meanWaitingTime="0.18" meanTravelTime="208.08" duration="1"/>
    <step time="375.20" loaded="952" inserted="551" running="506" waiting="0" ended="45" meanWaitingTime="0.18" meanTravelTime="208.08" duration="1"/>
    <step time="375.30" loaded="952" inserted="551" running="506" waiting="0" ended="45" meanWaitingTime="0.18" meanTravelTime="208.08" duration="1"/>
    <step time="375.40" loaded="952" inserted="551" running="506" waiting="0" ended="45" meanWaitingTime="0.18" meanTravelTime="208.08" duration="1"/>
    <step time="375.50" loaded="952" inserted="551" running="506" waiting="1" ended="45" meanWaitingTime="0.18" meanTravelTime="208.08" duration="1"/>
    <step time="375.60" loaded="953" inserted="551" running="506" waiting="1" ended="45" meanWaitingTime="0.18" meanTravelTime="208.08" duration="1"/>
    <step time="375.70" loaded="953" inserted="551" running="506" waiting="1" ended="45" meanWaitingTime="0.18" meanTravelTime="208.08" duration="2"/>
    <step time="375.80" loaded="953" inserted="551" running="506" waiting="1" ended="45" meanWaitingTime="0.18" meanTravelTime="208.08" duration="1"/>
    <step time="375.90" loaded="953" inserted="551" running="506" waiting="1" ended="45" meanWaitingTime="0.18" meanTravelTime="208.08" duration="1"/>
    <step time="376.00" loaded="953" inserted="552" running="507" waiting="1" ended="45" meanWaitingTime="0.18" meanTravelTime="208.08" duration="1"/>
    <step time="376.10" loaded="954" inserted="552" running="507" waiting="1" ended="45" meanWaitingTime="0.18" meanTravelTime="208.08" duration="1"/>
    <step time="376.20" loaded="954" inserted="552" running="507" waiting="1" ended="45" meanWaitingTime="0.18" meanTravelTime="208.08" duration="2"/>
    <step time="376.30" loaded="954" inserted="552" running="507" waiting="1" ended="45" meanWaitingTime="0.18" meanTravelTime="208.08" duration="1"/>
    <step time="376.40" loaded="954" inserted="552" running="507" waiting="1" ended="45" meanWaitingTime="0.18" meanTravelTime="208.08" duration="1"/>
    <step time="376.50" loaded="954" inserted="552" running="507" waiting="2" ended="45" meanWaitingTime="0.18" meanTravelTime="208.08" duration="1"/>
    <step time="376.60" loaded="955" inserted="552" running="507" waiting="2" ended="45" meanWaitingTime="0.18" meanTravelTime="208.08" duration="1"/>
    <step time="376.70" loaded="955" inserted="552" running="507" waiting="2" ended="45" meanWaitingTime="0.18" meanTravelTime="208.08" duration="1"/>
    <step time="376.80" loaded="955" inserted="552" running="507" waiting="2" ended="45" meanWaitingTime="0.18" meanTravelTime="208.08" duration="1"/>
    <step time="376.90" loaded="955" inserted="552" running="507" waiting="2" ended="45" meanWaitingTime="0.18" meanTravelTime="208.08" duration="1"/>
    <step time="377.00" loaded="955" inserted="552" running="507" waiting="3" ended="45" meanWaitingTime="0.18" meanTravelTime="208.08" duration="1"/>
    <step time="377.10" loaded="956" inserted="553" running="508" waiting="2" ended="45" meanWaitingTime="0.18" meanTravelTime="208.08" duration="1"/>
    <step time="377.20" loaded="956" inserted="553" running="508" waiting="2" ended="45" meanWaitingTime="0.18" meanTravelTime="208.08" duration="1"/>
    <step time="377.30" loaded="956" inserted="553" running="508" waiting="2" ended="45" meanWaitingTime="0.18" meanTravelTime="208.08" duration="1"/>
    <step time="377.40" loaded="956" inserted="553" running="508" waiting="2" ended="45" meanWaitingTime="0.18" meanTravelTime="208.08" duration="1"/>
    <step time="377.50" loaded="956" inserted="554" running="509" waiting="2" ended="45" meanWaitingTime="0.18" meanTravelTime="208.08" duration="0"/>
    <step time="377.60" loaded="957" inserted="554" running="509" waiting="2" ended="45" meanWaitingTime="0.18" meanTravelTime="208.08" duration="1"/>
    <step time="377.70" loaded="957" inserted="554" running="509" waiting="2" ended="45" meanWaitingTime="0.18" meanTravelTime="208.08" duration="1"/>
    <step time="377.80" loaded="957" inserted="554" running="508" waiting="2" ended="46" meanWaitingTime="0.18" meanTravelTime="208.92" duration="1"/>
    <step time="377.90" loaded="957" inserted="554" running="508" waiting="2" ended="46" meanWaitingTime="0.18" meanTravelTime="208.92" duration="2"/>
    <step time="378.00" loaded="957" inserted="555" running="509" waiting="2" ended="46" meanWaitingTime="0.18" meanTravelTime="208.92" duration="1"/>
    <step time="378.10" loaded="958" inserted="555" running="509" waiting="2" ended="46" meanWaitingTime="0.18" meanTravelTime="208.92" duration="0"/>
    <step time="378.20" loaded="958" inserted="555" running="509" waiting="2" ended="46" meanWaitingTime="0.18" meanTravelTime="208.92" duration="1"/>
    <step time="378.30" loaded="958" inserted="555" running="509" waiting="2" ended="46" meanWaitingTime="0.18" meanTravelTime="208.92" duration="1"/>
    <step time="378.40" loaded="958" inserted="555" running="509" waiting="2" ended="46" meanWaitingTime="0.18" meanTravelTime="208.92" duration="1"/>
    <step time="378.50" loaded="958" inserted="555" running="509" waiting="3" ended="46" meanWaitingTime="0.18" meanTravelTime="208.92" duration="1"/>
    <step time="378.60" loaded="959" inserted="555" running="509" waiting="3" ended="46" meanWaitingTime="0.18" meanTravelTime="208.92" duration="1"/>
    <step time="378.70" loaded="959" inserted="555" running="509" waiting="3" ended="46" meanWaitingTime="0.18" meanTravelTime="208.92" duration="1"/>
    <step time="378.80" loaded="959" inserted="555" running="509" waiting="3" ended="46" meanWaitingTime="0.18" meanTravelTime="208.92" duration="1"/>
    <step time="378.90" loaded="959" inserted="555" running="509" waiting="3" ended="46" meanWaitingTime="0.18" meanTravelTime="208.92" duration="1"/>
    <step time="379.00" loaded="959" inserted="556" running="510" waiting="3" ended="46" meanWaitingTime="0.18" meanTravelTime="208.92" duration="1"/>
    <step time="379.10" loaded="960" inserted="556" running="510" waiting="3" ended="46" meanWaitingTime="0.18" meanTravelTime="208.92" duration="1"/>
    <step time="379.20" loaded="960" inserted="556" running="510" waiting="3" ended="46" meanWaitingTime="0.18" meanTravelTime="208.92" duration="1"/>
    <step time="379.30" loaded="960" inserted="557" running="511" waiting="2" ended="46" meanWaitingTime="0.18" meanTravelTime="208.92" duration="1"/>
    <step time="379.40" loaded="960" inserted="557" running="511" waiting="2" ended="46" meanWaitingTime="0.18" meanTravelTime="208.92" duration="1"/>
    <step time="379.50" loaded="960" inserted="558" running="512" waiting="2" ended="46" meanWaitingTime="0.18" meanTravelTime="208.92" duration="1"/>
    <step time="379.60" loaded="961" inserted="558" running="512" waiting="2" ended="46" meanWaitingTime="0.18" meanTravelTime="208.92" duration="1"/>
    <step time="379.70" loaded="961" inserted="558" running="512" waiting="2" ended="46" meanWaitingTime="0.18" meanTravelTime="208.92" duration="1"/>
    <step time="379.80" loaded="961" inserted="558" running="512" waiting="2" ended="46" meanWaitingTime="0.18" meanTravelTime="208.92" duration="1"/>
    <step time="379.90" loaded="961" inserted="558" running="511" waiting="2" ended="47" meanWaitingTime="0.18" meanTravelTime="208.74" duration="1"/>
    <step time="380.00" loaded="961" inserted="559" running="512" waiting="2" ended="47" meanWaitingTime="0.18" meanTravelTime="208.74" duration="1"/>
    <step time="380.10" loaded="962" inserted="559" running="512" waiting="2" ended="47" meanWaitingTime="0.18" meanTravelTime="208.74" duration="1"/>
    <step time="380.20" loaded="962" inserted="559" running="512" waiting="2" ended="47" meanWaitingTime="0.18" meanTravelTime="208.74" duration="1"/>
    <step time="380.30" loaded="962" inserted="559" running="511" waiting="2" ended="48" meanWaitingTime="0.18" meanTravelTime="207.55" duration="1"/>
    <step time="380.40" loaded="962" inserted="560" running="512" waiting="1" ended="48" meanWaitingTime="0.19" meanTravelTime="207.55" duration="1"/>
    <step time="380.50" loaded="962" inserted="561" running="513" waiting="1" ended="48" meanWaitingTime="0.19" meanTravelTime="207.55" duration="1"/>
    <step time="380.60" loaded="963" inserted="561" running="513" waiting="1" ended="48" meanWaitingTime="0.19" meanTravelTime="207.55" duration="1"/>
    <step time="380.70" loaded="963" inserted="561" running="513" waiting="1" ended="48" meanWaitingTime="0.19" meanTravelTime="207.55" duration="1"/>
    <step time="380.80" loaded="963" inserted="561" running="513" waiting="1" ended="48" meanWaitingTime="0.19" meanTravelTime="207.55" duration="1"/>
    <step time="380.90" loaded="963" inserted="561" running="513" waiting="1" ended="48" meanWaitingTime="0.19" meanTravelTime="207.55" duration="0"/>
    <step time="381.00" loaded="963" inserted="562" running="514" waiting="1" ended="48" meanWaitingTime="0.19" meanTravelTime="207.55" duration="1"/>
    <step time="381.10" loaded="964" inserted="562" running="514" waiting="1" ended="48" meanWaitingTime="0.19" meanTravelTime="207.55" duration="1"/>
    <step time="381.20" loaded="964" inserted="563" running="515" waiting="0" ended="48" meanWaitingTime="0.19" meanTravelTime="207.55" duration="1"/>
    <step time="381.30" loaded="964" inserted="563" running="515" waiting="0" ended="48" meanWaitingTime="0.19" meanTravelTime="207.55" duration="1"/>
    <step time="381.40" loaded="964" inserted="563" running="515" waiting="0" ended="48" meanWaitingTime="0.19" meanTravelTime="207.55" duration="1"/>
    <step time="381.50" loaded="964" inserted="564" running="516" waiting="0" ended="48" meanWaitingTime="0.19" meanTravelTime="207.55" duration="1"/>
    <step time="381.60" loaded="965" inserted="564" running="516" waiting="0" ended="48" meanWaitingTime="0.19" meanTravelTime="207.55" duration="0"/>
    <step time="381.70" loaded="965" inserted="564" running="516" waiting="0" ended="48" meanWaitingTime="0.19" meanTravelTime="207.55" duration="1"/>
    <step time="381.80" loaded="965" inserted="564" running="516" waiting="0" ended="48" meanWaitingTime="0.19" meanTravelTime="207.55" duration="1"/>
    <step time="381.90" loaded="965" inserted="564" running="516" waiting="0" ended="48" meanWaitingTime="0.19" meanTravelTime="207.55" duration="1"/>
    <step time="382.00" loaded="965" inserted="564" running="516" waiting="1" ended="48" meanWaitingTime="0.19" meanTravelTime="207.55" duration="1"/>
    <step time="382.10" loaded="966" inserted="564" running="516" waiting="1" ended="48" meanWaitingTime="0.19" meanTravelTime="207.55" duration="1"/>
    <step time="382.20" loaded="966" inserted="565" running="517" waiting="0" ended="48" meanWaitingTime="0.19" meanTravelTime="207.55" duration="1"/>
    <step time="382.30" loaded="966" inserted="565" running="517" waiting="0" ended="48" meanWaitingTime="0.19" meanTravelTime="207.55" duration="0"/>
    <step time="382.40" loaded="966" inserted="565" running="517" waiting="0" ended="48" meanWaitingTime="0.19" meanTravelTime="207.55" duration="1"/>
    <step time="382.50" loaded="966" inserted="566" running="518" waiting="0" ended="48" meanWaitingTime="0.19" meanTravelTime="207.55" duration="1"/>
    <step time="382.60" loaded="967" inserted="566" running="518" waiting="0" ended="48" meanWaitingTime="0.19" meanTravelTime="207.55" duration="1"/>
    <step time="382.70" loaded="967" inserted="566" running="518" waiting="0" ended="48" meanWaitingTime="0.19" meanTravelTime="207.55" duration="1"/>
    <step time="382.80" loaded="967" inserted="566" running="518" waiting="0" ended="48" meanWaitingTime="0.19" meanTravelTime="207.55" duration="1"/>
    <step time="382.90" loaded="967" inserted="566" running="518" waiting="0" ended="48" meanWaitingTime="0.19" meanTravelTime="207.55" duration="1"/>
    <step time="383.00" loaded="967" inserted="567" running="519" waiting="0" ended="48" meanWaitingTime="0.19" meanTravelTime="207.55" duration="1"/>
    <step time="383.10" loaded="968" inserted="567" running="519" waiting="0" ended="48" meanWaitingTime="0.19" meanTravelTime="207.55" duration="1"/>
    <step time="383.20" loaded="968" inserted="567" running="519" waiting="0" ended="48" meanWaitingTime="0.19" meanTravelTime="207.55" duration="1"/>
    <step time="383.30" loaded="968" inserted="567" running="519" waiting="0" ended="48" meanWaitingTime="0.19" meanTravelTime="207.55" duration="1"/>
    <step time="383.40" loaded="968" inserted="567" running="519" waiting="0" ended="48" meanWaitingTime="0.19" meanTravelTime="207.55" duration="0"/>
    <step time="383.50" loaded="968" inserted="568" running="520" waiting="0" ended="48" meanWaitingTime="0.19" meanTravelTime="207.55" duration="2"/>
    <step time="383.60" loaded="969" inserted="568" running="520" waiting="0" ended="48" meanWaitingTime="0.19" meanTravelTime="207.55" duration="0"/>
    <step time="383.70" loaded="969" inserted="568" running="520" waiting="0" ended="48" meanWaitingTime="0.19" meanTravelTime="207.55" duration="2"/>
    <step time="383.80" loaded="969" inserted="568" running="520" waiting="0" ended="48" meanWaitingTime="0.19" meanTravelTime="207.55" duration="1"/>
    <step time="383.90" loaded="969" inserted="568" running="520" waiting="0" ended="48" meanWaitingTime="0.19" meanTravelTime="207.55" duration="1"/>
    <step time="384.00" loaded="969" inserted="569" running="521" waiting="0" ended="48" meanWaitingTime="0.19" meanTravelTime="207.55" duration="0"/>
    <step time="384.10" loaded="970" inserted="569" running="521" waiting="0" ended="48" meanWaitingTime="0.19" meanTravelTime="207.55" duration="2"/>
    <step time="384.20" loaded="970" inserted="569" running="521" waiting="0" ended="48" meanWaitingTime="0.19" meanTravelTime="207.55" duration="1"/>
    <step time="384.30" loaded="970" inserted="569" running="520" waiting="0" ended="49" meanWaitingTime="0.19" meanTravelTime="208.37" duration="1"/>
    <step time="384.40" loaded="970" inserted="569" running="520" waiting="0" ended="49" meanWaitingTime="0.19" meanTravelTime="208.37" duration="1"/>
    <step time="384.50" loaded="970" inserted="570" running="521" waiting="0" ended="49" meanWaitingTime="0.19" meanTravelTime="208.37" duration="1"/>
    <step time="384.60" loaded="971" inserted="570" running="521" waiting="0" ended="49" meanWaitingTime="0.19" meanTravelTime="208.37" duration="1"/>
    <step time="384.70" loaded="971" inserted="570" running="521" waiting="0" ended="49" meanWaitingTime="0.19" meanTravelTime="208.37" duration="2"/>
    <step time="384.80" loaded="971" inserted="570" running="521" waiting="0" ended="49" meanWaitingTime="0.19" meanTravelTime="208.37" duration="1"/>
    <step time="384.90" loaded="971" inserted="570" running="521" waiting="0" ended="49" meanWaitingTime="0.19" meanTravelTime="208.37" duration="1"/>
    <step time="385.00" loaded="971" inserted="571" running="522" waiting="0" ended="49" meanWaitingTime="0.19" meanTravelTime="208.37" duration="1"/>
    <step time="385.10" loaded="972" inserted="571" running="522" waiting="0" ended="49" meanWaitingTime="0.19" meanTravelTime="208.37" duration="1"/>
    <step time="385.20" loaded="972" inserted="571" running="522" waiting="0" ended="49" meanWaitingTime="0.19" meanTravelTime="208.37" duration="1"/>
    <step time="385.30" loaded="972" inserted="571" running="522" waiting="0" ended="49" meanWaitingTime="0.19" meanTravelTime="208.37" duration="2"/>
    <step time="385.40" loaded="972" inserted="571" running="522" waiting="0" ended="49" meanWaitingTime="0.19" meanTravelTime="208.37" duration="0"/>
    <step time="385.50" loaded="972" inserted="572" running="523" waiting="0" ended="49" meanWaitingTime="0.19" meanTravelTime="208.37" duration="1"/>
    <step time="385.60" loaded="973" inserted="572" running="523" waiting="0" ended="49" meanWaitingTime="0.19" meanTravelTime="208.37" duration="2"/>
    <step time="385.70" loaded="973" inserted="572" running="523" waiting="0" ended="49" meanWaitingTime="0.19" meanTravelTime="208.37" duration="2"/>
    <step time="385.80" loaded="973" inserted="572" running="523" waiting="0" ended="49" meanWaitingTime="0.19" meanTravelTime="208.37" duration="1"/>
    <step time="385.90" loaded="973" inserted="572" running="523" waiting="0" ended="49" meanWaitingTime="0.19" meanTravelTime="208.37" duration="1"/>
    <step time="386.00" loaded="973" inserted="573" running="524" waiting="0" ended="49" meanWaitingTime="0.19" meanTravelTime="208.37" duration="1"/>
    <step time="386.10" loaded="974" inserted="573" running="524" waiting="0" ended="49" meanWaitingTime="0.19" meanTravelTime="208.37" duration="1"/>
    <step time="386.20" loaded="974" inserted="573" running="524" waiting="0" ended="49" meanWaitingTime="0.19" meanTravelTime="208.37" duration="2"/>
    <step time="386.30" loaded="974" inserted="573" running="524" waiting="0" ended="49" meanWaitingTime="0.19" meanTravelTime="208.37" duration="1"/>
    <step time="386.40" loaded="974" inserted="573" running="524" waiting="0" ended="49" meanWaitingTime="0.19" meanTravelTime="208.37" duration="0"/>
    <step time="386.50" loaded="974" inserted="574" running="525" waiting="0" ended="49" meanWaitingTime="0.19" meanTravelTime="208.37" duration="1"/>
    <step time="386.60" loaded="975" inserted="574" running="525" waiting="0" ended="49" meanWaitingTime="0.19" meanTravelTime="208.37" duration="1"/>
    <step time="386.70" loaded="975" inserted="574" running="525" waiting="0" ended="49" meanWaitingTime="0.19" meanTravelTime="208.37" duration="1"/>
    <step time="386.80" loaded="975" inserted="574" running="525" waiting="0" ended="49" meanWaitingTime="0.19" meanTravelTime="208.37" duration="1"/>
    <step time="386.90" loaded="975" inserted="574" running="525" waiting="0" ended="49" meanWaitingTime="0.19" meanTravelTime="208.37" duration="1"/>
    <step time="387.00" loaded="975" inserted="575" running="526" waiting="0" ended="49" meanWaitingTime="0.19" meanTravelTime="208.37" duration="1"/>
    <step time="387.10" loaded="976" inserted="575" running="526" waiting="0" ended="49" meanWaitingTime="0.19" meanTravelTime="208.37" duration="1"/>
    <step time="387.20" loaded="976" inserted="575" running="526" waiting="0" ended="49" meanWaitingTime="0.19" meanTravelTime="208.37" duration="1"/>
    <step time="387.30" loaded="976" inserted="575" running="526" waiting="0" ended="49" meanWaitingTime="0.19" meanTravelTime="208.37" duration="1"/>
    <step time="387.40" loaded="976" inserted="575" running="526" waiting="0" ended="49" meanWaitingTime="0.19" meanTravelTime="208.37" duration="1"/>
    <step time="387.50" loaded="976" inserted="576" running="526" waiting="0" ended="50" meanWaitingTime="0.19" meanTravelTime="209.36" duration="1"/>
    <step time="387.60" loaded="977" inserted="576" running="526" waiting="0" ended="50" meanWaitingTime="0.19" meanTravelTime="209.36" duration="1"/>
    <step time="387.70" loaded="977" inserted="576" running="526" waiting="0" ended="50" meanWaitingTime="0.19" meanTravelTime="209.36" duration="1"/>
    <step time="387.80" loaded="977" inserted="576" running="526" waiting="0" ended="50" meanWaitingTime="0.19" meanTravelTime="209.36" duration="1"/>
    <step time="387.90" loaded="977" inserted="576" running="526" waiting="0" ended="50" meanWaitingTime="0.19" meanTravelTime="209.36" duration="1"/>
    <step time="388.00" loaded="977" inserted="577" running="527" waiting="0" ended="50" meanWaitingTime="0.19" meanTravelTime="209.36" duration="1"/>
    <step time="388.10" loaded="978" inserted="577" running="527" waiting="0" ended="50" meanWaitingTime="0.19" meanTravelTime="209.36" duration="1"/>
    <step time="388.20" loaded="978" inserted="577" running="527" waiting="0" ended="50" meanWaitingTime="0.19" meanTravelTime="209.36" duration="1"/>
    <step time="388.30" loaded="978" inserted="577" running="527" waiting="0" ended="50" meanWaitingTime="0.19" meanTravelTime="209.36" duration="0"/>
    <step time="388.40" loaded="978" inserted="577" running="527" waiting="0" ended="50" meanWaitingTime="0.19" meanTravelTime="209.36" duration="1"/>
    <step time="388.50" loaded="978" inserted="578" running="528" waiting="0" ended="50" meanWaitingTime="0.19" meanTravelTime="209.36" duration="1"/>
    <step time="388.60" loaded="979" inserted="578" running="528" waiting="0" ended="50" meanWaitingTime="0.19" meanTravelTime="209.36" duration="2"/>
    <step time="388.70" loaded="979" inserted="578" running="528" waiting="0" ended="50" meanWaitingTime="0.19" meanTravelTime="209.36" duration="1"/>
    <step time="388.80" loaded="979" inserted="578" running="528" waiting="0" ended="50" meanWaitingTime="0.19" meanTravelTime="209.36" duration="1"/>
    <step time="388.90" loaded="979" inserted="578" running="528" waiting="0" ended="50" meanWaitingTime="0.19" meanTravelTime="209.36" duration="1"/>
    <step time="389.00" loaded="979" inserted="579" running="528" waiting="0" ended="51" meanWaitingTime="0.19" meanTravelTime="209.65" duration="2"/>
    <step time="389.10" loaded="980" inserted="579" running="528" waiting="0" ended="51" meanWaitingTime="0.19" meanTravelTime="209.65" duration="1"/>
    <step time="389.20" loaded="980" inserted="579" running="528" waiting="0" ended="51" meanWaitingTime="0.19" meanTravelTime="209.65" duration="1"/>
    <step time="389.30" loaded="980" inserted="579" running="528" waiting="0" ended="51" meanWaitingTime="0.19" meanTravelTime="209.65" duration="1"/>
    <step time="389.40" loaded="980" inserted="579" running="528" waiting="0" ended="51" meanWaitingTime="0.19" meanTravelTime="209.65" duration="1"/>
    <step time="389.50" loaded="980" inserted="580" running="529" waiting="0" ended="51" meanWaitingTime="0.19" meanTravelTime="209.65" duration="1"/>
    <step time="389.60" loaded="981" inserted="580" running="529" waiting="0" ended="51" meanWaitingTime="0.19" meanTravelTime="209.65" duration="0"/>
    <step time="389.70" loaded="981" inserted="580" running="529" waiting="0" ended="51" meanWaitingTime="0.19" meanTravelTime="209.65" duration="1"/>
    <step time="389.80" loaded="981" inserted="580" running="529" waiting="0" ended="51" meanWaitingTime="0.19" meanTravelTime="209.65" duration="1"/>
    <step time="389.90" loaded="981" inserted="580" running="529" waiting="0" ended="51" meanWaitingTime="0.19" meanTravelTime="209.65" duration="1"/>
    <step time="390.00" loaded="981" inserted="581" running="530" waiting="0" ended="51" meanWaitingTime="0.19" meanTravelTime="209.65" duration="1"/>
    <step time="390.10" loaded="982" inserted="581" running="530" waiting="0" ended="51" meanWaitingTime="0.19" meanTravelTime="209.65" duration="0"/>
    <step time="390.20" loaded="982" inserted="581" running="530" waiting="0" ended="51" meanWaitingTime="0.19" meanTravelTime="209.65" duration="1"/>
    <step time="390.30" loaded="982" inserted="581" running="530" waiting="0" ended="51" meanWaitingTime="0.19" meanTravelTime="209.65" duration="1"/>
    <step time="390.40" loaded="982" inserted="581" running="530" waiting="0" ended="51" meanWaitingTime="0.19" meanTravelTime="209.65" duration="1"/>
    <step time="390.50" loaded="982" inserted="582" running="531" waiting="0" ended="51" meanWaitingTime="0.19" meanTravelTime="209.65" duration="1"/>
    <step time="390.60" loaded="983" inserted="582" running="531" waiting="0" ended="51" meanWaitingTime="0.19" meanTravelTime="209.65" duration="1"/>
    <step time="390.70" loaded="983" inserted="582" running="531" waiting="0" ended="51" meanWaitingTime="0.19" meanTravelTime="209.65" duration="1"/>
    <step time="390.80" loaded="983" inserted="582" running="531" waiting="0" ended="51" meanWaitingTime="0.19" meanTravelTime="209.65" duration="1"/>
    <step time="390.90" loaded="983" inserted="582" running="531" waiting="0" ended="51" meanWaitingTime="0.19" meanTravelTime="209.65" duration="1"/>
    <step time="391.00" loaded="983" inserted="583" running="532" waiting="0" ended="51" meanWaitingTime="0.19" meanTravelTime="209.65" duration="0"/>
    <step time="391.10" loaded="984" inserted="583" running="532" waiting="0" ended="51" meanWaitingTime="0.19" meanTravelTime="209.65" duration="1"/>
    <step time="391.20" loaded="984" inserted="583" running="532" waiting="0" ended="51" meanWaitingTime="0.19" meanTravelTime="209.65" duration="1"/>
    <step time="391.30" loaded="984" inserted="583" running="532" waiting="0" ended="51" meanWaitingTime="0.19" meanTravelTime="209.65" duration="1"/>
    <step time="391.40" loaded="984" inserted="583" running="532" waiting="0" ended="51" meanWaitingTime="0.19" meanTravelTime="209.65" duration="1"/>
    <step time="391.50" loaded="984" inserted="584" running="533" waiting="0" ended="51" meanWaitingTime="0.19" meanTravelTime="209.65" duration="0"/>
    <step time="391.60" loaded="985" inserted="584" running="533" waiting="0" ended="51" meanWaitingTime="0.19" meanTravelTime="209.65" duration="1"/>
    <step time="391.70" loaded="985" inserted="584" running="533" waiting="0" ended="51" meanWaitingTime="0.19" meanTravelTime="209.65" duration="1"/>
    <step time="391.80" loaded="985" inserted="584" running="533" waiting="0" ended="51" meanWaitingTime="0.19" meanTravelTime="209.65" duration="0"/>
    <step time="391.90" loaded="985" inserted="584" running="533" waiting="0" ended="51" meanWaitingTime="0.19" meanTravelTime="209.65" duration="1"/>
    <step time="392.00" loaded="985" inserted="585" running="534" waiting="0" ended="51" meanWaitingTime="0.19" meanTravelTime="209.65" duration="1"/>
    <step time="392.10" loaded="986" inserted="585" running="534" waiting="0" ended="51" meanWaitingTime="0.19" meanTravelTime="209.65" duration="1"/>
    <step time="392.20" loaded="986" inserted="585" running="534" waiting="0" ended="51" meanWaitingTime="0.19" meanTravelTime="209.65" duration="1"/>
    <step time="392.30" loaded="986" inserted="585" running="534" waiting="0" ended="51" meanWaitingTime="0.19" meanTravelTime="209.65" duration="1"/>
    <step time="392.40" loaded="986" inserted="585" running="534" waiting="0" ended="51" meanWaitingTime="0.19" meanTravelTime="209.65" duration="0"/>
    <step time="392.50" loaded="986" inserted="586" running="535" waiting="0" ended="51" meanWaitingTime="0.19" meanTravelTime="209.65" duration="1"/>
    <step time="392.60" loaded="987" inserted="586" running="535" waiting="0" ended="51" meanWaitingTime="0.19" meanTravelTime="209.65" duration="1"/>
    <step time="392.70" loaded="987" inserted="586" running="535" waiting="0" ended="51" meanWaitingTime="0.19" meanTravelTime="209.65" duration="0"/>
    <step time="392.80" loaded="987" inserted="586" running="535" waiting="0" ended="51" meanWaitingTime="0.19" meanTravelTime="209.65" duration="1"/>
    <step time="392.90" loaded="987" inserted="586" running="535" waiting="0" ended="51" meanWaitingTime="0.19" meanTravelTime="209.65" duration="1"/>
    <step time="393.00" loaded="987" inserted="587" running="536" waiting="0" ended="51" meanWaitingTime="0.19" meanTravelTime="209.65" duration="0"/>
    <step time="393.10" loaded="988" inserted="587" running="536" waiting="0" ended="51" meanWaitingTime="0.19" meanTravelTime="209.65" duration="1"/>
    <step time="393.20" loaded="988" inserted="587" running="536" waiting="0" ended="51" meanWaitingTime="0.19" meanTravelTime="209.65" duration="1"/>
    <step time="393.30" loaded="988" inserted="587" running="536" waiting="0" ended="51" meanWaitingTime="0.19" meanTravelTime="209.65" duration="0"/>
    <step time="393.40" loaded="988" inserted="587" running="536" waiting="0" ended="51" meanWaitingTime="0.19" meanTravelTime="209.65" duration="1"/>
    <step time="393.50" loaded="988" inserted="588" running="537" waiting="0" ended="51" meanWaitingTime="0.19" meanTravelTime="209.65" duration="1"/>
    <step time="393.60" loaded="989" inserted="588" running="537" waiting="0" ended="51" meanWaitingTime="0.19" meanTravelTime="209.65" duration="0"/>
    <step time="393.70" loaded="989" inserted="588" running="537" waiting="0" ended="51" meanWaitingTime="0.19" meanTravelTime="209.65" duration="1"/>
    <step time="393.80" loaded="989" inserted="588" running="536" waiting="0" ended="52" meanWaitingTime="0.19" meanTravelTime="209.86" duration="1"/>
    <step time="393.90" loaded="989" inserted="588" running="536" waiting="0" ended="52" meanWaitingTime="0.19" meanTravelTime="209.86" duration="1"/>
    <step time="394.00" loaded="989" inserted="589" running="537" waiting="0" ended="52" meanWaitingTime="0.19" meanTravelTime="209.86" duration="1"/>
    <step time="394.10" loaded="990" inserted="589" running="537" waiting="0" ended="52" meanWaitingTime="0.19" meanTravelTime="209.86" duration="0"/>
    <step time="394.20" loaded="990" inserted="589" running="537" waiting="0" ended="52" meanWaitingTime="0.19" meanTravelTime="209.86" duration="1"/>
    <step time="394.30" loaded="990" inserted="589" running="537" waiting="0" ended="52" meanWaitingTime="0.19" meanTravelTime="209.86" duration="1"/>
    <step time="394.40" loaded="990" inserted="589" running="537" waiting="0" ended="52" meanWaitingTime="0.19" meanTravelTime="209.86" duration="1"/>
    <step time="394.50" loaded="990" inserted="590" running="538" waiting="0" ended="52" meanWaitingTime="0.18" meanTravelTime="209.86" duration="0"/>
    <step time="394.60" loaded="991" inserted="590" running="538" waiting="0" ended="52" meanWaitingTime="0.18" meanTravelTime="209.86" duration="1"/>
    <step time="394.70" loaded="991" inserted="590" running="538" waiting="0" ended="52" meanWaitingTime="0.18" meanTravelTime="209.86" duration="1"/>
    <step time="394.80" loaded="991" inserted="590" running="538" waiting="0" ended="52" meanWaitingTime="0.18" meanTravelTime="209.86" duration="0"/>
    <step time="394.90" loaded="991" inserted="590" running="538" waiting="0" ended="52" meanWaitingTime="0.18" meanTravelTime="209.86" duration="1"/>
    <step time="395.00" loaded="991" inserted="591" running="539" waiting="0" ended="52" meanWaitingTime="0.18" meanTravelTime="209.86" duration="1"/>
    <step time="395.10" loaded="992" inserted="591" running="539" waiting="0" ended="52" meanWaitingTime="0.18" meanTravelTime="209.86" duration="0"/>
    <step time="395.20" loaded="992" inserted="591" running="539" waiting="0" ended="52" meanWaitingTime="0.18" meanTravelTime="209.86" duration="1"/>
    <step time="395.30" loaded="992" inserted="591" running="539" waiting="0" ended="52" meanWaitingTime="0.18" meanTravelTime="209.86" duration="1"/>
    <step time="395.40" loaded="992" inserted="591" running="539" waiting="0" ended="52" meanWaitingTime="0.18" meanTravelTime="209.86" duration="0"/>
    <step time="395.50" loaded="992" inserted="592" running="540" waiting="0" ended="52" meanWaitingTime="0.18" meanTravelTime="209.86" duration="1"/>
    <step time="395.60" loaded="993" inserted="592" running="540" waiting="0" ended="52" meanWaitingTime="0.18" meanTravelTime="209.86" duration="1"/>
    <step time="395.70" loaded="993" inserted="592" running="540" waiting="0" ended="52" meanWaitingTime="0.18" meanTravelTime="209.86" duration="0"/>
    <step time="395.80" loaded="993" inserted="592" running="540" waiting="0" ended="52" meanWaitingTime="0.18" meanTravelTime="209.86" duration="1"/>
    <step time="395.90" loaded="993" inserted="592" running="540" waiting="0" ended="52" meanWaitingTime="0.18" meanTravelTime="209.86" duration="0"/>
    <step time="396.00" loaded="993" inserted="593" running="541" waiting="0" ended="52" meanWaitingTime="0.18" meanTravelTime="209.86" duration="1"/>
    <step time="396.10" loaded="994" inserted="593" running="541" waiting="0" ended="52" meanWaitingTime="0.18" meanTravelTime="209.86" duration="1"/>
    <step time="396.20" loaded="994" inserted="593" running="540" waiting="0" ended="53" meanWaitingTime="0.18" meanTravelTime="210.88" duration="0"/>
    <step time="396.30" loaded="994" inserted="593" running="540" waiting="0" ended="53" meanWaitingTime="0.18" meanTravelTime="210.88" duration="1"/>
    <step time="396.40" loaded="994" inserted="593" running="540" waiting="0" ended="53" meanWaitingTime="0.18" meanTravelTime="210.88" duration="0"/>
    <step time="396.50" loaded="994" inserted="594" running="541" waiting="0" ended="53" meanWaitingTime="0.18" meanTravelTime="210.88" duration="1"/>
    <step time="396.60" loaded="995" inserted="594" running="541" waiting="0" ended="53" meanWaitingTime="0.18" meanTravelTime="210.88" duration="0"/>
    <step time="396.70" loaded="995" inserted="594" running="541" waiting="0" ended="53" meanWaitingTime="0.18" meanTravelTime="210.88" duration="1"/>
    <step time="396.80" loaded="995" inserted="594" running="541" waiting="0" ended="53" meanWaitingTime="0.18" meanTravelTime="210.88" duration="1"/>
    <step time="396.90" loaded="995" inserted="594" running="541" waiting="0" ended="53" meanWaitingTime="0.18" meanTravelTime="210.88" duration="0"/>
    <step time="397.00" loaded="995" inserted="595" running="542" waiting="0" ended="53" meanWaitingTime="0.18" meanTravelTime="210.88" duration="1"/>
    <step time="397.10" loaded="996" inserted="595" running="542" waiting="0" ended="53" meanWaitingTime="0.18" meanTravelTime="210.88" duration="0"/>
    <step time="397.20" loaded="996" inserted="595" running="542" waiting="0" ended="53" meanWaitingTime="0.18" meanTravelTime="210.88" duration="1"/>
    <step time="397.30" loaded="996" inserted="595" running="542" waiting="0" ended="53" meanWaitingTime="0.18" meanTravelTime="210.88" duration="1"/>
    <step time="397.40" loaded="996" inserted="595" running="542" waiting="0" ended="53" meanWaitingTime="0.18" meanTravelTime="210.88" duration="0"/>
    <step time="397.50" loaded="996" inserted="596" running="543" waiting="0" ended="53" meanWaitingTime="0.18" meanTravelTime="210.88" duration="1"/>
    <step time="397.60" loaded="997" inserted="596" running="543" waiting="0" ended="53" meanWaitingTime="0.18" meanTravelTime="210.88" duration="0"/>
    <step time="397.70" loaded="997" inserted="596" running="543" waiting="0" ended="53" meanWaitingTime="0.18" meanTravelTime="210.88" duration="1"/>
    <step time="397.80" loaded="997" inserted="596" running="543" waiting="0" ended="53" meanWaitingTime="0.18" meanTravelTime="210.88" duration="1"/>
    <step time="397.90" loaded="997" inserted="596" running="543" waiting="0" ended="53" meanWaitingTime="0.18" meanTravelTime="210.88" duration="0"/>
    <step time="398.00" loaded="997" inserted="597" running="544" waiting="0" ended="53" meanWaitingTime="0.18" meanTravelTime="210.88" duration="1"/>
    <step time="398.10" loaded="998" inserted="597" running="544" waiting="0" ended="53" meanWaitingTime="0.18" meanTravelTime="210.88" duration="0"/>
    <step time="398.20" loaded="998" inserted="597" running="544" waiting="0" ended="53" meanWaitingTime="0.18" meanTravelTime="210.88" duration="1"/>
    <step time="398.30" loaded="998" inserted="597" running="544" waiting="0" ended="53" meanWaitingTime="0.18" meanTravelTime="210.88" duration="1"/>
    <step time="398.40" loaded="998" inserted="597" running="544" waiting="0" ended="53" meanWaitingTime="0.18" meanTravelTime="210.88" duration="1"/>
    <step time="398.50" loaded="998" inserted="598" running="545" waiting="0" ended="53" meanWaitingTime="0.18" meanTravelTime="210.88" duration="1"/>
    <step time="398.60" loaded="999" inserted="598" running="545" waiting="0" ended="53" meanWaitingTime="0.18" meanTravelTime="210.88" duration="1"/>
    <step time="398.70" loaded="999" inserted="598" running="545" waiting="0" ended="53" meanWaitingTime="0.18" meanTravelTime="210.88" duration="0"/>
    <step time="398.80" loaded="999" inserted="598" running="545" waiting="0" ended="53" meanWaitingTime="0.18" meanTravelTime="210.88" duration="1"/>
    <step time="398.90" loaded="999" inserted="598" running="545" waiting="0" ended="53" meanWaitingTime="0.18" meanTravelTime="210.88" duration="1"/>
    <step time="399.00" loaded="999" inserted="599" running="546" waiting="0" ended="53" meanWaitingTime="0.18" meanTravelTime="210.88" duration="1"/>
    <step time="399.10" loaded="1000" inserted="599" running="546" waiting="0" ended="53" meanWaitingTime="0.18" meanTravelTime="210.88" duration="0"/>
    <step time="399.20" loaded="1000" inserted="599" running="546" waiting="0" ended="53" meanWaitingTime="0.18" meanTravelTime="210.88" duration="1"/>
    <step time="399.30" loaded="1000" inserted="599" running="546" waiting="0" ended="53" meanWaitingTime="0.18" meanTravelTime="210.88" duration="1"/>
    <step time="399.40" loaded="1000" inserted="599" running="546" waiting="0" ended="53" meanWaitingTime="0.18" meanTravelTime="210.88" duration="0"/>
    <step time="399.50" loaded="1000" inserted="600" running="547" waiting="0" ended="53" meanWaitingTime="0.18" meanTravelTime="210.88" duration="1"/>
    <step time="399.60" loaded="1001" inserted="600" running="547" waiting="0" ended="53" meanWaitingTime="0.18" meanTravelTime="210.88" duration="0"/>
    <step time="399.70" loaded="1001" inserted="600" running="547" waiting="0" ended="53" meanWaitingTime="0.18" meanTravelTime="210.88" duration="1"/>
    <step time="399.80" loaded="1001" inserted="600" running="547" waiting="0" ended="53" meanWaitingTime="0.18" meanTravelTime="210.88" duration="1"/>
    <step time="399.90" loaded="1001" inserted="600" running="547" waiting="0" ended="53" meanWaitingTime="0.18" meanTravelTime="210.88" duration="0"/>
    <step time="400.00" loaded="1001" inserted="601" running="548" waiting="0" ended="53" meanWaitingTime="0.18" meanTravelTime="210.88" duration="1"/>
    <step time="400.10" loaded="1002" inserted="601" running="548" waiting="0" ended="53" meanWaitingTime="0.18" meanTravelTime="210.88" duration="1"/>
    <step time="400.20" loaded="1002" inserted="601" running="548" waiting="0" ended="53" meanWaitingTime="0.18" meanTravelTime="210.88" duration="1"/>
    <step time="400.30" loaded="1002" inserted="601" running="548" waiting="0" ended="53" meanWaitingTime="0.18" meanTravelTime="210.88" duration="1"/>
    <step time="400.40" loaded="1002" inserted="601" running="548" waiting="0" ended="53" meanWaitingTime="0.18" meanTravelTime="210.88" duration="0"/>
    <step time="400.50" loaded="1002" inserted="602" running="549" waiting="0" ended="53" meanWaitingTime="0.18" meanTravelTime="210.88" duration="1"/>
    <step time="400.60" loaded="1003" inserted="602" running="549" waiting="0" ended="53" meanWaitingTime="0.18" meanTravelTime="210.88" duration="1"/>
    <step time="400.70" loaded="1003" inserted="602" running="549" waiting="0" ended="53" meanWaitingTime="0.18" meanTravelTime="210.88" duration="0"/>
    <step time="400.80" loaded="1003" inserted="602" running="549" waiting="0" ended="53" meanWaitingTime="0.18" meanTravelTime="210.88" duration="1"/>
    <step time="400.90" loaded="1003" inserted="602" running="549" waiting="0" ended="53" meanWaitingTime="0.18" meanTravelTime="210.88" duration="1"/>
    <step time="401.00" loaded="1003" inserted="603" running="550" waiting="0" ended="53" meanWaitingTime="0.18" meanTravelTime="210.88" duration="0"/>
    <step time="401.10" loaded="1004" inserted="603" running="550" waiting="0" ended="53" meanWaitingTime="0.18" meanTravelTime="210.88" duration="1"/>
    <step time="401.20" loaded="1004" inserted="603" running="550" waiting="0" ended="53" meanWaitingTime="0.18" meanTravelTime="210.88" duration="0"/>
    <step time="401.30" loaded="1004" inserted="603" running="550" waiting="0" ended="53" meanWaitingTime="0.18" meanTravelTime="210.88" duration="1"/>
    <step time="401.40" loaded="1004" inserted="603" running="550" waiting="0" ended="53" meanWaitingTime="0.18" meanTravelTime="210.88" duration="0"/>
    <step time="401.50" loaded="1004" inserted="604" running="551" waiting="0" ended="53" meanWaitingTime="0.18" meanTravelTime="210.88" duration="1"/>
    <step time="401.60" loaded="1005" inserted="604" running="551" waiting="0" ended="53" meanWaitingTime="0.18" meanTravelTime="210.88" duration="1"/>
    <step time="401.70" loaded="1005" inserted="604" running="551" waiting="0" ended="53" meanWaitingTime="0.18" meanTravelTime="210.88" duration="0"/>
    <step time="401.80" loaded="1005" inserted="604" running="551" waiting="0" ended="53" meanWaitingTime="0.18" meanTravelTime="210.88" duration="1"/>
    <step time="401.90" loaded="1005" inserted="604" running="551" waiting="0" ended="53" meanWaitingTime="0.18" meanTravelTime="210.88" duration="0"/>
    <step time="402.00" loaded="1005" inserted="605" running="552" waiting="0" ended="53" meanWaitingTime="0.18" meanTravelTime="210.88" duration="1"/>
    <step time="402.10" loaded="1006" inserted="605" running="552" waiting="0" ended="53" meanWaitingTime="0.18" meanTravelTime="210.88" duration="0"/>
    <step time="402.20" loaded="1006" inserted="605" running="552" waiting="0" ended="53" meanWaitingTime="0.18" meanTravelTime="210.88" duration="1"/>
    <step time="402.30" loaded="1006" inserted="605" running="552" waiting="0" ended="53" meanWaitingTime="0.18" meanTravelTime="210.88" duration="1"/>
    <step time="402.40" loaded="1006" inserted="605" running="552" waiting="0" ended="53" meanWaitingTime="0.18" meanTravelTime="210.88" duration="0"/>
    <step time="402.50" loaded="1006" inserted="606" running="553" waiting="0" ended="53" meanWaitingTime="0.18" meanTravelTime="210.88" duration="1"/>
    <step time="402.60" loaded="1007" inserted="606" running="553" waiting="0" ended="53" meanWaitingTime="0.18" meanTravelTime="210.88" duration="0"/>
    <step time="402.70" loaded="1007" inserted="606" running="553" waiting="0" ended="53" meanWaitingTime="0.18" meanTravelTime="210.88" duration="1"/>
    <step time="402.80" loaded="1007" inserted="606" running="553" waiting="0" ended="53" meanWaitingTime="0.18" meanTravelTime="210.88" duration="1"/>
    <step time="402.90" loaded="1007" inserted="606" running="553" waiting="0" ended="53" meanWaitingTime="0.18" meanTravelTime="210.88" duration="0"/>
    <step time="403.00" loaded="1007" inserted="607" running="554" waiting="0" ended="53" meanWaitingTime="0.18" meanTravelTime="210.88" duration="1"/>
    <step time="403.10" loaded="1008" inserted="607" running="554" waiting="0" ended="53" meanWaitingTime="0.18" meanTravelTime="210.88" duration="0"/>
    <step time="403.20" loaded="1008" inserted="607" running="554" waiting="0" ended="53" meanWaitingTime="0.18" meanTravelTime="210.88" duration="1"/>
    <step time="403.30" loaded="1008" inserted="607" running="554" waiting="0" ended="53" meanWaitingTime="0.18" meanTravelTime="210.88" duration="1"/>
    <step time="403.40" loaded="1008" inserted="607" running="554" waiting="0" ended="53" meanWaitingTime="0.18" meanTravelTime="210.88" duration="1"/>
    <step time="403.50" loaded="1008" inserted="608" running="555" waiting="0" ended="53" meanWaitingTime="0.18" meanTravelTime="210.88" duration="0"/>
    <step time="403.60" loaded="1009" inserted="608" running="555" waiting="0" ended="53" meanWaitingTime="0.18" meanTravelTime="210.88" duration="1"/>
    <step time="403.70" loaded="1009" inserted="608" running="555" waiting="0" ended="53" meanWaitingTime="0.18" meanTravelTime="210.88" duration="0"/>
    <step time="403.80" loaded="1009" inserted="608" running="555" waiting="0" ended="53" meanWaitingTime="0.18" meanTravelTime="210.88" duration="1"/>
    <step time="403.90" loaded="1009" inserted="608" running="555" waiting="0" ended="53" meanWaitingTime="0.18" meanTravelTime="210.88" duration="1"/>
    <step time="404.00" loaded="1009" inserted="609" running="556" waiting="0" ended="53" meanWaitingTime="0.18" meanTravelTime="210.88" duration="0"/>
    <step time="404.10" loaded="1010" inserted="609" running="556" waiting="0" ended="53" meanWaitingTime="0.18" meanTravelTime="210.88" duration="1"/>
    <step time="404.20" loaded="1010" inserted="609" running="556" waiting="0" ended="53" meanWaitingTime="0.18" meanTravelTime="210.88" duration="0"/>
    <step time="404.30" loaded="1010" inserted="609" running="556" waiting="0" ended="53" meanWaitingTime="0.18" meanTravelTime="210.88" duration="1"/>
    <step time="404.40" loaded="1010" inserted="609" running="556" waiting="0" ended="53" meanWaitingTime="0.18" meanTravelTime="210.88" duration="1"/>
    <step time="404.50" loaded="1010" inserted="609" running="556" waiting="1" ended="53" meanWaitingTime="0.18" meanTravelTime="210.88" duration="0"/>
    <step time="404.60" loaded="1011" inserted="609" running="556" waiting="1" ended="53" meanWaitingTime="0.18" meanTravelTime="210.88" duration="1"/>
    <step time="404.70" loaded="1011" inserted="609" running="556" waiting="1" ended="53" meanWaitingTime="0.18" meanTravelTime="210.88" duration="0"/>
    <step time="404.80" loaded="1011" inserted="610" running="557" waiting="0" ended="53" meanWaitingTime="0.18" meanTravelTime="210.88" duration="1"/>
    <step time="404.90" loaded="1011" inserted="610" running="557" waiting="0" ended="53" meanWaitingTime="0.18" meanTravelTime="210.88" duration="1"/>
    <step time="405.00" loaded="1011" inserted="611" running="558" waiting="0" ended="53" meanWaitingTime="0.18" meanTravelTime="210.88" duration="0"/>
    <step time="405.10" loaded="1012" inserted="611" running="558" waiting="0" ended="53" meanWaitingTime="0.18" meanTravelTime="210.88" duration="2"/>
    <step time="405.20" loaded="1012" inserted="611" running="558" waiting="0" ended="53" meanWaitingTime="0.18" meanTravelTime="210.88" duration="2"/>
    <step time="405.30" loaded="1012" inserted="611" running="558" waiting="0" ended="53" meanWaitingTime="0.18" meanTravelTime="210.88" duration="2"/>
    <step time="405.40" loaded="1012" inserted="611" running="558" waiting="0" ended="53" meanWaitingTime="0.18" meanTravelTime="210.88" duration="1"/>
    <step time="405.50" loaded="1012" inserted="612" running="559" waiting="0" ended="53" meanWaitingTime="0.18" meanTravelTime="210.88" duration="2"/>
    <step time="405.60" loaded="1013" inserted="612" running="559" waiting="0" ended="53" meanWaitingTime="0.18" meanTravelTime="210.88" duration="2"/>
    <step time="405.70" loaded="1013" inserted="612" running="559" waiting="0" ended="53" meanWaitingTime="0.18" meanTravelTime="210.88" duration="1"/>
    <step time="405.80" loaded="1013" inserted="612" running="559" waiting="0" ended="53" meanWaitingTime="0.18" meanTravelTime="210.88" duration="1"/>
    <step time="405.90" loaded="1013" inserted="612" running="559" waiting="0" ended="53" meanWaitingTime="0.18" meanTravelTime="210.88" duration="2"/>
    <step time="406.00" loaded="1013" inserted="613" running="560" waiting="0" ended="53" meanWaitingTime="0.18" meanTravelTime="210.88" duration="1"/>
    <step time="406.10" loaded="1014" inserted="613" running="560" waiting="0" ended="53" meanWaitingTime="0.18" meanTravelTime="210.88" duration="1"/>
    <step time="406.20" loaded="1014" inserted="613" running="560" waiting="0" ended="53" meanWaitingTime="0.18" meanTravelTime="210.88" duration="1"/>
    <step time="406.30" loaded="1014" inserted="613" running="560" waiting="0" ended="53" meanWaitingTime="0.18" meanTravelTime="210.88" duration="2"/>
    <step time="406.40" loaded="1014" inserted="613" running="560" waiting="0" ended="53" meanWaitingTime="0.18" meanTravelTime="210.88" duration="1"/>
    <step time="406.50" loaded="1014" inserted="614" running="561" waiting="0" ended="53" meanWaitingTime="0.18" meanTravelTime="210.88" duration="2"/>
    <step time="406.60" loaded="1015" inserted="614" running="561" waiting="0" ended="53" meanWaitingTime="0.18" meanTravelTime="210.88" duration="1"/>
    <step time="406.70" loaded="1015" inserted="614" running="561" waiting="0" ended="53" meanWaitingTime="0.18" meanTravelTime="210.88" duration="1"/>
    <step time="406.80" loaded="1015" inserted="614" running="561" waiting="0" ended="53" meanWaitingTime="0.18" meanTravelTime="210.88" duration="2"/>
    <step time="406.90" loaded="1015" inserted="614" running="561" waiting="0" ended="53" meanWaitingTime="0.18" meanTravelTime="210.88" duration="1"/>
    <step time="407.00" loaded="1015" inserted="615" running="562" waiting="0" ended="53" meanWaitingTime="0.18" meanTravelTime="210.88" duration="1"/>
    <step time="407.10" loaded="1016" inserted="615" running="562" waiting="0" ended="53" meanWaitingTime="0.18" meanTravelTime="210.88" duration="2"/>
    <step time="407.20" loaded="1016" inserted="615" running="562" waiting="0" ended="53" meanWaitingTime="0.18" meanTravelTime="210.88" duration="1"/>
    <step time="407.30" loaded="1016" inserted="615" running="562" waiting="0" ended="53" meanWaitingTime="0.18" meanTravelTime="210.88" duration="1"/>
    <step time="407.40" loaded="1016" inserted="615" running="562" waiting="0" ended="53" meanWaitingTime="0.18" meanTravelTime="210.88" duration="2"/>
    <step time="407.50" loaded="1016" inserted="616" running="563" waiting="0" ended="53" meanWaitingTime="0.18" meanTravelTime="210.88" duration="1"/>
    <step time="407.60" loaded="1017" inserted="616" running="563" waiting="0" ended="53" meanWaitingTime="0.18" meanTravelTime="210.88" duration="1"/>
    <step time="407.70" loaded="1017" inserted="616" running="563" waiting="0" ended="53" meanWaitingTime="0.18" meanTravelTime="210.88" duration="2"/>
    <step time="407.80" loaded="1017" inserted="616" running="559" waiting="0" ended="57" meanWaitingTime="0.18" meanTravelTime="213.21" duration="1"/>
    <step time="407.90" loaded="1017" inserted="616" running="559" waiting="0" ended="57" meanWaitingTime="0.18" meanTravelTime="213.21" duration="2"/>
    <step time="408.00" loaded="1017" inserted="617" running="560" waiting="0" ended="57" meanWaitingTime="0.18" meanTravelTime="213.21" duration="2"/>
    <step time="408.10" loaded="1018" inserted="617" running="560" waiting="0" ended="57" meanWaitingTime="0.18" meanTravelTime="213.21" duration="1"/>
    <step time="408.20" loaded="1018" inserted="617" running="560" waiting="0" ended="57" meanWaitingTime="0.18" meanTravelTime="213.21" duration="1"/>
    <step time="408.30" loaded="1018" inserted="617" running="560" waiting="0" ended="57" meanWaitingTime="0.18" meanTravelTime="213.21" duration="2"/>
    <step time="408.40" loaded="1018" inserted="617" running="560" waiting="0" ended="57" meanWaitingTime="0.18" meanTravelTime="213.21" duration="1"/>
    <step time="408.50" loaded="1018" inserted="617" running="560" waiting="1" ended="57" meanWaitingTime="0.18" meanTravelTime="213.21" duration="1"/>
    <step time="408.60" loaded="1019" inserted="617" running="560" waiting="1" ended="57" meanWaitingTime="0.18" meanTravelTime="213.21" duration="1"/>
    <step time="408.70" loaded="1019" inserted="617" running="560" waiting="1" ended="57" meanWaitingTime="0.18" meanTravelTime="213.21" duration="2"/>
    <step time="408.80" loaded="1019" inserted="617" running="560" waiting="1" ended="57" meanWaitingTime="0.18" meanTravelTime="213.21" duration="1"/>
    <step time="408.90" loaded="1019" inserted="617" running="560" waiting="1" ended="57" meanWaitingTime="0.18" meanTravelTime="213.21" duration="2"/>
    <step time="409.00" loaded="1019" inserted="619" running="562" waiting="0" ended="57" meanWaitingTime="0.18" meanTravelTime="213.21" duration="1"/>
    <step time="409.10" loaded="1020" inserted="619" running="560" waiting="0" ended="59" meanWaitingTime="0.18" meanTravelTime="215.61" duration="2"/>
    <step time="409.20" loaded="1020" inserted="619" running="560" waiting="0" ended="59" meanWaitingTime="0.18" meanTravelTime="215.61" duration="1"/>
    <step time="409.30" loaded="1020" inserted="619" running="560" waiting="0" ended="59" meanWaitingTime="0.18" meanTravelTime="215.61" duration="1"/>
    <step time="409.40" loaded="1020" inserted="619" running="560" waiting="0" ended="59" meanWaitingTime="0.18" meanTravelTime="215.61" duration="2"/>
    <step time="409.50" loaded="1020" inserted="619" running="560" waiting="1" ended="59" meanWaitingTime="0.18" meanTravelTime="215.61" duration="1"/>
    <step time="409.60" loaded="1021" inserted="620" running="561" waiting="0" ended="59" meanWaitingTime="0.18" meanTravelTime="215.61" duration="1"/>
    <step time="409.70" loaded="1021" inserted="620" running="561" waiting="0" ended="59" meanWaitingTime="0.18" meanTravelTime="215.61" duration="1"/>
    <step time="409.80" loaded="1021" inserted="620" running="561" waiting="0" ended="59" meanWaitingTime="0.18" meanTravelTime="215.61" duration="1"/>
    <step time="409.90" loaded="1021" inserted="620" running="561" waiting="0" ended="59" meanWaitingTime="0.18" meanTravelTime="215.61" duration="2"/>
    <step time="410.00" loaded="1021" inserted="620" running="561" waiting="1" ended="59" meanWaitingTime="0.18" meanTravelTime="215.61" duration="1"/>
    <step time="410.10" loaded="1022" inserted="620" running="561" waiting="1" ended="59" meanWaitingTime="0.18" meanTravelTime="215.61" duration="1"/>
    <step time="410.20" loaded="1022" inserted="620" running="560" waiting="1" ended="60" meanWaitingTime="0.18" meanTravelTime="217.16" duration="2"/>
    <step time="410.30" loaded="1022" inserted="620" running="560" waiting="1" ended="60" meanWaitingTime="0.18" meanTravelTime="217.16" duration="1"/>
    <step time="410.40" loaded="1022" inserted="620" running="560" waiting="1" ended="60" meanWaitingTime="0.18" meanTravelTime="217.16" duration="2"/>
    <step time="410.50" loaded="1022" inserted="621" running="561" waiting="1" ended="60" meanWaitingTime="0.18" meanTravelTime="217.16" duration="1"/>
    <step time="410.60" loaded="1023" inserted="621" running="561" waiting="1" ended="60" meanWaitingTime="0.18" meanTravelTime="217.16" duration="1"/>
    <step time="410.70" loaded="1023" inserted="621" running="561" waiting="1" ended="60" meanWaitingTime="0.18" meanTravelTime="217.16" duration="1"/>
    <step time="410.80" loaded="1023" inserted="621" running="561" waiting="1" ended="60" meanWaitingTime="0.18" meanTravelTime="217.16" duration="1"/>
    <step time="410.90" loaded="1023" inserted="621" running="561" waiting="1" ended="60" meanWaitingTime="0.18" meanTravelTime="217.16" duration="1"/>
    <step time="411.00" loaded="1023" inserted="623" running="563" waiting="0" ended="60" meanWaitingTime="0.18" meanTravelTime="217.16" duration="1"/>
    <step time="411.10" loaded="1024" inserted="623" running="563" waiting="0" ended="60" meanWaitingTime="0.18" meanTravelTime="217.16" duration="2"/>
    <step time="411.20" loaded="1024" inserted="623" running="563" waiting="0" ended="60" meanWaitingTime="0.18" meanTravelTime="217.16" duration="1"/>
    <step time="411.30" loaded="1024" inserted="623" running="563" waiting="0" ended="60" meanWaitingTime="0.18" meanTravelTime="217.16" duration="1"/>
    <step time="411.40" loaded="1024" inserted="623" running="563" waiting="0" ended="60" meanWaitingTime="0.18" meanTravelTime="217.16" duration="1"/>
    <step time="411.50" loaded="1024" inserted="624" running="564" waiting="0" ended="60" meanWaitingTime="0.18" meanTravelTime="217.16" duration="2"/>
    <step time="411.60" loaded="1025" inserted="624" running="564" waiting="0" ended="60" meanWaitingTime="0.18" meanTravelTime="217.16" duration="1"/>
    <step time="411.70" loaded="1025" inserted="624" running="564" waiting="0" ended="60" meanWaitingTime="0.18" meanTravelTime="217.16" duration="1"/>
    <step time="411.80" loaded="1025" inserted="624" running="564" waiting="0" ended="60" meanWaitingTime="0.18" meanTravelTime="217.16" duration="2"/>
    <step time="411.90" loaded="1025" inserted="624" running="564" waiting="0" ended="60" meanWaitingTime="0.18" meanTravelTime="217.16" duration="1"/>
    <step time="412.00" loaded="1025" inserted="625" running="565" waiting="0" ended="60" meanWaitingTime="0.18" meanTravelTime="217.16" duration="1"/>
    <step time="412.10" loaded="1026" inserted="625" running="565" waiting="0" ended="60" meanWaitingTime="0.18" meanTravelTime="217.16" duration="1"/>
    <step time="412.20" loaded="1026" inserted="625" running="565" waiting="0" ended="60" meanWaitingTime="0.18" meanTravelTime="217.16" duration="2"/>
    <step time="412.30" loaded="1026" inserted="625" running="565" waiting="0" ended="60" meanWaitingTime="0.18" meanTravelTime="217.16" duration="2"/>
    <step time="412.40" loaded="1026" inserted="625" running="565" waiting="0" ended="60" meanWaitingTime="0.18" meanTravelTime="217.16" duration="1"/>
    <step time="412.50" loaded="1026" inserted="626" running="566" waiting="0" ended="60" meanWaitingTime="0.18" meanTravelTime="217.16" duration="2"/>
    <step time="412.60" loaded="1027" inserted="626" running="566" waiting="0" ended="60" meanWaitingTime="0.18" meanTravelTime="217.16" duration="1"/>
    <step time="412.70" loaded="1027" inserted="626" running="566" waiting="0" ended="60" meanWaitingTime="0.18" meanTravelTime="217.16" duration="1"/>
    <step time="412.80" loaded="1027" inserted="626" running="566" waiting="0" ended="60" meanWaitingTime="0.18" meanTravelTime="217.16" duration="2"/>
    <step time="412.90" loaded="1027" inserted="626" running="566" waiting="0" ended="60" meanWaitingTime="0.18" meanTravelTime="217.16" duration="2"/>
    <step time="413.00" loaded="1027" inserted="627" running="567" waiting="0" ended="60" meanWaitingTime="0.18" meanTravelTime="217.16" duration="1"/>
    <step time="413.10" loaded="1028" inserted="627" running="567" waiting="0" ended="60" meanWaitingTime="0.18" meanTravelTime="217.16" duration="1"/>
    <step time="413.20" loaded="1028" inserted="627" running="567" waiting="0" ended="60" meanWaitingTime="0.18" meanTravelTime="217.16" duration="2"/>
    <step time="413.30" loaded="1028" inserted="627" running="567" waiting="0" ended="60" meanWaitingTime="0.18" meanTravelTime="217.16" duration="1"/>
    <step time="413.40" loaded="1028" inserted="627" running="567" waiting="0" ended="60" meanWaitingTime="0.18" meanTravelTime="217.16" duration="1"/>
    <step time="413.50" loaded="1028" inserted="628" running="568" waiting="0" ended="60" meanWaitingTime="0.18" meanTravelTime="217.16" duration="1"/>
    <step time="413.60" loaded="1029" inserted="628" running="568" waiting="0" ended="60" meanWaitingTime="0.18" meanTravelTime="217.16" duration="1"/>
    <step time="413.70" loaded="1029" inserted="628" running="568" waiting="0" ended="60" meanWaitingTime="0.18" meanTravelTime="217.16" duration="1"/>
    <step time="413.80" loaded="1029" inserted="628" running="568" waiting="0" ended="60" meanWaitingTime="0.18" meanTravelTime="217.16" duration="2"/>
    <step time="413.90" loaded="1029" inserted="628" running="568" waiting="0" ended="60" meanWaitingTime="0.18" meanTravelTime="217.16" duration="1"/>
    <step time="414.00" loaded="1029" inserted="629" running="569" waiting="0" ended="60" meanWaitingTime="0.18" meanTravelTime="217.16" duration="1"/>
    <step time="414.10" loaded="1030" inserted="629" running="569" waiting="0" ended="60" meanWaitingTime="0.18" meanTravelTime="217.16" duration="2"/>
    <step time="414.20" loaded="1030" inserted="629" running="569" waiting="0" ended="60" meanWaitingTime="0.18" meanTravelTime="217.16" duration="1"/>
    <step time="414.30" loaded="1030" inserted="629" running="569" waiting="0" ended="60" meanWaitingTime="0.18" meanTravelTime="217.16" duration="1"/>
    <step time="414.40" loaded="1030" inserted="629" running="569" waiting="0" ended="60" meanWaitingTime="0.18" meanTravelTime="217.16" duration="1"/>
    <step time="414.50" loaded="1030" inserted="630" running="570" waiting="0" ended="60" meanWaitingTime="0.18" meanTravelTime="217.16" duration="1"/>
    <step time="414.60" loaded="1031" inserted="630" running="568" waiting="0" ended="62" meanWaitingTime="0.18" meanTravelTime="219.15" duration="1"/>
    <step time="414.70" loaded="1031" inserted="630" running="568" waiting="0" ended="62" meanWaitingTime="0.18" meanTravelTime="219.15" duration="2"/>
    <step time="414.80" loaded="1031" inserted="630" running="568" waiting="0" ended="62" meanWaitingTime="0.18" meanTravelTime="219.15" duration="2"/>
    <step time="414.90" loaded="1031" inserted="630" running="567" waiting="0" ended="63" meanWaitingTime="0.18" meanTravelTime="220.03" duration="1"/>
    <step time="415.00" loaded="1031" inserted="631" running="565" waiting="0" ended="66" meanWaitingTime="0.18" meanTravelTime="221.56" duration="1"/>
    <step time="415.10" loaded="1032" inserted="631" running="564" waiting="0" ended="67" meanWaitingTime="0.18" meanTravelTime="221.18" duration="2"/>
    <step time="415.20" loaded="1032" inserted="631" running="564" waiting="0" ended="67" meanWaitingTime="0.18" meanTravelTime="221.18" duration="1"/>
    <step time="415.30" loaded="1032" inserted="631" running="561" waiting="0" ended="70" meanWaitingTime="0.18" meanTravelTime="222.27" duration="2"/>
    <step time="415.40" loaded="1032" inserted="631" running="561" waiting="0" ended="70" meanWaitingTime="0.18" meanTravelTime="222.27" duration="1"/>
    <step time="415.50" loaded="1032" inserted="631" running="559" waiting="1" ended="72" meanWaitingTime="0.18" meanTravelTime="223.18" duration="1"/>
    <step time="415.60" loaded="1033" inserted="631" running="559" waiting="1" ended="72" meanWaitingTime="0.18" meanTravelTime="223.18" duration="2"/>
    <step time="415.70" loaded="1033" inserted="631" running="559" waiting="1" ended="72" meanWaitingTime="0.18" meanTravelTime="223.18" duration="2"/>
    <step time="415.80" loaded="1033" inserted="631" running="558" waiting="1" ended="73" meanWaitingTime="0.18" meanTravelTime="224.01" duration="1"/>
    <step time="415.90" loaded="1033" inserted="631" running="558" waiting="1" ended="73" meanWaitingTime="0.18" meanTravelTime="224.01" duration="2"/>
    <step time="416.00" loaded="1033" inserted="632" running="559" waiting="1" ended="73" meanWaitingTime="0.18" meanTravelTime="224.01" duration="2"/>
    <step time="416.10" loaded="1034" inserted="632" running="558" waiting="1" ended="74" meanWaitingTime="0.18" meanTravelTime="224.62" duration="1"/>
    <step time="416.20" loaded="1034" inserted="632" running="558" waiting="1" ended="74" meanWaitingTime="0.18" meanTravelTime="224.62" duration="2"/>
    <step time="416.30" loaded="1034" inserted="632" running="558" waiting="1" ended="74" meanWaitingTime="0.18" meanTravelTime="224.62" duration="2"/>
    <step time="416.40" loaded="1034" inserted="632" running="557" waiting="1" ended="75" meanWaitingTime="0.18" meanTravelTime="224.75" duration="1"/>
    <step time="416.50" loaded="1034" inserted="632" running="557" waiting="2" ended="75" meanWaitingTime="0.18" meanTravelTime="224.75" duration="1"/>
    <step time="416.60" loaded="1035" inserted="632" running="556" waiting="2" ended="76" meanWaitingTime="0.18" meanTravelTime="225.21" duration="2"/>
    <step time="416.70" loaded="1035" inserted="632" running="556" waiting="2" ended="76" meanWaitingTime="0.18" meanTravelTime="225.21" duration="1"/>
    <step time="416.80" loaded="1035" inserted="632" running="556" waiting="2" ended="76" meanWaitingTime="0.18" meanTravelTime="225.21" duration="1"/>
    <step time="416.90" loaded="1035" inserted="632" running="556" waiting="2" ended="76" meanWaitingTime="0.18" meanTravelTime="225.21" duration="2"/>
    <step time="417.00" loaded="1035" inserted="633" running="557" waiting="2" ended="76" meanWaitingTime="0.18" meanTravelTime="225.21" duration="1"/>
    <step time="417.10" loaded="1036" inserted="633" running="556" waiting="2" ended="77" meanWaitingTime="0.18" meanTravelTime="226.08" duration="1"/>
    <step time="417.20" loaded="1036" inserted="633" running="556" waiting="2" ended="77" meanWaitingTime="0.18" meanTravelTime="226.08" duration="1"/>
    <step time="417.30" loaded="1036" inserted="634" running="556" waiting="1" ended="78" meanWaitingTime="0.18" meanTravelTime="226.48" duration="1"/>
    <step time="417.40" loaded="1036" inserted="634" running="556" waiting="1" ended="78" meanWaitingTime="0.18" meanTravelTime="226.48" duration="1"/>
    <step time="417.50" loaded="1036" inserted="635" running="557" waiting="1" ended="78" meanWaitingTime="0.18" meanTravelTime="226.48" duration="1"/>
    <step time="417.60" loaded="1037" inserted="635" running="557" waiting="1" ended="78" meanWaitingTime="0.18" meanTravelTime="226.48" duration="2"/>
    <step time="417.70" loaded="1037" inserted="635" running="555" waiting="1" ended="80" meanWaitingTime="0.18" meanTravelTime="226.00" duration="1"/>
    <step time="417.80" loaded="1037" inserted="635" running="555" waiting="1" ended="80" meanWaitingTime="0.18" meanTravelTime="226.00" duration="1"/>
    <step time="417.90" loaded="1037" inserted="635" running="555" waiting="1" ended="80" meanWaitingTime="0.18" meanTravelTime="226.00" duration="1"/>
    <step time="418.00" loaded="1037" inserted="636" running="556" waiting="1" ended="80" meanWaitingTime="0.18" meanTravelTime="226.00" duration="1"/>
    <step time="418.10" loaded="1038" inserted="636" running="556" waiting="1" ended="80" meanWaitingTime="0.18" meanTravelTime="226.00" duration="1"/>
    <step time="418.20" loaded="1038" inserted="636" running="555" waiting="1" ended="81" meanWaitingTime="0.18" meanTravelTime="225.98" duration="1"/>
    <step time="418.30" loaded="1038" inserted="636" running="555" waiting="1" ended="81" meanWaitingTime="0.18" meanTravelTime="225.98" duration="2"/>
    <step time="418.40" loaded="1038" inserted="636" running="555" waiting="1" ended="81" meanWaitingTime="0.18" meanTravelTime="225.98" duration="1"/>
    <step time="418.50" loaded="1038" inserted="637" running="555" waiting="1" ended="82" meanWaitingTime="0.18" meanTravelTime="226.45" duration="1"/>
    <step time="418.60" loaded="1039" inserted="637" running="555" waiting="1" ended="82" meanWaitingTime="0.18" meanTravelTime="226.45" duration="1"/>
    <step time="418.70" loaded="1039" inserted="637" running="555" waiting="1" ended="82" meanWaitingTime="0.18" meanTravelTime="226.45" duration="2"/>
    <step time="418.80" loaded="1039" inserted="637" running="555" waiting="1" ended="82" meanWaitingTime="0.18" meanTravelTime="226.45" duration="1"/>
    <step time="418.90" loaded="1039" inserted="638" running="556" waiting="0" ended="82" meanWaitingTime="0.18" meanTravelTime="226.45" duration="1"/>
    <step time="419.00" loaded="1039" inserted="639" running="556" waiting="0" ended="83" meanWaitingTime="0.18" meanTravelTime="227.15" duration="2"/>
    <step time="419.10" loaded="1040" inserted="639" running="556" waiting="0" ended="83" meanWaitingTime="0.18" meanTravelTime="227.15" duration="1"/>
    <step time="419.20" loaded="1040" inserted="639" running="556" waiting="0" ended="83" meanWaitingTime="0.18" meanTravelTime="227.15" duration="1"/>
    <step time="419.30" loaded="1040" inserted="639" running="554" waiting="0" ended="85" meanWaitingTime="0.18" meanTravelTime="226.48" duration="1"/>
    <step time="419.40" loaded="1040" inserted="639" running="554" waiting="0" ended="85" meanWaitingTime="0.18" meanTravelTime="226.48" duration="1"/>
    <step time="419.50" loaded="1040" inserted="640" running="555" waiting="0" ended="85" meanWaitingTime="0.18" meanTravelTime="226.48" duration="1"/>
    <step time="419.60" loaded="1041" inserted="640" running="555" waiting="0" ended="85" meanWaitingTime="0.18" meanTravelTime="226.48" duration="2"/>
    <step time="419.70" loaded="1041" inserted="640" running="555" waiting="0" ended="85" meanWaitingTime="0.18" meanTravelTime="226.48" duration="2"/>
    <step time="419.80" loaded="1041" inserted="640" running="555" waiting="0" ended="85" meanWaitingTime="0.18" meanTravelTime="226.48" duration="2"/>
    <step time="419.90" loaded="1041" inserted="640" running="555" waiting="0" ended="85" meanWaitingTime="0.18" meanTravelTime="226.48" duration="1"/>
    <step time="420.00" loaded="1041" inserted="641" running="556" waiting="0" ended="85" meanWaitingTime="0.18" meanTravelTime="226.48" duration="2"/>
    <step time="420.10" loaded="1042" inserted="641" running="556" waiting="0" ended="85" meanWaitingTime="0.18" meanTravelTime="226.48" duration="1"/>
    <step time="420.20" loaded="1042" inserted="641" running="556" waiting="0" ended="85" meanWaitingTime="0.18" meanTravelTime="226.48" duration="2"/>
    <step time="420.30" loaded="1042" inserted="641" running="556" waiting="0" ended="85" meanWaitingTime="0.18" meanTravelTime="226.48" duration="1"/>
    <step time="420.40" loaded="1042" inserted="641" running="556" waiting="0" ended="85" meanWaitingTime="0.18" meanTravelTime="226.48" duration="2"/>
    <step time="420.50" loaded="1042" inserted="642" running="557" waiting="0" ended="85" meanWaitingTime="0.18" meanTravelTime="226.48" duration="1"/>
    <step time="420.60" loaded="1043" inserted="642" running="557" waiting="0" ended="85" meanWaitingTime="0.18" meanTravelTime="226.48" duration="1"/>
    <step time="420.70" loaded="1043" inserted="642" running="557" waiting="0" ended="85" meanWaitingTime="0.18" meanTravelTime="226.48" duration="2"/>
    <step time="420.80" loaded="1043" inserted="642" running="557" waiting="0" ended="85" meanWaitingTime="0.18" meanTravelTime="226.48" duration="1"/>
    <step time="420.90" loaded="1043" inserted="642" running="557" waiting="0" ended="85" meanWaitingTime="0.18" meanTravelTime="226.48" duration="2"/>
    <step time="421.00" loaded="1043" inserted="642" running="557" waiting="1" ended="85" meanWaitingTime="0.18" meanTravelTime="226.48" duration="1"/>
    <step time="421.10" loaded="1044" inserted="642" running="557" waiting="1" ended="85" meanWaitingTime="0.18" meanTravelTime="226.48" duration="2"/>
    <step time="421.20" loaded="1044" inserted="642" running="557" waiting="1" ended="85" meanWaitingTime="0.18" meanTravelTime="226.48" duration="1"/>
    <step time="421.30" loaded="1044" inserted="642" running="557" waiting="1" ended="85" meanWaitingTime="0.18" meanTravelTime="226.48" duration="1"/>
    <step time="421.40" loaded="1044" inserted="642" running="557" waiting="1" ended="85" meanWaitingTime="0.18" meanTravelTime="226.48" duration="1"/>
    <step time="421.50" loaded="1044" inserted="643" running="558" waiting="1" ended="85" meanWaitingTime="0.18" meanTravelTime="226.48" duration="2"/>
    <step time="421.60" loaded="1045" inserted="643" running="558" waiting="1" ended="85" meanWaitingTime="0.18" meanTravelTime="226.48" duration="1"/>
    <step time="421.70" loaded="1045" inserted="643" running="558" waiting="1" ended="85" meanWaitingTime="0.18" meanTravelTime="226.48" duration="1"/>
    <step time="421.80" loaded="1045" inserted="643" running="558" waiting="1" ended="85" meanWaitingTime="0.18" meanTravelTime="226.48" duration="1"/>
    <step time="421.90" loaded="1045" inserted="643" running="558" waiting="1" ended="85" meanWaitingTime="0.18" meanTravelTime="226.48" duration="2"/>
    <step time="422.00" loaded="1045" inserted="643" running="558" waiting="2" ended="85" meanWaitingTime="0.18" meanTravelTime="226.48" duration="1"/>
    <step time="422.10" loaded="1046" inserted="643" running="553" waiting="2" ended="90" meanWaitingTime="0.18" meanTravelTime="227.41" duration="2"/>
    <step time="422.20" loaded="1046" inserted="643" running="552" waiting="2" ended="91" meanWaitingTime="0.18" meanTravelTime="228.42" duration="1"/>
    <step time="422.30" loaded="1046" inserted="643" running="552" waiting="2" ended="91" meanWaitingTime="0.18" meanTravelTime="228.42" duration="2"/>
    <step time="422.40" loaded="1046" inserted="643" running="552" waiting="2" ended="91" meanWaitingTime="0.18" meanTravelTime="228.42" duration="1"/>
    <step time="422.50" loaded="1046" inserted="643" running="550" waiting="3" ended="93" meanWaitingTime="0.18" meanTravelTime="229.45" duration="1"/>
    <step time="422.60" loaded="1047" inserted="643" running="550" waiting="3" ended="93" meanWaitingTime="0.18" meanTravelTime="229.45" duration="1"/>
    <step time="422.70" loaded="1047" inserted="643" running="550" waiting="3" ended="93" meanWaitingTime="0.18" meanTravelTime="229.45" duration="1"/>
    <step time="422.80" loaded="1047" inserted="644" running="551" waiting="2" ended="93" meanWaitingTime="0.18" meanTravelTime="229.45" duration="2"/>
    <step time="422.90" loaded="1047" inserted="644" running="551" waiting="2" ended="93" meanWaitingTime="0.18" meanTravelTime="229.45" duration="1"/>
    <step time="423.00" loaded="1047" inserted="645" running="550" waiting="2" ended="95" meanWaitingTime="0.18" meanTravelTime="230.18" duration="1"/>
    <step time="423.10" loaded="1048" inserted="645" running="550" waiting="2" ended="95" meanWaitingTime="0.18" meanTravelTime="230.18" duration="2"/>
    <step time="423.20" loaded="1048" inserted="645" running="550" waiting="2" ended="95" meanWaitingTime="0.18" meanTravelTime="230.18" duration="1"/>
    <step time="423.30" loaded="1048" inserted="645" running="550" waiting="2" ended="95" meanWaitingTime="0.18" meanTravelTime="230.18" duration="1"/>
    <step time="423.40" loaded="1048" inserted="645" running="550" waiting="2" ended="95" meanWaitingTime="0.18" meanTravelTime="230.18" duration="1"/>
    <step time="423.50" loaded="1048" inserted="646" running="550" waiting="2" ended="96" meanWaitingTime="0.18" meanTravelTime="230.58" duration="1"/>
    <step time="423.60" loaded="1049" inserted="646" running="550" waiting="2" ended="96" meanWaitingTime="0.18" meanTravelTime="230.58" duration="1"/>
    <step time="423.70" loaded="1049" inserted="646" running="550" waiting="2" ended="96" meanWaitingTime="0.18" meanTravelTime="230.58" duration="1"/>
    <step time="423.80" loaded="1049" inserted="646" running="550" waiting="2" ended="96" meanWaitingTime="0.18" meanTravelTime="230.58" duration="2"/>
    <step time="423.90" loaded="1049" inserted="646" running="550" waiting="2" ended="96" meanWaitingTime="0.18" meanTravelTime="230.58" duration="1"/>
    <step time="424.00" loaded="1049" inserted="646" running="550" waiting="3" ended="96" meanWaitingTime="0.18" meanTravelTime="230.58" duration="2"/>
    <step time="424.10" loaded="1050" inserted="646" running="549" waiting="3" ended="97" meanWaitingTime="0.18" meanTravelTime="231.42" duration="1"/>
    <step time="424.20" loaded="1050" inserted="646" running="548" waiting="3" ended="98" meanWaitingTime="0.18" meanTravelTime="231.86" duration="1"/>
    <step time="424.30" loaded="1050" inserted="646" running="548" waiting="3" ended="98" meanWaitingTime="0.18" meanTravelTime="231.86" duration="1"/>
    <step time="424.40" loaded="1050" inserted="646" running="548" waiting="3" ended="98" meanWaitingTime="0.18" meanTravelTime="231.86" duration="2"/>
    <step time="424.50" loaded="1050" inserted="647" running="549" waiting="3" ended="98" meanWaitingTime="0.18" meanTravelTime="231.86" duration="1"/>
    <step time="424.60" loaded="1051" inserted="647" running="549" waiting="3" ended="98" meanWaitingTime="0.18" meanTravelTime="231.86" duration="1"/>
    <step time="424.70" loaded="1051" inserted="647" running="549" waiting="3" ended="98" meanWaitingTime="0.18" meanTravelTime="231.86" duration="1"/>
    <step time="424.80" loaded="1051" inserted="647" running="547" waiting="3" ended="100" meanWaitingTime="0.18" meanTravelTime="231.88" duration="1"/>
    <step time="424.90" loaded="1051" inserted="647" running="547" waiting="3" ended="100" meanWaitingTime="0.18" meanTravelTime="231.88" duration="2"/>
    <step time="425.00" loaded="1051" inserted="648" running="548" waiting="3" ended="100" meanWaitingTime="0.18" meanTravelTime="231.88" duration="1"/>
    <step time="425.10" loaded="1052" inserted="648" running="548" waiting="3" ended="100" meanWaitingTime="0.18" meanTravelTime="231.88" duration="1"/>
    <step time="425.20" loaded="1052" inserted="648" running="548" waiting="3" ended="100" meanWaitingTime="0.18" meanTravelTime="231.88" duration="2"/>
    <step time="425.30" loaded="1052" inserted="648" running="547" waiting="3" ended="101" meanWaitingTime="0.18" meanTravelTime="232.59" duration="1"/>
    <step time="425.40" loaded="1052" inserted="649" running="548" waiting="2" ended="101" meanWaitingTime="0.19" meanTravelTime="232.59" duration="1"/>
    <step time="425.50" loaded="1052" inserted="649" running="548" waiting="3" ended="101" meanWaitingTime="0.19" meanTravelTime="232.59" duration="1"/>
    <step time="425.60" loaded="1053" inserted="650" running="549" waiting="2" ended="101" meanWaitingTime="0.19" meanTravelTime="232.59" duration="2"/>
    <step time="425.70" loaded="1053" inserted="650" running="549" waiting="2" ended="101" meanWaitingTime="0.19" meanTravelTime="232.59" duration="1"/>
    <step time="425.80" loaded="1053" inserted="650" running="549" waiting="2" ended="101" meanWaitingTime="0.19" meanTravelTime="232.59" duration="1"/>
    <step time="425.90" loaded="1053" inserted="650" running="549" waiting="2" ended="101" meanWaitingTime="0.19" meanTravelTime="232.59" duration="1"/>
    <step time="426.00" loaded="1053" inserted="651" running="549" waiting="2" ended="102" meanWaitingTime="0.19" meanTravelTime="233.24" duration="1"/>
    <step time="426.10" loaded="1054" inserted="651" running="549" waiting="2" ended="102" meanWaitingTime="0.19" meanTravelTime="233.24" duration="2"/>
    <step time="426.20" loaded="1054" inserted="651" running="549" waiting="2" ended="102" meanWaitingTime="0.19" meanTravelTime="233.24" duration="1"/>
    <step time="426.30" loaded="1054" inserted="651" running="549" waiting="2" ended="102" meanWaitingTime="0.19" meanTravelTime="233.24" duration="1"/>
    <step time="426.40" loaded="1054" inserted="651" running="549" waiting="2" ended="102" meanWaitingTime="0.19" meanTravelTime="233.24" duration="1"/>
    <step time="426.50" loaded="1054" inserted="653" running="550" waiting="1" ended="103" meanWaitingTime="0.19" meanTravelTime="233.87" duration="1"/>
    <step time="426.60" loaded="1055" inserted="653" running="550" waiting="1" ended="103" meanWaitingTime="0.19" meanTravelTime="233.87" duration="3"/>
    <step time="426.70" loaded="1055" inserted="653" running="549" waiting="1" ended="104" meanWaitingTime="0.19" meanTravelTime="233.28" duration="1"/>
    <step time="426.80" loaded="1055" inserted="653" running="549" waiting="1" ended="104" meanWaitingTime="0.19" meanTravelTime="233.28" duration="2"/>
    <step time="426.90" loaded="1055" inserted="653" running="549" waiting="1" ended="104" meanWaitingTime="0.19" meanTravelTime="233.28" duration="1"/>
    <step time="427.00" loaded="1055" inserted="654" running="548" waiting="1" ended="106" meanWaitingTime="0.19" meanTravelTime="234.00" duration="1"/>
    <step time="427.10" loaded="1056" inserted="655" running="549" waiting="0" ended="106" meanWaitingTime="0.19" meanTravelTime="234.00" duration="1"/>
    <step time="427.20" loaded="1056" inserted="655" running="549" waiting="0" ended="106" meanWaitingTime="0.19" meanTravelTime="234.00" duration="1"/>
    <step time="427.30" loaded="1056" inserted="655" running="549" waiting="0" ended="106" meanWaitingTime="0.19" meanTravelTime="234.00" duration="1"/>
    <step time="427.40" loaded="1056" inserted="655" running="549" waiting="0" ended="106" meanWaitingTime="0.19" meanTravelTime="234.00" duration="1"/>
    <step time="427.50" loaded="1056" inserted="656" running="550" waiting="0" ended="106" meanWaitingTime="0.19" meanTravelTime="234.00" duration="1"/>
    <step time="427.60" loaded="1057" inserted="656" running="550" waiting="0" ended="106" meanWaitingTime="0.19" meanTravelTime="234.00" duration="1"/>
    <step time="427.70" loaded="1057" inserted="656" running="550" waiting="0" ended="106" meanWaitingTime="0.19" meanTravelTime="234.00" duration="1"/>
    <step time="427.80" loaded="1057" inserted="656" running="550" waiting="0" ended="106" meanWaitingTime="0.19" meanTravelTime="234.00" duration="1"/>
    <step time="427.90" loaded="1057" inserted="656" running="550" waiting="0" ended="106" meanWaitingTime="0.19" meanTravelTime="234.00" duration="1"/>
    <step time="428.00" loaded="1057" inserted="657" running="551" waiting="0" ended="106" meanWaitingTime="0.19" meanTravelTime="234.00" duration="1"/>
    <step time="428.10" loaded="1058" inserted="657" running="551" waiting="0" ended="106" meanWaitingTime="0.19" meanTravelTime="234.00" duration="1"/>
    <step time="428.20" loaded="1058" inserted="657" running="550" waiting="0" ended="107" meanWaitingTime="0.19" meanTravelTime="234.57" duration="1"/>
    <step time="428.30" loaded="1058" inserted="657" running="549" waiting="0" ended="108" meanWaitingTime="0.19" meanTravelTime="234.36" duration="1"/>
    <step time="428.40" loaded="1058" inserted="657" running="549" waiting="0" ended="108" meanWaitingTime="0.19" meanTravelTime="234.36" duration="1"/>
    <step time="428.50" loaded="1058" inserted="658" running="550" waiting="0" ended="108" meanWaitingTime="0.19" meanTravelTime="234.36" duration="1"/>
    <step time="428.60" loaded="1059" inserted="658" running="550" waiting="0" ended="108" meanWaitingTime="0.19" meanTravelTime="234.36" duration="2"/>
    <step time="428.70" loaded="1059" inserted="658" running="550" waiting="0" ended="108" meanWaitingTime="0.19" meanTravelTime="234.36" duration="1"/>
    <step time="428.80" loaded="1059" inserted="658" running="550" waiting="0" ended="108" meanWaitingTime="0.19" meanTravelTime="234.36" duration="1"/>
    <step time="428.90" loaded="1059" inserted="658" running="550" waiting="0" ended="108" meanWaitingTime="0.19" meanTravelTime="234.36" duration="1"/>
    <step time="429.00" loaded="1059" inserted="659" running="551" waiting="0" ended="108" meanWaitingTime="0.19" meanTravelTime="234.36" duration="1"/>
    <step time="429.10" loaded="1060" inserted="659" running="551" waiting="0" ended="108" meanWaitingTime="0.19" meanTravelTime="234.36" duration="0"/>
    <step time="429.20" loaded="1060" inserted="659" running="551" waiting="0" ended="108" meanWaitingTime="0.19" meanTravelTime="234.36" duration="2"/>
    <step time="429.30" loaded="1060" inserted="659" running="549" waiting="0" ended="110" meanWaitingTime="0.19" meanTravelTime="234.16" duration="1"/>
    <step time="429.40" loaded="1060" inserted="659" running="549" waiting="0" ended="110" meanWaitingTime="0.19" meanTravelTime="234.16" duration="1"/>
    <step time="429.50" loaded="1060" inserted="660" running="550" waiting="0" ended="110" meanWaitingTime="0.19" meanTravelTime="234.16" duration="1"/>
    <step time="429.60" loaded="1061" inserted="660" running="550" waiting="0" ended="110" meanWaitingTime="0.19" meanTravelTime="234.16" duration="1"/>
    <step time="429.70" loaded="1061" inserted="660" running="549" waiting="0" ended="111" meanWaitingTime="0.19" meanTravelTime="233.64" duration="1"/>
    <step time="429.80" loaded="1061" inserted="660" running="549" waiting="0" ended="111" meanWaitingTime="0.19" meanTravelTime="233.64" duration="1"/>
    <step time="429.90" loaded="1061" inserted="660" running="548" waiting="0" ended="112" meanWaitingTime="0.19" meanTravelTime="234.04" duration="1"/>
    <step time="430.00" loaded="1061" inserted="661" running="548" waiting="0" ended="113" meanWaitingTime="0.19" meanTravelTime="234.01" duration="1"/>
    <step time="430.10" loaded="1062" inserted="661" running="548" waiting="0" ended="113" meanWaitingTime="0.19" meanTravelTime="234.01" duration="1"/>
    <step time="430.20" loaded="1062" inserted="661" running="547" waiting="0" ended="114" meanWaitingTime="0.19" meanTravelTime="233.42" duration="2"/>
    <step time="430.30" loaded="1062" inserted="661" running="547" waiting="0" ended="114" meanWaitingTime="0.19" meanTravelTime="233.42" duration="1"/>
    <step time="430.40" loaded="1062" inserted="661" running="547" waiting="0" ended="114" meanWaitingTime="0.19" meanTravelTime="233.42" duration="1"/>
    <step time="430.50" loaded="1062" inserted="662" running="548" waiting="0" ended="114" meanWaitingTime="0.19" meanTravelTime="233.42" duration="1"/>
    <step time="430.60" loaded="1063" inserted="662" running="547" waiting="0" ended="115" meanWaitingTime="0.19" meanTravelTime="232.54" duration="1"/>
    <step time="430.70" loaded="1063" inserted="662" running="547" waiting="0" ended="115" meanWaitingTime="0.19" meanTravelTime="232.54" duration="1"/>
    <step time="430.80" loaded="1063" inserted="662" running="547" waiting="0" ended="115" meanWaitingTime="0.19" meanTravelTime="232.54" duration="0"/>
    <step time="430.90" loaded="1063" inserted="662" running="547" waiting="0" ended="115" meanWaitingTime="0.19" meanTravelTime="232.54" duration="1"/>
    <step time="431.00" loaded="1063" inserted="663" running="548" waiting="0" ended="115" meanWaitingTime="0.19" meanTravelTime="232.54" duration="1"/>
    <step time="431.10" loaded="1064" inserted="663" running="548" waiting="0" ended="115" meanWaitingTime="0.19" meanTravelTime="232.54" duration="1"/>
    <step time="431.20" loaded="1064" inserted="663" running="548" waiting="0" ended="115" meanWaitingTime="0.19" meanTravelTime="232.54" duration="2"/>
    <step time="431.30" loaded="1064" inserted="663" running="548" waiting="0" ended="115" meanWaitingTime="0.19" meanTravelTime="232.54" duration="1"/>
    <step time="431.40" loaded="1064" inserted="663" running="548" waiting="0" ended="115" meanWaitingTime="0.19" meanTravelTime="232.54" duration="1"/>
    <step time="431.50" loaded="1064" inserted="664" running="549" waiting="0" ended="115" meanWaitingTime="0.19" meanTravelTime="232.54" duration="0"/>
    <step time="431.60" loaded="1065" inserted="664" running="549" waiting="0" ended="115" meanWaitingTime="0.19" meanTravelTime="232.54" duration="1"/>
    <step time="431.70" loaded="1065" inserted="664" running="549" waiting="0" ended="115" meanWaitingTime="0.19" meanTravelTime="232.54" duration="1"/>
    <step time="431.80" loaded="1065" inserted="664" running="548" waiting="0" ended="116" meanWaitingTime="0.19" meanTravelTime="233.38" duration="1"/>
    <step time="431.90" loaded="1065" inserted="664" running="548" waiting="0" ended="116" meanWaitingTime="0.19" meanTravelTime="233.38" duration="1"/>
    <step time="432.00" loaded="1065" inserted="665" running="548" waiting="0" ended="117" meanWaitingTime="0.19" meanTravelTime="234.11" duration="1"/>
    <step time="432.10" loaded="1066" inserted="665" running="548" waiting="0" ended="117" meanWaitingTime="0.19" meanTravelTime="234.11" duration="1"/>
    <step time="432.20" loaded="1066" inserted="665" running="548" waiting="0" ended="117" meanWaitingTime="0.19" meanTravelTime="234.11" duration="1"/>
    <step time="432.30" loaded="1066" inserted="665" running="548" waiting="0" ended="117" meanWaitingTime="0.19" meanTravelTime="234.11" duration="1"/>
    <step time="432.40" loaded="1066" inserted="665" running="548" waiting="0" ended="117" meanWaitingTime="0.19" meanTravelTime="234.11" duration="1"/>
    <step time="432.50" loaded="1066" inserted="666" running="549" waiting="0" ended="117" meanWaitingTime="0.19" meanTravelTime="234.11" duration="1"/>
    <step time="432.60" loaded="1067" inserted="666" running="549" waiting="0" ended="117" meanWaitingTime="0.19" meanTravelTime="234.11" duration="1"/>
    <step time="432.70" loaded="1067" inserted="666" running="549" waiting="0" ended="117" meanWaitingTime="0.19" meanTravelTime="234.11" duration="1"/>
    <step time="432.80" loaded="1067" inserted="666" running="548" waiting="0" ended="118" meanWaitingTime="0.19" meanTravelTime="234.51" duration="1"/>
    <step time="432.90" loaded="1067" inserted="666" running="548" waiting="0" ended="118" meanWaitingTime="0.19" meanTravelTime="234.51" duration="0"/>
    <step time="433.00" loaded="1067" inserted="667" running="549" waiting="0" ended="118" meanWaitingTime="0.19" meanTravelTime="234.51" duration="1"/>
    <step time="433.10" loaded="1068" inserted="667" running="548" waiting="0" ended="119" meanWaitingTime="0.19" meanTravelTime="235.00" duration="1"/>
    <step time="433.20" loaded="1068" inserted="667" running="547" waiting="0" ended="120" meanWaitingTime="0.19" meanTravelTime="235.81" duration="1"/>
    <step time="433.30" loaded="1068" inserted="667" running="547" waiting="0" ended="120" meanWaitingTime="0.19" meanTravelTime="235.81" duration="1"/>
    <step time="433.40" loaded="1068" inserted="667" running="546" waiting="0" ended="121" meanWaitingTime="0.19" meanTravelTime="236.25" duration="1"/>
    <step time="433.50" loaded="1068" inserted="668" running="547" waiting="0" ended="121" meanWaitingTime="0.19" meanTravelTime="236.25" duration="1"/>
    <step time="433.60" loaded="1069" inserted="668" running="547" waiting="0" ended="121" meanWaitingTime="0.19" meanTravelTime="236.25" duration="1"/>
    <step time="433.70" loaded="1069" inserted="668" running="547" waiting="0" ended="121" meanWaitingTime="0.19" meanTravelTime="236.25" duration="1"/>
    <step time="433.80" loaded="1069" inserted="668" running="547" waiting="0" ended="121" meanWaitingTime="0.19" meanTravelTime="236.25" duration="1"/>
    <step time="433.90" loaded="1069" inserted="668" running="547" waiting="0" ended="121" meanWaitingTime="0.19" meanTravelTime="236.25" duration="1"/>
    <step time="434.00" loaded="1069" inserted="668" running="546" waiting="1" ended="122" meanWaitingTime="0.19" meanTravelTime="236.50" duration="1"/>
    <step time="434.10" loaded="1070" inserted="668" running="546" waiting="1" ended="122" meanWaitingTime="0.19" meanTravelTime="236.50" duration="0"/>
    <step time="434.20" loaded="1070" inserted="668" running="546" waiting="1" ended="122" meanWaitingTime="0.19" meanTravelTime="236.50" duration="1"/>
    <step time="434.30" loaded="1070" inserted="668" running="546" waiting="1" ended="122" meanWaitingTime="0.19" meanTravelTime="236.50" duration="1"/>
    <step time="434.40" loaded="1070" inserted="668" running="546" waiting="1" ended="122" meanWaitingTime="0.19" meanTravelTime="236.50" duration="1"/>
    <step time="434.50" loaded="1070" inserted="669" running="547" waiting="1" ended="122" meanWaitingTime="0.19" meanTravelTime="236.50" duration="1"/>
    <step time="434.60" loaded="1071" inserted="669" running="547" waiting="1" ended="122" meanWaitingTime="0.19" meanTravelTime="236.50" duration="1"/>
    <step time="434.70" loaded="1071" inserted="669" running="547" waiting="1" ended="122" meanWaitingTime="0.19" meanTravelTime="236.50" duration="2"/>
    <step time="434.80" loaded="1071" inserted="669" running="547" waiting="1" ended="122" meanWaitingTime="0.19" meanTravelTime="236.50" duration="1"/>
    <step time="434.90" loaded="1071" inserted="669" running="547" waiting="1" ended="122" meanWaitingTime="0.19" meanTravelTime="236.50" duration="1"/>
    <step time="435.00" loaded="1071" inserted="670" running="548" waiting="1" ended="122" meanWaitingTime="0.19" meanTravelTime="236.50" duration="1"/>
    <step time="435.10" loaded="1072" inserted="670" running="548" waiting="1" ended="122" meanWaitingTime="0.19" meanTravelTime="236.50" duration="1"/>
    <step time="435.20" loaded="1072" inserted="670" running="548" waiting="1" ended="122" meanWaitingTime="0.19" meanTravelTime="236.50" duration="1"/>
    <step time="435.30" loaded="1072" inserted="670" running="548" waiting="1" ended="122" meanWaitingTime="0.19" meanTravelTime="236.50" duration="1"/>
    <step time="435.40" loaded="1072" inserted="670" running="548" waiting="1" ended="122" meanWaitingTime="0.19" meanTravelTime="236.50" duration="1"/>
    <step time="435.50" loaded="1072" inserted="671" running="549" waiting="1" ended="122" meanWaitingTime="0.19" meanTravelTime="236.50" duration="1"/>
    <step time="435.60" loaded="1073" inserted="672" running="550" waiting="0" ended="122" meanWaitingTime="0.19" meanTravelTime="236.50" duration="1"/>
    <step time="435.70" loaded="1073" inserted="672" running="550" waiting="0" ended="122" meanWaitingTime="0.19" meanTravelTime="236.50" duration="1"/>
    <step time="435.80" loaded="1073" inserted="672" running="550" waiting="0" ended="122" meanWaitingTime="0.19" meanTravelTime="236.50" duration="1"/>
    <step time="435.90" loaded="1073" inserted="672" running="550" waiting="0" ended="122" meanWaitingTime="0.19" meanTravelTime="236.50" duration="1"/>
    <step time="436.00" loaded="1073" inserted="673" running="551" waiting="0" ended="122" meanWaitingTime="0.19" meanTravelTime="236.50" duration="1"/>
    <step time="436.10" loaded="1074" inserted="673" running="551" waiting="0" ended="122" meanWaitingTime="0.19" meanTravelTime="236.50" duration="1"/>
    <step time="436.20" loaded="1074" inserted="673" running="551" waiting="0" ended="122" meanWaitingTime="0.19" meanTravelTime="236.50" duration="1"/>
    <step time="436.30" loaded="1074" inserted="673" running="551" waiting="0" ended="122" meanWaitingTime="0.19" meanTravelTime="236.50" duration="1"/>
    <step time="436.40" loaded="1074" inserted="673" running="551" waiting="0" ended="122" meanWaitingTime="0.19" meanTravelTime="236.50" duration="0"/>
    <step time="436.50" loaded="1074" inserted="674" running="551" waiting="0" ended="123" meanWaitingTime="0.19" meanTravelTime="237.10" duration="1"/>
    <step time="436.60" loaded="1075" inserted="674" running="550" waiting="0" ended="124" meanWaitingTime="0.19" meanTravelTime="237.51" duration="1"/>
    <step time="436.70" loaded="1075" inserted="674" running="550" waiting="0" ended="124" meanWaitingTime="0.19" meanTravelTime="237.51" duration="1"/>
    <step time="436.80" loaded="1075" inserted="674" running="550" waiting="0" ended="124" meanWaitingTime="0.19" meanTravelTime="237.51" duration="1"/>
    <step time="436.90" loaded="1075" inserted="674" running="550" waiting="0" ended="124" meanWaitingTime="0.19" meanTravelTime="237.51" duration="1"/>
    <step time="437.00" loaded="1075" inserted="675" running="551" waiting="0" ended="124" meanWaitingTime="0.19" meanTravelTime="237.51" duration="1"/>
    <step time="437.10" loaded="1076" inserted="675" running="551" waiting="0" ended="124" meanWaitingTime="0.19" meanTravelTime="237.51" duration="0"/>
    <step time="437.20" loaded="1076" inserted="675" running="551" waiting="0" ended="124" meanWaitingTime="0.19" meanTravelTime="237.51" duration="1"/>
    <step time="437.30" loaded="1076" inserted="675" running="550" waiting="0" ended="125" meanWaitingTime="0.19" meanTravelTime="237.34" duration="1"/>
    <step time="437.40" loaded="1076" inserted="675" running="550" waiting="0" ended="125" meanWaitingTime="0.19" meanTravelTime="237.34" duration="1"/>
    <step time="437.50" loaded="1076" inserted="676" running="551" waiting="0" ended="125" meanWaitingTime="0.19" meanTravelTime="237.34" duration="0"/>
    <step time="437.60" loaded="1077" inserted="676" running="551" waiting="0" ended="125" meanWaitingTime="0.19" meanTravelTime="237.34" duration="1"/>
    <step time="437.70" loaded="1077" inserted="676" running="551" waiting="0" ended="125" meanWaitingTime="0.19" meanTravelTime="237.34" duration="1"/>
    <step time="437.80" loaded="1077" inserted="676" running="551" waiting="0" ended="125" meanWaitingTime="0.19" meanTravelTime="237.34" duration="1"/>
    <step time="437.90" loaded="1077" inserted="676" running="551" waiting="0" ended="125" meanWaitingTime="0.19" meanTravelTime="237.34" duration="0"/>
    <step time="438.00" loaded="1077" inserted="677" running="552" waiting="0" ended="125" meanWaitingTime="0.19" meanTravelTime="237.34" duration="1"/>
    <step time="438.10" loaded="1078" inserted="677" running="551" waiting="0" ended="126" meanWaitingTime="0.19" meanTravelTime="237.77" duration="1"/>
    <step time="438.20" loaded="1078" inserted="677" running="551" waiting="0" ended="126" meanWaitingTime="0.19" meanTravelTime="237.77" duration="1"/>
    <step time="438.30" loaded="1078" inserted="677" running="550" waiting="0" ended="127" meanWaitingTime="0.19" meanTravelTime="237.29" duration="1"/>
    <step time="438.40" loaded="1078" inserted="677" running="549" waiting="0" ended="128" meanWaitingTime="0.19" meanTravelTime="237.27" duration="1"/>
    <step time="438.50" loaded="1078" inserted="678" running="550" waiting="0" ended="128" meanWaitingTime="0.19" meanTravelTime="237.27" duration="1"/>
    <step time="438.60" loaded="1079" inserted="678" running="550" waiting="0" ended="128" meanWaitingTime="0.19" meanTravelTime="237.27" duration="1"/>
    <step time="438.70" loaded="1079" inserted="678" running="550" waiting="0" ended="128" meanWaitingTime="0.19" meanTravelTime="237.27" duration="0"/>
    <step time="438.80" loaded="1079" inserted="678" running="550" waiting="0" ended="128" meanWaitingTime="0.19" meanTravelTime="237.27" duration="1"/>
    <step time="438.90" loaded="1079" inserted="678" running="550" waiting="0" ended="128" meanWaitingTime="0.19" meanTravelTime="237.27" duration="1"/>
    <step time="439.00" loaded="1079" inserted="679" running="551" waiting="0" ended="128" meanWaitingTime="0.19" meanTravelTime="237.27" duration="1"/>
    <step time="439.10" loaded="1080" inserted="679" running="551" waiting="0" ended="128" meanWaitingTime="0.19" meanTravelTime="237.27" duration="0"/>
    <step time="439.20" loaded="1080" inserted="679" running="551" waiting="0" ended="128" meanWaitingTime="0.19" meanTravelTime="237.27" duration="1"/>
    <step time="439.30" loaded="1080" inserted="679" running="551" waiting="0" ended="128" meanWaitingTime="0.19" meanTravelTime="237.27" duration="1"/>
    <step time="439.40" loaded="1080" inserted="679" running="551" waiting="0" ended="128" meanWaitingTime="0.19" meanTravelTime="237.27" duration="0"/>
    <step time="439.50" loaded="1080" inserted="680" running="552" waiting="0" ended="128" meanWaitingTime="0.19" meanTravelTime="237.27" duration="1"/>
    <step time="439.60" loaded="1081" inserted="680" running="552" waiting="0" ended="128" meanWaitingTime="0.19" meanTravelTime="237.27" duration="1"/>
    <step time="439.70" loaded="1081" inserted="680" running="552" waiting="0" ended="128" meanWaitingTime="0.19" meanTravelTime="237.27" duration="1"/>
    <step time="439.80" loaded="1081" inserted="680" running="551" waiting="0" ended="129" meanWaitingTime="0.19" meanTravelTime="237.88" duration="1"/>
    <step time="439.90" loaded="1081" inserted="680" running="551" waiting="0" ended="129" meanWaitingTime="0.19" meanTravelTime="237.88" duration="0"/>
    <step time="440.00" loaded="1081" inserted="681" running="552" waiting="0" ended="129" meanWaitingTime="0.19" meanTravelTime="237.88" duration="1"/>
    <step time="440.10" loaded="1082" inserted="681" running="552" waiting="0" ended="129" meanWaitingTime="0.19" meanTravelTime="237.88" duration="1"/>
    <step time="440.20" loaded="1082" inserted="681" running="552" waiting="0" ended="129" meanWaitingTime="0.19" meanTravelTime="237.88" duration="1"/>
    <step time="440.30" loaded="1082" inserted="681" running="552" waiting="0" ended="129" meanWaitingTime="0.19" meanTravelTime="237.88" duration="1"/>
    <step time="440.40" loaded="1082" inserted="681" running="552" waiting="0" ended="129" meanWaitingTime="0.19" meanTravelTime="237.88" duration="0"/>
    <step time="440.50" loaded="1082" inserted="682" running="553" waiting="0" ended="129" meanWaitingTime="0.19" meanTravelTime="237.88" duration="1"/>
    <step time="440.60" loaded="1083" inserted="682" running="552" waiting="0" ended="130" meanWaitingTime="0.19" meanTravelTime="237.71" duration="1"/>
    <step time="440.70" loaded="1083" inserted="682" running="552" waiting="0" ended="130" meanWaitingTime="0.19" meanTravelTime="237.71" duration="1"/>
    <step time="440.80" loaded="1083" inserted="682" running="552" waiting="0" ended="130" meanWaitingTime="0.19" meanTravelTime="237.71" duration="0"/>
    <step time="440.90" loaded="1083" inserted="682" running="552" waiting="0" ended="130" meanWaitingTime="0.19" meanTravelTime="237.71" duration="1"/>
    <step time="441.00" loaded="1083" inserted="683" running="553" waiting="0" ended="130" meanWaitingTime="0.19" meanTravelTime="237.71" duration="1"/>
    <step time="441.10" loaded="1084" inserted="683" running="553" waiting="0" ended="130" meanWaitingTime="0.19" meanTravelTime="237.71" duration="0"/>
    <step time="441.20" loaded="1084" inserted="683" running="553" waiting="0" ended="130" meanWaitingTime="0.19" meanTravelTime="237.71" duration="1"/>
    <step time="441.30" loaded="1084" inserted="683" running="553" waiting="0" ended="130" meanWaitingTime="0.19" meanTravelTime="237.71" duration="1"/>
    <step time="441.40" loaded="1084" inserted="683" running="552" waiting="0" ended="131" meanWaitingTime="0.19" meanTravelTime="237.68" duration="0"/>
    <step time="441.50" loaded="1084" inserted="684" running="553" waiting="0" ended="131" meanWaitingTime="0.19" meanTravelTime="237.68" duration="1"/>
    <step time="441.60" loaded="1085" inserted="684" running="553" waiting="0" ended="131" meanWaitingTime="0.19" meanTravelTime="237.68" duration="0"/>
    <step time="441.70" loaded="1085" inserted="684" running="553" waiting="0" ended="131" meanWaitingTime="0.19" meanTravelTime="237.68" duration="1"/>
    <step time="441.80" loaded="1085" inserted="684" running="553" waiting="0" ended="131" meanWaitingTime="0.19" meanTravelTime="237.68" duration="1"/>
    <step time="441.90" loaded="1085" inserted="684" running="553" waiting="0" ended="131" meanWaitingTime="0.19" meanTravelTime="237.68" duration="0"/>
    <step time="442.00" loaded="1085" inserted="685" running="554" waiting="0" ended="131" meanWaitingTime="0.19" meanTravelTime="237.68" duration="1"/>
    <step time="442.10" loaded="1086" inserted="685" running="554" waiting="0" ended="131" meanWaitingTime="0.19" meanTravelTime="237.68" duration="0"/>
    <step time="442.20" loaded="1086" inserted="685" running="553" waiting="0" ended="132" meanWaitingTime="0.19" meanTravelTime="237.64" duration="1"/>
    <step time="442.30" loaded="1086" inserted="685" running="553" waiting="0" ended="132" meanWaitingTime="0.19" meanTravelTime="237.64" duration="1"/>
    <step time="442.40" loaded="1086" inserted="685" running="553" waiting="0" ended="132" meanWaitingTime="0.19" meanTravelTime="237.64" duration="0"/>
    <step time="442.50" loaded="1086" inserted="686" running="554" waiting="0" ended="132" meanWaitingTime="0.19" meanTravelTime="237.64" duration="1"/>
    <step time="442.60" loaded="1087" inserted="686" running="554" waiting="0" ended="132" meanWaitingTime="0.19" meanTravelTime="237.64" duration="0"/>
    <step time="442.70" loaded="1087" inserted="686" running="554" waiting="0" ended="132" meanWaitingTime="0.19" meanTravelTime="237.64" duration="1"/>
    <step time="442.80" loaded="1087" inserted="686" running="554" waiting="0" ended="132" meanWaitingTime="0.19" meanTravelTime="237.64" duration="1"/>
    <step time="442.90" loaded="1087" inserted="686" running="554" waiting="0" ended="132" meanWaitingTime="0.19" meanTravelTime="237.64" duration="0"/>
    <step time="443.00" loaded="1087" inserted="687" running="555" waiting="0" ended="132" meanWaitingTime="0.19" meanTravelTime="237.64" duration="1"/>
    <step time="443.10" loaded="1088" inserted="687" running="555" waiting="0" ended="132" meanWaitingTime="0.19" meanTravelTime="237.64" duration="1"/>
    <step time="443.20" loaded="1088" inserted="687" running="555" waiting="0" ended="132" meanWaitingTime="0.19" meanTravelTime="237.64" duration="0"/>
    <step time="443.30" loaded="1088" inserted="687" running="555" waiting="0" ended="132" meanWaitingTime="0.19" meanTravelTime="237.64" duration="1"/>
    <step time="443.40" loaded="1088" inserted="687" running="555" waiting="0" ended="132" meanWaitingTime="0.19" meanTravelTime="237.64" duration="1"/>
    <step time="443.50" loaded="1088" inserted="688" running="556" waiting="0" ended="132" meanWaitingTime="0.19" meanTravelTime="237.64" duration="0"/>
    <step time="443.60" loaded="1089" inserted="688" running="556" waiting="0" ended="132" meanWaitingTime="0.19" meanTravelTime="237.64" duration="1"/>
    <step time="443.70" loaded="1089" inserted="688" running="556" waiting="0" ended="132" meanWaitingTime="0.19" meanTravelTime="237.64" duration="0"/>
    <step time="443.80" loaded="1089" inserted="688" running="556" waiting="0" ended="132" meanWaitingTime="0.19" meanTravelTime="237.64" duration="1"/>
    <step time="443.90" loaded="1089" inserted="688" running="556" waiting="0" ended="132" meanWaitingTime="0.19" meanTravelTime="237.64" duration="0"/>
    <step time="444.00" loaded="1089" inserted="689" running="557" waiting="0" ended="132" meanWaitingTime="0.19" meanTravelTime="237.64" duration="1"/>
    <step time="444.10" loaded="1090" inserted="689" running="557" waiting="0" ended="132" meanWaitingTime="0.19" meanTravelTime="237.64" duration="1"/>
    <step time="444.20" loaded="1090" inserted="689" running="557" waiting="0" ended="132" meanWaitingTime="0.19" meanTravelTime="237.64" duration="0"/>
    <step time="444.30" loaded="1090" inserted="689" running="557" waiting="0" ended="132" meanWaitingTime="0.19" meanTravelTime="237.64" duration="1"/>
    <step time="444.40" loaded="1090" inserted="689" running="557" waiting="0" ended="132" meanWaitingTime="0.19" meanTravelTime="237.64" duration="0"/>
    <step time="444.50" loaded="1090" inserted="690" running="558" waiting="0" ended="132" meanWaitingTime="0.19" meanTravelTime="237.64" duration="1"/>
    <step time="444.60" loaded="1091" inserted="690" running="558" waiting="0" ended="132" meanWaitingTime="0.19" meanTravelTime="237.64" duration="0"/>
    <step time="444.70" loaded="1091" inserted="690" running="558" waiting="0" ended="132" meanWaitingTime="0.19" meanTravelTime="237.64" duration="1"/>
    <step time="444.80" loaded="1091" inserted="690" running="558" waiting="0" ended="132" meanWaitingTime="0.19" meanTravelTime="237.64" duration="1"/>
    <step time="444.90" loaded="1091" inserted="690" running="558" waiting="0" ended="132" meanWaitingTime="0.19" meanTravelTime="237.64" duration="0"/>
    <step time="445.00" loaded="1091" inserted="691" running="559" waiting="0" ended="132" meanWaitingTime="0.19" meanTravelTime="237.64" duration="1"/>
    <step time="445.10" loaded="1092" inserted="691" running="559" waiting="0" ended="132" meanWaitingTime="0.19" meanTravelTime="237.64" duration="0"/>
    <step time="445.20" loaded="1092" inserted="691" running="559" waiting="0" ended="132" meanWaitingTime="0.19" meanTravelTime="237.64" duration="1"/>
    <step time="445.30" loaded="1092" inserted="691" running="559" waiting="0" ended="132" meanWaitingTime="0.19" meanTravelTime="237.64" duration="1"/>
    <step time="445.40" loaded="1092" inserted="691" running="559" waiting="0" ended="132" meanWaitingTime="0.19" meanTravelTime="237.64" duration="0"/>
    <step time="445.50" loaded="1092" inserted="692" running="560" waiting="0" ended="132" meanWaitingTime="0.19" meanTravelTime="237.64" duration="1"/>
    <step time="445.60" loaded="1093" inserted="692" running="560" waiting="0" ended="132" meanWaitingTime="0.19" meanTravelTime="237.64" duration="0"/>
    <step time="445.70" loaded="1093" inserted="692" running="560" waiting="0" ended="132" meanWaitingTime="0.19" meanTravelTime="237.64" duration="1"/>
    <step time="445.80" loaded="1093" inserted="692" running="560" waiting="0" ended="132" meanWaitingTime="0.19" meanTravelTime="237.64" duration="1"/>
    <step time="445.90" loaded="1093" inserted="692" running="560" waiting="0" ended="132" meanWaitingTime="0.19" meanTravelTime="237.64" duration="1"/>
    <step time="446.00" loaded="1093" inserted="693" running="561" waiting="0" ended="132" meanWaitingTime="0.19" meanTravelTime="237.64" duration="0"/>
    <step time="446.10" loaded="1094" inserted="693" running="561" waiting="0" ended="132" meanWaitingTime="0.19" meanTravelTime="237.64" duration="1"/>
    <step time="446.20" loaded="1094" inserted="693" running="561" waiting="0" ended="132" meanWaitingTime="0.19" meanTravelTime="237.64" duration="1"/>
    <step time="446.30" loaded="1094" inserted="693" running="561" waiting="0" ended="132" meanWaitingTime="0.19" meanTravelTime="237.64" duration="0"/>
    <step time="446.40" loaded="1094" inserted="693" running="561" waiting="0" ended="132" meanWaitingTime="0.19" meanTravelTime="237.64" duration="1"/>
    <step time="446.50" loaded="1094" inserted="694" running="562" waiting="0" ended="132" meanWaitingTime="0.19" meanTravelTime="237.64" duration="0"/>
    <step time="446.60" loaded="1095" inserted="694" running="562" waiting="0" ended="132" meanWaitingTime="0.19" meanTravelTime="237.64" duration="1"/>
    <step time="446.70" loaded="1095" inserted="694" running="562" waiting="0" ended="132" meanWaitingTime="0.19" meanTravelTime="237.64" duration="0"/>
    <step time="446.80" loaded="1095" inserted="694" running="562" waiting="0" ended="132" meanWaitingTime="0.19" meanTravelTime="237.64" duration="1"/>
    <step time="446.90" loaded="1095" inserted="694" running="562" waiting="0" ended="132" meanWaitingTime="0.19" meanTravelTime="237.64" duration="0"/>
    <step time="447.00" loaded="1095" inserted="695" running="563" waiting="0" ended="132" meanWaitingTime="0.19" meanTravelTime="237.64" duration="1"/>
    <step time="447.10" loaded="1096" inserted="695" running="563" waiting="0" ended="132" meanWaitingTime="0.19" meanTravelTime="237.64" duration="1"/>
    <step time="447.20" loaded="1096" inserted="695" running="563" waiting="0" ended="132" meanWaitingTime="0.19" meanTravelTime="237.64" duration="1"/>
    <step time="447.30" loaded="1096" inserted="695" running="563" waiting="0" ended="132" meanWaitingTime="0.19" meanTravelTime="237.64" duration="0"/>
    <step time="447.40" loaded="1096" inserted="695" running="563" waiting="0" ended="132" meanWaitingTime="0.19" meanTravelTime="237.64" duration="1"/>
    <step time="447.50" loaded="1096" inserted="696" running="564" waiting="0" ended="132" meanWaitingTime="0.19" meanTravelTime="237.64" duration="0"/>
    <step time="447.60" loaded="1097" inserted="696" running="564" waiting="0" ended="132" meanWaitingTime="0.19" meanTravelTime="237.64" duration="1"/>
    <step time="447.70" loaded="1097" inserted="696" running="564" waiting="0" ended="132" meanWaitingTime="0.19" meanTravelTime="237.64" duration="0"/>
    <step time="447.80" loaded="1097" inserted="696" running="564" waiting="0" ended="132" meanWaitingTime="0.19" meanTravelTime="237.64" duration="1"/>
    <step time="447.90" loaded="1097" inserted="696" running="564" waiting="0" ended="132" meanWaitingTime="0.19" meanTravelTime="237.64" duration="1"/>
    <step time="448.00" loaded="1097" inserted="697" running="565" waiting="0" ended="132" meanWaitingTime="0.19" meanTravelTime="237.64" duration="0"/>
    <step time="448.10" loaded="1098" inserted="697" running="565" waiting="0" ended="132" meanWaitingTime="0.19" meanTravelTime="237.64" duration="1"/>
    <step time="448.20" loaded="1098" inserted="697" running="565" waiting="0" ended="132" meanWaitingTime="0.19" meanTravelTime="237.64" duration="0"/>
    <step time="448.30" loaded="1098" inserted="697" running="565" waiting="0" ended="132" meanWaitingTime="0.19" meanTravelTime="237.64" duration="1"/>
    <step time="448.40" loaded="1098" inserted="697" running="565" waiting="0" ended="132" meanWaitingTime="0.19" meanTravelTime="237.64" duration="0"/>
    <step time="448.50" loaded="1098" inserted="698" running="566" waiting="0" ended="132" meanWaitingTime="0.18" meanTravelTime="237.64" duration="1"/>
    <step time="448.60" loaded="1099" inserted="698" running="566" waiting="0" ended="132" meanWaitingTime="0.18" meanTravelTime="237.64" duration="1"/>
    <step time="448.70" loaded="1099" inserted="698" running="566" waiting="0" ended="132" meanWaitingTime="0.18" meanTravelTime="237.64" duration="0"/>
    <step time="448.80" loaded="1099" inserted="698" running="566" waiting="0" ended="132" meanWaitingTime="0.18" meanTravelTime="237.64" duration="1"/>
    <step time="448.90" loaded="1099" inserted="698" running="566" waiting="0" ended="132" meanWaitingTime="0.18" meanTravelTime="237.64" duration="0"/>
    <step time="449.00" loaded="1099" inserted="699" running="567" waiting="0" ended="132" meanWaitingTime="0.18" meanTravelTime="237.64" duration="1"/>
    <step time="449.10" loaded="1100" inserted="699" running="567" waiting="0" ended="132" meanWaitingTime="0.18" meanTravelTime="237.64" duration="1"/>
    <step time="449.20" loaded="1100" inserted="699" running="567" waiting="0" ended="132" meanWaitingTime="0.18" meanTravelTime="237.64" duration="0"/>
    <step time="449.30" loaded="1100" inserted="699" running="567" waiting="0" ended="132" meanWaitingTime="0.18" meanTravelTime="237.64" duration="1"/>
    <step time="449.40" loaded="1100" inserted="699" running="567" waiting="0" ended="132" meanWaitingTime="0.18" meanTravelTime="237.64" duration="0"/>
    <step time="449.50" loaded="1100" inserted="700" running="568" waiting="0" ended="132" meanWaitingTime="0.18" meanTravelTime="237.64" duration="1"/>
    <step time="449.60" loaded="1101" inserted="700" running="568" waiting="0" ended="132" meanWaitingTime="0.18" meanTravelTime="237.64" duration="0"/>
    <step time="449.70" loaded="1101" inserted="700" running="568" waiting="0" ended="132" meanWaitingTime="0.18" meanTravelTime="237.64" duration="1"/>
    <step time="449.80" loaded="1101" inserted="700" running="568" waiting="0" ended="132" meanWaitingTime="0.18" meanTravelTime="237.64" duration="1"/>
    <step time="449.90" loaded="1101" inserted="700" running="568" waiting="0" ended="132" meanWaitingTime="0.18" meanTravelTime="237.64" duration="1"/>
    <step time="450.00" loaded="1101" inserted="700" running="568" waiting="1" ended="132" meanWaitingTime="0.18" meanTravelTime="237.64" duration="0"/>
    <step time="450.10" loaded="1102" inserted="700" running="568" waiting="1" ended="132" meanWaitingTime="0.18" meanTravelTime="237.64" duration="2"/>
    <step time="450.20" loaded="1102" inserted="700" running="568" waiting="1" ended="132" meanWaitingTime="0.18" meanTravelTime="237.64" duration="2"/>
    <step time="450.30" loaded="1102" inserted="700" running="568" waiting="1" ended="132" meanWaitingTime="0.18" meanTravelTime="237.64" duration="1"/>
    <step time="450.40" loaded="1102" inserted="700" running="568" waiting="1" ended="132" meanWaitingTime="0.18" meanTravelTime="237.64" duration="2"/>
    <step time="450.50" loaded="1102" inserted="701" running="569" waiting="1" ended="132" meanWaitingTime="0.18" meanTravelTime="237.64" duration="1"/>
    <step time="450.60" loaded="1103" inserted="701" running="569" waiting="1" ended="132" meanWaitingTime="0.18" meanTravelTime="237.64" duration="2"/>
    <step time="450.70" loaded="1103" inserted="701" running="569" waiting="1" ended="132" meanWaitingTime="0.18" meanTravelTime="237.64" duration="2"/>
    <step time="450.80" loaded="1103" inserted="702" running="570" waiting="0" ended="132" meanWaitingTime="0.19" meanTravelTime="237.64" duration="2"/>
    <step time="450.90" loaded="1103" inserted="702" running="570" waiting="0" ended="132" meanWaitingTime="0.19" meanTravelTime="237.64" duration="2"/>
    <step time="451.00" loaded="1103" inserted="703" running="571" waiting="0" ended="132" meanWaitingTime="0.18" meanTravelTime="237.64" duration="2"/>
    <step time="451.10" loaded="1104" inserted="703" running="571" waiting="0" ended="132" meanWaitingTime="0.18" meanTravelTime="237.64" duration="1"/>
    <step time="451.20" loaded="1104" inserted="703" running="571" waiting="0" ended="132" meanWaitingTime="0.18" meanTravelTime="237.64" duration="2"/>
    <step time="451.30" loaded="1104" inserted="703" running="571" waiting="0" ended="132" meanWaitingTime="0.18" meanTravelTime="237.64" duration="1"/>
    <step time="451.40" loaded="1104" inserted="703" running="571" waiting="0" ended="132" meanWaitingTime="0.18" meanTravelTime="237.64" duration="2"/>
    <step time="451.50" loaded="1104" inserted="703" running="571" waiting="1" ended="132" meanWaitingTime="0.18" meanTravelTime="237.64" duration="2"/>
    <step time="451.60" loaded="1105" inserted="703" running="571" waiting="1" ended="132" meanWaitingTime="0.18" meanTravelTime="237.64" duration="1"/>
    <step time="451.70" loaded="1105" inserted="703" running="571" waiting="1" ended="132" meanWaitingTime="0.18" meanTravelTime="237.64" duration="2"/>
    <step time="451.80" loaded="1105" inserted="703" running="571" waiting="1" ended="132" meanWaitingTime="0.18" meanTravelTime="237.64" duration="1"/>
    <step time="451.90" loaded="1105" inserted="703" running="571" waiting="1" ended="132" meanWaitingTime="0.18" meanTravelTime="237.64" duration="2"/>
    <step time="452.00" loaded="1105" inserted="704" running="572" waiting="1" ended="132" meanWaitingTime="0.18" meanTravelTime="237.64" duration="2"/>
    <step time="452.10" loaded="1106" inserted="704" running="572" waiting="1" ended="132" meanWaitingTime="0.18" meanTravelTime="237.64" duration="1"/>
    <step time="452.20" loaded="1106" inserted="704" running="572" waiting="1" ended="132" meanWaitingTime="0.18" meanTravelTime="237.64" duration="2"/>
    <step time="452.30" loaded="1106" inserted="704" running="572" waiting="1" ended="132" meanWaitingTime="0.18" meanTravelTime="237.64" duration="1"/>
    <step time="452.40" loaded="1106" inserted="704" running="572" waiting="1" ended="132" meanWaitingTime="0.18" meanTravelTime="237.64" duration="2"/>
    <step time="452.50" loaded="1106" inserted="704" running="572" waiting="2" ended="132" meanWaitingTime="0.18" meanTravelTime="237.64" duration="1"/>
    <step time="452.60" loaded="1107" inserted="704" running="572" waiting="2" ended="132" meanWaitingTime="0.18" meanTravelTime="237.64" duration="2"/>
    <step time="452.70" loaded="1107" inserted="704" running="572" waiting="2" ended="132" meanWaitingTime="0.18" meanTravelTime="237.64" duration="1"/>
    <step time="452.80" loaded="1107" inserted="704" running="562" waiting="2" ended="142" meanWaitingTime="0.18" meanTravelTime="241.21" duration="2"/>
    <step time="452.90" loaded="1107" inserted="704" running="562" waiting="2" ended="142" meanWaitingTime="0.18" meanTravelTime="241.21" duration="3"/>
    <step time="453.00" loaded="1107" inserted="704" running="562" waiting="3" ended="142" meanWaitingTime="0.18" meanTravelTime="241.21" duration="1"/>
    <step time="453.10" loaded="1108" inserted="704" running="562" waiting="3" ended="142" meanWaitingTime="0.18" meanTravelTime="241.21" duration="2"/>
    <step time="453.20" loaded="1108" inserted="704" running="561" waiting="3" ended="143" meanWaitingTime="0.18" meanTravelTime="241.35" duration="1"/>
    <step time="453.30" loaded="1108" inserted="704" running="561" waiting="3" ended="143" meanWaitingTime="0.18" meanTravelTime="241.35" duration="2"/>
    <step time="453.40" loaded="1108" inserted="704" running="561" waiting="3" ended="143" meanWaitingTime="0.18" meanTravelTime="241.35" duration="2"/>
    <step time="453.50" loaded="1108" inserted="704" running="561" waiting="4" ended="143" meanWaitingTime="0.18" meanTravelTime="241.35" duration="2"/>
    <step time="453.60" loaded="1109" inserted="704" running="561" waiting="4" ended="143" meanWaitingTime="0.18" meanTravelTime="241.35" duration="2"/>
    <step time="453.70" loaded="1109" inserted="704" running="561" waiting="4" ended="143" meanWaitingTime="0.18" meanTravelTime="241.35" duration="2"/>
    <step time="453.80" loaded="1109" inserted="704" running="561" waiting="4" ended="143" meanWaitingTime="0.18" meanTravelTime="241.35" duration="1"/>
    <step time="453.90" loaded="1109" inserted="704" running="561" waiting="4" ended="143" meanWaitingTime="0.18" meanTravelTime="241.35" duration="1"/>
    <step time="454.00" loaded="1109" inserted="707" running="564" waiting="2" ended="143" meanWaitingTime="0.19" meanTravelTime="241.35" duration="1"/>
    <step time="454.10" loaded="1110" inserted="707" running="558" waiting="2" ended="149" meanWaitingTime="0.19" meanTravelTime="243.18" duration="2"/>
    <step time="454.20" loaded="1110" inserted="707" running="557" waiting="2" ended="150" meanWaitingTime="0.19" meanTravelTime="243.50" duration="2"/>
    <step time="454.30" loaded="1110" inserted="707" running="557" waiting="2" ended="150" meanWaitingTime="0.19" meanTravelTime="243.50" duration="2"/>
    <step time="454.40" loaded="1110" inserted="707" running="557" waiting="2" ended="150" meanWaitingTime="0.19" meanTravelTime="243.50" duration="2"/>
    <step time="454.50" loaded="1110" inserted="708" running="557" waiting="2" ended="151" meanWaitingTime="0.19" meanTravelTime="243.81" duration="2"/>
    <step time="454.60" loaded="1111" inserted="709" running="558" waiting="1" ended="151" meanWaitingTime="0.19" meanTravelTime="243.81" duration="2"/>
    <step time="454.70" loaded="1111" inserted="709" running="558" waiting="1" ended="151" meanWaitingTime="0.19" meanTravelTime="243.81" duration="2"/>
    <step time="454.80" loaded="1111" inserted="709" running="558" waiting="1" ended="151" meanWaitingTime="0.19" meanTravelTime="243.81" duration="1"/>
    <step time="454.90" loaded="1111" inserted="709" running="558" waiting="1" ended="151" meanWaitingTime="0.19" meanTravelTime="243.81" duration="2"/>
    <step time="455.00" loaded="1111" inserted="710" running="559" waiting="1" ended="151" meanWaitingTime="0.19" meanTravelTime="243.81" duration="1"/>
    <step time="455.10" loaded="1112" inserted="710" running="559" waiting="1" ended="151" meanWaitingTime="0.19" meanTravelTime="243.81" duration="1"/>
    <step time="455.20" loaded="1112" inserted="710" running="557" waiting="1" ended="153" meanWaitingTime="0.19" meanTravelTime="243.98" duration="3"/>
    <step time="455.30" loaded="1112" inserted="710" running="557" waiting="1" ended="153" meanWaitingTime="0.19" meanTravelTime="243.98" duration="1"/>
    <step time="455.40" loaded="1112" inserted="710" running="557" waiting="1" ended="153" meanWaitingTime="0.19" meanTravelTime="243.98" duration="2"/>
    <step time="455.50" loaded="1112" inserted="711" running="558" waiting="1" ended="153" meanWaitingTime="0.19" meanTravelTime="243.98" duration="1"/>
    <step time="455.60" loaded="1113" inserted="711" running="558" waiting="1" ended="153" meanWaitingTime="0.19" meanTravelTime="243.98" duration="1"/>
    <step time="455.70" loaded="1113" inserted="711" running="558" waiting="1" ended="153" meanWaitingTime="0.19" meanTravelTime="243.98" duration="2"/>
    <step time="455.80" loaded="1113" inserted="711" running="558" waiting="1" ended="153" meanWaitingTime="0.19" meanTravelTime="243.98" duration="2"/>
    <step time="455.90" loaded="1113" inserted="711" running="558" waiting="1" ended="153" meanWaitingTime="0.19" meanTravelTime="243.98" duration="1"/>
    <step time="456.00" loaded="1113" inserted="711" running="558" waiting="2" ended="153" meanWaitingTime="0.19" meanTravelTime="243.98" duration="1"/>
    <step time="456.10" loaded="1114" inserted="711" running="558" waiting="2" ended="153" meanWaitingTime="0.19" meanTravelTime="243.98" duration="1"/>
    <step time="456.20" loaded="1114" inserted="711" running="558" waiting="2" ended="153" meanWaitingTime="0.19" meanTravelTime="243.98" duration="1"/>
    <step time="456.30" loaded="1114" inserted="711" running="558" waiting="2" ended="153" meanWaitingTime="0.19" meanTravelTime="243.98" duration="2"/>
    <step time="456.40" loaded="1114" inserted="711" running="558" waiting="2" ended="153" meanWaitingTime="0.19" meanTravelTime="243.98" duration="1"/>
    <step time="456.50" loaded="1114" inserted="712" running="559" waiting="2" ended="153" meanWaitingTime="0.19" meanTravelTime="243.98" duration="2"/>
    <step time="456.60" loaded="1115" inserted="712" running="559" waiting="2" ended="153" meanWaitingTime="0.19" meanTravelTime="243.98" duration="1"/>
    <step time="456.70" loaded="1115" inserted="712" running="558" waiting="2" ended="154" meanWaitingTime="0.19" meanTravelTime="244.10" duration="1"/>
    <step time="456.80" loaded="1115" inserted="712" running="558" waiting="2" ended="154" meanWaitingTime="0.19" meanTravelTime="244.10" duration="2"/>
    <step time="456.90" loaded="1115" inserted="712" running="558" waiting="2" ended="154" meanWaitingTime="0.19" meanTravelTime="244.10" duration="2"/>
    <step time="457.00" loaded="1115" inserted="713" running="559" waiting="2" ended="154" meanWaitingTime="0.19" meanTravelTime="244.10" duration="1"/>
    <step time="457.10" loaded="1116" inserted="713" running="559" waiting="2" ended="154" meanWaitingTime="0.19" meanTravelTime="244.10" duration="2"/>
    <step time="457.20" loaded="1116" inserted="713" running="559" waiting="2" ended="154" meanWaitingTime="0.19" meanTravelTime="244.10" duration="2"/>
    <step time="457.30" loaded="1116" inserted="714" running="560" waiting="1" ended="154" meanWaitingTime="0.19" meanTravelTime="244.10" duration="1"/>
    <step time="457.40" loaded="1116" inserted="714" running="560" waiting="1" ended="154" meanWaitingTime="0.19" meanTravelTime="244.10" duration="2"/>
    <step time="457.50" loaded="1116" inserted="715" running="561" waiting="1" ended="154" meanWaitingTime="0.19" meanTravelTime="244.10" duration="1"/>
    <step time="457.60" loaded="1117" inserted="715" running="561" waiting="1" ended="154" meanWaitingTime="0.19" meanTravelTime="244.10" duration="1"/>
    <step time="457.70" loaded="1117" inserted="715" running="561" waiting="1" ended="154" meanWaitingTime="0.19" meanTravelTime="244.10" duration="1"/>
    <step time="457.80" loaded="1117" inserted="715" running="561" waiting="1" ended="154" meanWaitingTime="0.19" meanTravelTime="244.10" duration="1"/>
    <step time="457.90" loaded="1117" inserted="715" running="561" waiting="1" ended="154" meanWaitingTime="0.19" meanTravelTime="244.10" duration="1"/>
    <step time="458.00" loaded="1117" inserted="715" running="561" waiting="2" ended="154" meanWaitingTime="0.19" meanTravelTime="244.10" duration="2"/>
    <step time="458.10" loaded="1118" inserted="715" running="561" waiting="2" ended="154" meanWaitingTime="0.19" meanTravelTime="244.10" duration="1"/>
    <step time="458.20" loaded="1118" inserted="715" running="561" waiting="2" ended="154" meanWaitingTime="0.19" meanTravelTime="244.10" duration="1"/>
    <step time="458.30" loaded="1118" inserted="715" running="561" waiting="2" ended="154" meanWaitingTime="0.19" meanTravelTime="244.10" duration="1"/>
    <step time="458.40" loaded="1118" inserted="715" running="561" waiting="2" ended="154" meanWaitingTime="0.19" meanTravelTime="244.10" duration="2"/>
    <step time="458.50" loaded="1118" inserted="716" running="562" waiting="2" ended="154" meanWaitingTime="0.19" meanTravelTime="244.10" duration="1"/>
    <step time="458.60" loaded="1119" inserted="716" running="562" waiting="2" ended="154" meanWaitingTime="0.19" meanTravelTime="244.10" duration="1"/>
    <step time="458.70" loaded="1119" inserted="716" running="562" waiting="2" ended="154" meanWaitingTime="0.19" meanTravelTime="244.10" duration="1"/>
    <step time="458.80" loaded="1119" inserted="716" running="562" waiting="2" ended="154" meanWaitingTime="0.19" meanTravelTime="244.10" duration="2"/>
    <step time="458.90" loaded="1119" inserted="716" running="562" waiting="2" ended="154" meanWaitingTime="0.19" meanTravelTime="244.10" duration="1"/>
    <step time="459.00" loaded="1119" inserted="717" running="563" waiting="2" ended="154" meanWaitingTime="0.19" meanTravelTime="244.10" duration="1"/>
    <step time="459.10" loaded="1120" inserted="717" running="563" waiting="2" ended="154" meanWaitingTime="0.19" meanTravelTime="244.10" duration="1"/>
    <step time="459.20" loaded="1120" inserted="717" running="563" waiting="2" ended="154" meanWaitingTime="0.19" meanTravelTime="244.10" duration="1"/>
    <step time="459.30" loaded="1120" inserted="717" running="563" waiting="2" ended="154" meanWaitingTime="0.19" meanTravelTime="244.10" duration="2"/>
    <step time="459.40" loaded="1120" inserted="717" running="563" waiting="2" ended="154" meanWaitingTime="0.19" meanTravelTime="244.10" duration="1"/>
    <step time="459.50" loaded="1120" inserted="717" running="563" waiting="3" ended="154" meanWaitingTime="0.19" meanTravelTime="244.10" duration="2"/>
    <step time="459.60" loaded="1121" inserted="717" running="559" waiting="3" ended="158" meanWaitingTime="0.19" meanTravelTime="245.76" duration="1"/>
    <step time="459.70" loaded="1121" inserted="717" running="559" waiting="3" ended="158" meanWaitingTime="0.19" meanTravelTime="245.76" duration="2"/>
    <step time="459.80" loaded="1121" inserted="717" running="558" waiting="3" ended="159" meanWaitingTime="0.19" meanTravelTime="245.65" duration="1"/>
    <step time="459.90" loaded="1121" inserted="717" running="557" waiting="3" ended="160" meanWaitingTime="0.19" meanTravelTime="246.15" duration="1"/>
    <step time="460.00" loaded="1121" inserted="719" running="559" waiting="2" ended="160" meanWaitingTime="0.20" meanTravelTime="246.15" duration="2"/>
    <step time="460.10" loaded="1122" inserted="719" running="559" waiting="2" ended="160" meanWaitingTime="0.20" meanTravelTime="246.15" duration="1"/>
    <step time="460.20" loaded="1122" inserted="719" running="559" waiting="2" ended="160" meanWaitingTime="0.20" meanTravelTime="246.15" duration="1"/>
    <step time="460.30" loaded="1122" inserted="719" running="558" waiting="2" ended="161" meanWaitingTime="0.20" meanTravelTime="246.26" duration="1"/>
    <step time="460.40" loaded="1122" inserted="719" running="558" waiting="2" ended="161" meanWaitingTime="0.20" meanTravelTime="246.26" duration="2"/>
    <step time="460.50" loaded="1122" inserted="720" running="559" waiting="2" ended="161" meanWaitingTime="0.20" meanTravelTime="246.26" duration="1"/>
    <step time="460.60" loaded="1123" inserted="720" running="559" waiting="2" ended="161" meanWaitingTime="0.20" meanTravelTime="246.26" duration="1"/>
    <step time="460.70" loaded="1123" inserted="720" running="559" waiting="2" ended="161" meanWaitingTime="0.20" meanTravelTime="246.26" duration="3"/>
    <step time="460.80" loaded="1123" inserted="720" running="559" waiting="2" ended="161" meanWaitingTime="0.20" meanTravelTime="246.26" duration="1"/>
    <step time="460.90" loaded="1123" inserted="720" running="559" waiting="2" ended="161" meanWaitingTime="0.20" meanTravelTime="246.26" duration="1"/>
    <step time="461.00" loaded="1123" inserted="721" running="560" waiting="2" ended="161" meanWaitingTime="0.20" meanTravelTime="246.26" duration="1"/>
    <step time="461.10" loaded="1124" inserted="721" running="560" waiting="2" ended="161" meanWaitingTime="0.20" meanTravelTime="246.26" duration="1"/>
    <step time="461.20" loaded="1124" inserted="721" running="560" waiting="2" ended="161" meanWaitingTime="0.20" meanTravelTime="246.26" duration="2"/>
    <step time="461.30" loaded="1124" inserted="721" running="560" waiting="2" ended="161" meanWaitingTime="0.20" meanTravelTime="246.26" duration="1"/>
    <step time="461.40" loaded="1124" inserted="721" running="559" waiting="2" ended="162" meanWaitingTime="0.20" meanTravelTime="246.71" duration="1"/>
    <step time="461.50" loaded="1124" inserted="722" running="560" waiting="2" ended="162" meanWaitingTime="0.20" meanTravelTime="246.71" duration="1"/>
    <step time="461.60" loaded="1125" inserted="722" running="560" waiting="2" ended="162" meanWaitingTime="0.20" meanTravelTime="246.71" duration="1"/>
    <step time="461.70" loaded="1125" inserted="723" running="561" waiting="1" ended="162" meanWaitingTime="0.20" meanTravelTime="246.71" duration="2"/>
    <step time="461.80" loaded="1125" inserted="723" running="561" waiting="1" ended="162" meanWaitingTime="0.20" meanTravelTime="246.71" duration="1"/>
    <step time="461.90" loaded="1125" inserted="723" running="561" waiting="1" ended="162" meanWaitingTime="0.20" meanTravelTime="246.71" duration="1"/>
    <step time="462.00" loaded="1125" inserted="724" running="562" waiting="1" ended="162" meanWaitingTime="0.20" meanTravelTime="246.71" duration="1"/>
    <step time="462.10" loaded="1126" inserted="724" running="562" waiting="1" ended="162" meanWaitingTime="0.20" meanTravelTime="246.71" duration="1"/>
    <step time="462.20" loaded="1126" inserted="724" running="562" waiting="1" ended="162" meanWaitingTime="0.20" meanTravelTime="246.71" duration="1"/>
    <step time="462.30" loaded="1126" inserted="725" running="563" waiting="0" ended="162" meanWaitingTime="0.21" meanTravelTime="246.71" duration="1"/>
    <step time="462.40" loaded="1126" inserted="725" running="563" waiting="0" ended="162" meanWaitingTime="0.21" meanTravelTime="246.71" duration="1"/>
    <step time="462.50" loaded="1126" inserted="726" running="563" waiting="0" ended="163" meanWaitingTime="0.21" meanTravelTime="246.11" duration="1"/>
    <step time="462.60" loaded="1127" inserted="726" running="563" waiting="0" ended="163" meanWaitingTime="0.21" meanTravelTime="246.11" duration="1"/>
    <step time="462.70" loaded="1127" inserted="726" running="563" waiting="0" ended="163" meanWaitingTime="0.21" meanTravelTime="246.11" duration="1"/>
    <step time="462.80" loaded="1127" inserted="726" running="563" waiting="0" ended="163" meanWaitingTime="0.21" meanTravelTime="246.11" duration="1"/>
    <step time="462.90" loaded="1127" inserted="726" running="562" waiting="0" ended="164" meanWaitingTime="0.21" meanTravelTime="246.31" duration="1"/>
    <step time="463.00" loaded="1127" inserted="727" running="563" waiting="0" ended="164" meanWaitingTime="0.21" meanTravelTime="246.31" duration="1"/>
    <step time="463.10" loaded="1128" inserted="727" running="563" waiting="0" ended="164" meanWaitingTime="0.21" meanTravelTime="246.31" duration="2"/>
    <step time="463.20" loaded="1128" inserted="727" running="562" waiting="0" ended="165" meanWaitingTime="0.21" meanTravelTime="246.81" duration="1"/>
    <step time="463.30" loaded="1128" inserted="727" running="562" waiting="0" ended="165" meanWaitingTime="0.21" meanTravelTime="246.81" duration="2"/>
    <step time="463.40" loaded="1128" inserted="727" running="562" waiting="0" ended="165" meanWaitingTime="0.21" meanTravelTime="246.81" duration="1"/>
    <step time="463.50" loaded="1128" inserted="728" running="563" waiting="0" ended="165" meanWaitingTime="0.21" meanTravelTime="246.81" duration="1"/>
    <step time="463.60" loaded="1129" inserted="728" running="563" waiting="0" ended="165" meanWaitingTime="0.21" meanTravelTime="246.81" duration="1"/>
    <step time="463.70" loaded="1129" inserted="728" running="563" waiting="0" ended="165" meanWaitingTime="0.21" meanTravelTime="246.81" duration="1"/>
    <step time="463.80" loaded="1129" inserted="728" running="563" waiting="0" ended="165" meanWaitingTime="0.21" meanTravelTime="246.81" duration="1"/>
    <step time="463.90" loaded="1129" inserted="728" running="563" waiting="0" ended="165" meanWaitingTime="0.21" meanTravelTime="246.81" duration="1"/>
    <step time="464.00" loaded="1129" inserted="729" running="564" waiting="0" ended="165" meanWaitingTime="0.21" meanTravelTime="246.81" duration="1"/>
    <step time="464.10" loaded="1130" inserted="729" running="564" waiting="0" ended="165" meanWaitingTime="0.21" meanTravelTime="246.81" duration="1"/>
    <step time="464.20" loaded="1130" inserted="729" running="564" waiting="0" ended="165" meanWaitingTime="0.21" meanTravelTime="246.81" duration="2"/>
    <step time="464.30" loaded="1130" inserted="729" running="564" waiting="0" ended="165" meanWaitingTime="0.21" meanTravelTime="246.81" duration="1"/>
    <step time="464.40" loaded="1130" inserted="729" running="564" waiting="0" ended="165" meanWaitingTime="0.21" meanTravelTime="246.81" duration="0"/>
    <step time="464.50" loaded="1130" inserted="730" running="565" waiting="0" ended="165" meanWaitingTime="0.21" meanTravelTime="246.81" duration="2"/>
    <step time="464.60" loaded="1131" inserted="730" running="565" waiting="0" ended="165" meanWaitingTime="0.21" meanTravelTime="246.81" duration="1"/>
    <step time="464.70" loaded="1131" inserted="730" running="565" waiting="0" ended="165" meanWaitingTime="0.21" meanTravelTime="246.81" duration="2"/>
    <step time="464.80" loaded="1131" inserted="730" running="565" waiting="0" ended="165" meanWaitingTime="0.21" meanTravelTime="246.81" duration="1"/>
    <step time="464.90" loaded="1131" inserted="730" running="565" waiting="0" ended="165" meanWaitingTime="0.21" meanTravelTime="246.81" duration="2"/>
    <step time="465.00" loaded="1131" inserted="730" running="565" waiting="1" ended="165" meanWaitingTime="0.21" meanTravelTime="246.81" duration="1"/>
    <step time="465.10" loaded="1132" inserted="730" running="565" waiting="1" ended="165" meanWaitingTime="0.21" meanTravelTime="246.81" duration="2"/>
    <step time="465.20" loaded="1132" inserted="730" running="565" waiting="1" ended="165" meanWaitingTime="0.21" meanTravelTime="246.81" duration="1"/>
    <step time="465.30" loaded="1132" inserted="730" running="565" waiting="1" ended="165" meanWaitingTime="0.21" meanTravelTime="246.81" duration="2"/>
    <step time="465.40" loaded="1132" inserted="730" running="565" waiting="1" ended="165" meanWaitingTime="0.21" meanTravelTime="246.81" duration="1"/>
    <step time="465.50" loaded="1132" inserted="731" running="566" waiting="1" ended="165" meanWaitingTime="0.20" meanTravelTime="246.81" duration="1"/>
    <step time="465.60" loaded="1133" inserted="731" running="566" waiting="1" ended="165" meanWaitingTime="0.20" meanTravelTime="246.81" duration="1"/>
    <step time="465.70" loaded="1133" inserted="731" running="566" waiting="1" ended="165" meanWaitingTime="0.20" meanTravelTime="246.81" duration="1"/>
    <step time="465.80" loaded="1133" inserted="731" running="566" waiting="1" ended="165" meanWaitingTime="0.20" meanTravelTime="246.81" duration="1"/>
    <step time="465.90" loaded="1133" inserted="731" running="566" waiting="1" ended="165" meanWaitingTime="0.20" meanTravelTime="246.81" duration="1"/>
    <step time="466.00" loaded="1133" inserted="732" running="567" waiting="1" ended="165" meanWaitingTime="0.20" meanTravelTime="246.81" duration="1"/>
    <step time="466.10" loaded="1134" inserted="732" running="567" waiting="1" ended="165" meanWaitingTime="0.20" meanTravelTime="246.81" duration="2"/>
    <step time="466.20" loaded="1134" inserted="732" running="567" waiting="1" ended="165" meanWaitingTime="0.20" meanTravelTime="246.81" duration="1"/>
    <step time="466.30" loaded="1134" inserted="732" running="567" waiting="1" ended="165" meanWaitingTime="0.20" meanTravelTime="246.81" duration="1"/>
    <step time="466.40" loaded="1134" inserted="732" running="567" waiting="1" ended="165" meanWaitingTime="0.20" meanTravelTime="246.81" duration="1"/>
    <step time="466.50" loaded="1134" inserted="733" running="568" waiting="1" ended="165" meanWaitingTime="0.20" meanTravelTime="246.81" duration="1"/>
    <step time="466.60" loaded="1135" inserted="733" running="568" waiting="1" ended="165" meanWaitingTime="0.20" meanTravelTime="246.81" duration="1"/>
    <step time="466.70" loaded="1135" inserted="733" running="568" waiting="1" ended="165" meanWaitingTime="0.20" meanTravelTime="246.81" duration="1"/>
    <step time="466.80" loaded="1135" inserted="733" running="568" waiting="1" ended="165" meanWaitingTime="0.20" meanTravelTime="246.81" duration="1"/>
    <step time="466.90" loaded="1135" inserted="733" running="568" waiting="1" ended="165" meanWaitingTime="0.20" meanTravelTime="246.81" duration="1"/>
    <step time="467.00" loaded="1135" inserted="734" running="569" waiting="1" ended="165" meanWaitingTime="0.20" meanTravelTime="246.81" duration="1"/>
    <step time="467.10" loaded="1136" inserted="734" running="568" waiting="1" ended="166" meanWaitingTime="0.20" meanTravelTime="247.02" duration="1"/>
    <step time="467.20" loaded="1136" inserted="734" running="568" waiting="1" ended="166" meanWaitingTime="0.20" meanTravelTime="247.02" duration="2"/>
    <step time="467.30" loaded="1136" inserted="735" running="569" waiting="0" ended="166" meanWaitingTime="0.21" meanTravelTime="247.02" duration="1"/>
    <step time="467.40" loaded="1136" inserted="735" running="569" waiting="0" ended="166" meanWaitingTime="0.21" meanTravelTime="247.02" duration="1"/>
    <step time="467.50" loaded="1136" inserted="736" running="570" waiting="0" ended="166" meanWaitingTime="0.21" meanTravelTime="247.02" duration="1"/>
    <step time="467.60" loaded="1137" inserted="736" running="570" waiting="0" ended="166" meanWaitingTime="0.21" meanTravelTime="247.02" duration="1"/>
    <step time="467.70" loaded="1137" inserted="736" running="570" waiting="0" ended="166" meanWaitingTime="0.21" meanTravelTime="247.02" duration="1"/>
    <step time="467.80" loaded="1137" inserted="736" running="570" waiting="0" ended="166" meanWaitingTime="0.21" meanTravelTime="247.02" duration="1"/>
    <step time="467.90" loaded="1137" inserted="736" running="570" waiting="0" ended="166" meanWaitingTime="0.21" meanTravelTime="247.02" duration="2"/>
    <step time="468.00" loaded="1137" inserted="737" running="571" waiting="0" ended="166" meanWaitingTime="0.21" meanTravelTime="247.02" duration="2"/>
    <step time="468.10" loaded="1138" inserted="737" running="570" waiting="0" ended="167" meanWaitingTime="0.21" meanTravelTime="247.11" duration="1"/>
    <step time="468.20" loaded="1138" inserted="737" running="570" waiting="0" ended="167" meanWaitingTime="0.21" meanTravelTime="247.11" duration="1"/>
    <step time="468.30" loaded="1138" inserted="737" running="570" waiting="0" ended="167" meanWaitingTime="0.21" meanTravelTime="247.11" duration="1"/>
    <step time="468.40" loaded="1138" inserted="737" running="570" waiting="0" ended="167" meanWaitingTime="0.21" meanTravelTime="247.11" duration="1"/>
    <step time="468.50" loaded="1138" inserted="738" running="571" waiting="0" ended="167" meanWaitingTime="0.21" meanTravelTime="247.11" duration="2"/>
    <step time="468.60" loaded="1139" inserted="738" running="571" waiting="0" ended="167" meanWaitingTime="0.21" meanTravelTime="247.11" duration="0"/>
    <step time="468.70" loaded="1139" inserted="738" running="571" waiting="0" ended="167" meanWaitingTime="0.21" meanTravelTime="247.11" duration="1"/>
    <step time="468.80" loaded="1139" inserted="738" running="571" waiting="0" ended="167" meanWaitingTime="0.21" meanTravelTime="247.11" duration="2"/>
    <step time="468.90" loaded="1139" inserted="738" running="570" waiting="0" ended="168" meanWaitingTime="0.21" meanTravelTime="247.25" duration="1"/>
    <step time="469.00" loaded="1139" inserted="739" running="570" waiting="0" ended="169" meanWaitingTime="0.21" meanTravelTime="246.80" duration="1"/>
    <step time="469.10" loaded="1140" inserted="739" running="570" waiting="0" ended="169" meanWaitingTime="0.21" meanTravelTime="246.80" duration="1"/>
    <step time="469.20" loaded="1140" inserted="739" running="570" waiting="0" ended="169" meanWaitingTime="0.21" meanTravelTime="246.80" duration="1"/>
    <step time="469.30" loaded="1140" inserted="739" running="570" waiting="0" ended="169" meanWaitingTime="0.21" meanTravelTime="246.80" duration="1"/>
    <step time="469.40" loaded="1140" inserted="739" running="570" waiting="0" ended="169" meanWaitingTime="0.21" meanTravelTime="246.80" duration="1"/>
    <step time="469.50" loaded="1140" inserted="740" running="571" waiting="0" ended="169" meanWaitingTime="0.21" meanTravelTime="246.80" duration="1"/>
    <step time="469.60" loaded="1141" inserted="740" running="571" waiting="0" ended="169" meanWaitingTime="0.21" meanTravelTime="246.80" duration="1"/>
    <step time="469.70" loaded="1141" inserted="740" running="571" waiting="0" ended="169" meanWaitingTime="0.21" meanTravelTime="246.80" duration="1"/>
    <step time="469.80" loaded="1141" inserted="740" running="571" waiting="0" ended="169" meanWaitingTime="0.21" meanTravelTime="246.80" duration="1"/>
    <step time="469.90" loaded="1141" inserted="740" running="571" waiting="0" ended="169" meanWaitingTime="0.21" meanTravelTime="246.80" duration="1"/>
    <step time="470.00" loaded="1141" inserted="741" running="572" waiting="0" ended="169" meanWaitingTime="0.21" meanTravelTime="246.80" duration="1"/>
    <step time="470.10" loaded="1142" inserted="741" running="572" waiting="0" ended="169" meanWaitingTime="0.21" meanTravelTime="246.80" duration="2"/>
    <step time="470.20" loaded="1142" inserted="741" running="572" waiting="0" ended="169" meanWaitingTime="0.21" meanTravelTime="246.80" duration="1"/>
    <step time="470.30" loaded="1142" inserted="741" running="572" waiting="0" ended="169" meanWaitingTime="0.21" meanTravelTime="246.80" duration="1"/>
    <step time="470.40" loaded="1142" inserted="741" running="572" waiting="0" ended="169" meanWaitingTime="0.21" meanTravelTime="246.80" duration="1"/>
    <step time="470.50" loaded="1142" inserted="741" running="572" waiting="1" ended="169" meanWaitingTime="0.21" meanTravelTime="246.80" duration="2"/>
    <step time="470.60" loaded="1143" inserted="741" running="572" waiting="1" ended="169" meanWaitingTime="0.21" meanTravelTime="246.80" duration="1"/>
    <step time="470.70" loaded="1143" inserted="741" running="572" waiting="1" ended="169" meanWaitingTime="0.21" meanTravelTime="246.80" duration="1"/>
    <step time="470.80" loaded="1143" inserted="741" running="572" waiting="1" ended="169" meanWaitingTime="0.21" meanTravelTime="246.80" duration="1"/>
    <step time="470.90" loaded="1143" inserted="741" running="572" waiting="1" ended="169" meanWaitingTime="0.21" meanTravelTime="246.80" duration="1"/>
    <step time="471.00" loaded="1143" inserted="742" running="573" waiting="1" ended="169" meanWaitingTime="0.20" meanTravelTime="246.80" duration="1"/>
    <step time="471.10" loaded="1144" inserted="742" running="573" waiting="1" ended="169" meanWaitingTime="0.20" meanTravelTime="246.80" duration="1"/>
    <step time="471.20" loaded="1144" inserted="742" running="573" waiting="1" ended="169" meanWaitingTime="0.20" meanTravelTime="246.80" duration="1"/>
    <step time="471.30" loaded="1144" inserted="742" running="573" waiting="1" ended="169" meanWaitingTime="0.20" meanTravelTime="246.80" duration="1"/>
    <step time="471.40" loaded="1144" inserted="742" running="573" waiting="1" ended="169" meanWaitingTime="0.20" meanTravelTime="246.80" duration="1"/>
    <step time="471.50" loaded="1144" inserted="742" running="573" waiting="2" ended="169" meanWaitingTime="0.20" meanTravelTime="246.80" duration="1"/>
    <step time="471.60" loaded="1145" inserted="742" running="573" waiting="2" ended="169" meanWaitingTime="0.20" meanTravelTime="246.80" duration="1"/>
    <step time="471.70" loaded="1145" inserted="742" running="573" waiting="2" ended="169" meanWaitingTime="0.20" meanTravelTime="246.80" duration="2"/>
    <step time="471.80" loaded="1145" inserted="742" running="573" waiting="2" ended="169" meanWaitingTime="0.20" meanTravelTime="246.80" duration="1"/>
    <step time="471.90" loaded="1145" inserted="742" running="573" waiting="2" ended="169" meanWaitingTime="0.20" meanTravelTime="246.80" duration="1"/>
    <step time="472.00" loaded="1145" inserted="743" running="574" waiting="2" ended="169" meanWaitingTime="0.20" meanTravelTime="246.80" duration="2"/>
    <step time="472.10" loaded="1146" inserted="743" running="574" waiting="2" ended="169" meanWaitingTime="0.20" meanTravelTime="246.80" duration="1"/>
    <step time="472.20" loaded="1146" inserted="744" running="575" waiting="1" ended="169" meanWaitingTime="0.21" meanTravelTime="246.80" duration="1"/>
    <step time="472.30" loaded="1146" inserted="745" running="576" waiting="0" ended="169" meanWaitingTime="0.21" meanTravelTime="246.80" duration="2"/>
    <step time="472.40" loaded="1146" inserted="745" running="576" waiting="0" ended="169" meanWaitingTime="0.21" meanTravelTime="246.80" duration="1"/>
    <step time="472.50" loaded="1146" inserted="746" running="577" waiting="0" ended="169" meanWaitingTime="0.21" meanTravelTime="246.80" duration="1"/>
    <step time="472.60" loaded="1147" inserted="746" running="577" waiting="0" ended="169" meanWaitingTime="0.21" meanTravelTime="246.80" duration="1"/>
    <step time="472.70" loaded="1147" inserted="746" running="577" waiting="0" ended="169" meanWaitingTime="0.21" meanTravelTime="246.80" duration="1"/>
    <step time="472.80" loaded="1147" inserted="746" running="577" waiting="0" ended="169" meanWaitingTime="0.21" meanTravelTime="246.80" duration="1"/>
    <step time="472.90" loaded="1147" inserted="746" running="577" waiting="0" ended="169" meanWaitingTime="0.21" meanTravelTime="246.80" duration="1"/>
    <step time="473.00" loaded="1147" inserted="747" running="578" waiting="0" ended="169" meanWaitingTime="0.21" meanTravelTime="246.80" duration="1"/>
    <step time="473.10" loaded="1148" inserted="747" running="578" waiting="0" ended="169" meanWaitingTime="0.21" meanTravelTime="246.80" duration="1"/>
    <step time="473.20" loaded="1148" inserted="747" running="578" waiting="0" ended="169" meanWaitingTime="0.21" meanTravelTime="246.80" duration="1"/>
    <step time="473.30" loaded="1148" inserted="747" running="578" waiting="0" ended="169" meanWaitingTime="0.21" meanTravelTime="246.80" duration="1"/>
    <step time="473.40" loaded="1148" inserted="747" running="578" waiting="0" ended="169" meanWaitingTime="0.21" meanTravelTime="246.80" duration="2"/>
    <step time="473.50" loaded="1148" inserted="747" running="578" waiting="1" ended="169" meanWaitingTime="0.21" meanTravelTime="246.80" duration="1"/>
    <step time="473.60" loaded="1149" inserted="747" running="578" waiting="1" ended="169" meanWaitingTime="0.21" meanTravelTime="246.80" duration="1"/>
    <step time="473.70" loaded="1149" inserted="747" running="578" waiting="1" ended="169" meanWaitingTime="0.21" meanTravelTime="246.80" duration="1"/>
    <step time="473.80" loaded="1149" inserted="747" running="578" waiting="1" ended="169" meanWaitingTime="0.21" meanTravelTime="246.80" duration="1"/>
    <step time="473.90" loaded="1149" inserted="747" running="578" waiting="1" ended="169" meanWaitingTime="0.21" meanTravelTime="246.80" duration="0"/>
    <step time="474.00" loaded="1149" inserted="748" running="579" waiting="1" ended="169" meanWaitingTime="0.21" meanTravelTime="246.80" duration="1"/>
    <step time="474.10" loaded="1150" inserted="748" running="579" waiting="1" ended="169" meanWaitingTime="0.21" meanTravelTime="246.80" duration="1"/>
    <step time="474.20" loaded="1150" inserted="748" running="579" waiting="1" ended="169" meanWaitingTime="0.21" meanTravelTime="246.80" duration="1"/>
    <step time="474.30" loaded="1150" inserted="748" running="578" waiting="1" ended="170" meanWaitingTime="0.21" meanTravelTime="246.75" duration="1"/>
    <step time="474.40" loaded="1150" inserted="748" running="578" waiting="1" ended="170" meanWaitingTime="0.21" meanTravelTime="246.75" duration="2"/>
    <step time="474.50" loaded="1150" inserted="749" running="579" waiting="1" ended="170" meanWaitingTime="0.21" meanTravelTime="246.75" duration="1"/>
    <step time="474.60" loaded="1151" inserted="749" running="579" waiting="1" ended="170" meanWaitingTime="0.21" meanTravelTime="246.75" duration="1"/>
    <step time="474.70" loaded="1151" inserted="749" running="579" waiting="1" ended="170" meanWaitingTime="0.21" meanTravelTime="246.75" duration="2"/>
    <step time="474.80" loaded="1151" inserted="749" running="579" waiting="1" ended="170" meanWaitingTime="0.21" meanTravelTime="246.75" duration="1"/>
    <step time="474.90" loaded="1151" inserted="749" running="579" waiting="1" ended="170" meanWaitingTime="0.21" meanTravelTime="246.75" duration="1"/>
    <step time="475.00" loaded="1151" inserted="750" running="580" waiting="1" ended="170" meanWaitingTime="0.21" meanTravelTime="246.75" duration="1"/>
    <step time="475.10" loaded="1152" inserted="750" running="580" waiting="1" ended="170" meanWaitingTime="0.21" meanTravelTime="246.75" duration="2"/>
    <step time="475.20" loaded="1152" inserted="750" running="580" waiting="1" ended="170" meanWaitingTime="0.21" meanTravelTime="246.75" duration="1"/>
    <step time="475.30" loaded="1152" inserted="750" running="580" waiting="1" ended="170" meanWaitingTime="0.21" meanTravelTime="246.75" duration="2"/>
    <step time="475.40" loaded="1152" inserted="750" running="580" waiting="1" ended="170" meanWaitingTime="0.21" meanTravelTime="246.75" duration="1"/>
    <step time="475.50" loaded="1152" inserted="751" running="581" waiting="1" ended="170" meanWaitingTime="0.21" meanTravelTime="246.75" duration="2"/>
    <step time="475.60" loaded="1153" inserted="751" running="581" waiting="1" ended="170" meanWaitingTime="0.21" meanTravelTime="246.75" duration="1"/>
    <step time="475.70" loaded="1153" inserted="751" running="581" waiting="1" ended="170" meanWaitingTime="0.21" meanTravelTime="246.75" duration="1"/>
    <step time="475.80" loaded="1153" inserted="752" running="582" waiting="0" ended="170" meanWaitingTime="0.21" meanTravelTime="246.75" duration="1"/>
    <step time="475.90" loaded="1153" inserted="752" running="582" waiting="0" ended="170" meanWaitingTime="0.21" meanTravelTime="246.75" duration="1"/>
    <step time="476.00" loaded="1153" inserted="753" running="583" waiting="0" ended="170" meanWaitingTime="0.21" meanTravelTime="246.75" duration="2"/>
    <step time="476.10" loaded="1154" inserted="753" running="583" waiting="0" ended="170" meanWaitingTime="0.21" meanTravelTime="246.75" duration="1"/>
    <step time="476.20" loaded="1154" inserted="753" running="583" waiting="0" ended="170" meanWaitingTime="0.21" meanTravelTime="246.75" duration="2"/>
    <step time="476.30" loaded="1154" inserted="753" running="583" waiting="0" ended="170" meanWaitingTime="0.21" meanTravelTime="246.75" duration="1"/>
    <step time="476.40" loaded="1154" inserted="753" running="583" waiting="0" ended="170" meanWaitingTime="0.21" meanTravelTime="246.75" duration="1"/>
    <step time="476.50" loaded="1154" inserted="754" running="584" waiting="0" ended="170" meanWaitingTime="0.21" meanTravelTime="246.75" duration="1"/>
    <step time="476.60" loaded="1155" inserted="754" running="584" waiting="0" ended="170" meanWaitingTime="0.21" meanTravelTime="246.75" duration="1"/>
    <step time="476.70" loaded="1155" inserted="754" running="584" waiting="0" ended="170" meanWaitingTime="0.21" meanTravelTime="246.75" duration="1"/>
    <step time="476.80" loaded="1155" inserted="754" running="584" waiting="0" ended="170" meanWaitingTime="0.21" meanTravelTime="246.75" duration="2"/>
    <step time="476.90" loaded="1155" inserted="754" running="584" waiting="0" ended="170" meanWaitingTime="0.21" meanTravelTime="246.75" duration="2"/>
    <step time="477.00" loaded="1155" inserted="754" running="584" waiting="1" ended="170" meanWaitingTime="0.21" meanTravelTime="246.75" duration="1"/>
    <step time="477.10" loaded="1156" inserted="754" running="584" waiting="1" ended="170" meanWaitingTime="0.21" meanTravelTime="246.75" duration="1"/>
    <step time="477.20" loaded="1156" inserted="754" running="584" waiting="1" ended="170" meanWaitingTime="0.21" meanTravelTime="246.75" duration="1"/>
    <step time="477.30" loaded="1156" inserted="754" running="584" waiting="1" ended="170" meanWaitingTime="0.21" meanTravelTime="246.75" duration="2"/>
    <step time="477.40" loaded="1156" inserted="754" running="584" waiting="1" ended="170" meanWaitingTime="0.21" meanTravelTime="246.75" duration="1"/>
    <step time="477.50" loaded="1156" inserted="755" running="585" waiting="1" ended="170" meanWaitingTime="0.21" meanTravelTime="246.75" duration="1"/>
    <step time="477.60" loaded="1157" inserted="755" running="585" waiting="1" ended="170" meanWaitingTime="0.21" meanTravelTime="246.75" duration="1"/>
    <step time="477.70" loaded="1157" inserted="755" running="585" waiting="1" ended="170" meanWaitingTime="0.21" meanTravelTime="246.75" duration="2"/>
    <step time="477.80" loaded="1157" inserted="756" running="586" waiting="0" ended="170" meanWaitingTime="0.21" meanTravelTime="246.75" duration="1"/>
    <step time="477.90" loaded="1157" inserted="756" running="586" waiting="0" ended="170" meanWaitingTime="0.21" meanTravelTime="246.75" duration="1"/>
    <step time="478.00" loaded="1157" inserted="757" running="587" waiting="0" ended="170" meanWaitingTime="0.21" meanTravelTime="246.75" duration="1"/>
    <step time="478.10" loaded="1158" inserted="757" running="587" waiting="0" ended="170" meanWaitingTime="0.21" meanTravelTime="246.75" duration="1"/>
    <step time="478.20" loaded="1158" inserted="757" running="587" waiting="0" ended="170" meanWaitingTime="0.21" meanTravelTime="246.75" duration="1"/>
    <step time="478.30" loaded="1158" inserted="757" running="587" waiting="0" ended="170" meanWaitingTime="0.21" meanTravelTime="246.75" duration="1"/>
    <step time="478.40" loaded="1158" inserted="757" running="587" waiting="0" ended="170" meanWaitingTime="0.21" meanTravelTime="246.75" duration="1"/>
    <step time="478.50" loaded="1158" inserted="758" running="588" waiting="0" ended="170" meanWaitingTime="0.21" meanTravelTime="246.75" duration="1"/>
    <step time="478.60" loaded="1159" inserted="758" running="588" waiting="0" ended="170" meanWaitingTime="0.21" meanTravelTime="246.75" duration="0"/>
    <step time="478.70" loaded="1159" inserted="758" running="588" waiting="0" ended="170" meanWaitingTime="0.21" meanTravelTime="246.75" duration="1"/>
    <step time="478.80" loaded="1159" inserted="758" running="588" waiting="0" ended="170" meanWaitingTime="0.21" meanTravelTime="246.75" duration="1"/>
    <step time="478.90" loaded="1159" inserted="758" running="588" waiting="0" ended="170" meanWaitingTime="0.21" meanTravelTime="246.75" duration="2"/>
    <step time="479.00" loaded="1159" inserted="759" running="589" waiting="0" ended="170" meanWaitingTime="0.21" meanTravelTime="246.75" duration="1"/>
    <step time="479.10" loaded="1160" inserted="759" running="589" waiting="0" ended="170" meanWaitingTime="0.21" meanTravelTime="246.75" duration="1"/>
    <step time="479.20" loaded="1160" inserted="759" running="588" waiting="0" ended="171" meanWaitingTime="0.21" meanTravelTime="246.65" duration="1"/>
    <step time="479.30" loaded="1160" inserted="759" running="588" waiting="0" ended="171" meanWaitingTime="0.21" meanTravelTime="246.65" duration="1"/>
    <step time="479.40" loaded="1160" inserted="759" running="588" waiting="0" ended="171" meanWaitingTime="0.21" meanTravelTime="246.65" duration="1"/>
    <step time="479.50" loaded="1160" inserted="760" running="589" waiting="0" ended="171" meanWaitingTime="0.21" meanTravelTime="246.65" duration="1"/>
    <step time="479.60" loaded="1161" inserted="760" running="589" waiting="0" ended="171" meanWaitingTime="0.21" meanTravelTime="246.65" duration="1"/>
    <step time="479.70" loaded="1161" inserted="760" running="589" waiting="0" ended="171" meanWaitingTime="0.21" meanTravelTime="246.65" duration="1"/>
    <step time="479.80" loaded="1161" inserted="760" running="589" waiting="0" ended="171" meanWaitingTime="0.21" meanTravelTime="246.65" duration="1"/>
    <step time="479.90" loaded="1161" inserted="760" running="589" waiting="0" ended="171" meanWaitingTime="0.21" meanTravelTime="246.65" duration="1"/>
    <step time="480.00" loaded="1161" inserted="761" running="590" waiting="0" ended="171" meanWaitingTime="0.21" meanTravelTime="246.65" duration="1"/>
    <step time="480.10" loaded="1162" inserted="761" running="590" waiting="0" ended="171" meanWaitingTime="0.21" meanTravelTime="246.65" duration="0"/>
    <step time="480.20" loaded="1162" inserted="761" running="590" waiting="0" ended="171" meanWaitingTime="0.21" meanTravelTime="246.65" duration="1"/>
    <step time="480.30" loaded="1162" inserted="761" running="590" waiting="0" ended="171" meanWaitingTime="0.21" meanTravelTime="246.65" duration="1"/>
    <step time="480.40" loaded="1162" inserted="761" running="590" waiting="0" ended="171" meanWaitingTime="0.21" meanTravelTime="246.65" duration="1"/>
    <step time="480.50" loaded="1162" inserted="761" running="590" waiting="1" ended="171" meanWaitingTime="0.21" meanTravelTime="246.65" duration="2"/>
    <step time="480.60" loaded="1163" inserted="761" running="590" waiting="1" ended="171" meanWaitingTime="0.21" meanTravelTime="246.65" duration="1"/>
    <step time="480.70" loaded="1163" inserted="761" running="590" waiting="1" ended="171" meanWaitingTime="0.21" meanTravelTime="246.65" duration="1"/>
    <step time="480.80" loaded="1163" inserted="761" running="590" waiting="1" ended="171" meanWaitingTime="0.21" meanTravelTime="246.65" duration="1"/>
    <step time="480.90" loaded="1163" inserted="761" running="590" waiting="1" ended="171" meanWaitingTime="0.21" meanTravelTime="246.65" duration="1"/>
    <step time="481.00" loaded="1163" inserted="762" running="591" waiting="1" ended="171" meanWaitingTime="0.21" meanTravelTime="246.65" duration="1"/>
    <step time="481.10" loaded="1164" inserted="762" running="591" waiting="1" ended="171" meanWaitingTime="0.21" meanTravelTime="246.65" duration="1"/>
    <step time="481.20" loaded="1164" inserted="762" running="591" waiting="1" ended="171" meanWaitingTime="0.21" meanTravelTime="246.65" duration="1"/>
    <step time="481.30" loaded="1164" inserted="762" running="590" waiting="1" ended="172" meanWaitingTime="0.21" meanTravelTime="246.39" duration="1"/>
    <step time="481.40" loaded="1164" inserted="762" running="590" waiting="1" ended="172" meanWaitingTime="0.21" meanTravelTime="246.39" duration="1"/>
    <step time="481.50" loaded="1164" inserted="763" running="590" waiting="1" ended="173" meanWaitingTime="0.21" meanTravelTime="246.44" duration="1"/>
    <step time="481.60" loaded="1165" inserted="763" running="590" waiting="1" ended="173" meanWaitingTime="0.21" meanTravelTime="246.44" duration="1"/>
    <step time="481.70" loaded="1165" inserted="763" running="590" waiting="1" ended="173" meanWaitingTime="0.21" meanTravelTime="246.44" duration="1"/>
    <step time="481.80" loaded="1165" inserted="764" running="591" waiting="0" ended="173" meanWaitingTime="0.21" meanTravelTime="246.44" duration="0"/>
    <step time="481.90" loaded="1165" inserted="764" running="590" waiting="0" ended="174" meanWaitingTime="0.21" meanTravelTime="246.19" duration="1"/>
    <step time="482.00" loaded="1165" inserted="765" running="591" waiting="0" ended="174" meanWaitingTime="0.21" meanTravelTime="246.19" duration="1"/>
    <step time="482.10" loaded="1166" inserted="765" running="591" waiting="0" ended="174" meanWaitingTime="0.21" meanTravelTime="246.19" duration="1"/>
    <step time="482.20" loaded="1166" inserted="765" running="591" waiting="0" ended="174" meanWaitingTime="0.21" meanTravelTime="246.19" duration="1"/>
    <step time="482.30" loaded="1166" inserted="765" running="591" waiting="0" ended="174" meanWaitingTime="0.21" meanTravelTime="246.19" duration="1"/>
    <step time="482.40" loaded="1166" inserted="765" running="591" waiting="0" ended="174" meanWaitingTime="0.21" meanTravelTime="246.19" duration="1"/>
    <step time="482.50" loaded="1166" inserted="766" running="592" waiting="0" ended="174" meanWaitingTime="0.21" meanTravelTime="246.19" duration="1"/>
    <step time="482.60" loaded="1167" inserted="766" running="592" waiting="0" ended="174" meanWaitingTime="0.21" meanTravelTime="246.19" duration="1"/>
    <step time="482.70" loaded="1167" inserted="766" running="592" waiting="0" ended="174" meanWaitingTime="0.21" meanTravelTime="246.19" duration="0"/>
    <step time="482.80" loaded="1167" inserted="766" running="592" waiting="0" ended="174" meanWaitingTime="0.21" meanTravelTime="246.19" duration="1"/>
    <step time="482.90" loaded="1167" inserted="766" running="592" waiting="0" ended="174" meanWaitingTime="0.21" meanTravelTime="246.19" duration="1"/>
    <step time="483.00" loaded="1167" inserted="767" running="593" waiting="0" ended="174" meanWaitingTime="0.21" meanTravelTime="246.19" duration="1"/>
    <step time="483.10" loaded="1168" inserted="767" running="593" waiting="0" ended="174" meanWaitingTime="0.21" meanTravelTime="246.19" duration="0"/>
    <step time="483.20" loaded="1168" inserted="767" running="593" waiting="0" ended="174" meanWaitingTime="0.21" meanTravelTime="246.19" duration="1"/>
    <step time="483.30" loaded="1168" inserted="767" running="593" waiting="0" ended="174" meanWaitingTime="0.21" meanTravelTime="246.19" duration="1"/>
    <step time="483.40" loaded="1168" inserted="767" running="593" waiting="0" ended="174" meanWaitingTime="0.21" meanTravelTime="246.19" duration="1"/>
    <step time="483.50" loaded="1168" inserted="768" running="594" waiting="0" ended="174" meanWaitingTime="0.21" meanTravelTime="246.19" duration="0"/>
    <step time="483.60" loaded="1169" inserted="768" running="594" waiting="0" ended="174" meanWaitingTime="0.21" meanTravelTime="246.19" duration="1"/>
    <step time="483.70" loaded="1169" inserted="768" running="594" waiting="0" ended="174" meanWaitingTime="0.21" meanTravelTime="246.19" duration="1"/>
    <step time="483.80" loaded="1169" inserted="768" running="594" waiting="0" ended="174" meanWaitingTime="0.21" meanTravelTime="246.19" duration="0"/>
    <step time="483.90" loaded="1169" inserted="768" running="594" waiting="0" ended="174" meanWaitingTime="0.21" meanTravelTime="246.19" duration="1"/>
    <step time="484.00" loaded="1169" inserted="768" running="594" waiting="1" ended="174" meanWaitingTime="0.21" meanTravelTime="246.19" duration="0"/>
    <step time="484.10" loaded="1170" inserted="768" running="594" waiting="1" ended="174" meanWaitingTime="0.21" meanTravelTime="246.19" duration="1"/>
    <step time="484.20" loaded="1170" inserted="769" running="594" waiting="0" ended="175" meanWaitingTime="0.21" meanTravelTime="245.95" duration="1"/>
    <step time="484.30" loaded="1170" inserted="769" running="594" waiting="0" ended="175" meanWaitingTime="0.21" meanTravelTime="245.95" duration="1"/>
    <step time="484.40" loaded="1170" inserted="769" running="594" waiting="0" ended="175" meanWaitingTime="0.21" meanTravelTime="245.95" duration="1"/>
    <step time="484.50" loaded="1170" inserted="770" running="594" waiting="0" ended="176" meanWaitingTime="0.21" meanTravelTime="245.67" duration="1"/>
    <step time="484.60" loaded="1171" inserted="770" running="594" waiting="0" ended="176" meanWaitingTime="0.21" meanTravelTime="245.67" duration="1"/>
    <step time="484.70" loaded="1171" inserted="770" running="594" waiting="0" ended="176" meanWaitingTime="0.21" meanTravelTime="245.67" duration="1"/>
    <step time="484.80" loaded="1171" inserted="770" running="594" waiting="0" ended="176" meanWaitingTime="0.21" meanTravelTime="245.67" duration="1"/>
    <step time="484.90" loaded="1171" inserted="770" running="594" waiting="0" ended="176" meanWaitingTime="0.21" meanTravelTime="245.67" duration="0"/>
    <step time="485.00" loaded="1171" inserted="770" running="594" waiting="1" ended="176" meanWaitingTime="0.21" meanTravelTime="245.67" duration="1"/>
    <step time="485.10" loaded="1172" inserted="770" running="594" waiting="1" ended="176" meanWaitingTime="0.21" meanTravelTime="245.67" duration="1"/>
    <step time="485.20" loaded="1172" inserted="770" running="594" waiting="1" ended="176" meanWaitingTime="0.21" meanTravelTime="245.67" duration="1"/>
    <step time="485.30" loaded="1172" inserted="770" running="594" waiting="1" ended="176" meanWaitingTime="0.21" meanTravelTime="245.67" duration="0"/>
    <step time="485.40" loaded="1172" inserted="770" running="594" waiting="1" ended="176" meanWaitingTime="0.21" meanTravelTime="245.67" duration="1"/>
    <step time="485.50" loaded="1172" inserted="771" running="595" waiting="1" ended="176" meanWaitingTime="0.21" meanTravelTime="245.67" duration="1"/>
    <step time="485.60" loaded="1173" inserted="771" running="595" waiting="1" ended="176" meanWaitingTime="0.21" meanTravelTime="245.67" duration="0"/>
    <step time="485.70" loaded="1173" inserted="771" running="595" waiting="1" ended="176" meanWaitingTime="0.21" meanTravelTime="245.67" duration="1"/>
    <step time="485.80" loaded="1173" inserted="772" running="596" waiting="0" ended="176" meanWaitingTime="0.21" meanTravelTime="245.67" duration="1"/>
    <step time="485.90" loaded="1173" inserted="772" running="596" waiting="0" ended="176" meanWaitingTime="0.21" meanTravelTime="245.67" duration="0"/>
    <step time="486.00" loaded="1173" inserted="773" running="597" waiting="0" ended="176" meanWaitingTime="0.21" meanTravelTime="245.67" duration="1"/>
    <step time="486.10" loaded="1174" inserted="773" running="597" waiting="0" ended="176" meanWaitingTime="0.21" meanTravelTime="245.67" duration="1"/>
    <step time="486.20" loaded="1174" inserted="773" running="597" waiting="0" ended="176" meanWaitingTime="0.21" meanTravelTime="245.67" duration="1"/>
    <step time="486.30" loaded="1174" inserted="773" running="597" waiting="0" ended="176" meanWaitingTime="0.21" meanTravelTime="245.67" duration="1"/>
    <step time="486.40" loaded="1174" inserted="773" running="597" waiting="0" ended="176" meanWaitingTime="0.21" meanTravelTime="245.67" duration="0"/>
    <step time="486.50" loaded="1174" inserted="774" running="598" waiting="0" ended="176" meanWaitingTime="0.21" meanTravelTime="245.67" duration="1"/>
    <step time="486.60" loaded="1175" inserted="774" running="598" waiting="0" ended="176" meanWaitingTime="0.21" meanTravelTime="245.67" duration="1"/>
    <step time="486.70" loaded="1175" inserted="774" running="598" waiting="0" ended="176" meanWaitingTime="0.21" meanTravelTime="245.67" duration="1"/>
    <step time="486.80" loaded="1175" inserted="774" running="598" waiting="0" ended="176" meanWaitingTime="0.21" meanTravelTime="245.67" duration="1"/>
    <step time="486.90" loaded="1175" inserted="774" running="598" waiting="0" ended="176" meanWaitingTime="0.21" meanTravelTime="245.67" duration="0"/>
    <step time="487.00" loaded="1175" inserted="775" running="599" waiting="0" ended="176" meanWaitingTime="0.21" meanTravelTime="245.67" duration="1"/>
    <step time="487.10" loaded="1176" inserted="775" running="599" waiting="0" ended="176" meanWaitingTime="0.21" meanTravelTime="245.67" duration="0"/>
    <step time="487.20" loaded="1176" inserted="775" running="599" waiting="0" ended="176" meanWaitingTime="0.21" meanTravelTime="245.67" duration="1"/>
    <step time="487.30" loaded="1176" inserted="775" running="599" waiting="0" ended="176" meanWaitingTime="0.21" meanTravelTime="245.67" duration="1"/>
    <step time="487.40" loaded="1176" inserted="775" running="599" waiting="0" ended="176" meanWaitingTime="0.21" meanTravelTime="245.67" duration="1"/>
    <step time="487.50" loaded="1176" inserted="776" running="600" waiting="0" ended="176" meanWaitingTime="0.21" meanTravelTime="245.67" duration="1"/>
    <step time="487.60" loaded="1177" inserted="776" running="600" waiting="0" ended="176" meanWaitingTime="0.21" meanTravelTime="245.67" duration="1"/>
    <step time="487.70" loaded="1177" inserted="776" running="600" waiting="0" ended="176" meanWaitingTime="0.21" meanTravelTime="245.67" duration="1"/>
    <step time="487.80" loaded="1177" inserted="776" running="600" waiting="0" ended="176" meanWaitingTime="0.21" meanTravelTime="245.67" duration="1"/>
    <step time="487.90" loaded="1177" inserted="776" running="600" waiting="0" ended="176" meanWaitingTime="0.21" meanTravelTime="245.67" duration="0"/>
    <step time="488.00" loaded="1177" inserted="777" running="601" waiting="0" ended="176" meanWaitingTime="0.21" meanTravelTime="245.67" duration="1"/>
    <step time="488.10" loaded="1178" inserted="777" running="601" waiting="0" ended="176" meanWaitingTime="0.21" meanTravelTime="245.67" duration="1"/>
    <step time="488.20" loaded="1178" inserted="777" running="601" waiting="0" ended="176" meanWaitingTime="0.21" meanTravelTime="245.67" duration="1"/>
    <step time="488.30" loaded="1178" inserted="777" running="601" waiting="0" ended="176" meanWaitingTime="0.21" meanTravelTime="245.67" duration="0"/>
    <step time="488.40" loaded="1178" inserted="777" running="601" waiting="0" ended="176" meanWaitingTime="0.21" meanTravelTime="245.67" duration="1"/>
    <step time="488.50" loaded="1178" inserted="778" running="602" waiting="0" ended="176" meanWaitingTime="0.21" meanTravelTime="245.67" duration="1"/>
    <step time="488.60" loaded="1179" inserted="778" running="602" waiting="0" ended="176" meanWaitingTime="0.21" meanTravelTime="245.67" duration="1"/>
    <step time="488.70" loaded="1179" inserted="778" running="602" waiting="0" ended="176" meanWaitingTime="0.21" meanTravelTime="245.67" duration="0"/>
    <step time="488.80" loaded="1179" inserted="778" running="602" waiting="0" ended="176" meanWaitingTime="0.21" meanTravelTime="245.67" duration="1"/>
    <step time="488.90" loaded="1179" inserted="778" running="602" waiting="0" ended="176" meanWaitingTime="0.21" meanTravelTime="245.67" duration="1"/>
    <step time="489.00" loaded="1179" inserted="779" running="603" waiting="0" ended="176" meanWaitingTime="0.21" meanTravelTime="245.67" duration="1"/>
    <step time="489.10" loaded="1180" inserted="779" running="603" waiting="0" ended="176" meanWaitingTime="0.21" meanTravelTime="245.67" duration="0"/>
    <step time="489.20" loaded="1180" inserted="779" running="603" waiting="0" ended="176" meanWaitingTime="0.21" meanTravelTime="245.67" duration="1"/>
    <step time="489.30" loaded="1180" inserted="779" running="603" waiting="0" ended="176" meanWaitingTime="0.21" meanTravelTime="245.67" duration="1"/>
    <step time="489.40" loaded="1180" inserted="779" running="603" waiting="0" ended="176" meanWaitingTime="0.21" meanTravelTime="245.67" duration="0"/>
    <step time="489.50" loaded="1180" inserted="780" running="604" waiting="0" ended="176" meanWaitingTime="0.21" meanTravelTime="245.67" duration="1"/>
    <step time="489.60" loaded="1181" inserted="780" running="604" waiting="0" ended="176" meanWaitingTime="0.21" meanTravelTime="245.67" duration="1"/>
    <step time="489.70" loaded="1181" inserted="780" running="604" waiting="0" ended="176" meanWaitingTime="0.21" meanTravelTime="245.67" duration="1"/>
    <step time="489.80" loaded="1181" inserted="780" running="604" waiting="0" ended="176" meanWaitingTime="0.21" meanTravelTime="245.67" duration="1"/>
    <step time="489.90" loaded="1181" inserted="780" running="604" waiting="0" ended="176" meanWaitingTime="0.21" meanTravelTime="245.67" duration="0"/>
    <step time="490.00" loaded="1181" inserted="781" running="605" waiting="0" ended="176" meanWaitingTime="0.20" meanTravelTime="245.67" duration="1"/>
    <step time="490.10" loaded="1182" inserted="781" running="605" waiting="0" ended="176" meanWaitingTime="0.20" meanTravelTime="245.67" duration="1"/>
    <step time="490.20" loaded="1182" inserted="781" running="605" waiting="0" ended="176" meanWaitingTime="0.20" meanTravelTime="245.67" duration="0"/>
    <step time="490.30" loaded="1182" inserted="781" running="605" waiting="0" ended="176" meanWaitingTime="0.20" meanTravelTime="245.67" duration="1"/>
    <step time="490.40" loaded="1182" inserted="781" running="605" waiting="0" ended="176" meanWaitingTime="0.20" meanTravelTime="245.67" duration="1"/>
    <step time="490.50" loaded="1182" inserted="782" running="605" waiting="0" ended="177" meanWaitingTime="0.20" meanTravelTime="245.12" duration="0"/>
    <step time="490.60" loaded="1183" inserted="782" running="605" waiting="0" ended="177" meanWaitingTime="0.20" meanTravelTime="245.12" duration="1"/>
    <step time="490.70" loaded="1183" inserted="782" running="605" waiting="0" ended="177" meanWaitingTime="0.20" meanTravelTime="245.12" duration="1"/>
    <step time="490.80" loaded="1183" inserted="782" running="605" waiting="0" ended="177" meanWaitingTime="0.20" meanTravelTime="245.12" duration="0"/>
    <step time="490.90" loaded="1183" inserted="782" running="605" waiting="0" ended="177" meanWaitingTime="0.20" meanTravelTime="245.12" duration="1"/>
    <step time="491.00" loaded="1183" inserted="783" running="606" waiting="0" ended="177" meanWaitingTime="0.20" meanTravelTime="245.12" duration="1"/>
    <step time="491.10" loaded="1184" inserted="783" running="606" waiting="0" ended="177" meanWaitingTime="0.20" meanTravelTime="245.12" duration="0"/>
    <step time="491.20" loaded="1184" inserted="783" running="606" waiting="0" ended="177" meanWaitingTime="0.20" meanTravelTime="245.12" duration="1"/>
    <step time="491.30" loaded="1184" inserted="783" running="606" waiting="0" ended="177" meanWaitingTime="0.20" meanTravelTime="245.12" duration="1"/>
    <step time="491.40" loaded="1184" inserted="783" running="606" waiting="0" ended="177" meanWaitingTime="0.20" meanTravelTime="245.12" duration="0"/>
    <step time="491.50" loaded="1184" inserted="784" running="606" waiting="0" ended="178" meanWaitingTime="0.20" meanTravelTime="244.95" duration="1"/>
    <step time="491.60" loaded="1185" inserted="784" running="606" waiting="0" ended="178" meanWaitingTime="0.20" meanTravelTime="244.95" duration="1"/>
    <step time="491.70" loaded="1185" inserted="784" running="606" waiting="0" ended="178" meanWaitingTime="0.20" meanTravelTime="244.95" duration="1"/>
    <step time="491.80" loaded="1185" inserted="784" running="606" waiting="0" ended="178" meanWaitingTime="0.20" meanTravelTime="244.95" duration="0"/>
    <step time="491.90" loaded="1185" inserted="784" running="606" waiting="0" ended="178" meanWaitingTime="0.20" meanTravelTime="244.95" duration="1"/>
    <step time="492.00" loaded="1185" inserted="785" running="607" waiting="0" ended="178" meanWaitingTime="0.20" meanTravelTime="244.95" duration="1"/>
    <step time="492.10" loaded="1186" inserted="785" running="607" waiting="0" ended="178" meanWaitingTime="0.20" meanTravelTime="244.95" duration="0"/>
    <step time="492.20" loaded="1186" inserted="785" running="607" waiting="0" ended="178" meanWaitingTime="0.20" meanTravelTime="244.95" duration="1"/>
    <step time="492.30" loaded="1186" inserted="785" running="607" waiting="0" ended="178" meanWaitingTime="0.20" meanTravelTime="244.95" duration="1"/>
    <step time="492.40" loaded="1186" inserted="785" running="607" waiting="0" ended="178" meanWaitingTime="0.20" meanTravelTime="244.95" duration="0"/>
    <step time="492.50" loaded="1186" inserted="786" running="608" waiting="0" ended="178" meanWaitingTime="0.20" meanTravelTime="244.95" duration="1"/>
    <step time="492.60" loaded="1187" inserted="786" running="608" waiting="0" ended="178" meanWaitingTime="0.20" meanTravelTime="244.95" duration="1"/>
    <step time="492.70" loaded="1187" inserted="786" running="608" waiting="0" ended="178" meanWaitingTime="0.20" meanTravelTime="244.95" duration="0"/>
    <step time="492.80" loaded="1187" inserted="786" running="608" waiting="0" ended="178" meanWaitingTime="0.20" meanTravelTime="244.95" duration="1"/>
    <step time="492.90" loaded="1187" inserted="786" running="608" waiting="0" ended="178" meanWaitingTime="0.20" meanTravelTime="244.95" duration="0"/>
    <step time="493.00" loaded="1187" inserted="787" running="609" waiting="0" ended="178" meanWaitingTime="0.20" meanTravelTime="244.95" duration="1"/>
    <step time="493.10" loaded="1188" inserted="787" running="609" waiting="0" ended="178" meanWaitingTime="0.20" meanTravelTime="244.95" duration="1"/>
    <step time="493.20" loaded="1188" inserted="787" running="609" waiting="0" ended="178" meanWaitingTime="0.20" meanTravelTime="244.95" duration="0"/>
    <step time="493.30" loaded="1188" inserted="787" running="609" waiting="0" ended="178" meanWaitingTime="0.20" meanTravelTime="244.95" duration="1"/>
    <step time="493.40" loaded="1188" inserted="787" running="609" waiting="0" ended="178" meanWaitingTime="0.20" meanTravelTime="244.95" duration="0"/>
    <step time="493.50" loaded="1188" inserted="788" running="610" waiting="0" ended="178" meanWaitingTime="0.20" meanTravelTime="244.95" duration="1"/>
    <step time="493.60" loaded="1189" inserted="788" running="610" waiting="0" ended="178" meanWaitingTime="0.20" meanTravelTime="244.95" duration="1"/>
    <step time="493.70" loaded="1189" inserted="788" running="610" waiting="0" ended="178" meanWaitingTime="0.20" meanTravelTime="244.95" duration="1"/>
    <step time="493.80" loaded="1189" inserted="788" running="610" waiting="0" ended="178" meanWaitingTime="0.20" meanTravelTime="244.95" duration="0"/>
    <step time="493.90" loaded="1189" inserted="788" running="610" waiting="0" ended="178" meanWaitingTime="0.20" meanTravelTime="244.95" duration="1"/>
    <step time="494.00" loaded="1189" inserted="788" running="610" waiting="1" ended="178" meanWaitingTime="0.20" meanTravelTime="244.95" duration="0"/>
    <step time="494.10" loaded="1190" inserted="788" running="610" waiting="1" ended="178" meanWaitingTime="0.20" meanTravelTime="244.95" duration="1"/>
    <step time="494.20" loaded="1190" inserted="788" running="610" waiting="1" ended="178" meanWaitingTime="0.20" meanTravelTime="244.95" duration="1"/>
    <step time="494.30" loaded="1190" inserted="789" running="611" waiting="0" ended="178" meanWaitingTime="0.20" meanTravelTime="244.95" duration="0"/>
    <step time="494.40" loaded="1190" inserted="789" running="611" waiting="0" ended="178" meanWaitingTime="0.20" meanTravelTime="244.95" duration="1"/>
    <step time="494.50" loaded="1190" inserted="790" running="612" waiting="0" ended="178" meanWaitingTime="0.20" meanTravelTime="244.95" duration="1"/>
    <step time="494.60" loaded="1191" inserted="790" running="612" waiting="0" ended="178" meanWaitingTime="0.20" meanTravelTime="244.95" duration="0"/>
    <step time="494.70" loaded="1191" inserted="790" running="612" waiting="0" ended="178" meanWaitingTime="0.20" meanTravelTime="244.95" duration="1"/>
    <step time="494.80" loaded="1191" inserted="790" running="612" waiting="0" ended="178" meanWaitingTime="0.20" meanTravelTime="244.95" duration="1"/>
    <step time="494.90" loaded="1191" inserted="790" running="612" waiting="0" ended="178" meanWaitingTime="0.20" meanTravelTime="244.95" duration="0"/>
    <step time="495.00" loaded="1191" inserted="791" running="613" waiting="0" ended="178" meanWaitingTime="0.20" meanTravelTime="244.95" duration="1"/>
    <step time="495.10" loaded="1192" inserted="791" running="613" waiting="0" ended="178" meanWaitingTime="0.20" meanTravelTime="244.95" duration="1"/>
    <step time="495.20" loaded="1192" inserted="791" running="613" waiting="0" ended="178" meanWaitingTime="0.20" meanTravelTime="244.95" duration="2"/>
    <step time="495.30" loaded="1192" inserted="791" running="613" waiting="0" ended="178" meanWaitingTime="0.20" meanTravelTime="244.95" duration="1"/>
    <step time="495.40" loaded="1192" inserted="791" running="613" waiting="0" ended="178" meanWaitingTime="0.20" meanTravelTime="244.95" duration="2"/>
    <step time="495.50" loaded="1192" inserted="792" running="614" waiting="0" ended="178" meanWaitingTime="0.20" meanTravelTime="244.95" duration="1"/>
    <step time="495.60" loaded="1193" inserted="792" running="614" waiting="0" ended="178" meanWaitingTime="0.20" meanTravelTime="244.95" duration="2"/>
    <step time="495.70" loaded="1193" inserted="792" running="614" waiting="0" ended="178" meanWaitingTime="0.20" meanTravelTime="244.95" duration="2"/>
    <step time="495.80" loaded="1193" inserted="792" running="614" waiting="0" ended="178" meanWaitingTime="0.20" meanTravelTime="244.95" duration="1"/>
    <step time="495.90" loaded="1193" inserted="792" running="614" waiting="0" ended="178" meanWaitingTime="0.20" meanTravelTime="244.95" duration="3"/>
    <step time="496.00" loaded="1193" inserted="793" running="615" waiting="0" ended="178" meanWaitingTime="0.20" meanTravelTime="244.95" duration="2"/>
    <step time="496.10" loaded="1194" inserted="793" running="615" waiting="0" ended="178" meanWaitingTime="0.20" meanTravelTime="244.95" duration="2"/>
    <step time="496.20" loaded="1194" inserted="793" running="615" waiting="0" ended="178" meanWaitingTime="0.20" meanTravelTime="244.95" duration="1"/>
    <step time="496.30" loaded="1194" inserted="793" running="615" waiting="0" ended="178" meanWaitingTime="0.20" meanTravelTime="244.95" duration="2"/>
    <step time="496.40" loaded="1194" inserted="793" running="615" waiting="0" ended="178" meanWaitingTime="0.20" meanTravelTime="244.95" duration="1"/>
    <step time="496.50" loaded="1194" inserted="793" running="615" waiting="1" ended="178" meanWaitingTime="0.20" meanTravelTime="244.95" duration="2"/>
    <step time="496.60" loaded="1195" inserted="793" running="615" waiting="1" ended="178" meanWaitingTime="0.20" meanTravelTime="244.95" duration="2"/>
    <step time="496.70" loaded="1195" inserted="793" running="615" waiting="1" ended="178" meanWaitingTime="0.20" meanTravelTime="244.95" duration="1"/>
    <step time="496.80" loaded="1195" inserted="793" running="615" waiting="1" ended="178" meanWaitingTime="0.20" meanTravelTime="244.95" duration="2"/>
    <step time="496.90" loaded="1195" inserted="793" running="615" waiting="1" ended="178" meanWaitingTime="0.20" meanTravelTime="244.95" duration="2"/>
    <step time="497.00" loaded="1195" inserted="793" running="615" waiting="2" ended="178" meanWaitingTime="0.20" meanTravelTime="244.95" duration="1"/>
    <step time="497.10" loaded="1196" inserted="793" running="615" waiting="2" ended="178" meanWaitingTime="0.20" meanTravelTime="244.95" duration="1"/>
    <step time="497.20" loaded="1196" inserted="793" running="615" waiting="2" ended="178" meanWaitingTime="0.20" meanTravelTime="244.95" duration="2"/>
    <step time="497.30" loaded="1196" inserted="793" running="615" waiting="2" ended="178" meanWaitingTime="0.20" meanTravelTime="244.95" duration="2"/>
    <step time="497.40" loaded="1196" inserted="793" running="615" waiting="2" ended="178" meanWaitingTime="0.20" meanTravelTime="244.95" duration="1"/>
    <step time="497.50" loaded="1196" inserted="793" running="615" waiting="3" ended="178" meanWaitingTime="0.20" meanTravelTime="244.95" duration="2"/>
    <step time="497.60" loaded="1197" inserted="793" running="615" waiting="3" ended="178" meanWaitingTime="0.20" meanTravelTime="244.95" duration="1"/>
    <step time="497.70" loaded="1197" inserted="793" running="615" waiting="3" ended="178" meanWaitingTime="0.20" meanTravelTime="244.95" duration="3"/>
    <step time="497.80" loaded="1197" inserted="794" running="614" waiting="2" ended="180" meanWaitingTime="0.20" meanTravelTime="245.77" duration="2"/>
    <step time="497.90" loaded="1197" inserted="794" running="614" waiting="2" ended="180" meanWaitingTime="0.20" meanTravelTime="245.77" duration="3"/>
    <step time="498.00" loaded="1197" inserted="795" running="615" waiting="2" ended="180" meanWaitingTime="0.20" meanTravelTime="245.77" duration="2"/>
    <step time="498.10" loaded="1198" inserted="795" running="615" waiting="2" ended="180" meanWaitingTime="0.20" meanTravelTime="245.77" duration="1"/>
    <step time="498.20" loaded="1198" inserted="795" running="615" waiting="2" ended="180" meanWaitingTime="0.20" meanTravelTime="245.77" duration="2"/>
    <step time="498.30" loaded="1198" inserted="795" running="615" waiting="2" ended="180" meanWaitingTime="0.20" meanTravelTime="245.77" duration="2"/>
    <step time="498.40" loaded="1198" inserted="795" running="615" waiting="2" ended="180" meanWaitingTime="0.20" meanTravelTime="245.77" duration="1"/>
    <step time="498.50" loaded="1198" inserted="796" running="616" waiting="2" ended="180" meanWaitingTime="0.20" meanTravelTime="245.77" duration="2"/>
    <step time="498.60" loaded="1199" inserted="796" running="616" waiting="2" ended="180" meanWaitingTime="0.20" meanTravelTime="245.77" duration="2"/>
    <step time="498.70" loaded="1199" inserted="796" running="616" waiting="2" ended="180" meanWaitingTime="0.20" meanTravelTime="245.77" duration="2"/>
    <step time="498.80" loaded="1199" inserted="796" running="616" waiting="2" ended="180" meanWaitingTime="0.20" meanTravelTime="245.77" duration="1"/>
    <step time="498.90" loaded="1199" inserted="796" running="616" waiting="2" ended="180" meanWaitingTime="0.20" meanTravelTime="245.77" duration="2"/>
    <step time="499.00" loaded="1199" inserted="798" running="618" waiting="1" ended="180" meanWaitingTime="0.21" meanTravelTime="245.77" duration="1"/>
    <step time="499.10" loaded="1200" inserted="798" running="616" waiting="1" ended="182" meanWaitingTime="0.21" meanTravelTime="246.37" duration="2"/>
    <step time="499.20" loaded="1200" inserted="798" running="616" waiting="1" ended="182" meanWaitingTime="0.21" meanTravelTime="246.37" duration="2"/>
    <step time="499.30" loaded="1200" inserted="798" running="616" waiting="1" ended="182" meanWaitingTime="0.21" meanTravelTime="246.37" duration="2"/>
    <step time="499.40" loaded="1200" inserted="798" running="616" waiting="1" ended="182" meanWaitingTime="0.21" meanTravelTime="246.37" duration="1"/>
    <step time="499.50" loaded="1200" inserted="798" running="616" waiting="2" ended="182" meanWaitingTime="0.21" meanTravelTime="246.37" duration="2"/>
    <step time="499.60" loaded="1201" inserted="798" running="616" waiting="2" ended="182" meanWaitingTime="0.21" meanTravelTime="246.37" duration="2"/>
    <step time="499.70" loaded="1201" inserted="798" running="616" waiting="2" ended="182" meanWaitingTime="0.21" meanTravelTime="246.37" duration="1"/>
    <step time="499.80" loaded="1201" inserted="798" running="616" waiting="2" ended="182" meanWaitingTime="0.21" meanTravelTime="246.37" duration="2"/>
    <step time="499.90" loaded="1201" inserted="798" running="616" waiting="2" ended="182" meanWaitingTime="0.21" meanTravelTime="246.37" duration="1"/>
    <step time="500.00" loaded="1201" inserted="799" running="617" waiting="2" ended="182" meanWaitingTime="0.21" meanTravelTime="246.37" duration="2"/>
    <step time="500.10" loaded="1202" inserted="799" running="617" waiting="2" ended="182" meanWaitingTime="0.21" meanTravelTime="246.37" duration="1"/>
    <step time="500.20" loaded="1202" inserted="799" running="614" waiting="2" ended="185" meanWaitingTime="0.21" meanTravelTime="248.14" duration="2"/>
    <step time="500.30" loaded="1202" inserted="799" running="614" waiting="2" ended="185" meanWaitingTime="0.21" meanTravelTime="248.14" duration="2"/>
    <step time="500.40" loaded="1202" inserted="799" running="614" waiting="2" ended="185" meanWaitingTime="0.21" meanTravelTime="248.14" duration="2"/>
    <step time="500.50" loaded="1202" inserted="800" running="615" waiting="2" ended="185" meanWaitingTime="0.21" meanTravelTime="248.14" duration="1"/>
    <step time="500.60" loaded="1203" inserted="800" running="615" waiting="2" ended="185" meanWaitingTime="0.21" meanTravelTime="248.14" duration="2"/>
    <step time="500.70" loaded="1203" inserted="800" running="615" waiting="2" ended="185" meanWaitingTime="0.21" meanTravelTime="248.14" duration="2"/>
    <step time="500.80" loaded="1203" inserted="800" running="615" waiting="2" ended="185" meanWaitingTime="0.21" meanTravelTime="248.14" duration="1"/>
    <step time="500.90" loaded="1203" inserted="800" running="615" waiting="2" ended="185" meanWaitingTime="0.21" meanTravelTime="248.14" duration="2"/>
    <step time="501.00" loaded="1203" inserted="802" running="617" waiting="1" ended="185" meanWaitingTime="0.21" meanTravelTime="248.14" duration="2"/>
    <step time="501.10" loaded="1204" inserted="802" running="617" waiting="1" ended="185" meanWaitingTime="0.21" meanTravelTime="248.14" duration="2"/>
    <step time="501.20" loaded="1204" inserted="802" running="614" waiting="1" ended="188" meanWaitingTime="0.21" meanTravelTime="249.09" duration="1"/>
    <step time="501.30" loaded="1204" inserted="802" running="614" waiting="1" ended="188" meanWaitingTime="0.21" meanTravelTime="249.09" duration="3"/>
    <step time="501.40" loaded="1204" inserted="802" running="614" waiting="1" ended="188" meanWaitingTime="0.21" meanTravelTime="249.09" duration="2"/>
    <step time="501.50" loaded="1204" inserted="803" running="615" waiting="1" ended="188" meanWaitingTime="0.21" meanTravelTime="249.09" duration="2"/>
    <step time="501.60" loaded="1205" inserted="803" running="615" waiting="1" ended="188" meanWaitingTime="0.21" meanTravelTime="249.09" duration="1"/>
    <step time="501.70" loaded="1205" inserted="803" running="615" waiting="1" ended="188" meanWaitingTime="0.21" meanTravelTime="249.09" duration="2"/>
    <step time="501.80" loaded="1205" inserted="804" running="616" waiting="0" ended="188" meanWaitingTime="0.21" meanTravelTime="249.09" duration="2"/>
    <step time="501.90" loaded="1205" inserted="804" running="615" waiting="0" ended="189" meanWaitingTime="0.21" meanTravelTime="249.33" duration="1"/>
    <step time="502.00" loaded="1205" inserted="805" running="616" waiting="0" ended="189" meanWaitingTime="0.21" meanTravelTime="249.33" duration="2"/>
    <step time="502.10" loaded="1206" inserted="805" running="616" waiting="0" ended="189" meanWaitingTime="0.21" meanTravelTime="249.33" duration="1"/>
    <step time="502.20" loaded="1206" inserted="805" running="615" waiting="0" ended="190" meanWaitingTime="0.21" meanTravelTime="249.13" duration="2"/>
    <step time="502.30" loaded="1206" inserted="805" running="615" waiting="0" ended="190" meanWaitingTime="0.21" meanTravelTime="249.13" duration="2"/>
    <step time="502.40" loaded="1206" inserted="805" running="615" waiting="0" ended="190" meanWaitingTime="0.21" meanTravelTime="249.13" duration="1"/>
    <step time="502.50" loaded="1206" inserted="806" running="616" waiting="0" ended="190" meanWaitingTime="0.21" meanTravelTime="249.13" duration="2"/>
    <step time="502.60" loaded="1207" inserted="806" running="616" waiting="0" ended="190" meanWaitingTime="0.21" meanTravelTime="249.13" duration="1"/>
    <step time="502.70" loaded="1207" inserted="806" running="616" waiting="0" ended="190" meanWaitingTime="0.21" meanTravelTime="249.13" duration="2"/>
    <step time="502.80" loaded="1207" inserted="806" running="616" waiting="0" ended="190" meanWaitingTime="0.21" meanTravelTime="249.13" duration="1"/>
    <step time="502.90" loaded="1207" inserted="806" running="616" waiting="0" ended="190" meanWaitingTime="0.21" meanTravelTime="249.13" duration="2"/>
    <step time="503.00" loaded="1207" inserted="807" running="616" waiting="0" ended="191" meanWaitingTime="0.21" meanTravelTime="249.69" duration="1"/>
    <step time="503.10" loaded="1208" inserted="807" running="616" waiting="0" ended="191" meanWaitingTime="0.21" meanTravelTime="249.69" duration="1"/>
    <step time="503.20" loaded="1208" inserted="807" running="616" waiting="0" ended="191" meanWaitingTime="0.21" meanTravelTime="249.69" duration="2"/>
    <step time="503.30" loaded="1208" inserted="807" running="616" waiting="0" ended="191" meanWaitingTime="0.21" meanTravelTime="249.69" duration="1"/>
    <step time="503.40" loaded="1208" inserted="807" running="616" waiting="0" ended="191" meanWaitingTime="0.21" meanTravelTime="249.69" duration="2"/>
    <step time="503.50" loaded="1208" inserted="808" running="617" waiting="0" ended="191" meanWaitingTime="0.21" meanTravelTime="249.69" duration="1"/>
    <step time="503.60" loaded="1209" inserted="808" running="617" waiting="0" ended="191" meanWaitingTime="0.21" meanTravelTime="249.69" duration="1"/>
    <step time="503.70" loaded="1209" inserted="808" running="617" waiting="0" ended="191" meanWaitingTime="0.21" meanTravelTime="249.69" duration="1"/>
    <step time="503.80" loaded="1209" inserted="808" running="617" waiting="0" ended="191" meanWaitingTime="0.21" meanTravelTime="249.69" duration="2"/>
    <step time="503.90" loaded="1209" inserted="808" running="617" waiting="0" ended="191" meanWaitingTime="0.21" meanTravelTime="249.69" duration="1"/>
    <step time="504.00" loaded="1209" inserted="809" running="618" waiting="0" ended="191" meanWaitingTime="0.21" meanTravelTime="249.69" duration="2"/>
    <step time="504.10" loaded="1210" inserted="809" running="618" waiting="0" ended="191" meanWaitingTime="0.21" meanTravelTime="249.69" duration="2"/>
    <step time="504.20" loaded="1210" inserted="809" running="618" waiting="0" ended="191" meanWaitingTime="0.21" meanTravelTime="249.69" duration="1"/>
    <step time="504.30" loaded="1210" inserted="809" running="618" waiting="0" ended="191" meanWaitingTime="0.21" meanTravelTime="249.69" duration="2"/>
    <step time="504.40" loaded="1210" inserted="809" running="618" waiting="0" ended="191" meanWaitingTime="0.21" meanTravelTime="249.69" duration="1"/>
    <step time="504.50" loaded="1210" inserted="810" running="619" waiting="0" ended="191" meanWaitingTime="0.21" meanTravelTime="249.69" duration="2"/>
    <step time="504.60" loaded="1211" inserted="810" running="614" waiting="0" ended="196" meanWaitingTime="0.21" meanTravelTime="251.11" duration="1"/>
    <step time="504.70" loaded="1211" inserted="810" running="614" waiting="0" ended="196" meanWaitingTime="0.21" meanTravelTime="251.11" duration="2"/>
    <step time="504.80" loaded="1211" inserted="810" running="614" waiting="0" ended="196" meanWaitingTime="0.21" meanTravelTime="251.11" duration="1"/>
    <step time="504.90" loaded="1211" inserted="810" running="609" waiting="0" ended="201" meanWaitingTime="0.21" meanTravelTime="253.07" duration="2"/>
    <step time="505.00" loaded="1211" inserted="811" running="607" waiting="0" ended="204" meanWaitingTime="0.21" meanTravelTime="253.67" duration="1"/>
    <step time="505.10" loaded="1212" inserted="811" running="607" waiting="0" ended="204" meanWaitingTime="0.21" meanTravelTime="253.67" duration="2"/>
    <step time="505.20" loaded="1212" inserted="811" running="607" waiting="0" ended="204" meanWaitingTime="0.21" meanTravelTime="253.67" duration="1"/>
    <step time="505.30" loaded="1212" inserted="811" running="606" waiting="0" ended="205" meanWaitingTime="0.21" meanTravelTime="253.88" duration="1"/>
    <step time="505.40" loaded="1212" inserted="811" running="606" waiting="0" ended="205" meanWaitingTime="0.21" meanTravelTime="253.88" duration="2"/>
    <step time="505.50" loaded="1212" inserted="812" running="606" waiting="0" ended="206" meanWaitingTime="0.21" meanTravelTime="254.17" duration="1"/>
    <step time="505.60" loaded="1213" inserted="812" running="606" waiting="0" ended="206" meanWaitingTime="0.21" meanTravelTime="254.17" duration="1"/>
    <step time="505.70" loaded="1213" inserted="812" running="606" waiting="0" ended="206" meanWaitingTime="0.21" meanTravelTime="254.17" duration="2"/>
    <step time="505.80" loaded="1213" inserted="812" running="603" waiting="0" ended="209" meanWaitingTime="0.21" meanTravelTime="255.05" duration="1"/>
    <step time="505.90" loaded="1213" inserted="812" running="603" waiting="0" ended="209" meanWaitingTime="0.21" meanTravelTime="255.05" duration="2"/>
    <step time="506.00" loaded="1213" inserted="813" running="604" waiting="0" ended="209" meanWaitingTime="0.21" meanTravelTime="255.05" duration="2"/>
    <step time="506.10" loaded="1214" inserted="813" running="604" waiting="0" ended="209" meanWaitingTime="0.21" meanTravelTime="255.05" duration="2"/>
    <step time="506.20" loaded="1214" inserted="813" running="604" waiting="0" ended="209" meanWaitingTime="0.21" meanTravelTime="255.05" duration="2"/>
    <step time="506.30" loaded="1214" inserted="813" running="604" waiting="0" ended="209" meanWaitingTime="0.21" meanTravelTime="255.05" duration="2"/>
    <step time="506.40" loaded="1214" inserted="813" running="603" waiting="0" ended="210" meanWaitingTime="0.21" meanTravelTime="254.82" duration="1"/>
    <step time="506.50" loaded="1214" inserted="814" running="604" waiting="0" ended="210" meanWaitingTime="0.21" meanTravelTime="254.82" duration="2"/>
    <step time="506.60" loaded="1215" inserted="814" running="604" waiting="0" ended="210" meanWaitingTime="0.21" meanTravelTime="254.82" duration="1"/>
    <step time="506.70" loaded="1215" inserted="814" running="602" waiting="0" ended="212" meanWaitingTime="0.21" meanTravelTime="255.19" duration="2"/>
    <step time="506.80" loaded="1215" inserted="814" running="602" waiting="0" ended="212" meanWaitingTime="0.21" meanTravelTime="255.19" duration="1"/>
    <step time="506.90" loaded="1215" inserted="814" running="602" waiting="0" ended="212" meanWaitingTime="0.21" meanTravelTime="255.19" duration="2"/>
    <step time="507.00" loaded="1215" inserted="815" running="603" waiting="0" ended="212" meanWaitingTime="0.21" meanTravelTime="255.19" duration="1"/>
    <step time="507.10" loaded="1216" inserted="815" running="603" waiting="0" ended="212" meanWaitingTime="0.21" meanTravelTime="255.19" duration="1"/>
    <step time="507.20" loaded="1216" inserted="815" running="602" waiting="0" ended="213" meanWaitingTime="0.21" meanTravelTime="255.08" duration="1"/>
    <step time="507.30" loaded="1216" inserted="815" running="602" waiting="0" ended="213" meanWaitingTime="0.21" meanTravelTime="255.08" duration="2"/>
    <step time="507.40" loaded="1216" inserted="815" running="602" waiting="0" ended="213" meanWaitingTime="0.21" meanTravelTime="255.08" duration="1"/>
    <step time="507.50" loaded="1216" inserted="816" running="603" waiting="0" ended="213" meanWaitingTime="0.21" meanTravelTime="255.08" duration="1"/>
    <step time="507.60" loaded="1217" inserted="816" running="603" waiting="0" ended="213" meanWaitingTime="0.21" meanTravelTime="255.08" duration="1"/>
    <step time="507.70" loaded="1217" inserted="816" running="602" waiting="0" ended="214" meanWaitingTime="0.21" meanTravelTime="255.12" duration="2"/>
    <step time="507.80" loaded="1217" inserted="816" running="602" waiting="0" ended="214" meanWaitingTime="0.21" meanTravelTime="255.12" duration="1"/>
    <step time="507.90" loaded="1217" inserted="816" running="602" waiting="0" ended="214" meanWaitingTime="0.21" meanTravelTime="255.12" duration="1"/>
    <step time="508.00" loaded="1217" inserted="817" running="602" waiting="0" ended="215" meanWaitingTime="0.21" meanTravelTime="255.30" duration="2"/>
    <step time="508.10" loaded="1218" inserted="817" running="602" waiting="0" ended="215" meanWaitingTime="0.21" meanTravelTime="255.30" duration="1"/>
    <step time="508.20" loaded="1218" inserted="817" running="602" waiting="0" ended="215" meanWaitingTime="0.21" meanTravelTime="255.30" duration="1"/>
    <step time="508.30" loaded="1218" inserted="817" running="602" waiting="0" ended="215" meanWaitingTime="0.21" meanTravelTime="255.30" duration="2"/>
    <step time="508.40" loaded="1218" inserted="817" running="602" waiting="0" ended="215" meanWaitingTime="0.21" meanTravelTime="255.30" duration="1"/>
    <step time="508.50" loaded="1218" inserted="818" running="603" waiting="0" ended="215" meanWaitingTime="0.21" meanTravelTime="255.30" duration="2"/>
    <step time="508.60" loaded="1219" inserted="818" running="602" waiting="0" ended="216" meanWaitingTime="0.21" meanTravelTime="255.28" duration="1"/>
    <step time="508.70" loaded="1219" inserted="818" running="602" waiting="0" ended="216" meanWaitingTime="0.21" meanTravelTime="255.28" duration="2"/>
    <step time="508.80" loaded="1219" inserted="818" running="602" waiting="0" ended="216" meanWaitingTime="0.21" meanTravelTime="255.28" duration="1"/>
    <step time="508.90" loaded="1219" inserted="818" running="602" waiting="0" ended="216" meanWaitingTime="0.21" meanTravelTime="255.28" duration="2"/>
    <step time="509.00" loaded="1219" inserted="819" running="603" waiting="0" ended="216" meanWaitingTime="0.21" meanTravelTime="255.28" duration="1"/>
    <step time="509.10" loaded="1220" inserted="819" running="603" waiting="0" ended="216" meanWaitingTime="0.21" meanTravelTime="255.28" duration="2"/>
    <step time="509.20" loaded="1220" inserted="819" running="603" waiting="0" ended="216" meanWaitingTime="0.21" meanTravelTime="255.28" duration="1"/>
    <step time="509.30" loaded="1220" inserted="819" running="603" waiting="0" ended="216" meanWaitingTime="0.21" meanTravelTime="255.28" duration="1"/>
    <step time="509.40" loaded="1220" inserted="819" running="603" waiting="0" ended="216" meanWaitingTime="0.21" meanTravelTime="255.28" duration="1"/>
    <step time="509.50" loaded="1220" inserted="820" running="604" waiting="0" ended="216" meanWaitingTime="0.21" meanTravelTime="255.28" duration="1"/>
    <step time="509.60" loaded="1221" inserted="820" running="604" waiting="0" ended="216" meanWaitingTime="0.21" meanTravelTime="255.28" duration="2"/>
    <step time="509.70" loaded="1221" inserted="820" running="604" waiting="0" ended="216" meanWaitingTime="0.21" meanTravelTime="255.28" duration="1"/>
    <step time="509.80" loaded="1221" inserted="820" running="604" waiting="0" ended="216" meanWaitingTime="0.21" meanTravelTime="255.28" duration="1"/>
    <step time="509.90" loaded="1221" inserted="820" running="604" waiting="0" ended="216" meanWaitingTime="0.21" meanTravelTime="255.28" duration="1"/>
    <step time="510.00" loaded="1221" inserted="821" running="605" waiting="0" ended="216" meanWaitingTime="0.21" meanTravelTime="255.28" duration="1"/>
    <step time="510.10" loaded="1222" inserted="821" running="604" waiting="0" ended="217" meanWaitingTime="0.21" meanTravelTime="255.35" duration="2"/>
    <step time="510.20" loaded="1222" inserted="821" running="604" waiting="0" ended="217" meanWaitingTime="0.21" meanTravelTime="255.35" duration="1"/>
    <step time="510.30" loaded="1222" inserted="821" running="604" waiting="0" ended="217" meanWaitingTime="0.21" meanTravelTime="255.35" duration="1"/>
    <step time="510.40" loaded="1222" inserted="821" running="604" waiting="0" ended="217" meanWaitingTime="0.21" meanTravelTime="255.35" duration="1"/>
    <step time="510.50" loaded="1222" inserted="822" running="605" waiting="0" ended="217" meanWaitingTime="0.21" meanTravelTime="255.35" duration="2"/>
    <step time="510.60" loaded="1223" inserted="822" running="605" waiting="0" ended="217" meanWaitingTime="0.21" meanTravelTime="255.35" duration="1"/>
    <step time="510.70" loaded="1223" inserted="822" running="605" waiting="0" ended="217" meanWaitingTime="0.21" meanTravelTime="255.35" duration="2"/>
    <step time="510.80" loaded="1223" inserted="822" running="605" waiting="0" ended="217" meanWaitingTime="0.21" meanTravelTime="255.35" duration="1"/>
    <step time="510.90" loaded="1223" inserted="822" running="605" waiting="0" ended="217" meanWaitingTime="0.21" meanTravelTime="255.35" duration="2"/>
    <step time="511.00" loaded="1223" inserted="822" running="604" waiting="1" ended="218" meanWaitingTime="0.21" meanTravelTime="255.27" duration="1"/>
    <step time="511.10" loaded="1224" inserted="822" running="604" waiting="1" ended="218" meanWaitingTime="0.21" meanTravelTime="255.27" duration="1"/>
    <step time="511.20" loaded="1224" inserted="822" running="604" waiting="1" ended="218" meanWaitingTime="0.21" meanTravelTime="255.27" duration="2"/>
    <step time="511.30" loaded="1224" inserted="822" running="604" waiting="1" ended="218" meanWaitingTime="0.21" meanTravelTime="255.27" duration="2"/>
    <step time="511.40" loaded="1224" inserted="822" running="604" waiting="1" ended="218" meanWaitingTime="0.21" meanTravelTime="255.27" duration="1"/>
    <step time="511.50" loaded="1224" inserted="823" running="605" waiting="1" ended="218" meanWaitingTime="0.21" meanTravelTime="255.27" duration="1"/>
    <step time="511.60" loaded="1225" inserted="823" running="605" waiting="1" ended="218" meanWaitingTime="0.21" meanTravelTime="255.27" duration="2"/>
    <step time="511.70" loaded="1225" inserted="823" running="605" waiting="1" ended="218" meanWaitingTime="0.21" meanTravelTime="255.27" duration="1"/>
    <step time="511.80" loaded="1225" inserted="823" running="604" waiting="1" ended="219" meanWaitingTime="0.21" meanTravelTime="255.74" duration="2"/>
    <step time="511.90" loaded="1225" inserted="824" running="605" waiting="0" ended="219" meanWaitingTime="0.21" meanTravelTime="255.74" duration="1"/>
    <step time="512.00" loaded="1225" inserted="825" running="604" waiting="0" ended="221" meanWaitingTime="0.21" meanTravelTime="256.11" duration="1"/>
    <step time="512.10" loaded="1226" inserted="825" running="601" waiting="0" ended="224" meanWaitingTime="0.21" meanTravelTime="256.59" duration="2"/>
    <step time="512.20" loaded="1226" inserted="825" running="600" waiting="0" ended="225" meanWaitingTime="0.21" meanTravelTime="256.65" duration="1"/>
    <step time="512.30" loaded="1226" inserted="825" running="600" waiting="0" ended="225" meanWaitingTime="0.21" meanTravelTime="256.65" duration="1"/>
    <step time="512.40" loaded="1226" inserted="825" running="600" waiting="0" ended="225" meanWaitingTime="0.21" meanTravelTime="256.65" duration="1"/>
    <step time="512.50" loaded="1226" inserted="825" running="598" waiting="1" ended="227" meanWaitingTime="0.21" meanTravelTime="256.35" duration="1"/>
    <step time="512.60" loaded="1227" inserted="825" running="597" waiting="1" ended="228" meanWaitingTime="0.21" meanTravelTime="256.75" duration="2"/>
    <step time="512.70" loaded="1227" inserted="825" running="597" waiting="1" ended="228" meanWaitingTime="0.21" meanTravelTime="256.75" duration="1"/>
    <step time="512.80" loaded="1227" inserted="825" running="597" waiting="1" ended="228" meanWaitingTime="0.21" meanTravelTime="256.75" duration="1"/>
    <step time="512.90" loaded="1227" inserted="825" running="597" waiting="1" ended="228" meanWaitingTime="0.21" meanTravelTime="256.75" duration="2"/>
    <step time="513.00" loaded="1227" inserted="826" running="597" waiting="1" ended="229" meanWaitingTime="0.21" meanTravelTime="256.74" duration="1"/>
    <step time="513.10" loaded="1228" inserted="826" running="597" waiting="1" ended="229" meanWaitingTime="0.21" meanTravelTime="256.74" duration="1"/>
    <step time="513.20" loaded="1228" inserted="826" running="597" waiting="1" ended="229" meanWaitingTime="0.21" meanTravelTime="256.74" duration="2"/>
    <step time="513.30" loaded="1228" inserted="826" running="597" waiting="1" ended="229" meanWaitingTime="0.21" meanTravelTime="256.74" duration="1"/>
    <step time="513.40" loaded="1228" inserted="826" running="597" waiting="1" ended="229" meanWaitingTime="0.21" meanTravelTime="256.74" duration="1"/>
    <step time="513.50" loaded="1228" inserted="827" running="598" waiting="1" ended="229" meanWaitingTime="0.21" meanTravelTime="256.74" duration="1"/>
    <step time="513.60" loaded="1229" inserted="827" running="598" waiting="1" ended="229" meanWaitingTime="0.21" meanTravelTime="256.74" duration="1"/>
    <step time="513.70" loaded="1229" inserted="827" running="598" waiting="1" ended="229" meanWaitingTime="0.21" meanTravelTime="256.74" duration="2"/>
    <step time="513.80" loaded="1229" inserted="827" running="598" waiting="1" ended="229" meanWaitingTime="0.21" meanTravelTime="256.74" duration="1"/>
    <step time="513.90" loaded="1229" inserted="827" running="597" waiting="1" ended="230" meanWaitingTime="0.21" meanTravelTime="256.44" duration="1"/>
    <step time="514.00" loaded="1229" inserted="827" running="597" waiting="2" ended="230" meanWaitingTime="0.21" meanTravelTime="256.44" duration="1"/>
    <step time="514.10" loaded="1230" inserted="827" running="597" waiting="2" ended="230" meanWaitingTime="0.21" meanTravelTime="256.44" duration="1"/>
    <step time="514.20" loaded="1230" inserted="827" running="596" waiting="2" ended="231" meanWaitingTime="0.21" meanTravelTime="256.40" duration="2"/>
    <step time="514.30" loaded="1230" inserted="827" running="596" waiting="2" ended="231" meanWaitingTime="0.21" meanTravelTime="256.40" duration="1"/>
    <step time="514.40" loaded="1230" inserted="827" running="594" waiting="2" ended="233" meanWaitingTime="0.21" meanTravelTime="256.51" duration="1"/>
    <step time="514.50" loaded="1230" inserted="828" running="595" waiting="2" ended="233" meanWaitingTime="0.21" meanTravelTime="256.51" duration="2"/>
    <step time="514.60" loaded="1231" inserted="828" running="595" waiting="2" ended="233" meanWaitingTime="0.21" meanTravelTime="256.51" duration="1"/>
    <step time="514.70" loaded="1231" inserted="828" running="595" waiting="2" ended="233" meanWaitingTime="0.21" meanTravelTime="256.51" duration="1"/>
    <step time="514.80" loaded="1231" inserted="828" running="593" waiting="2" ended="235" meanWaitingTime="0.21" meanTravelTime="257.02" duration="1"/>
    <step time="514.90" loaded="1231" inserted="828" running="593" waiting="2" ended="235" meanWaitingTime="0.21" meanTravelTime="257.02" duration="2"/>
    <step time="515.00" loaded="1231" inserted="828" running="593" waiting="3" ended="235" meanWaitingTime="0.21" meanTravelTime="257.02" duration="1"/>
    <step time="515.10" loaded="1232" inserted="828" running="593" waiting="3" ended="235" meanWaitingTime="0.21" meanTravelTime="257.02" duration="1"/>
    <step time="515.20" loaded="1232" inserted="828" running="593" waiting="3" ended="235" meanWaitingTime="0.21" meanTravelTime="257.02" duration="1"/>
    <step time="515.30" loaded="1232" inserted="828" running="593" waiting="3" ended="235" meanWaitingTime="0.21" meanTravelTime="257.02" duration="1"/>
    <step time="515.40" loaded="1232" inserted="828" running="593" waiting="3" ended="235" meanWaitingTime="0.21" meanTravelTime="257.02" duration="1"/>
    <step time="515.50" loaded="1232" inserted="829" running="594" waiting="3" ended="235" meanWaitingTime="0.21" meanTravelTime="257.02" duration="1"/>
    <step time="515.60" loaded="1233" inserted="829" running="594" waiting="3" ended="235" meanWaitingTime="0.21" meanTravelTime="257.02" duration="2"/>
    <step time="515.70" loaded="1233" inserted="829" running="594" waiting="3" ended="235" meanWaitingTime="0.21" meanTravelTime="257.02" duration="2"/>
    <step time="515.80" loaded="1233" inserted="829" running="594" waiting="3" ended="235" meanWaitingTime="0.21" meanTravelTime="257.02" duration="1"/>
    <step time="515.90" loaded="1233" inserted="829" running="594" waiting="3" ended="235" meanWaitingTime="0.21" meanTravelTime="257.02" duration="1"/>
    <step time="516.00" loaded="1233" inserted="830" running="594" waiting="3" ended="236" meanWaitingTime="0.21" meanTravelTime="256.91" duration="1"/>
    <step time="516.10" loaded="1234" inserted="830" running="594" waiting="3" ended="236" meanWaitingTime="0.21" meanTravelTime="256.91" duration="1"/>
    <step time="516.20" loaded="1234" inserted="830" running="594" waiting="3" ended="236" meanWaitingTime="0.21" meanTravelTime="256.91" duration="1"/>
    <step time="516.30" loaded="1234" inserted="830" running="594" waiting="3" ended="236" meanWaitingTime="0.21" meanTravelTime="256.91" duration="2"/>
    <step time="516.40" loaded="1234" inserted="830" running="594" waiting="3" ended="236" meanWaitingTime="0.21" meanTravelTime="256.91" duration="1"/>
    <step time="516.50" loaded="1234" inserted="831" running="593" waiting="3" ended="238" meanWaitingTime="0.20" meanTravelTime="257.01" duration="1"/>
    <step time="516.60" loaded="1235" inserted="831" running="593" waiting="3" ended="238" meanWaitingTime="0.20" meanTravelTime="257.01" duration="1"/>
    <step time="516.70" loaded="1235" inserted="831" running="593" waiting="3" ended="238" meanWaitingTime="0.20" meanTravelTime="257.01" duration="1"/>
    <step time="516.80" loaded="1235" inserted="831" running="593" waiting="3" ended="238" meanWaitingTime="0.20" meanTravelTime="257.01" duration="1"/>
    <step time="516.90" loaded="1235" inserted="831" running="593" waiting="3" ended="238" meanWaitingTime="0.20" meanTravelTime="257.01" duration="1"/>
    <step time="517.00" loaded="1235" inserted="832" running="594" waiting="3" ended="238" meanWaitingTime="0.20" meanTravelTime="257.01" duration="1"/>
    <step time="517.10" loaded="1236" inserted="832" running="594" waiting="3" ended="238" meanWaitingTime="0.20" meanTravelTime="257.01" duration="2"/>
    <step time="517.20" loaded="1236" inserted="832" running="593" waiting="3" ended="239" meanWaitingTime="0.20" meanTravelTime="257.32" duration="1"/>
    <step time="517.30" loaded="1236" inserted="832" running="593" waiting="3" ended="239" meanWaitingTime="0.20" meanTravelTime="257.32" duration="1"/>
    <step time="517.40" loaded="1236" inserted="832" running="593" waiting="3" ended="239" meanWaitingTime="0.20" meanTravelTime="257.32" duration="1"/>
    <step time="517.50" loaded="1236" inserted="834" running="594" waiting="2" ended="240" meanWaitingTime="0.21" meanTravelTime="257.33" duration="1"/>
    <step time="517.60" loaded="1237" inserted="835" running="594" waiting="1" ended="241" meanWaitingTime="0.21" meanTravelTime="257.84" duration="1"/>
    <step time="517.70" loaded="1237" inserted="835" running="594" waiting="1" ended="241" meanWaitingTime="0.21" meanTravelTime="257.84" duration="1"/>
    <step time="517.80" loaded="1237" inserted="835" running="594" waiting="1" ended="241" meanWaitingTime="0.21" meanTravelTime="257.84" duration="1"/>
    <step time="517.90" loaded="1237" inserted="835" running="593" waiting="1" ended="242" meanWaitingTime="0.21" meanTravelTime="258.18" duration="2"/>
    <step time="518.00" loaded="1237" inserted="836" running="594" waiting="1" ended="242" meanWaitingTime="0.21" meanTravelTime="258.18" duration="1"/>
    <step time="518.10" loaded="1238" inserted="836" running="594" waiting="1" ended="242" meanWaitingTime="0.21" meanTravelTime="258.18" duration="1"/>
    <step time="518.20" loaded="1238" inserted="836" running="594" waiting="1" ended="242" meanWaitingTime="0.21" meanTravelTime="258.18" duration="1"/>
    <step time="518.30" loaded="1238" inserted="836" running="594" waiting="1" ended="242" meanWaitingTime="0.21" meanTravelTime="258.18" duration="1"/>
    <step time="518.40" loaded="1238" inserted="836" running="594" waiting="1" ended="242" meanWaitingTime="0.21" meanTravelTime="258.18" duration="1"/>
    <step time="518.50" loaded="1238" inserted="836" running="594" waiting="2" ended="242" meanWaitingTime="0.21" meanTravelTime="258.18" duration="1"/>
    <step time="518.60" loaded="1239" inserted="836" running="593" waiting="2" ended="243" meanWaitingTime="0.21" meanTravelTime="258.08" duration="1"/>
    <step time="518.70" loaded="1239" inserted="836" running="593" waiting="2" ended="243" meanWaitingTime="0.21" meanTravelTime="258.08" duration="2"/>
    <step time="518.80" loaded="1239" inserted="836" running="593" waiting="2" ended="243" meanWaitingTime="0.21" meanTravelTime="258.08" duration="1"/>
    <step time="518.90" loaded="1239" inserted="836" running="593" waiting="2" ended="243" meanWaitingTime="0.21" meanTravelTime="258.08" duration="1"/>
    <step time="519.00" loaded="1239" inserted="837" running="594" waiting="2" ended="243" meanWaitingTime="0.21" meanTravelTime="258.08" duration="2"/>
    <step time="519.10" loaded="1240" inserted="837" running="594" waiting="2" ended="243" meanWaitingTime="0.21" meanTravelTime="258.08" duration="1"/>
    <step time="519.20" loaded="1240" inserted="837" running="594" waiting="2" ended="243" meanWaitingTime="0.21" meanTravelTime="258.08" duration="1"/>
    <step time="519.30" loaded="1240" inserted="838" running="595" waiting="1" ended="243" meanWaitingTime="0.21" meanTravelTime="258.08" duration="1"/>
    <step time="519.40" loaded="1240" inserted="838" running="595" waiting="1" ended="243" meanWaitingTime="0.21" meanTravelTime="258.08" duration="1"/>
    <step time="519.50" loaded="1240" inserted="839" running="595" waiting="1" ended="244" meanWaitingTime="0.21" meanTravelTime="258.62" duration="2"/>
    <step time="519.60" loaded="1241" inserted="839" running="595" waiting="1" ended="244" meanWaitingTime="0.21" meanTravelTime="258.62" duration="1"/>
    <step time="519.70" loaded="1241" inserted="839" running="592" waiting="1" ended="247" meanWaitingTime="0.21" meanTravelTime="258.89" duration="1"/>
    <step time="519.80" loaded="1241" inserted="839" running="592" waiting="1" ended="247" meanWaitingTime="0.21" meanTravelTime="258.89" duration="1"/>
    <step time="519.90" loaded="1241" inserted="839" running="590" waiting="1" ended="249" meanWaitingTime="0.21" meanTravelTime="259.27" duration="1"/>
    <step time="520.00" loaded="1241" inserted="839" running="590" waiting="2" ended="249" meanWaitingTime="0.21" meanTravelTime="259.27" duration="1"/>
    <step time="520.10" loaded="1242" inserted="839" running="590" waiting="2" ended="249" meanWaitingTime="0.21" meanTravelTime="259.27" duration="2"/>
    <step time="520.20" loaded="1242" inserted="839" running="587" waiting="2" ended="252" meanWaitingTime="0.21" meanTravelTime="259.72" duration="1"/>
    <step time="520.30" loaded="1242" inserted="839" running="587" waiting="2" ended="252" meanWaitingTime="0.21" meanTravelTime="259.72" duration="1"/>
    <step time="520.40" loaded="1242" inserted="839" running="587" waiting="2" ended="252" meanWaitingTime="0.21" meanTravelTime="259.72" duration="2"/>
    <step time="520.50" loaded="1242" inserted="839" running="586" waiting="3" ended="253" meanWaitingTime="0.21" meanTravelTime="259.51" duration="1"/>
    <step time="520.60" loaded="1243" inserted="839" running="585" waiting="3" ended="254" meanWaitingTime="0.21" meanTravelTime="259.35" duration="1"/>
    <step time="520.70" loaded="1243" inserted="839" running="585" waiting="3" ended="254" meanWaitingTime="0.21" meanTravelTime="259.35" duration="1"/>
    <step time="520.80" loaded="1243" inserted="839" running="585" waiting="3" ended="254" meanWaitingTime="0.21" meanTravelTime="259.35" duration="1"/>
    <step time="520.90" loaded="1243" inserted="839" running="583" waiting="3" ended="256" meanWaitingTime="0.21" meanTravelTime="259.81" duration="1"/>
    <step time="521.00" loaded="1243" inserted="840" running="584" waiting="3" ended="256" meanWaitingTime="0.21" meanTravelTime="259.81" duration="1"/>
    <step time="521.10" loaded="1244" inserted="840" running="582" waiting="3" ended="258" meanWaitingTime="0.21" meanTravelTime="259.67" duration="1"/>
    <step time="521.20" loaded="1244" inserted="840" running="581" waiting="3" ended="259" meanWaitingTime="0.21" meanTravelTime="259.68" duration="2"/>
    <step time="521.30" loaded="1244" inserted="840" running="581" waiting="3" ended="259" meanWaitingTime="0.21" meanTravelTime="259.68" duration="1"/>
    <step time="521.40" loaded="1244" inserted="840" running="581" waiting="3" ended="259" meanWaitingTime="0.21" meanTravelTime="259.68" duration="1"/>
    <step time="521.50" loaded="1244" inserted="841" running="582" waiting="3" ended="259" meanWaitingTime="0.21" meanTravelTime="259.68" duration="1"/>
    <step time="521.60" loaded="1245" inserted="841" running="580" waiting="3" ended="261" meanWaitingTime="0.21" meanTravelTime="260.00" duration="2"/>
    <step time="521.70" loaded="1245" inserted="841" running="580" waiting="3" ended="261" meanWaitingTime="0.21" meanTravelTime="260.00" duration="1"/>
    <step time="521.80" loaded="1245" inserted="841" running="580" waiting="3" ended="261" meanWaitingTime="0.21" meanTravelTime="260.00" duration="1"/>
    <step time="521.90" loaded="1245" inserted="841" running="580" waiting="3" ended="261" meanWaitingTime="0.21" meanTravelTime="260.00" duration="2"/>
    <step time="522.00" loaded="1245" inserted="842" running="580" waiting="3" ended="262" meanWaitingTime="0.21" meanTravelTime="260.36" duration="1"/>
    <step time="522.10" loaded="1246" inserted="842" running="580" waiting="3" ended="262" meanWaitingTime="0.21" meanTravelTime="260.36" duration="1"/>
    <step time="522.20" loaded="1246" inserted="842" running="580" waiting="3" ended="262" meanWaitingTime="0.21" meanTravelTime="260.36" duration="1"/>
    <step time="522.30" loaded="1246" inserted="843" running="579" waiting="2" ended="264" meanWaitingTime="0.21" meanTravelTime="260.03" duration="1"/>
    <step time="522.40" loaded="1246" inserted="843" running="579" waiting="2" ended="264" meanWaitingTime="0.21" meanTravelTime="260.03" duration="2"/>
    <step time="522.50" loaded="1246" inserted="843" running="579" waiting="3" ended="264" meanWaitingTime="0.21" meanTravelTime="260.03" duration="0"/>
    <step time="522.60" loaded="1247" inserted="843" running="579" waiting="3" ended="264" meanWaitingTime="0.21" meanTravelTime="260.03" duration="1"/>
    <step time="522.70" loaded="1247" inserted="843" running="579" waiting="3" ended="264" meanWaitingTime="0.21" meanTravelTime="260.03" duration="1"/>
    <step time="522.80" loaded="1247" inserted="844" running="579" waiting="2" ended="265" meanWaitingTime="0.22" meanTravelTime="259.94" duration="1"/>
    <step time="522.90" loaded="1247" inserted="844" running="579" waiting="2" ended="265" meanWaitingTime="0.22" meanTravelTime="259.94" duration="1"/>
    <step time="523.00" loaded="1247" inserted="845" running="578" waiting="2" ended="267" meanWaitingTime="0.22" meanTravelTime="260.09" duration="1"/>
    <step time="523.10" loaded="1248" inserted="845" running="578" waiting="2" ended="267" meanWaitingTime="0.22" meanTravelTime="260.09" duration="1"/>
    <step time="523.20" loaded="1248" inserted="845" running="578" waiting="2" ended="267" meanWaitingTime="0.22" meanTravelTime="260.09" duration="1"/>
    <step time="523.30" loaded="1248" inserted="845" running="578" waiting="2" ended="267" meanWaitingTime="0.22" meanTravelTime="260.09" duration="1"/>
    <step time="523.40" loaded="1248" inserted="845" running="578" waiting="2" ended="267" meanWaitingTime="0.22" meanTravelTime="260.09" duration="1"/>
    <step time="523.50" loaded="1248" inserted="846" running="579" waiting="2" ended="267" meanWaitingTime="0.21" meanTravelTime="260.09" duration="1"/>
    <step time="523.60" loaded="1249" inserted="846" running="579" waiting="2" ended="267" meanWaitingTime="0.21" meanTravelTime="260.09" duration="1"/>
    <step time="523.70" loaded="1249" inserted="846" running="579" waiting="2" ended="267" meanWaitingTime="0.21" meanTravelTime="260.09" duration="1"/>
    <step time="523.80" loaded="1249" inserted="846" running="579" waiting="2" ended="267" meanWaitingTime="0.21" meanTravelTime="260.09" duration="1"/>
    <step time="523.90" loaded="1249" inserted="846" running="579" waiting="2" ended="267" meanWaitingTime="0.21" meanTravelTime="260.09" duration="1"/>
    <step time="524.00" loaded="1249" inserted="847" running="580" waiting="2" ended="267" meanWaitingTime="0.21" meanTravelTime="260.09" duration="1"/>
    <step time="524.10" loaded="1250" inserted="847" running="580" waiting="2" ended="267" meanWaitingTime="0.21" meanTravelTime="260.09" duration="1"/>
    <step time="524.20" loaded="1250" inserted="847" running="580" waiting="2" ended="267" meanWaitingTime="0.21" meanTravelTime="260.09" duration="1"/>
    <step time="524.30" loaded="1250" inserted="847" running="580" waiting="2" ended="267" meanWaitingTime="0.21" meanTravelTime="260.09" duration="1"/>
    <step time="524.40" loaded="1250" inserted="847" running="580" waiting="2" ended="267" meanWaitingTime="0.21" meanTravelTime="260.09" duration="1"/>
    <step time="524.50" loaded="1250" inserted="848" running="581" waiting="2" ended="267" meanWaitingTime="0.21" meanTravelTime="260.09" duration="1"/>
    <step time="524.60" loaded="1251" inserted="848" running="581" waiting="2" ended="267" meanWaitingTime="0.21" meanTravelTime="260.09" duration="1"/>
    <step time="524.70" loaded="1251" inserted="849" running="582" waiting="1" ended="267" meanWaitingTime="0.23" meanTravelTime="260.09" duration="1"/>
    <step time="524.80" loaded="1251" inserted="849" running="582" waiting="1" ended="267" meanWaitingTime="0.23" meanTravelTime="260.09" duration="1"/>
    <step time="524.90" loaded="1251" inserted="849" running="582" waiting="1" ended="267" meanWaitingTime="0.23" meanTravelTime="260.09" duration="1"/>
    <step time="525.00" loaded="1251" inserted="850" running="583" waiting="1" ended="267" meanWaitingTime="0.23" meanTravelTime="260.09" duration="1"/>
    <step time="525.10" loaded="1252" inserted="850" running="583" waiting="1" ended="267" meanWaitingTime="0.23" meanTravelTime="260.09" duration="1"/>
    <step time="525.20" loaded="1252" inserted="850" running="583" waiting="1" ended="267" meanWaitingTime="0.23" meanTravelTime="260.09" duration="1"/>
    <step time="525.30" loaded="1252" inserted="850" running="583" waiting="1" ended="267" meanWaitingTime="0.23" meanTravelTime="260.09" duration="1"/>
    <step time="525.40" loaded="1252" inserted="850" running="583" waiting="1" ended="267" meanWaitingTime="0.23" meanTravelTime="260.09" duration="1"/>
    <step time="525.50" loaded="1252" inserted="851" running="584" waiting="1" ended="267" meanWaitingTime="0.23" meanTravelTime="260.09" duration="1"/>
    <step time="525.60" loaded="1253" inserted="851" running="584" waiting="1" ended="267" meanWaitingTime="0.23" meanTravelTime="260.09" duration="1"/>
    <step time="525.70" loaded="1253" inserted="851" running="584" waiting="1" ended="267" meanWaitingTime="0.23" meanTravelTime="260.09" duration="1"/>
    <step time="525.80" loaded="1253" inserted="851" running="583" waiting="1" ended="268" meanWaitingTime="0.23" meanTravelTime="260.39" duration="1"/>
    <step time="525.90" loaded="1253" inserted="851" running="583" waiting="1" ended="268" meanWaitingTime="0.23" meanTravelTime="260.39" duration="1"/>
    <step time="526.00" loaded="1253" inserted="852" running="584" waiting="1" ended="268" meanWaitingTime="0.23" meanTravelTime="260.39" duration="2"/>
    <step time="526.10" loaded="1254" inserted="852" running="584" waiting="1" ended="268" meanWaitingTime="0.23" meanTravelTime="260.39" duration="0"/>
    <step time="526.20" loaded="1254" inserted="852" running="582" waiting="1" ended="270" meanWaitingTime="0.23" meanTravelTime="260.96" duration="0"/>
    <step time="526.30" loaded="1254" inserted="852" running="582" waiting="1" ended="270" meanWaitingTime="0.23" meanTravelTime="260.96" duration="1"/>
    <step time="526.40" loaded="1254" inserted="852" running="582" waiting="1" ended="270" meanWaitingTime="0.23" meanTravelTime="260.96" duration="1"/>
    <step time="526.50" loaded="1254" inserted="853" running="580" waiting="1" ended="273" meanWaitingTime="0.23" meanTravelTime="261.22" duration="1"/>
    <step time="526.60" loaded="1255" inserted="853" running="580" waiting="1" ended="273" meanWaitingTime="0.23" meanTravelTime="261.22" duration="1"/>
    <step time="526.70" loaded="1255" inserted="853" running="580" waiting="1" ended="273" meanWaitingTime="0.23" meanTravelTime="261.22" duration="1"/>
    <step time="526.80" loaded="1255" inserted="853" running="580" waiting="1" ended="273" meanWaitingTime="0.23" meanTravelTime="261.22" duration="1"/>
    <step time="526.90" loaded="1255" inserted="853" running="579" waiting="1" ended="274" meanWaitingTime="0.23" meanTravelTime="261.21" duration="0"/>
    <step time="527.00" loaded="1255" inserted="854" running="580" waiting="1" ended="274" meanWaitingTime="0.23" meanTravelTime="261.21" duration="1"/>
    <step time="527.10" loaded="1256" inserted="854" running="580" waiting="1" ended="274" meanWaitingTime="0.23" meanTravelTime="261.21" duration="1"/>
    <step time="527.20" loaded="1256" inserted="854" running="580" waiting="1" ended="274" meanWaitingTime="0.23" meanTravelTime="261.21" duration="1"/>
    <step time="527.30" loaded="1256" inserted="854" running="580" waiting="1" ended="274" meanWaitingTime="0.23" meanTravelTime="261.21" duration="1"/>
    <step time="527.40" loaded="1256" inserted="854" running="579" waiting="1" ended="275" meanWaitingTime="0.23" meanTravelTime="261.41" duration="0"/>
    <step time="527.50" loaded="1256" inserted="855" running="580" waiting="1" ended="275" meanWaitingTime="0.23" meanTravelTime="261.41" duration="1"/>
    <step time="527.60" loaded="1257" inserted="855" running="580" waiting="1" ended="275" meanWaitingTime="0.23" meanTravelTime="261.41" duration="1"/>
    <step time="527.70" loaded="1257" inserted="855" running="580" waiting="1" ended="275" meanWaitingTime="0.23" meanTravelTime="261.41" duration="1"/>
    <step time="527.80" loaded="1257" inserted="855" running="580" waiting="1" ended="275" meanWaitingTime="0.23" meanTravelTime="261.41" duration="1"/>
    <step time="527.90" loaded="1257" inserted="855" running="580" waiting="1" ended="275" meanWaitingTime="0.23" meanTravelTime="261.41" duration="1"/>
    <step time="528.00" loaded="1257" inserted="856" running="581" waiting="1" ended="275" meanWaitingTime="0.23" meanTravelTime="261.41" duration="2"/>
    <step time="528.10" loaded="1258" inserted="856" running="581" waiting="1" ended="275" meanWaitingTime="0.23" meanTravelTime="261.41" duration="1"/>
    <step time="528.20" loaded="1258" inserted="856" running="580" waiting="1" ended="276" meanWaitingTime="0.23" meanTravelTime="261.65" duration="1"/>
    <step time="528.30" loaded="1258" inserted="856" running="580" waiting="1" ended="276" meanWaitingTime="0.23" meanTravelTime="261.65" duration="1"/>
    <step time="528.40" loaded="1258" inserted="856" running="580" waiting="1" ended="276" meanWaitingTime="0.23" meanTravelTime="261.65" duration="1"/>
    <step time="528.50" loaded="1258" inserted="857" running="581" waiting="1" ended="276" meanWaitingTime="0.23" meanTravelTime="261.65" duration="1"/>
    <step time="528.60" loaded="1259" inserted="858" running="582" waiting="0" ended="276" meanWaitingTime="0.23" meanTravelTime="261.65" duration="1"/>
    <step time="528.70" loaded="1259" inserted="858" running="582" waiting="0" ended="276" meanWaitingTime="0.23" meanTravelTime="261.65" duration="1"/>
    <step time="528.80" loaded="1259" inserted="858" running="581" waiting="0" ended="277" meanWaitingTime="0.23" meanTravelTime="261.99" duration="1"/>
    <step time="528.90" loaded="1259" inserted="858" running="581" waiting="0" ended="277" meanWaitingTime="0.23" meanTravelTime="261.99" duration="0"/>
    <step time="529.00" loaded="1259" inserted="859" running="582" waiting="0" ended="277" meanWaitingTime="0.23" meanTravelTime="261.99" duration="1"/>
    <step time="529.10" loaded="1260" inserted="859" running="582" waiting="0" ended="277" meanWaitingTime="0.23" meanTravelTime="261.99" duration="1"/>
    <step time="529.20" loaded="1260" inserted="859" running="582" waiting="0" ended="277" meanWaitingTime="0.23" meanTravelTime="261.99" duration="1"/>
    <step time="529.30" loaded="1260" inserted="859" running="582" waiting="0" ended="277" meanWaitingTime="0.23" meanTravelTime="261.99" duration="0"/>
    <step time="529.40" loaded="1260" inserted="859" running="582" waiting="0" ended="277" meanWaitingTime="0.23" meanTravelTime="261.99" duration="1"/>
    <step time="529.50" loaded="1260" inserted="860" running="583" waiting="0" ended="277" meanWaitingTime="0.23" meanTravelTime="261.99" duration="1"/>
    <step time="529.60" loaded="1261" inserted="860" running="583" waiting="0" ended="277" meanWaitingTime="0.23" meanTravelTime="261.99" duration="0"/>
    <step time="529.70" loaded="1261" inserted="860" running="583" waiting="0" ended="277" meanWaitingTime="0.23" meanTravelTime="261.99" duration="1"/>
    <step time="529.80" loaded="1261" inserted="860" running="583" waiting="0" ended="277" meanWaitingTime="0.23" meanTravelTime="261.99" duration="1"/>
    <step time="529.90" loaded="1261" inserted="860" running="583" waiting="0" ended="277" meanWaitingTime="0.23" meanTravelTime="261.99" duration="0"/>
    <step time="530.00" loaded="1261" inserted="861" running="583" waiting="0" ended="278" meanWaitingTime="0.23" meanTravelTime="262.37" duration="1"/>
    <step time="530.10" loaded="1262" inserted="861" running="583" waiting="0" ended="278" meanWaitingTime="0.23" meanTravelTime="262.37" duration="1"/>
    <step time="530.20" loaded="1262" inserted="861" running="583" waiting="0" ended="278" meanWaitingTime="0.23" meanTravelTime="262.37" duration="0"/>
    <step time="530.30" loaded="1262" inserted="861" running="583" waiting="0" ended="278" meanWaitingTime="0.23" meanTravelTime="262.37" duration="1"/>
    <step time="530.40" loaded="1262" inserted="861" running="583" waiting="0" ended="278" meanWaitingTime="0.23" meanTravelTime="262.37" duration="1"/>
    <step time="530.50" loaded="1262" inserted="862" running="583" waiting="0" ended="279" meanWaitingTime="0.23" meanTravelTime="262.39" duration="0"/>
    <step time="530.60" loaded="1263" inserted="862" running="583" waiting="0" ended="279" meanWaitingTime="0.23" meanTravelTime="262.39" duration="1"/>
    <step time="530.70" loaded="1263" inserted="862" running="583" waiting="0" ended="279" meanWaitingTime="0.23" meanTravelTime="262.39" duration="1"/>
    <step time="530.80" loaded="1263" inserted="862" running="583" waiting="0" ended="279" meanWaitingTime="0.23" meanTravelTime="262.39" duration="0"/>
    <step time="530.90" loaded="1263" inserted="862" running="583" waiting="0" ended="279" meanWaitingTime="0.23" meanTravelTime="262.39" duration="1"/>
    <step time="531.00" loaded="1263" inserted="863" running="584" waiting="0" ended="279" meanWaitingTime="0.23" meanTravelTime="262.39" duration="1"/>
    <step time="531.10" loaded="1264" inserted="863" running="584" waiting="0" ended="279" meanWaitingTime="0.23" meanTravelTime="262.39" duration="0"/>
    <step time="531.20" loaded="1264" inserted="863" running="584" waiting="0" ended="279" meanWaitingTime="0.23" meanTravelTime="262.39" duration="1"/>
    <step time="531.30" loaded="1264" inserted="863" running="584" waiting="0" ended="279" meanWaitingTime="0.23" meanTravelTime="262.39" duration="1"/>
    <step time="531.40" loaded="1264" inserted="863" running="583" waiting="0" ended="280" meanWaitingTime="0.23" meanTravelTime="262.32" duration="0"/>
    <step time="531.50" loaded="1264" inserted="864" running="584" waiting="0" ended="280" meanWaitingTime="0.23" meanTravelTime="262.32" duration="1"/>
    <step time="531.60" loaded="1265" inserted="864" running="584" waiting="0" ended="280" meanWaitingTime="0.23" meanTravelTime="262.32" duration="1"/>
    <step time="531.70" loaded="1265" inserted="864" running="584" waiting="0" ended="280" meanWaitingTime="0.23" meanTravelTime="262.32" duration="0"/>
    <step time="531.80" loaded="1265" inserted="864" running="584" waiting="0" ended="280" meanWaitingTime="0.23" meanTravelTime="262.32" duration="1"/>
    <step time="531.90" loaded="1265" inserted="864" running="584" waiting="0" ended="280" meanWaitingTime="0.23" meanTravelTime="262.32" duration="0"/>
    <step time="532.00" loaded="1265" inserted="865" running="585" waiting="0" ended="280" meanWaitingTime="0.23" meanTravelTime="262.32" duration="1"/>
    <step time="532.10" loaded="1266" inserted="865" running="585" waiting="0" ended="280" meanWaitingTime="0.23" meanTravelTime="262.32" duration="1"/>
    <step time="532.20" loaded="1266" inserted="865" running="585" waiting="0" ended="280" meanWaitingTime="0.23" meanTravelTime="262.32" duration="0"/>
    <step time="532.30" loaded="1266" inserted="865" running="585" waiting="0" ended="280" meanWaitingTime="0.23" meanTravelTime="262.32" duration="1"/>
    <step time="532.40" loaded="1266" inserted="865" running="585" waiting="0" ended="280" meanWaitingTime="0.23" meanTravelTime="262.32" duration="1"/>
    <step time="532.50" loaded="1266" inserted="865" running="585" waiting="1" ended="280" meanWaitingTime="0.23" meanTravelTime="262.32" duration="0"/>
    <step time="532.60" loaded="1267" inserted="865" running="585" waiting="1" ended="280" meanWaitingTime="0.23" meanTravelTime="262.32" duration="1"/>
    <step time="532.70" loaded="1267" inserted="865" running="585" waiting="1" ended="280" meanWaitingTime="0.23" meanTravelTime="262.32" duration="1"/>
    <step time="532.80" loaded="1267" inserted="866" running="586" waiting="0" ended="280" meanWaitingTime="0.23" meanTravelTime="262.32" duration="0"/>
    <step time="532.90" loaded="1267" inserted="866" running="586" waiting="0" ended="280" meanWaitingTime="0.23" meanTravelTime="262.32" duration="1"/>
    <step time="533.00" loaded="1267" inserted="867" running="587" waiting="0" ended="280" meanWaitingTime="0.23" meanTravelTime="262.32" duration="1"/>
    <step time="533.10" loaded="1268" inserted="867" running="587" waiting="0" ended="280" meanWaitingTime="0.23" meanTravelTime="262.32" duration="0"/>
    <step time="533.20" loaded="1268" inserted="867" running="587" waiting="0" ended="280" meanWaitingTime="0.23" meanTravelTime="262.32" duration="1"/>
    <step time="533.30" loaded="1268" inserted="867" running="587" waiting="0" ended="280" meanWaitingTime="0.23" meanTravelTime="262.32" duration="1"/>
    <step time="533.40" loaded="1268" inserted="867" running="585" waiting="0" ended="282" meanWaitingTime="0.23" meanTravelTime="262.26" duration="0"/>
    <step time="533.50" loaded="1268" inserted="868" running="586" waiting="0" ended="282" meanWaitingTime="0.23" meanTravelTime="262.26" duration="1"/>
    <step time="533.60" loaded="1269" inserted="868" running="586" waiting="0" ended="282" meanWaitingTime="0.23" meanTravelTime="262.26" duration="0"/>
    <step time="533.70" loaded="1269" inserted="868" running="586" waiting="0" ended="282" meanWaitingTime="0.23" meanTravelTime="262.26" duration="1"/>
    <step time="533.80" loaded="1269" inserted="868" running="586" waiting="0" ended="282" meanWaitingTime="0.23" meanTravelTime="262.26" duration="1"/>
    <step time="533.90" loaded="1269" inserted="868" running="586" waiting="0" ended="282" meanWaitingTime="0.23" meanTravelTime="262.26" duration="0"/>
    <step time="534.00" loaded="1269" inserted="869" running="587" waiting="0" ended="282" meanWaitingTime="0.23" meanTravelTime="262.26" duration="1"/>
    <step time="534.10" loaded="1270" inserted="869" running="587" waiting="0" ended="282" meanWaitingTime="0.23" meanTravelTime="262.26" duration="0"/>
    <step time="534.20" loaded="1270" inserted="869" running="587" waiting="0" ended="282" meanWaitingTime="0.23" meanTravelTime="262.26" duration="1"/>
    <step time="534.30" loaded="1270" inserted="869" running="587" waiting="0" ended="282" meanWaitingTime="0.23" meanTravelTime="262.26" duration="1"/>
    <step time="534.40" loaded="1270" inserted="869" running="587" waiting="0" ended="282" meanWaitingTime="0.23" meanTravelTime="262.26" duration="0"/>
    <step time="534.50" loaded="1270" inserted="870" running="588" waiting="0" ended="282" meanWaitingTime="0.23" meanTravelTime="262.26" duration="1"/>
    <step time="534.60" loaded="1271" inserted="870" running="588" waiting="0" ended="282" meanWaitingTime="0.23" meanTravelTime="262.26" duration="0"/>
    <step time="534.70" loaded="1271" inserted="870" running="588" waiting="0" ended="282" meanWaitingTime="0.23" meanTravelTime="262.26" duration="1"/>
    <step time="534.80" loaded="1271" inserted="870" running="588" waiting="0" ended="282" meanWaitingTime="0.23" meanTravelTime="262.26" duration="1"/>
    <step time="534.90" loaded="1271" inserted="870" running="588" waiting="0" ended="282" meanWaitingTime="0.23" meanTravelTime="262.26" duration="1"/>
    <step time="535.00" loaded="1271" inserted="871" running="589" waiting="0" ended="282" meanWaitingTime="0.23" meanTravelTime="262.26" duration="0"/>
    <step time="535.10" loaded="1272" inserted="871" running="589" waiting="0" ended="282" meanWaitingTime="0.23" meanTravelTime="262.26" duration="1"/>
    <step time="535.20" loaded="1272" inserted="871" running="589" waiting="0" ended="282" meanWaitingTime="0.23" meanTravelTime="262.26" duration="1"/>
    <step time="535.30" loaded="1272" inserted="871" running="589" waiting="0" ended="282" meanWaitingTime="0.23" meanTravelTime="262.26" duration="0"/>
    <step time="535.40" loaded="1272" inserted="871" running="589" waiting="0" ended="282" meanWaitingTime="0.23" meanTravelTime="262.26" duration="1"/>
    <step time="535.50" loaded="1272" inserted="872" running="590" waiting="0" ended="282" meanWaitingTime="0.23" meanTravelTime="262.26" duration="0"/>
    <step time="535.60" loaded="1273" inserted="872" running="590" waiting="0" ended="282" meanWaitingTime="0.23" meanTravelTime="262.26" duration="1"/>
    <step time="535.70" loaded="1273" inserted="872" running="590" waiting="0" ended="282" meanWaitingTime="0.23" meanTravelTime="262.26" duration="1"/>
    <step time="535.80" loaded="1273" inserted="872" running="589" waiting="0" ended="283" meanWaitingTime="0.23" meanTravelTime="262.50" duration="0"/>
    <step time="535.90" loaded="1273" inserted="872" running="589" waiting="0" ended="283" meanWaitingTime="0.23" meanTravelTime="262.50" duration="1"/>
    <step time="536.00" loaded="1273" inserted="873" running="590" waiting="0" ended="283" meanWaitingTime="0.23" meanTravelTime="262.50" duration="1"/>
    <step time="536.10" loaded="1274" inserted="873" running="590" waiting="0" ended="283" meanWaitingTime="0.23" meanTravelTime="262.50" duration="0"/>
    <step time="536.20" loaded="1274" inserted="873" running="590" waiting="0" ended="283" meanWaitingTime="0.23" meanTravelTime="262.50" duration="1"/>
    <step time="536.30" loaded="1274" inserted="873" running="590" waiting="0" ended="283" meanWaitingTime="0.23" meanTravelTime="262.50" duration="0"/>
    <step time="536.40" loaded="1274" inserted="873" running="590" waiting="0" ended="283" meanWaitingTime="0.23" meanTravelTime="262.50" duration="1"/>
    <step time="536.50" loaded="1274" inserted="874" running="591" waiting="0" ended="283" meanWaitingTime="0.23" meanTravelTime="262.50" duration="1"/>
    <step time="536.60" loaded="1275" inserted="874" running="591" waiting="0" ended="283" meanWaitingTime="0.23" meanTravelTime="262.50" duration="0"/>
    <step time="536.70" loaded="1275" inserted="874" running="591" waiting="0" ended="283" meanWaitingTime="0.23" meanTravelTime="262.50" duration="1"/>
    <step time="536.80" loaded="1275" inserted="874" running="591" waiting="0" ended="283" meanWaitingTime="0.23" meanTravelTime="262.50" duration="0"/>
    <step time="536.90" loaded="1275" inserted="874" running="591" waiting="0" ended="283" meanWaitingTime="0.23" meanTravelTime="262.50" duration="1"/>
    <step time="537.00" loaded="1275" inserted="875" running="592" waiting="0" ended="283" meanWaitingTime="0.23" meanTravelTime="262.50" duration="0"/>
    <step time="537.10" loaded="1276" inserted="875" running="592" waiting="0" ended="283" meanWaitingTime="0.23" meanTravelTime="262.50" duration="1"/>
    <step time="537.20" loaded="1276" inserted="875" running="592" waiting="0" ended="283" meanWaitingTime="0.23" meanTravelTime="262.50" duration="1"/>
    <step time="537.30" loaded="1276" inserted="875" running="592" waiting="0" ended="283" meanWaitingTime="0.23" meanTravelTime="262.50" duration="0"/>
    <step time="537.40" loaded="1276" inserted="875" running="592" waiting="0" ended="283" meanWaitingTime="0.23" meanTravelTime="262.50" duration="1"/>
    <step time="537.50" loaded="1276" inserted="876" running="593" waiting="0" ended="283" meanWaitingTime="0.23" meanTravelTime="262.50" duration="1"/>
    <step time="537.60" loaded="1277" inserted="876" running="593" waiting="0" ended="283" meanWaitingTime="0.23" meanTravelTime="262.50" duration="0"/>
    <step time="537.70" loaded="1277" inserted="876" running="593" waiting="0" ended="283" meanWaitingTime="0.23" meanTravelTime="262.50" duration="1"/>
    <step time="537.80" loaded="1277" inserted="876" running="593" waiting="0" ended="283" meanWaitingTime="0.23" meanTravelTime="262.50" duration="0"/>
    <step time="537.90" loaded="1277" inserted="876" running="592" waiting="0" ended="284" meanWaitingTime="0.23" meanTravelTime="262.37" duration="1"/>
    <step time="538.00" loaded="1277" inserted="877" running="593" waiting="0" ended="284" meanWaitingTime="0.23" meanTravelTime="262.37" duration="1"/>
    <step time="538.10" loaded="1278" inserted="877" running="593" waiting="0" ended="284" meanWaitingTime="0.23" meanTravelTime="262.37" duration="0"/>
    <step time="538.20" loaded="1278" inserted="877" running="593" waiting="0" ended="284" meanWaitingTime="0.23" meanTravelTime="262.37" duration="1"/>
    <step time="538.30" loaded="1278" inserted="877" running="593" waiting="0" ended="284" meanWaitingTime="0.23" meanTravelTime="262.37" duration="0"/>
    <step time="538.40" loaded="1278" inserted="877" running="593" waiting="0" ended="284" meanWaitingTime="0.23" meanTravelTime="262.37" duration="1"/>
    <step time="538.50" loaded="1278" inserted="878" running="594" waiting="0" ended="284" meanWaitingTime="0.23" meanTravelTime="262.37" duration="1"/>
    <step time="538.60" loaded="1279" inserted="878" running="594" waiting="0" ended="284" meanWaitingTime="0.23" meanTravelTime="262.37" duration="0"/>
    <step time="538.70" loaded="1279" inserted="878" running="594" waiting="0" ended="284" meanWaitingTime="0.23" meanTravelTime="262.37" duration="1"/>
    <step time="538.80" loaded="1279" inserted="878" running="594" waiting="0" ended="284" meanWaitingTime="0.23" meanTravelTime="262.37" duration="0"/>
    <step time="538.90" loaded="1279" inserted="878" running="594" waiting="0" ended="284" meanWaitingTime="0.23" meanTravelTime="262.37" duration="1"/>
    <step time="539.00" loaded="1279" inserted="879" running="595" waiting="0" ended="284" meanWaitingTime="0.23" meanTravelTime="262.37" duration="1"/>
    <step time="539.10" loaded="1280" inserted="879" running="595" waiting="0" ended="284" meanWaitingTime="0.23" meanTravelTime="262.37" duration="0"/>
    <step time="539.20" loaded="1280" inserted="879" running="595" waiting="0" ended="284" meanWaitingTime="0.23" meanTravelTime="262.37" duration="1"/>
    <step time="539.30" loaded="1280" inserted="879" running="595" waiting="0" ended="284" meanWaitingTime="0.23" meanTravelTime="262.37" duration="0"/>
    <step time="539.40" loaded="1280" inserted="879" running="595" waiting="0" ended="284" meanWaitingTime="0.23" meanTravelTime="262.37" duration="1"/>
    <step time="539.50" loaded="1280" inserted="880" running="596" waiting="0" ended="284" meanWaitingTime="0.23" meanTravelTime="262.37" duration="0"/>
    <step time="539.60" loaded="1281" inserted="880" running="596" waiting="0" ended="284" meanWaitingTime="0.23" meanTravelTime="262.37" duration="1"/>
    <step time="539.70" loaded="1281" inserted="880" running="596" waiting="0" ended="284" meanWaitingTime="0.23" meanTravelTime="262.37" duration="1"/>
    <step time="539.80" loaded="1281" inserted="880" running="596" waiting="0" ended="284" meanWaitingTime="0.23" meanTravelTime="262.37" duration="0"/>
    <step time="539.90" loaded="1281" inserted="880" running="596" waiting="0" ended="284" meanWaitingTime="0.23" meanTravelTime="262.37" duration="1"/>
    <step time="540.00" loaded="1281" inserted="881" running="597" waiting="0" ended="284" meanWaitingTime="0.23" meanTravelTime="262.37" duration="0"/>
    <step time="540.10" loaded="1282" inserted="881" running="597" waiting="0" ended="284" meanWaitingTime="0.23" meanTravelTime="262.37" duration="2"/>
    <step time="540.20" loaded="1282" inserted="881" running="597" waiting="0" ended="284" meanWaitingTime="0.23" meanTravelTime="262.37" duration="2"/>
    <step time="540.30" loaded="1282" inserted="881" running="597" waiting="0" ended="284" meanWaitingTime="0.23" meanTravelTime="262.37" duration="1"/>
    <step time="540.40" loaded="1282" inserted="881" running="597" waiting="0" ended="284" meanWaitingTime="0.23" meanTravelTime="262.37" duration="2"/>
    <step time="540.50" loaded="1282" inserted="882" running="598" waiting="0" ended="284" meanWaitingTime="0.23" meanTravelTime="262.37" duration="1"/>
    <step time="540.60" loaded="1283" inserted="882" running="598" waiting="0" ended="284" meanWaitingTime="0.23" meanTravelTime="262.37" duration="2"/>
    <step time="540.70" loaded="1283" inserted="882" running="598" waiting="0" ended="284" meanWaitingTime="0.23" meanTravelTime="262.37" duration="1"/>
    <step time="540.80" loaded="1283" inserted="882" running="598" waiting="0" ended="284" meanWaitingTime="0.23" meanTravelTime="262.37" duration="1"/>
    <step time="540.90" loaded="1283" inserted="882" running="598" waiting="0" ended="284" meanWaitingTime="0.23" meanTravelTime="262.37" duration="2"/>
    <step time="541.00" loaded="1283" inserted="883" running="599" waiting="0" ended="284" meanWaitingTime="0.23" meanTravelTime="262.37" duration="1"/>
    <step time="541.10" loaded="1284" inserted="883" running="599" waiting="0" ended="284" meanWaitingTime="0.23" meanTravelTime="262.37" duration="2"/>
    <step time="541.20" loaded="1284" inserted="883" running="598" waiting="0" ended="285" meanWaitingTime="0.23" meanTravelTime="262.00" duration="2"/>
    <step time="541.30" loaded="1284" inserted="883" running="598" waiting="0" ended="285" meanWaitingTime="0.23" meanTravelTime="262.00" duration="1"/>
    <step time="541.40" loaded="1284" inserted="883" running="598" waiting="0" ended="285" meanWaitingTime="0.23" meanTravelTime="262.00" duration="2"/>
    <step time="541.50" loaded="1284" inserted="884" running="599" waiting="0" ended="285" meanWaitingTime="0.23" meanTravelTime="262.00" duration="1"/>
    <step time="541.60" loaded="1285" inserted="884" running="599" waiting="0" ended="285" meanWaitingTime="0.23" meanTravelTime="262.00" duration="1"/>
    <step time="541.70" loaded="1285" inserted="884" running="599" waiting="0" ended="285" meanWaitingTime="0.23" meanTravelTime="262.00" duration="2"/>
    <step time="541.80" loaded="1285" inserted="884" running="599" waiting="0" ended="285" meanWaitingTime="0.23" meanTravelTime="262.00" duration="1"/>
    <step time="541.90" loaded="1285" inserted="884" running="599" waiting="0" ended="285" meanWaitingTime="0.23" meanTravelTime="262.00" duration="2"/>
    <step time="542.00" loaded="1285" inserted="884" running="599" waiting="1" ended="285" meanWaitingTime="0.23" meanTravelTime="262.00" duration="1"/>
    <step time="542.10" loaded="1286" inserted="884" running="599" waiting="1" ended="285" meanWaitingTime="0.23" meanTravelTime="262.00" duration="2"/>
    <step time="542.20" loaded="1286" inserted="884" running="599" waiting="1" ended="285" meanWaitingTime="0.23" meanTravelTime="262.00" duration="1"/>
    <step time="542.30" loaded="1286" inserted="884" running="599" waiting="1" ended="285" meanWaitingTime="0.23" meanTravelTime="262.00" duration="2"/>
    <step time="542.40" loaded="1286" inserted="884" running="599" waiting="1" ended="285" meanWaitingTime="0.23" meanTravelTime="262.00" duration="1"/>
    <step time="542.50" loaded="1286" inserted="885" running="600" waiting="1" ended="285" meanWaitingTime="0.23" meanTravelTime="262.00" duration="2"/>
    <step time="542.60" loaded="1287" inserted="885" running="600" waiting="1" ended="285" meanWaitingTime="0.23" meanTravelTime="262.00" duration="1"/>
    <step time="542.70" loaded="1287" inserted="885" running="600" waiting="1" ended="285" meanWaitingTime="0.23" meanTravelTime="262.00" duration="1"/>
    <step time="542.80" loaded="1287" inserted="885" running="591" waiting="1" ended="294" meanWaitingTime="0.23" meanTravelTime="263.24" duration="2"/>
    <step time="542.90" loaded="1287" inserted="885" running="591" waiting="1" ended="294" meanWaitingTime="0.23" meanTravelTime="263.24" duration="3"/>
    <step time="543.00" loaded="1287" inserted="886" running="592" waiting="1" ended="294" meanWaitingTime="0.23" meanTravelTime="263.24" duration="1"/>
    <step time="543.10" loaded="1288" inserted="886" running="592" waiting="1" ended="294" meanWaitingTime="0.23" meanTravelTime="263.24" duration="1"/>
    <step time="543.20" loaded="1288" inserted="886" running="592" waiting="1" ended="294" meanWaitingTime="0.23" meanTravelTime="263.24" duration="2"/>
    <step time="543.30" loaded="1288" inserted="886" running="592" waiting="1" ended="294" meanWaitingTime="0.23" meanTravelTime="263.24" duration="1"/>
    <step time="543.40" loaded="1288" inserted="886" running="591" waiting="1" ended="295" meanWaitingTime="0.23" meanTravelTime="263.78" duration="2"/>
    <step time="543.50" loaded="1288" inserted="886" running="591" waiting="2" ended="295" meanWaitingTime="0.23" meanTravelTime="263.78" duration="1"/>
    <step time="543.60" loaded="1289" inserted="886" running="591" waiting="2" ended="295" meanWaitingTime="0.23" meanTravelTime="263.78" duration="2"/>
    <step time="543.70" loaded="1289" inserted="886" running="591" waiting="2" ended="295" meanWaitingTime="0.23" meanTravelTime="263.78" duration="1"/>
    <step time="543.80" loaded="1289" inserted="886" running="591" waiting="2" ended="295" meanWaitingTime="0.23" meanTravelTime="263.78" duration="2"/>
    <step time="543.90" loaded="1289" inserted="886" running="591" waiting="2" ended="295" meanWaitingTime="0.23" meanTravelTime="263.78" duration="1"/>
    <step time="544.00" loaded="1289" inserted="887" running="592" waiting="2" ended="295" meanWaitingTime="0.23" meanTravelTime="263.78" duration="1"/>
    <step time="544.10" loaded="1290" inserted="887" running="582" waiting="2" ended="305" meanWaitingTime="0.23" meanTravelTime="264.73" duration="2"/>
    <step time="544.20" loaded="1290" inserted="887" running="582" waiting="2" ended="305" meanWaitingTime="0.23" meanTravelTime="264.73" duration="2"/>
    <step time="544.30" loaded="1290" inserted="887" running="582" waiting="2" ended="305" meanWaitingTime="0.23" meanTravelTime="264.73" duration="1"/>
    <step time="544.40" loaded="1290" inserted="887" running="582" waiting="2" ended="305" meanWaitingTime="0.23" meanTravelTime="264.73" duration="2"/>
    <step time="544.50" loaded="1290" inserted="888" running="583" waiting="2" ended="305" meanWaitingTime="0.23" meanTravelTime="264.73" duration="1"/>
    <step time="544.60" loaded="1291" inserted="888" running="583" waiting="2" ended="305" meanWaitingTime="0.23" meanTravelTime="264.73" duration="1"/>
    <step time="544.70" loaded="1291" inserted="888" running="583" waiting="2" ended="305" meanWaitingTime="0.23" meanTravelTime="264.73" duration="2"/>
    <step time="544.80" loaded="1291" inserted="888" running="582" waiting="2" ended="306" meanWaitingTime="0.23" meanTravelTime="264.80" duration="1"/>
    <step time="544.90" loaded="1291" inserted="888" running="582" waiting="2" ended="306" meanWaitingTime="0.23" meanTravelTime="264.80" duration="2"/>
    <step time="545.00" loaded="1291" inserted="889" running="583" waiting="2" ended="306" meanWaitingTime="0.23" meanTravelTime="264.80" duration="1"/>
    <step time="545.10" loaded="1292" inserted="889" running="583" waiting="2" ended="306" meanWaitingTime="0.23" meanTravelTime="264.80" duration="1"/>
    <step time="545.20" loaded="1292" inserted="889" running="582" waiting="2" ended="307" meanWaitingTime="0.23" meanTravelTime="265.19" duration="2"/>
    <step time="545.30" loaded="1292" inserted="889" running="581" waiting="2" ended="308" meanWaitingTime="0.23" meanTravelTime="265.48" duration="2"/>
    <step time="545.40" loaded="1292" inserted="889" running="580" waiting="2" ended="309" meanWaitingTime="0.23" meanTravelTime="265.77" duration="2"/>
    <step time="545.50" loaded="1292" inserted="890" running="581" waiting="2" ended="309" meanWaitingTime="0.23" meanTravelTime="265.77" duration="1"/>
    <step time="545.60" loaded="1293" inserted="890" running="581" waiting="2" ended="309" meanWaitingTime="0.23" meanTravelTime="265.77" duration="1"/>
    <step time="545.70" loaded="1293" inserted="891" running="582" waiting="1" ended="309" meanWaitingTime="0.23" meanTravelTime="265.77" duration="2"/>
    <step time="545.80" loaded="1293" inserted="891" running="582" waiting="1" ended="309" meanWaitingTime="0.23" meanTravelTime="265.77" duration="2"/>
    <step time="545.90" loaded="1293" inserted="891" running="582" waiting="1" ended="309" meanWaitingTime="0.23" meanTravelTime="265.77" duration="1"/>
    <step time="546.00" loaded="1293" inserted="893" running="584" waiting="0" ended="309" meanWaitingTime="0.23" meanTravelTime="265.77" duration="1"/>
    <step time="546.10" loaded="1294" inserted="893" running="583" waiting="0" ended="310" meanWaitingTime="0.23" meanTravelTime="265.92" duration="1"/>
    <step time="546.20" loaded="1294" inserted="893" running="581" waiting="0" ended="312" meanWaitingTime="0.23" meanTravelTime="266.10" duration="2"/>
    <step time="546.30" loaded="1294" inserted="893" running="581" waiting="0" ended="312" meanWaitingTime="0.23" meanTravelTime="266.10" duration="1"/>
    <step time="546.40" loaded="1294" inserted="893" running="581" waiting="0" ended="312" meanWaitingTime="0.23" meanTravelTime="266.10" duration="1"/>
    <step time="546.50" loaded="1294" inserted="894" running="582" waiting="0" ended="312" meanWaitingTime="0.23" meanTravelTime="266.10" duration="2"/>
    <step time="546.60" loaded="1295" inserted="894" running="582" waiting="0" ended="312" meanWaitingTime="0.23" meanTravelTime="266.10" duration="1"/>
    <step time="546.70" loaded="1295" inserted="894" running="582" waiting="0" ended="312" meanWaitingTime="0.23" meanTravelTime="266.10" duration="1"/>
    <step time="546.80" loaded="1295" inserted="894" running="582" waiting="0" ended="312" meanWaitingTime="0.23" meanTravelTime="266.10" duration="2"/>
    <step time="546.90" loaded="1295" inserted="894" running="581" waiting="0" ended="313" meanWaitingTime="0.23" meanTravelTime="266.35" duration="1"/>
    <step time="547.00" loaded="1295" inserted="895" running="582" waiting="0" ended="313" meanWaitingTime="0.23" meanTravelTime="266.35" duration="1"/>
    <step time="547.10" loaded="1296" inserted="895" running="582" waiting="0" ended="313" meanWaitingTime="0.23" meanTravelTime="266.35" duration="1"/>
    <step time="547.20" loaded="1296" inserted="895" running="582" waiting="0" ended="313" meanWaitingTime="0.23" meanTravelTime="266.35" duration="2"/>
    <step time="547.30" loaded="1296" inserted="895" running="582" waiting="0" ended="313" meanWaitingTime="0.23" meanTravelTime="266.35" duration="1"/>
    <step time="547.40" loaded="1296" inserted="895" running="582" waiting="0" ended="313" meanWaitingTime="0.23" meanTravelTime="266.35" duration="1"/>
    <step time="547.50" loaded="1296" inserted="896" running="583" waiting="0" ended="313" meanWaitingTime="0.23" meanTravelTime="266.35" duration="2"/>
    <step time="547.60" loaded="1297" inserted="896" running="582" waiting="0" ended="314" meanWaitingTime="0.23" meanTravelTime="266.29" duration="1"/>
    <step time="547.70" loaded="1297" inserted="896" running="582" waiting="0" ended="314" meanWaitingTime="0.23" meanTravelTime="266.29" duration="2"/>
    <step time="547.80" loaded="1297" inserted="896" running="582" waiting="0" ended="314" meanWaitingTime="0.23" meanTravelTime="266.29" duration="1"/>
    <step time="547.90" loaded="1297" inserted="896" running="582" waiting="0" ended="314" meanWaitingTime="0.23" meanTravelTime="266.29" duration="1"/>
    <step time="548.00" loaded="1297" inserted="897" running="583" waiting="0" ended="314" meanWaitingTime="0.23" meanTravelTime="266.29" duration="2"/>
    <step time="548.10" loaded="1298" inserted="897" running="583" waiting="0" ended="314" meanWaitingTime="0.23" meanTravelTime="266.29" duration="1"/>
    <step time="548.20" loaded="1298" inserted="897" running="583" waiting="0" ended="314" meanWaitingTime="0.23" meanTravelTime="266.29" duration="1"/>
    <step time="548.30" loaded="1298" inserted="897" running="582" waiting="0" ended="315" meanWaitingTime="0.23" meanTravelTime="266.29" duration="2"/>
    <step time="548.40" loaded="1298" inserted="897" running="582" waiting="0" ended="315" meanWaitingTime="0.23" meanTravelTime="266.29" duration="1"/>
    <step time="548.50" loaded="1298" inserted="898" running="583" waiting="0" ended="315" meanWaitingTime="0.23" meanTravelTime="266.29" duration="1"/>
    <step time="548.60" loaded="1299" inserted="898" running="583" waiting="0" ended="315" meanWaitingTime="0.23" meanTravelTime="266.29" duration="1"/>
    <step time="548.70" loaded="1299" inserted="898" running="583" waiting="0" ended="315" meanWaitingTime="0.23" meanTravelTime="266.29" duration="2"/>
    <step time="548.80" loaded="1299" inserted="898" running="583" waiting="0" ended="315" meanWaitingTime="0.23" meanTravelTime="266.29" duration="1"/>
    <step time="548.90" loaded="1299" inserted="898" running="582" waiting="0" ended="316" meanWaitingTime="0.23" meanTravelTime="266.26" duration="2"/>
    <step time="549.00" loaded="1299" inserted="899" running="583" waiting="0" ended="316" meanWaitingTime="0.23" meanTravelTime="266.26" duration="2"/>
    <step time="549.10" loaded="1300" inserted="899" running="583" waiting="0" ended="316" meanWaitingTime="0.23" meanTravelTime="266.26" duration="1"/>
    <step time="549.20" loaded="1300" inserted="899" running="583" waiting="0" ended="316" meanWaitingTime="0.23" meanTravelTime="266.26" duration="2"/>
    <step time="549.30" loaded="1300" inserted="899" running="583" waiting="0" ended="316" meanWaitingTime="0.23" meanTravelTime="266.26" duration="1"/>
    <step time="549.40" loaded="1300" inserted="899" running="583" waiting="0" ended="316" meanWaitingTime="0.23" meanTravelTime="266.26" duration="2"/>
    <step time="549.50" loaded="1300" inserted="900" running="584" waiting="0" ended="316" meanWaitingTime="0.23" meanTravelTime="266.26" duration="2"/>
    <step time="549.60" loaded="1301" inserted="900" running="583" waiting="0" ended="317" meanWaitingTime="0.23" meanTravelTime="266.37" duration="1"/>
    <step time="549.70" loaded="1301" inserted="900" running="583" waiting="0" ended="317" meanWaitingTime="0.23" meanTravelTime="266.37" duration="1"/>
    <step time="549.80" loaded="1301" inserted="900" running="583" waiting="0" ended="317" meanWaitingTime="0.23" meanTravelTime="266.37" duration="2"/>
    <step time="549.90" loaded="1301" inserted="900" running="582" waiting="0" ended="318" meanWaitingTime="0.23" meanTravelTime="266.50" duration="1"/>
    <step time="550.00" loaded="1301" inserted="900" running="582" waiting="1" ended="318" meanWaitingTime="0.23" meanTravelTime="266.50" duration="2"/>
    <step time="550.10" loaded="1302" inserted="900" running="582" waiting="1" ended="318" meanWaitingTime="0.23" meanTravelTime="266.50" duration="1"/>
    <step time="550.20" loaded="1302" inserted="900" running="582" waiting="1" ended="318" meanWaitingTime="0.23" meanTravelTime="266.50" duration="1"/>
    <step time="550.30" loaded="1302" inserted="900" running="580" waiting="1" ended="320" meanWaitingTime="0.23" meanTravelTime="266.56" duration="2"/>
    <step time="550.40" loaded="1302" inserted="900" running="580" waiting="1" ended="320" meanWaitingTime="0.23" meanTravelTime="266.56" duration="1"/>
    <step time="550.50" loaded="1302" inserted="901" running="578" waiting="1" ended="323" meanWaitingTime="0.23" meanTravelTime="266.67" duration="1"/>
    <step time="550.60" loaded="1303" inserted="901" running="578" waiting="1" ended="323" meanWaitingTime="0.23" meanTravelTime="266.67" duration="2"/>
    <step time="550.70" loaded="1303" inserted="901" running="578" waiting="1" ended="323" meanWaitingTime="0.23" meanTravelTime="266.67" duration="2"/>
    <step time="550.80" loaded="1303" inserted="902" running="579" waiting="0" ended="323" meanWaitingTime="0.23" meanTravelTime="266.67" duration="1"/>
    <step time="550.90" loaded="1303" inserted="902" running="578" waiting="0" ended="324" meanWaitingTime="0.23" meanTravelTime="266.32" duration="1"/>
    <step time="551.00" loaded="1303" inserted="903" running="579" waiting="0" ended="324" meanWaitingTime="0.23" meanTravelTime="266.32" duration="2"/>
    <step time="551.10" loaded="1304" inserted="903" running="579" waiting="0" ended="324" meanWaitingTime="0.23" meanTravelTime="266.32" duration="1"/>
    <step time="551.20" loaded="1304" inserted="903" running="579" waiting="0" ended="324" meanWaitingTime="0.23" meanTravelTime="266.32" duration="1"/>
    <step time="551.30" loaded="1304" inserted="903" running="579" waiting="0" ended="324" meanWaitingTime="0.23" meanTravelTime="266.32" duration="1"/>
    <step time="551.40" loaded="1304" inserted="903" running="578" waiting="0" ended="325" meanWaitingTime="0.23" meanTravelTime="266.26" duration="1"/>
    <step time="551.50" loaded="1304" inserted="903" running="578" waiting="1" ended="325" meanWaitingTime="0.23" meanTravelTime="266.26" duration="1"/>
    <step time="551.60" loaded="1305" inserted="903" running="578" waiting="1" ended="325" meanWaitingTime="0.23" meanTravelTime="266.26" duration="2"/>
    <step time="551.70" loaded="1305" inserted="903" running="578" waiting="1" ended="325" meanWaitingTime="0.23" meanTravelTime="266.26" duration="2"/>
    <step time="551.80" loaded="1305" inserted="903" running="578" waiting="1" ended="325" meanWaitingTime="0.23" meanTravelTime="266.26" duration="1"/>
    <step time="551.90" loaded="1305" inserted="903" running="578" waiting="1" ended="325" meanWaitingTime="0.23" meanTravelTime="266.26" duration="2"/>
    <step time="552.00" loaded="1305" inserted="903" running="577" waiting="2" ended="326" meanWaitingTime="0.23" meanTravelTime="266.65" duration="1"/>
    <step time="552.10" loaded="1306" inserted="903" running="577" waiting="2" ended="326" meanWaitingTime="0.23" meanTravelTime="266.65" duration="1"/>
    <step time="552.20" loaded="1306" inserted="903" running="577" waiting="2" ended="326" meanWaitingTime="0.23" meanTravelTime="266.65" duration="2"/>
    <step time="552.30" loaded="1306" inserted="903" running="577" waiting="2" ended="326" meanWaitingTime="0.23" meanTravelTime="266.65" duration="1"/>
    <step time="552.40" loaded="1306" inserted="903" running="577" waiting="2" ended="326" meanWaitingTime="0.23" meanTravelTime="266.65" duration="1"/>
    <step time="552.50" loaded="1306" inserted="904" running="578" waiting="2" ended="326" meanWaitingTime="0.23" meanTravelTime="266.65" duration="2"/>
    <step time="552.60" loaded="1307" inserted="904" running="578" waiting="2" ended="326" meanWaitingTime="0.23" meanTravelTime="266.65" duration="1"/>
    <step time="552.70" loaded="1307" inserted="904" running="578" waiting="2" ended="326" meanWaitingTime="0.23" meanTravelTime="266.65" duration="1"/>
    <step time="552.80" loaded="1307" inserted="904" running="577" waiting="2" ended="327" meanWaitingTime="0.23" meanTravelTime="266.75" duration="1"/>
    <step time="552.90" loaded="1307" inserted="904" running="576" waiting="2" ended="328" meanWaitingTime="0.23" meanTravelTime="266.81" duration="2"/>
    <step time="553.00" loaded="1307" inserted="905" running="577" waiting="2" ended="328" meanWaitingTime="0.23" meanTravelTime="266.81" duration="2"/>
    <step time="553.10" loaded="1308" inserted="906" running="578" waiting="1" ended="328" meanWaitingTime="0.23" meanTravelTime="266.81" duration="1"/>
    <step time="553.20" loaded="1308" inserted="906" running="578" waiting="1" ended="328" meanWaitingTime="0.23" meanTravelTime="266.81" duration="3"/>
    <step time="553.30" loaded="1308" inserted="906" running="578" waiting="1" ended="328" meanWaitingTime="0.23" meanTravelTime="266.81" duration="1"/>
    <step time="553.40" loaded="1308" inserted="906" running="577" waiting="1" ended="329" meanWaitingTime="0.23" meanTravelTime="267.32" duration="2"/>
    <step time="553.50" loaded="1308" inserted="907" running="578" waiting="1" ended="329" meanWaitingTime="0.23" meanTravelTime="267.32" duration="1"/>
    <step time="553.60" loaded="1309" inserted="907" running="578" waiting="1" ended="329" meanWaitingTime="0.23" meanTravelTime="267.32" duration="2"/>
    <step time="553.70" loaded="1309" inserted="907" running="578" waiting="1" ended="329" meanWaitingTime="0.23" meanTravelTime="267.32" duration="1"/>
    <step time="553.80" loaded="1309" inserted="907" running="578" waiting="1" ended="329" meanWaitingTime="0.23" meanTravelTime="267.32" duration="1"/>
    <step time="553.90" loaded="1309" inserted="907" running="578" waiting="1" ended="329" meanWaitingTime="0.23" meanTravelTime="267.32" duration="2"/>
    <step time="554.00" loaded="1309" inserted="908" running="579" waiting="1" ended="329" meanWaitingTime="0.23" meanTravelTime="267.32" duration="1"/>
    <step time="554.10" loaded="1310" inserted="908" running="579" waiting="1" ended="329" meanWaitingTime="0.23" meanTravelTime="267.32" duration="2"/>
    <step time="554.20" loaded="1310" inserted="908" running="579" waiting="1" ended="329" meanWaitingTime="0.23" meanTravelTime="267.32" duration="2"/>
    <step time="554.30" loaded="1310" inserted="908" running="579" waiting="1" ended="329" meanWaitingTime="0.23" meanTravelTime="267.32" duration="2"/>
    <step time="554.40" loaded="1310" inserted="908" running="579" waiting="1" ended="329" meanWaitingTime="0.23" meanTravelTime="267.32" duration="1"/>
    <step time="554.50" loaded="1310" inserted="909" running="580" waiting="1" ended="329" meanWaitingTime="0.23" meanTravelTime="267.32" duration="1"/>
    <step time="554.60" loaded="1311" inserted="909" running="580" waiting="1" ended="329" meanWaitingTime="0.23" meanTravelTime="267.32" duration="1"/>
    <step time="554.70" loaded="1311" inserted="909" running="579" waiting="1" ended="330" meanWaitingTime="0.23" meanTravelTime="267.50" duration="2"/>
    <step time="554.80" loaded="1311" inserted="909" running="579" waiting="1" ended="330" meanWaitingTime="0.23" meanTravelTime="267.50" duration="1"/>
    <step time="554.90" loaded="1311" inserted="909" running="579" waiting="1" ended="330" meanWaitingTime="0.23" meanTravelTime="267.50" duration="1"/>
    <step time="555.00" loaded="1311" inserted="910" running="579" waiting="1" ended="331" meanWaitingTime="0.23" meanTravelTime="267.52" duration="1"/>
    <step time="555.10" loaded="1312" inserted="910" running="578" waiting="1" ended="332" meanWaitingTime="0.23" meanTravelTime="267.94" duration="1"/>
    <step time="555.20" loaded="1312" inserted="910" running="578" waiting="1" ended="332" meanWaitingTime="0.23" meanTravelTime="267.94" duration="2"/>
    <step time="555.30" loaded="1312" inserted="910" running="578" waiting="1" ended="332" meanWaitingTime="0.23" meanTravelTime="267.94" duration="1"/>
    <step time="555.40" loaded="1312" inserted="910" running="578" waiting="1" ended="332" meanWaitingTime="0.23" meanTravelTime="267.94" duration="1"/>
    <step time="555.50" loaded="1312" inserted="911" running="579" waiting="1" ended="332" meanWaitingTime="0.23" meanTravelTime="267.94" duration="1"/>
    <step time="555.60" loaded="1313" inserted="911" running="579" waiting="1" ended="332" meanWaitingTime="0.23" meanTravelTime="267.94" duration="1"/>
    <step time="555.70" loaded="1313" inserted="911" running="579" waiting="1" ended="332" meanWaitingTime="0.23" meanTravelTime="267.94" duration="1"/>
    <step time="555.80" loaded="1313" inserted="911" running="579" waiting="1" ended="332" meanWaitingTime="0.23" meanTravelTime="267.94" duration="2"/>
    <step time="555.90" loaded="1313" inserted="911" running="579" waiting="1" ended="332" meanWaitingTime="0.23" meanTravelTime="267.94" duration="1"/>
    <step time="556.00" loaded="1313" inserted="912" running="580" waiting="1" ended="332" meanWaitingTime="0.23" meanTravelTime="267.94" duration="2"/>
    <step time="556.10" loaded="1314" inserted="912" running="580" waiting="1" ended="332" meanWaitingTime="0.23" meanTravelTime="267.94" duration="1"/>
    <step time="556.20" loaded="1314" inserted="912" running="580" waiting="1" ended="332" meanWaitingTime="0.23" meanTravelTime="267.94" duration="1"/>
    <step time="556.30" loaded="1314" inserted="912" running="580" waiting="1" ended="332" meanWaitingTime="0.23" meanTravelTime="267.94" duration="1"/>
    <step time="556.40" loaded="1314" inserted="912" running="580" waiting="1" ended="332" meanWaitingTime="0.23" meanTravelTime="267.94" duration="1"/>
    <step time="556.50" loaded="1314" inserted="913" running="581" waiting="1" ended="332" meanWaitingTime="0.23" meanTravelTime="267.94" duration="1"/>
    <step time="556.60" loaded="1315" inserted="914" running="581" waiting="0" ended="333" meanWaitingTime="0.23" meanTravelTime="268.22" duration="1"/>
    <step time="556.70" loaded="1315" inserted="914" running="581" waiting="0" ended="333" meanWaitingTime="0.23" meanTravelTime="268.22" duration="1"/>
    <step time="556.80" loaded="1315" inserted="914" running="581" waiting="0" ended="333" meanWaitingTime="0.23" meanTravelTime="268.22" duration="2"/>
    <step time="556.90" loaded="1315" inserted="914" running="581" waiting="0" ended="333" meanWaitingTime="0.23" meanTravelTime="268.22" duration="1"/>
    <step time="557.00" loaded="1315" inserted="915" running="582" waiting="0" ended="333" meanWaitingTime="0.23" meanTravelTime="268.22" duration="1"/>
    <step time="557.10" loaded="1316" inserted="915" running="582" waiting="0" ended="333" meanWaitingTime="0.23" meanTravelTime="268.22" duration="1"/>
    <step time="557.20" loaded="1316" inserted="915" running="582" waiting="0" ended="333" meanWaitingTime="0.23" meanTravelTime="268.22" duration="1"/>
    <step time="557.30" loaded="1316" inserted="915" running="582" waiting="0" ended="333" meanWaitingTime="0.23" meanTravelTime="268.22" duration="1"/>
    <step time="557.40" loaded="1316" inserted="915" running="582" waiting="0" ended="333" meanWaitingTime="0.23" meanTravelTime="268.22" duration="1"/>
    <step time="557.50" loaded="1316" inserted="915" running="582" waiting="1" ended="333" meanWaitingTime="0.23" meanTravelTime="268.22" duration="1"/>
    <step time="557.60" loaded="1317" inserted="915" running="582" waiting="1" ended="333" meanWaitingTime="0.23" meanTravelTime="268.22" duration="1"/>
    <step time="557.70" loaded="1317" inserted="915" running="582" waiting="1" ended="333" meanWaitingTime="0.23" meanTravelTime="268.22" duration="1"/>
    <step time="557.80" loaded="1317" inserted="915" running="582" waiting="1" ended="333" meanWaitingTime="0.23" meanTravelTime="268.22" duration="1"/>
    <step time="557.90" loaded="1317" inserted="915" running="582" waiting="1" ended="333" meanWaitingTime="0.23" meanTravelTime="268.22" duration="1"/>
    <step time="558.00" loaded="1317" inserted="915" running="582" waiting="2" ended="333" meanWaitingTime="0.23" meanTravelTime="268.22" duration="1"/>
    <step time="558.10" loaded="1318" inserted="915" running="582" waiting="2" ended="333" meanWaitingTime="0.23" meanTravelTime="268.22" duration="1"/>
    <step time="558.20" loaded="1318" inserted="915" running="582" waiting="2" ended="333" meanWaitingTime="0.23" meanTravelTime="268.22" duration="2"/>
    <step time="558.30" loaded="1318" inserted="915" running="582" waiting="2" ended="333" meanWaitingTime="0.23" meanTravelTime="268.22" duration="1"/>
    <step time="558.40" loaded="1318" inserted="915" running="582" waiting="2" ended="333" meanWaitingTime="0.23" meanTravelTime="268.22" duration="2"/>
    <step time="558.50" loaded="1318" inserted="916" running="583" waiting="2" ended="333" meanWaitingTime="0.23" meanTravelTime="268.22" duration="1"/>
    <step time="558.60" loaded="1319" inserted="916" running="583" waiting="2" ended="333" meanWaitingTime="0.23" meanTravelTime="268.22" duration="1"/>
    <step time="558.70" loaded="1319" inserted="916" running="583" waiting="2" ended="333" meanWaitingTime="0.23" meanTravelTime="268.22" duration="2"/>
    <step time="558.80" loaded="1319" inserted="916" running="583" waiting="2" ended="333" meanWaitingTime="0.23" meanTravelTime="268.22" duration="1"/>
    <step time="558.90" loaded="1319" inserted="916" running="583" waiting="2" ended="333" meanWaitingTime="0.23" meanTravelTime="268.22" duration="1"/>
    <step time="559.00" loaded="1319" inserted="917" running="584" waiting="2" ended="333" meanWaitingTime="0.23" meanTravelTime="268.22" duration="2"/>
    <step time="559.10" loaded="1320" inserted="917" running="584" waiting="2" ended="333" meanWaitingTime="0.23" meanTravelTime="268.22" duration="1"/>
    <step time="559.20" loaded="1320" inserted="917" running="584" waiting="2" ended="333" meanWaitingTime="0.23" meanTravelTime="268.22" duration="1"/>
    <step time="559.30" loaded="1320" inserted="917" running="584" waiting="2" ended="333" meanWaitingTime="0.23" meanTravelTime="268.22" duration="1"/>
    <step time="559.40" loaded="1320" inserted="917" running="584" waiting="2" ended="333" meanWaitingTime="0.23" meanTravelTime="268.22" duration="1"/>
    <step time="559.50" loaded="1320" inserted="918" running="585" waiting="2" ended="333" meanWaitingTime="0.23" meanTravelTime="268.22" duration="1"/>
    <step time="559.60" loaded="1321" inserted="918" running="585" waiting="2" ended="333" meanWaitingTime="0.23" meanTravelTime="268.22" duration="1"/>
    <step time="559.70" loaded="1321" inserted="918" running="585" waiting="2" ended="333" meanWaitingTime="0.23" meanTravelTime="268.22" duration="2"/>
    <step time="559.80" loaded="1321" inserted="918" running="585" waiting="2" ended="333" meanWaitingTime="0.23" meanTravelTime="268.22" duration="1"/>
    <step time="559.90" loaded="1321" inserted="918" running="585" waiting="2" ended="333" meanWaitingTime="0.23" meanTravelTime="268.22" duration="1"/>
    <step time="560.00" loaded="1321" inserted="919" running="586" waiting="2" ended="333" meanWaitingTime="0.23" meanTravelTime="268.22" duration="1"/>
    <step time="560.10" loaded="1322" inserted="919" running="586" waiting="2" ended="333" meanWaitingTime="0.23" meanTravelTime="268.22" duration="1"/>
    <step time="560.20" loaded="1322" inserted="919" running="586" waiting="2" ended="333" meanWaitingTime="0.23" meanTravelTime="268.22" duration="1"/>
    <step time="560.30" loaded="1322" inserted="919" running="586" waiting="2" ended="333" meanWaitingTime="0.23" meanTravelTime="268.22" duration="1"/>
    <step time="560.40" loaded="1322" inserted="919" running="586" waiting="2" ended="333" meanWaitingTime="0.23" meanTravelTime="268.22" duration="1"/>
    <step time="560.50" loaded="1322" inserted="920" running="587" waiting="2" ended="333" meanWaitingTime="0.23" meanTravelTime="268.22" duration="1"/>
    <step time="560.60" loaded="1323" inserted="920" running="587" waiting="2" ended="333" meanWaitingTime="0.23" meanTravelTime="268.22" duration="1"/>
    <step time="560.70" loaded="1323" inserted="920" running="587" waiting="2" ended="333" meanWaitingTime="0.23" meanTravelTime="268.22" duration="1"/>
    <step time="560.80" loaded="1323" inserted="920" running="587" waiting="2" ended="333" meanWaitingTime="0.23" meanTravelTime="268.22" duration="1"/>
    <step time="560.90" loaded="1323" inserted="920" running="587" waiting="2" ended="333" meanWaitingTime="0.23" meanTravelTime="268.22" duration="1"/>
    <step time="561.00" loaded="1323" inserted="921" running="588" waiting="2" ended="333" meanWaitingTime="0.23" meanTravelTime="268.22" duration="1"/>
    <step time="561.10" loaded="1324" inserted="921" running="588" waiting="2" ended="333" meanWaitingTime="0.23" meanTravelTime="268.22" duration="2"/>
    <step time="561.20" loaded="1324" inserted="921" running="588" waiting="2" ended="333" meanWaitingTime="0.23" meanTravelTime="268.22" duration="1"/>
    <step time="561.30" loaded="1324" inserted="921" running="588" waiting="2" ended="333" meanWaitingTime="0.23" meanTravelTime="268.22" duration="2"/>
    <step time="561.40" loaded="1324" inserted="921" running="588" waiting="2" ended="333" meanWaitingTime="0.23" meanTravelTime="268.22" duration="1"/>
    <step time="561.50" loaded="1324" inserted="922" running="589" waiting="2" ended="333" meanWaitingTime="0.23" meanTravelTime="268.22" duration="1"/>
    <step time="561.60" loaded="1325" inserted="922" running="589" waiting="2" ended="333" meanWaitingTime="0.23" meanTravelTime="268.22" duration="1"/>
    <step time="561.70" loaded="1325" inserted="922" running="589" waiting="2" ended="333" meanWaitingTime="0.23" meanTravelTime="268.22" duration="1"/>
    <step time="561.80" loaded="1325" inserted="922" running="589" waiting="2" ended="333" meanWaitingTime="0.23" meanTravelTime="268.22" duration="2"/>
    <step time="561.90" loaded="1325" inserted="922" running="589" waiting="2" ended="333" meanWaitingTime="0.23" meanTravelTime="268.22" duration="1"/>
    <step time="562.00" loaded="1325" inserted="923" running="590" waiting="2" ended="333" meanWaitingTime="0.23" meanTravelTime="268.22" duration="1"/>
    <step time="562.10" loaded="1326" inserted="923" running="590" waiting="2" ended="333" meanWaitingTime="0.23" meanTravelTime="268.22" duration="1"/>
    <step time="562.20" loaded="1326" inserted="923" running="590" waiting="2" ended="333" meanWaitingTime="0.23" meanTravelTime="268.22" duration="1"/>
    <step time="562.30" loaded="1326" inserted="923" running="590" waiting="2" ended="333" meanWaitingTime="0.23" meanTravelTime="268.22" duration="1"/>
    <step time="562.40" loaded="1326" inserted="924" running="591" waiting="1" ended="333" meanWaitingTime="0.24" meanTravelTime="268.22" duration="2"/>
    <step time="562.50" loaded="1326" inserted="925" running="592" waiting="1" ended="333" meanWaitingTime="0.24" meanTravelTime="268.22" duration="1"/>
    <step time="562.60" loaded="1327" inserted="925" running="592" waiting="1" ended="333" meanWaitingTime="0.24" meanTravelTime="268.22" duration="1"/>
    <step time="562.70" loaded="1327" inserted="925" running="592" waiting="1" ended="333" meanWaitingTime="0.24" meanTravelTime="268.22" duration="2"/>
    <step time="562.80" loaded="1327" inserted="925" running="592" waiting="1" ended="333" meanWaitingTime="0.24" meanTravelTime="268.22" duration="1"/>
    <step time="562.90" loaded="1327" inserted="925" running="592" waiting="1" ended="333" meanWaitingTime="0.24" meanTravelTime="268.22" duration="1"/>
    <step time="563.00" loaded="1327" inserted="925" running="592" waiting="2" ended="333" meanWaitingTime="0.24" meanTravelTime="268.22" duration="1"/>
    <step time="563.10" loaded="1328" inserted="925" running="592" waiting="2" ended="333" meanWaitingTime="0.24" meanTravelTime="268.22" duration="1"/>
    <step time="563.20" loaded="1328" inserted="926" running="593" waiting="1" ended="333" meanWaitingTime="0.24" meanTravelTime="268.22" duration="2"/>
    <step time="563.30" loaded="1328" inserted="927" running="594" waiting="0" ended="333" meanWaitingTime="0.24" meanTravelTime="268.22" duration="1"/>
    <step time="563.40" loaded="1328" inserted="927" running="594" waiting="0" ended="333" meanWaitingTime="0.24" meanTravelTime="268.22" duration="1"/>
    <step time="563.50" loaded="1328" inserted="928" running="595" waiting="0" ended="333" meanWaitingTime="0.24" meanTravelTime="268.22" duration="1"/>
    <step time="563.60" loaded="1329" inserted="928" running="595" waiting="0" ended="333" meanWaitingTime="0.24" meanTravelTime="268.22" duration="1"/>
    <step time="563.70" loaded="1329" inserted="928" running="595" waiting="0" ended="333" meanWaitingTime="0.24" meanTravelTime="268.22" duration="1"/>
    <step time="563.80" loaded="1329" inserted="928" running="595" waiting="0" ended="333" meanWaitingTime="0.24" meanTravelTime="268.22" duration="2"/>
    <step time="563.90" loaded="1329" inserted="928" running="595" waiting="0" ended="333" meanWaitingTime="0.24" meanTravelTime="268.22" duration="1"/>
    <step time="564.00" loaded="1329" inserted="929" running="595" waiting="0" ended="334" meanWaitingTime="0.24" meanTravelTime="268.15" duration="1"/>
    <step time="564.10" loaded="1330" inserted="929" running="595" waiting="0" ended="334" meanWaitingTime="0.24" meanTravelTime="268.15" duration="2"/>
    <step time="564.20" loaded="1330" inserted="929" running="595" waiting="0" ended="334" meanWaitingTime="0.24" meanTravelTime="268.15" duration="1"/>
    <step time="564.30" loaded="1330" inserted="929" running="594" waiting="0" ended="335" meanWaitingTime="0.24" meanTravelTime="268.12" duration="1"/>
    <step time="564.40" loaded="1330" inserted="929" running="594" waiting="0" ended="335" meanWaitingTime="0.24" meanTravelTime="268.12" duration="2"/>
    <step time="564.50" loaded="1330" inserted="930" running="595" waiting="0" ended="335" meanWaitingTime="0.24" meanTravelTime="268.12" duration="1"/>
    <step time="564.60" loaded="1331" inserted="930" running="595" waiting="0" ended="335" meanWaitingTime="0.24" meanTravelTime="268.12" duration="1"/>
    <step time="564.70" loaded="1331" inserted="930" running="595" waiting="0" ended="335" meanWaitingTime="0.24" meanTravelTime="268.12" duration="1"/>
    <step time="564.80" loaded="1331" inserted="930" running="595" waiting="0" ended="335" meanWaitingTime="0.24" meanTravelTime="268.12" duration="1"/>
    <step time="564.90" loaded="1331" inserted="930" running="595" waiting="0" ended="335" meanWaitingTime="0.24" meanTravelTime="268.12" duration="1"/>
    <step time="565.00" loaded="1331" inserted="930" running="595" waiting="1" ended="335" meanWaitingTime="0.24" meanTravelTime="268.12" duration="1"/>
    <step time="565.10" loaded="1332" inserted="930" running="595" waiting="1" ended="335" meanWaitingTime="0.24" meanTravelTime="268.12" duration="1"/>
    <step time="565.20" loaded="1332" inserted="930" running="594" waiting="1" ended="336" meanWaitingTime="0.24" meanTravelTime="267.95" duration="2"/>
    <step time="565.30" loaded="1332" inserted="930" running="594" waiting="1" ended="336" meanWaitingTime="0.24" meanTravelTime="267.95" duration="1"/>
    <step time="565.40" loaded="1332" inserted="930" running="594" waiting="1" ended="336" meanWaitingTime="0.24" meanTravelTime="267.95" duration="1"/>
    <step time="565.50" loaded="1332" inserted="930" running="594" waiting="2" ended="336" meanWaitingTime="0.24" meanTravelTime="267.95" duration="1"/>
    <step time="565.60" loaded="1333" inserted="930" running="594" waiting="2" ended="336" meanWaitingTime="0.24" meanTravelTime="267.95" duration="1"/>
    <step time="565.70" loaded="1333" inserted="930" running="594" waiting="2" ended="336" meanWaitingTime="0.24" meanTravelTime="267.95" duration="1"/>
    <step time="565.80" loaded="1333" inserted="931" running="595" waiting="1" ended="336" meanWaitingTime="0.24" meanTravelTime="267.95" duration="1"/>
    <step time="565.90" loaded="1333" inserted="931" running="595" waiting="1" ended="336" meanWaitingTime="0.24" meanTravelTime="267.95" duration="1"/>
    <step time="566.00" loaded="1333" inserted="932" running="596" waiting="1" ended="336" meanWaitingTime="0.24" meanTravelTime="267.95" duration="1"/>
    <step time="566.10" loaded="1334" inserted="932" running="596" waiting="1" ended="336" meanWaitingTime="0.24" meanTravelTime="267.95" duration="1"/>
    <step time="566.20" loaded="1334" inserted="932" running="596" waiting="1" ended="336" meanWaitingTime="0.24" meanTravelTime="267.95" duration="1"/>
    <step time="566.30" loaded="1334" inserted="932" running="596" waiting="1" ended="336" meanWaitingTime="0.24" meanTravelTime="267.95" duration="1"/>
    <step time="566.40" loaded="1334" inserted="932" running="596" waiting="1" ended="336" meanWaitingTime="0.24" meanTravelTime="267.95" duration="1"/>
    <step time="566.50" loaded="1334" inserted="932" running="596" waiting="2" ended="336" meanWaitingTime="0.24" meanTravelTime="267.95" duration="2"/>
    <step time="566.60" loaded="1335" inserted="932" running="596" waiting="2" ended="336" meanWaitingTime="0.24" meanTravelTime="267.95" duration="1"/>
    <step time="566.70" loaded="1335" inserted="932" running="596" waiting="2" ended="336" meanWaitingTime="0.24" meanTravelTime="267.95" duration="2"/>
    <step time="566.80" loaded="1335" inserted="934" running="598" waiting="0" ended="336" meanWaitingTime="0.24" meanTravelTime="267.95" duration="1"/>
    <step time="566.90" loaded="1335" inserted="934" running="598" waiting="0" ended="336" meanWaitingTime="0.24" meanTravelTime="267.95" duration="1"/>
    <step time="567.00" loaded="1335" inserted="935" running="599" waiting="0" ended="336" meanWaitingTime="0.24" meanTravelTime="267.95" duration="1"/>
    <step time="567.10" loaded="1336" inserted="935" running="599" waiting="0" ended="336" meanWaitingTime="0.24" meanTravelTime="267.95" duration="1"/>
    <step time="567.20" loaded="1336" inserted="935" running="599" waiting="0" ended="336" meanWaitingTime="0.24" meanTravelTime="267.95" duration="1"/>
    <step time="567.30" loaded="1336" inserted="935" running="598" waiting="0" ended="337" meanWaitingTime="0.24" meanTravelTime="267.85" duration="1"/>
    <step time="567.40" loaded="1336" inserted="935" running="598" waiting="0" ended="337" meanWaitingTime="0.24" meanTravelTime="267.85" duration="1"/>
    <step time="567.50" loaded="1336" inserted="936" running="599" waiting="0" ended="337" meanWaitingTime="0.24" meanTravelTime="267.85" duration="1"/>
    <step time="567.60" loaded="1337" inserted="936" running="599" waiting="0" ended="337" meanWaitingTime="0.24" meanTravelTime="267.85" duration="1"/>
    <step time="567.70" loaded="1337" inserted="936" running="599" waiting="0" ended="337" meanWaitingTime="0.24" meanTravelTime="267.85" duration="1"/>
    <step time="567.80" loaded="1337" inserted="936" running="599" waiting="0" ended="337" meanWaitingTime="0.24" meanTravelTime="267.85" duration="2"/>
    <step time="567.90" loaded="1337" inserted="936" running="599" waiting="0" ended="337" meanWaitingTime="0.24" meanTravelTime="267.85" duration="1"/>
    <step time="568.00" loaded="1337" inserted="937" running="600" waiting="0" ended="337" meanWaitingTime="0.24" meanTravelTime="267.85" duration="0"/>
    <step time="568.10" loaded="1338" inserted="937" running="600" waiting="0" ended="337" meanWaitingTime="0.24" meanTravelTime="267.85" duration="1"/>
    <step time="568.20" loaded="1338" inserted="937" running="600" waiting="0" ended="337" meanWaitingTime="0.24" meanTravelTime="267.85" duration="2"/>
    <step time="568.30" loaded="1338" inserted="937" running="600" waiting="0" ended="337" meanWaitingTime="0.24" meanTravelTime="267.85" duration="1"/>
    <step time="568.40" loaded="1338" inserted="937" running="600" waiting="0" ended="337" meanWaitingTime="0.24" meanTravelTime="267.85" duration="1"/>
    <step time="568.50" loaded="1338" inserted="938" running="601" waiting="0" ended="337" meanWaitingTime="0.24" meanTravelTime="267.85" duration="0"/>
    <step time="568.60" loaded="1339" inserted="938" running="601" waiting="0" ended="337" meanWaitingTime="0.24" meanTravelTime="267.85" duration="1"/>
    <step time="568.70" loaded="1339" inserted="938" running="601" waiting="0" ended="337" meanWaitingTime="0.24" meanTravelTime="267.85" duration="2"/>
    <step time="568.80" loaded="1339" inserted="938" running="601" waiting="0" ended="337" meanWaitingTime="0.24" meanTravelTime="267.85" duration="0"/>
    <step time="568.90" loaded="1339" inserted="938" running="601" waiting="0" ended="337" meanWaitingTime="0.24" meanTravelTime="267.85" duration="1"/>
    <step time="569.00" loaded="1339" inserted="939" running="602" waiting="0" ended="337" meanWaitingTime="0.24" meanTravelTime="267.85" duration="1"/>
    <step time="569.10" loaded="1340" inserted="939" running="602" waiting="0" ended="337" meanWaitingTime="0.24" meanTravelTime="267.85" duration="1"/>
    <step time="569.20" loaded="1340" inserted="939" running="602" waiting="0" ended="337" meanWaitingTime="0.24" meanTravelTime="267.85" duration="1"/>
    <step time="569.30" loaded="1340" inserted="939" running="602" waiting="0" ended="337" meanWaitingTime="0.24" meanTravelTime="267.85" duration="1"/>
    <step time="569.40" loaded="1340" inserted="939" running="602" waiting="0" ended="337" meanWaitingTime="0.24" meanTravelTime="267.85" duration="1"/>
    <step time="569.50" loaded="1340" inserted="940" running="603" waiting="0" ended="337" meanWaitingTime="0.24" meanTravelTime="267.85" duration="1"/>
    <step time="569.60" loaded="1341" inserted="940" running="603" waiting="0" ended="337" meanWaitingTime="0.24" meanTravelTime="267.85" duration="1"/>
    <step time="569.70" loaded="1341" inserted="940" running="602" waiting="0" ended="338" meanWaitingTime="0.24" meanTravelTime="267.69" duration="1"/>
    <step time="569.80" loaded="1341" inserted="940" running="602" waiting="0" ended="338" meanWaitingTime="0.24" meanTravelTime="267.69" duration="1"/>
    <step time="569.90" loaded="1341" inserted="940" running="602" waiting="0" ended="338" meanWaitingTime="0.24" meanTravelTime="267.69" duration="1"/>
    <step time="570.00" loaded="1341" inserted="941" running="603" waiting="0" ended="338" meanWaitingTime="0.24" meanTravelTime="267.69" duration="1"/>
    <step time="570.10" loaded="1342" inserted="941" running="603" waiting="0" ended="338" meanWaitingTime="0.24" meanTravelTime="267.69" duration="1"/>
    <step time="570.20" loaded="1342" inserted="941" running="603" waiting="0" ended="338" meanWaitingTime="0.24" meanTravelTime="267.69" duration="1"/>
    <step time="570.30" loaded="1342" inserted="941" running="603" waiting="0" ended="338" meanWaitingTime="0.24" meanTravelTime="267.69" duration="1"/>
    <step time="570.40" loaded="1342" inserted="941" running="603" waiting="0" ended="338" meanWaitingTime="0.24" meanTravelTime="267.69" duration="1"/>
    <step time="570.50" loaded="1342" inserted="941" running="603" waiting="1" ended="338" meanWaitingTime="0.24" meanTravelTime="267.69" duration="1"/>
    <step time="570.60" loaded="1343" inserted="941" running="603" waiting="1" ended="338" meanWaitingTime="0.24" meanTravelTime="267.69" duration="1"/>
    <step time="570.70" loaded="1343" inserted="941" running="603" waiting="1" ended="338" meanWaitingTime="0.24" meanTravelTime="267.69" duration="1"/>
    <step time="570.80" loaded="1343" inserted="942" running="604" waiting="0" ended="338" meanWaitingTime="0.24" meanTravelTime="267.69" duration="1"/>
    <step time="570.90" loaded="1343" inserted="942" running="604" waiting="0" ended="338" meanWaitingTime="0.24" meanTravelTime="267.69" duration="1"/>
    <step time="571.00" loaded="1343" inserted="943" running="605" waiting="0" ended="338" meanWaitingTime="0.24" meanTravelTime="267.69" duration="0"/>
    <step time="571.10" loaded="1344" inserted="943" running="605" waiting="0" ended="338" meanWaitingTime="0.24" meanTravelTime="267.69" duration="1"/>
    <step time="571.20" loaded="1344" inserted="943" running="605" waiting="0" ended="338" meanWaitingTime="0.24" meanTravelTime="267.69" duration="1"/>
    <step time="571.30" loaded="1344" inserted="943" running="605" waiting="0" ended="338" meanWaitingTime="0.24" meanTravelTime="267.69" duration="1"/>
    <step time="571.40" loaded="1344" inserted="943" running="605" waiting="0" ended="338" meanWaitingTime="0.24" meanTravelTime="267.69" duration="1"/>
    <step time="571.50" loaded="1344" inserted="944" running="605" waiting="0" ended="339" meanWaitingTime="0.24" meanTravelTime="267.77" duration="1"/>
    <step time="571.60" loaded="1345" inserted="944" running="605" waiting="0" ended="339" meanWaitingTime="0.24" meanTravelTime="267.77" duration="1"/>
    <step time="571.70" loaded="1345" inserted="944" running="605" waiting="0" ended="339" meanWaitingTime="0.24" meanTravelTime="267.77" duration="2"/>
    <step time="571.80" loaded="1345" inserted="944" running="605" waiting="0" ended="339" meanWaitingTime="0.24" meanTravelTime="267.77" duration="1"/>
    <step time="571.90" loaded="1345" inserted="944" running="605" waiting="0" ended="339" meanWaitingTime="0.24" meanTravelTime="267.77" duration="0"/>
    <step time="572.00" loaded="1345" inserted="945" running="606" waiting="0" ended="339" meanWaitingTime="0.24" meanTravelTime="267.77" duration="1"/>
    <step time="572.10" loaded="1346" inserted="945" running="606" waiting="0" ended="339" meanWaitingTime="0.24" meanTravelTime="267.77" duration="1"/>
    <step time="572.20" loaded="1346" inserted="945" running="606" waiting="0" ended="339" meanWaitingTime="0.24" meanTravelTime="267.77" duration="1"/>
    <step time="572.30" loaded="1346" inserted="945" running="606" waiting="0" ended="339" meanWaitingTime="0.24" meanTravelTime="267.77" duration="1"/>
    <step time="572.40" loaded="1346" inserted="945" running="606" waiting="0" ended="339" meanWaitingTime="0.24" meanTravelTime="267.77" duration="1"/>
    <step time="572.50" loaded="1346" inserted="946" running="607" waiting="0" ended="339" meanWaitingTime="0.24" meanTravelTime="267.77" duration="1"/>
    <step time="572.60" loaded="1347" inserted="946" running="607" waiting="0" ended="339" meanWaitingTime="0.24" meanTravelTime="267.77" duration="0"/>
    <step time="572.70" loaded="1347" inserted="946" running="607" waiting="0" ended="339" meanWaitingTime="0.24" meanTravelTime="267.77" duration="1"/>
    <step time="572.80" loaded="1347" inserted="946" running="607" waiting="0" ended="339" meanWaitingTime="0.24" meanTravelTime="267.77" duration="1"/>
    <step time="572.90" loaded="1347" inserted="946" running="607" waiting="0" ended="339" meanWaitingTime="0.24" meanTravelTime="267.77" duration="1"/>
    <step time="573.00" loaded="1347" inserted="947" running="608" waiting="0" ended="339" meanWaitingTime="0.24" meanTravelTime="267.77" duration="0"/>
    <step time="573.10" loaded="1348" inserted="947" running="608" waiting="0" ended="339" meanWaitingTime="0.24" meanTravelTime="267.77" duration="1"/>
    <step time="573.20" loaded="1348" inserted="947" running="608" waiting="0" ended="339" meanWaitingTime="0.24" meanTravelTime="267.77" duration="1"/>
    <step time="573.30" loaded="1348" inserted="947" running="608" waiting="0" ended="339" meanWaitingTime="0.24" meanTravelTime="267.77" duration="0"/>
    <step time="573.40" loaded="1348" inserted="947" running="608" waiting="0" ended="339" meanWaitingTime="0.24" meanTravelTime="267.77" duration="1"/>
    <step time="573.50" loaded="1348" inserted="948" running="609" waiting="0" ended="339" meanWaitingTime="0.24" meanTravelTime="267.77" duration="1"/>
    <step time="573.60" loaded="1349" inserted="948" running="609" waiting="0" ended="339" meanWaitingTime="0.24" meanTravelTime="267.77" duration="0"/>
    <step time="573.70" loaded="1349" inserted="948" running="609" waiting="0" ended="339" meanWaitingTime="0.24" meanTravelTime="267.77" duration="1"/>
    <step time="573.80" loaded="1349" inserted="948" running="609" waiting="0" ended="339" meanWaitingTime="0.24" meanTravelTime="267.77" duration="1"/>
    <step time="573.90" loaded="1349" inserted="948" running="609" waiting="0" ended="339" meanWaitingTime="0.24" meanTravelTime="267.77" duration="1"/>
    <step time="574.00" loaded="1349" inserted="949" running="610" waiting="0" ended="339" meanWaitingTime="0.24" meanTravelTime="267.77" duration="0"/>
    <step time="574.10" loaded="1350" inserted="949" running="610" waiting="0" ended="339" meanWaitingTime="0.24" meanTravelTime="267.77" duration="1"/>
    <step time="574.20" loaded="1350" inserted="949" running="610" waiting="0" ended="339" meanWaitingTime="0.24" meanTravelTime="267.77" duration="1"/>
    <step time="574.30" loaded="1350" inserted="949" running="610" waiting="0" ended="339" meanWaitingTime="0.24" meanTravelTime="267.77" duration="1"/>
    <step time="574.40" loaded="1350" inserted="949" running="610" waiting="0" ended="339" meanWaitingTime="0.24" meanTravelTime="267.77" duration="1"/>
    <step time="574.50" loaded="1350" inserted="949" running="608" waiting="1" ended="341" meanWaitingTime="0.24" meanTravelTime="267.33" duration="0"/>
    <step time="574.60" loaded="1351" inserted="949" running="607" waiting="1" ended="342" meanWaitingTime="0.24" meanTravelTime="267.14" duration="1"/>
    <step time="574.70" loaded="1351" inserted="950" running="608" waiting="0" ended="342" meanWaitingTime="0.24" meanTravelTime="267.14" duration="1"/>
    <step time="574.80" loaded="1351" inserted="950" running="608" waiting="0" ended="342" meanWaitingTime="0.24" meanTravelTime="267.14" duration="1"/>
    <step time="574.90" loaded="1351" inserted="950" running="608" waiting="0" ended="342" meanWaitingTime="0.24" meanTravelTime="267.14" duration="0"/>
    <step time="575.00" loaded="1351" inserted="951" running="609" waiting="0" ended="342" meanWaitingTime="0.24" meanTravelTime="267.14" duration="1"/>
    <step time="575.10" loaded="1352" inserted="951" running="609" waiting="0" ended="342" meanWaitingTime="0.24" meanTravelTime="267.14" duration="1"/>
    <step time="575.20" loaded="1352" inserted="951" running="609" waiting="0" ended="342" meanWaitingTime="0.24" meanTravelTime="267.14" duration="0"/>
    <step time="575.30" loaded="1352" inserted="951" running="609" waiting="0" ended="342" meanWaitingTime="0.24" meanTravelTime="267.14" duration="1"/>
    <step time="575.40" loaded="1352" inserted="951" running="609" waiting="0" ended="342" meanWaitingTime="0.24" meanTravelTime="267.14" duration="1"/>
    <step time="575.50" loaded="1352" inserted="952" running="610" waiting="0" ended="342" meanWaitingTime="0.24" meanTravelTime="267.14" duration="0"/>
    <step time="575.60" loaded="1353" inserted="952" running="610" waiting="0" ended="342" meanWaitingTime="0.24" meanTravelTime="267.14" duration="1"/>
    <step time="575.70" loaded="1353" inserted="952" running="610" waiting="0" ended="342" meanWaitingTime="0.24" meanTravelTime="267.14" duration="1"/>
    <step time="575.80" loaded="1353" inserted="952" running="610" waiting="0" ended="342" meanWaitingTime="0.24" meanTravelTime="267.14" duration="1"/>
    <step time="575.90" loaded="1353" inserted="952" running="610" waiting="0" ended="342" meanWaitingTime="0.24" meanTravelTime="267.14" duration="0"/>
    <step time="576.00" loaded="1353" inserted="953" running="611" waiting="0" ended="342" meanWaitingTime="0.24" meanTravelTime="267.14" duration="1"/>
    <step time="576.10" loaded="1354" inserted="953" running="611" waiting="0" ended="342" meanWaitingTime="0.24" meanTravelTime="267.14" duration="1"/>
    <step time="576.20" loaded="1354" inserted="953" running="611" waiting="0" ended="342" meanWaitingTime="0.24" meanTravelTime="267.14" duration="0"/>
    <step time="576.30" loaded="1354" inserted="953" running="611" waiting="0" ended="342" meanWaitingTime="0.24" meanTravelTime="267.14" duration="1"/>
    <step time="576.40" loaded="1354" inserted="953" running="611" waiting="0" ended="342" meanWaitingTime="0.24" meanTravelTime="267.14" duration="1"/>
    <step time="576.50" loaded="1354" inserted="954" running="612" waiting="0" ended="342" meanWaitingTime="0.24" meanTravelTime="267.14" duration="0"/>
    <step time="576.60" loaded="1355" inserted="954" running="612" waiting="0" ended="342" meanWaitingTime="0.24" meanTravelTime="267.14" duration="1"/>
    <step time="576.70" loaded="1355" inserted="954" running="612" waiting="0" ended="342" meanWaitingTime="0.24" meanTravelTime="267.14" duration="1"/>
    <step time="576.80" loaded="1355" inserted="954" running="612" waiting="0" ended="342" meanWaitingTime="0.24" meanTravelTime="267.14" duration="0"/>
    <step time="576.90" loaded="1355" inserted="954" running="612" waiting="0" ended="342" meanWaitingTime="0.24" meanTravelTime="267.14" duration="1"/>
    <step time="577.00" loaded="1355" inserted="955" running="613" waiting="0" ended="342" meanWaitingTime="0.24" meanTravelTime="267.14" duration="1"/>
    <step time="577.10" loaded="1356" inserted="955" running="613" waiting="0" ended="342" meanWaitingTime="0.24" meanTravelTime="267.14" duration="0"/>
    <step time="577.20" loaded="1356" inserted="955" running="613" waiting="0" ended="342" meanWaitingTime="0.24" meanTravelTime="267.14" duration="1"/>
    <step time="577.30" loaded="1356" inserted="955" running="613" waiting="0" ended="342" meanWaitingTime="0.24" meanTravelTime="267.14" duration="1"/>
    <step time="577.40" loaded="1356" inserted="955" running="613" waiting="0" ended="342" meanWaitingTime="0.24" meanTravelTime="267.14" duration="0"/>
    <step time="577.50" loaded="1356" inserted="956" running="614" waiting="0" ended="342" meanWaitingTime="0.24" meanTravelTime="267.14" duration="1"/>
    <step time="577.60" loaded="1357" inserted="956" running="614" waiting="0" ended="342" meanWaitingTime="0.24" meanTravelTime="267.14" duration="1"/>
    <step time="577.70" loaded="1357" inserted="956" running="614" waiting="0" ended="342" meanWaitingTime="0.24" meanTravelTime="267.14" duration="1"/>
    <step time="577.80" loaded="1357" inserted="956" running="614" waiting="0" ended="342" meanWaitingTime="0.24" meanTravelTime="267.14" duration="1"/>
    <step time="577.90" loaded="1357" inserted="956" running="614" waiting="0" ended="342" meanWaitingTime="0.24" meanTravelTime="267.14" duration="0"/>
    <step time="578.00" loaded="1357" inserted="957" running="615" waiting="0" ended="342" meanWaitingTime="0.24" meanTravelTime="267.14" duration="1"/>
    <step time="578.10" loaded="1358" inserted="957" running="615" waiting="0" ended="342" meanWaitingTime="0.24" meanTravelTime="267.14" duration="1"/>
    <step time="578.20" loaded="1358" inserted="957" running="615" waiting="0" ended="342" meanWaitingTime="0.24" meanTravelTime="267.14" duration="0"/>
    <step time="578.30" loaded="1358" inserted="957" running="615" waiting="0" ended="342" meanWaitingTime="0.24" meanTravelTime="267.14" duration="1"/>
    <step time="578.40" loaded="1358" inserted="957" running="615" waiting="0" ended="342" meanWaitingTime="0.24" meanTravelTime="267.14" duration="1"/>
    <step time="578.50" loaded="1358" inserted="958" running="616" waiting="0" ended="342" meanWaitingTime="0.24" meanTravelTime="267.14" duration="1"/>
    <step time="578.60" loaded="1359" inserted="958" running="616" waiting="0" ended="342" meanWaitingTime="0.24" meanTravelTime="267.14" duration="0"/>
    <step time="578.70" loaded="1359" inserted="958" running="616" waiting="0" ended="342" meanWaitingTime="0.24" meanTravelTime="267.14" duration="1"/>
    <step time="578.80" loaded="1359" inserted="958" running="616" waiting="0" ended="342" meanWaitingTime="0.24" meanTravelTime="267.14" duration="1"/>
    <step time="578.90" loaded="1359" inserted="958" running="616" waiting="0" ended="342" meanWaitingTime="0.24" meanTravelTime="267.14" duration="0"/>
    <step time="579.00" loaded="1359" inserted="959" running="617" waiting="0" ended="342" meanWaitingTime="0.24" meanTravelTime="267.14" duration="1"/>
    <step time="579.10" loaded="1360" inserted="959" running="617" waiting="0" ended="342" meanWaitingTime="0.24" meanTravelTime="267.14" duration="1"/>
    <step time="579.20" loaded="1360" inserted="959" running="617" waiting="0" ended="342" meanWaitingTime="0.24" meanTravelTime="267.14" duration="1"/>
    <step time="579.30" loaded="1360" inserted="959" running="617" waiting="0" ended="342" meanWaitingTime="0.24" meanTravelTime="267.14" duration="0"/>
    <step time="579.40" loaded="1360" inserted="959" running="617" waiting="0" ended="342" meanWaitingTime="0.24" meanTravelTime="267.14" duration="1"/>
    <step time="579.50" loaded="1360" inserted="960" running="618" waiting="0" ended="342" meanWaitingTime="0.24" meanTravelTime="267.14" duration="0"/>
    <step time="579.60" loaded="1361" inserted="960" running="618" waiting="0" ended="342" meanWaitingTime="0.24" meanTravelTime="267.14" duration="1"/>
    <step time="579.70" loaded="1361" inserted="960" running="618" waiting="0" ended="342" meanWaitingTime="0.24" meanTravelTime="267.14" duration="1"/>
    <step time="579.80" loaded="1361" inserted="960" running="618" waiting="0" ended="342" meanWaitingTime="0.24" meanTravelTime="267.14" duration="0"/>
    <step time="579.90" loaded="1361" inserted="960" running="618" waiting="0" ended="342" meanWaitingTime="0.24" meanTravelTime="267.14" duration="1"/>
    <step time="580.00" loaded="1361" inserted="961" running="619" waiting="0" ended="342" meanWaitingTime="0.24" meanTravelTime="267.14" duration="1"/>
    <step time="580.10" loaded="1362" inserted="961" running="619" waiting="0" ended="342" meanWaitingTime="0.24" meanTravelTime="267.14" duration="0"/>
    <step time="580.20" loaded="1362" inserted="961" running="619" waiting="0" ended="342" meanWaitingTime="0.24" meanTravelTime="267.14" duration="1"/>
    <step time="580.30" loaded="1362" inserted="961" running="619" waiting="0" ended="342" meanWaitingTime="0.24" meanTravelTime="267.14" duration="0"/>
    <step time="580.40" loaded="1362" inserted="961" running="619" waiting="0" ended="342" meanWaitingTime="0.24" meanTravelTime="267.14" duration="1"/>
    <step time="580.50" loaded="1362" inserted="962" running="620" waiting="0" ended="342" meanWaitingTime="0.24" meanTravelTime="267.14" duration="1"/>
    <step time="580.60" loaded="1363" inserted="962" running="620" waiting="0" ended="342" meanWaitingTime="0.24" meanTravelTime="267.14" duration="0"/>
    <step time="580.70" loaded="1363" inserted="962" running="620" waiting="0" ended="342" meanWaitingTime="0.24" meanTravelTime="267.14" duration="1"/>
    <step time="580.80" loaded="1363" inserted="962" running="620" waiting="0" ended="342" meanWaitingTime="0.24" meanTravelTime="267.14" duration="1"/>
    <step time="580.90" loaded="1363" inserted="962" running="620" waiting="0" ended="342" meanWaitingTime="0.24" meanTravelTime="267.14" duration="0"/>
    <step time="581.00" loaded="1363" inserted="963" running="621" waiting="0" ended="342" meanWaitingTime="0.24" meanTravelTime="267.14" duration="1"/>
    <step time="581.10" loaded="1364" inserted="963" running="621" waiting="0" ended="342" meanWaitingTime="0.24" meanTravelTime="267.14" duration="1"/>
    <step time="581.20" loaded="1364" inserted="963" running="621" waiting="0" ended="342" meanWaitingTime="0.24" meanTravelTime="267.14" duration="1"/>
    <step time="581.30" loaded="1364" inserted="963" running="621" waiting="0" ended="342" meanWaitingTime="0.24" meanTravelTime="267.14" duration="1"/>
    <step time="581.40" loaded="1364" inserted="963" running="621" waiting="0" ended="342" meanWaitingTime="0.24" meanTravelTime="267.14" duration="0"/>
    <step time="581.50" loaded="1364" inserted="964" running="622" waiting="0" ended="342" meanWaitingTime="0.24" meanTravelTime="267.14" duration="1"/>
    <step time="581.60" loaded="1365" inserted="964" running="622" waiting="0" ended="342" meanWaitingTime="0.24" meanTravelTime="267.14" duration="1"/>
    <step time="581.70" loaded="1365" inserted="964" running="622" waiting="0" ended="342" meanWaitingTime="0.24" meanTravelTime="267.14" duration="1"/>
    <step time="581.80" loaded="1365" inserted="964" running="622" waiting="0" ended="342" meanWaitingTime="0.24" meanTravelTime="267.14" duration="0"/>
    <step time="581.90" loaded="1365" inserted="964" running="622" waiting="0" ended="342" meanWaitingTime="0.24" meanTravelTime="267.14" duration="1"/>
    <step time="582.00" loaded="1365" inserted="965" running="623" waiting="0" ended="342" meanWaitingTime="0.24" meanTravelTime="267.14" duration="1"/>
    <step time="582.10" loaded="1366" inserted="965" running="623" waiting="0" ended="342" meanWaitingTime="0.24" meanTravelTime="267.14" duration="0"/>
    <step time="582.20" loaded="1366" inserted="965" running="623" waiting="0" ended="342" meanWaitingTime="0.24" meanTravelTime="267.14" duration="1"/>
    <step time="582.30" loaded="1366" inserted="965" running="623" waiting="0" ended="342" meanWaitingTime="0.24" meanTravelTime="267.14" duration="1"/>
    <step time="582.40" loaded="1366" inserted="965" running="623" waiting="0" ended="342" meanWaitingTime="0.24" meanTravelTime="267.14" duration="0"/>
    <step time="582.50" loaded="1366" inserted="966" running="624" waiting="0" ended="342" meanWaitingTime="0.23" meanTravelTime="267.14" duration="1"/>
    <step time="582.60" loaded="1367" inserted="966" running="624" waiting="0" ended="342" meanWaitingTime="0.23" meanTravelTime="267.14" duration="0"/>
    <step time="582.70" loaded="1367" inserted="966" running="624" waiting="0" ended="342" meanWaitingTime="0.23" meanTravelTime="267.14" duration="1"/>
    <step time="582.80" loaded="1367" inserted="966" running="624" waiting="0" ended="342" meanWaitingTime="0.23" meanTravelTime="267.14" duration="1"/>
    <step time="582.90" loaded="1367" inserted="966" running="624" waiting="0" ended="342" meanWaitingTime="0.23" meanTravelTime="267.14" duration="0"/>
    <step time="583.00" loaded="1367" inserted="967" running="625" waiting="0" ended="342" meanWaitingTime="0.23" meanTravelTime="267.14" duration="1"/>
    <step time="583.10" loaded="1368" inserted="967" running="625" waiting="0" ended="342" meanWaitingTime="0.23" meanTravelTime="267.14" duration="1"/>
    <step time="583.20" loaded="1368" inserted="967" running="625" waiting="0" ended="342" meanWaitingTime="0.23" meanTravelTime="267.14" duration="0"/>
    <step time="583.30" loaded="1368" inserted="967" running="625" waiting="0" ended="342" meanWaitingTime="0.23" meanTravelTime="267.14" duration="1"/>
    <step time="583.40" loaded="1368" inserted="967" running="625" waiting="0" ended="342" meanWaitingTime="0.23" meanTravelTime="267.14" duration="1"/>
    <step time="583.50" loaded="1368" inserted="967" running="625" waiting="1" ended="342" meanWaitingTime="0.23" meanTravelTime="267.14" duration="0"/>
    <step time="583.60" loaded="1369" inserted="967" running="625" waiting="1" ended="342" meanWaitingTime="0.23" meanTravelTime="267.14" duration="1"/>
    <step time="583.70" loaded="1369" inserted="967" running="625" waiting="1" ended="342" meanWaitingTime="0.23" meanTravelTime="267.14" duration="1"/>
    <step time="583.80" loaded="1369" inserted="967" running="625" waiting="1" ended="342" meanWaitingTime="0.23" meanTravelTime="267.14" duration="0"/>
    <step time="583.90" loaded="1369" inserted="967" running="625" waiting="1" ended="342" meanWaitingTime="0.23" meanTravelTime="267.14" duration="1"/>
    <step time="584.00" loaded="1369" inserted="968" running="626" waiting="1" ended="342" meanWaitingTime="0.23" meanTravelTime="267.14" duration="1"/>
    <step time="584.10" loaded="1370" inserted="968" running="626" waiting="1" ended="342" meanWaitingTime="0.23" meanTravelTime="267.14" duration="0"/>
    <step time="584.20" loaded="1370" inserted="969" running="627" waiting="0" ended="342" meanWaitingTime="0.23" meanTravelTime="267.14" duration="1"/>
    <step time="584.30" loaded="1370" inserted="969" running="627" waiting="0" ended="342" meanWaitingTime="0.23" meanTravelTime="267.14" duration="1"/>
    <step time="584.40" loaded="1370" inserted="969" running="627" waiting="0" ended="342" meanWaitingTime="0.23" meanTravelTime="267.14" duration="0"/>
    <step time="584.50" loaded="1370" inserted="970" running="628" waiting="0" ended="342" meanWaitingTime="0.23" meanTravelTime="267.14" duration="1"/>
    <step time="584.60" loaded="1371" inserted="970" running="628" waiting="0" ended="342" meanWaitingTime="0.23" meanTravelTime="267.14" duration="1"/>
    <step time="584.70" loaded="1371" inserted="970" running="628" waiting="0" ended="342" meanWaitingTime="0.23" meanTravelTime="267.14" duration="0"/>
    <step time="584.80" loaded="1371" inserted="970" running="628" waiting="0" ended="342" meanWaitingTime="0.23" meanTravelTime="267.14" duration="1"/>
    <step time="584.90" loaded="1371" inserted="970" running="628" waiting="0" ended="342" meanWaitingTime="0.23" meanTravelTime="267.14" duration="0"/>
    <step time="585.00" loaded="1371" inserted="971" running="629" waiting="0" ended="342" meanWaitingTime="0.23" meanTravelTime="267.14" duration="1"/>
    <step time="585.10" loaded="1372" inserted="971" running="629" waiting="0" ended="342" meanWaitingTime="0.23" meanTravelTime="267.14" duration="2"/>
    <step time="585.20" loaded="1372" inserted="971" running="629" waiting="0" ended="342" meanWaitingTime="0.23" meanTravelTime="267.14" duration="1"/>
    <step time="585.30" loaded="1372" inserted="971" running="629" waiting="0" ended="342" meanWaitingTime="0.23" meanTravelTime="267.14" duration="3"/>
    <step time="585.40" loaded="1372" inserted="971" running="629" waiting="0" ended="342" meanWaitingTime="0.23" meanTravelTime="267.14" duration="3"/>
    <step time="585.50" loaded="1372" inserted="972" running="630" waiting="0" ended="342" meanWaitingTime="0.23" meanTravelTime="267.14" duration="2"/>
    <step time="585.60" loaded="1373" inserted="972" running="630" waiting="0" ended="342" meanWaitingTime="0.23" meanTravelTime="267.14" duration="2"/>
    <step time="585.70" loaded="1373" inserted="972" running="630" waiting="0" ended="342" meanWaitingTime="0.23" meanTravelTime="267.14" duration="2"/>
    <step time="585.80" loaded="1373" inserted="972" running="630" waiting="0" ended="342" meanWaitingTime="0.23" meanTravelTime="267.14" duration="2"/>
    <step time="585.90" loaded="1373" inserted="972" running="630" waiting="0" ended="342" meanWaitingTime="0.23" meanTravelTime="267.14" duration="1"/>
    <step time="586.00" loaded="1373" inserted="973" running="631" waiting="0" ended="342" meanWaitingTime="0.23" meanTravelTime="267.14" duration="2"/>
    <step time="586.10" loaded="1374" inserted="973" running="631" waiting="0" ended="342" meanWaitingTime="0.23" meanTravelTime="267.14" duration="1"/>
    <step time="586.20" loaded="1374" inserted="973" running="631" waiting="0" ended="342" meanWaitingTime="0.23" meanTravelTime="267.14" duration="3"/>
    <step time="586.30" loaded="1374" inserted="973" running="631" waiting="0" ended="342" meanWaitingTime="0.23" meanTravelTime="267.14" duration="2"/>
    <step time="586.40" loaded="1374" inserted="973" running="631" waiting="0" ended="342" meanWaitingTime="0.23" meanTravelTime="267.14" duration="2"/>
    <step time="586.50" loaded="1374" inserted="974" running="632" waiting="0" ended="342" meanWaitingTime="0.23" meanTravelTime="267.14" duration="1"/>
    <step time="586.60" loaded="1375" inserted="974" running="632" waiting="0" ended="342" meanWaitingTime="0.23" meanTravelTime="267.14" duration="3"/>
    <step time="586.70" loaded="1375" inserted="974" running="632" waiting="0" ended="342" meanWaitingTime="0.23" meanTravelTime="267.14" duration="2"/>
    <step time="586.80" loaded="1375" inserted="974" running="632" waiting="0" ended="342" meanWaitingTime="0.23" meanTravelTime="267.14" duration="1"/>
    <step time="586.90" loaded="1375" inserted="974" running="632" waiting="0" ended="342" meanWaitingTime="0.23" meanTravelTime="267.14" duration="2"/>
    <step time="587.00" loaded="1375" inserted="975" running="633" waiting="0" ended="342" meanWaitingTime="0.23" meanTravelTime="267.14" duration="2"/>
    <step time="587.10" loaded="1376" inserted="975" running="633" waiting="0" ended="342" meanWaitingTime="0.23" meanTravelTime="267.14" duration="2"/>
    <step time="587.20" loaded="1376" inserted="975" running="633" waiting="0" ended="342" meanWaitingTime="0.23" meanTravelTime="267.14" duration="2"/>
    <step time="587.30" loaded="1376" inserted="975" running="633" waiting="0" ended="342" meanWaitingTime="0.23" meanTravelTime="267.14" duration="1"/>
    <step time="587.40" loaded="1376" inserted="975" running="633" waiting="0" ended="342" meanWaitingTime="0.23" meanTravelTime="267.14" duration="1"/>
    <step time="587.50" loaded="1376" inserted="976" running="634" waiting="0" ended="342" meanWaitingTime="0.23" meanTravelTime="267.14" duration="2"/>
    <step time="587.60" loaded="1377" inserted="976" running="634" waiting="0" ended="342" meanWaitingTime="0.23" meanTravelTime="267.14" duration="2"/>
    <step time="587.70" loaded="1377" inserted="976" running="634" waiting="0" ended="342" meanWaitingTime="0.23" meanTravelTime="267.14" duration="2"/>
    <step time="587.80" loaded="1377" inserted="976" running="626" waiting="0" ended="350" meanWaitingTime="0.23" meanTravelTime="268.19" duration="2"/>
    <step time="587.90" loaded="1377" inserted="976" running="626" waiting="0" ended="350" meanWaitingTime="0.23" meanTravelTime="268.19" duration="3"/>
    <step time="588.00" loaded="1377" inserted="977" running="627" waiting="0" ended="350" meanWaitingTime="0.23" meanTravelTime="268.19" duration="2"/>
    <step time="588.10" loaded="1378" inserted="977" running="627" waiting="0" ended="350" meanWaitingTime="0.23" meanTravelTime="268.19" duration="3"/>
    <step time="588.20" loaded="1378" inserted="977" running="627" waiting="0" ended="350" meanWaitingTime="0.23" meanTravelTime="268.19" duration="2"/>
    <step time="588.30" loaded="1378" inserted="977" running="627" waiting="0" ended="350" meanWaitingTime="0.23" meanTravelTime="268.19" duration="2"/>
    <step time="588.40" loaded="1378" inserted="977" running="627" waiting="0" ended="350" meanWaitingTime="0.23" meanTravelTime="268.19" duration="1"/>
    <step time="588.50" loaded="1378" inserted="978" running="628" waiting="0" ended="350" meanWaitingTime="0.23" meanTravelTime="268.19" duration="1"/>
    <step time="588.60" loaded="1379" inserted="978" running="628" waiting="0" ended="350" meanWaitingTime="0.23" meanTravelTime="268.19" duration="2"/>
    <step time="588.70" loaded="1379" inserted="978" running="628" waiting="0" ended="350" meanWaitingTime="0.23" meanTravelTime="268.19" duration="2"/>
    <step time="588.80" loaded="1379" inserted="978" running="628" waiting="0" ended="350" meanWaitingTime="0.23" meanTravelTime="268.19" duration="2"/>
    <step time="588.90" loaded="1379" inserted="978" running="628" waiting="0" ended="350" meanWaitingTime="0.23" meanTravelTime="268.19" duration="2"/>
    <step time="589.00" loaded="1379" inserted="978" running="628" waiting="1" ended="350" meanWaitingTime="0.23" meanTravelTime="268.19" duration="1"/>
    <step time="589.10" loaded="1380" inserted="979" running="624" waiting="0" ended="355" meanWaitingTime="0.23" meanTravelTime="269.16" duration="3"/>
    <step time="589.20" loaded="1380" inserted="979" running="624" waiting="0" ended="355" meanWaitingTime="0.23" meanTravelTime="269.16" duration="2"/>
    <step time="589.30" loaded="1380" inserted="979" running="623" waiting="0" ended="356" meanWaitingTime="0.23" meanTravelTime="269.17" duration="1"/>
    <step time="589.40" loaded="1380" inserted="979" running="623" waiting="0" ended="356" meanWaitingTime="0.23" meanTravelTime="269.17" duration="2"/>
    <step time="589.50" loaded="1380" inserted="979" running="623" waiting="1" ended="356" meanWaitingTime="0.23" meanTravelTime="269.17" duration="1"/>
    <step time="589.60" loaded="1381" inserted="979" running="623" waiting="1" ended="356" meanWaitingTime="0.23" meanTravelTime="269.17" duration="2"/>
    <step time="589.70" loaded="1381" inserted="979" running="623" waiting="1" ended="356" meanWaitingTime="0.23" meanTravelTime="269.17" duration="2"/>
    <step time="589.80" loaded="1381" inserted="979" running="623" waiting="1" ended="356" meanWaitingTime="0.23" meanTravelTime="269.17" duration="2"/>
    <step time="589.90" loaded="1381" inserted="979" running="623" waiting="1" ended="356" meanWaitingTime="0.23" meanTravelTime="269.17" duration="1"/>
    <step time="590.00" loaded="1381" inserted="979" running="623" waiting="2" ended="356" meanWaitingTime="0.23" meanTravelTime="269.17" duration="2"/>
    <step time="590.10" loaded="1382" inserted="979" running="623" waiting="2" ended="356" meanWaitingTime="0.23" meanTravelTime="269.17" duration="2"/>
    <step time="590.20" loaded="1382" inserted="980" running="621" waiting="1" ended="359" meanWaitingTime="0.23" meanTravelTime="269.44" duration="2"/>
    <step time="590.30" loaded="1382" inserted="980" running="621" waiting="1" ended="359" meanWaitingTime="0.23" meanTravelTime="269.44" duration="2"/>
    <step time="590.40" loaded="1382" inserted="980" running="621" waiting="1" ended="359" meanWaitingTime="0.23" meanTravelTime="269.44" duration="2"/>
    <step time="590.50" loaded="1382" inserted="980" running="621" waiting="2" ended="359" meanWaitingTime="0.23" meanTravelTime="269.44" duration="1"/>
    <step time="590.60" loaded="1383" inserted="980" running="621" waiting="2" ended="359" meanWaitingTime="0.23" meanTravelTime="269.44" duration="2"/>
    <step time="590.70" loaded="1383" inserted="980" running="621" waiting="2" ended="359" meanWaitingTime="0.23" meanTravelTime="269.44" duration="1"/>
    <step time="590.80" loaded="1383" inserted="980" running="621" waiting="2" ended="359" meanWaitingTime="0.23" meanTravelTime="269.44" duration="2"/>
    <step time="590.90" loaded="1383" inserted="980" running="621" waiting="2" ended="359" meanWaitingTime="0.23" meanTravelTime="269.44" duration="2"/>
    <step time="591.00" loaded="1383" inserted="981" running="622" waiting="2" ended="359" meanWaitingTime="0.23" meanTravelTime="269.44" duration="2"/>
    <step time="591.10" loaded="1384" inserted="981" running="622" waiting="2" ended="359" meanWaitingTime="0.23" meanTravelTime="269.44" duration="2"/>
    <step time="591.20" loaded="1384" inserted="981" running="619" waiting="2" ended="362" meanWaitingTime="0.23" meanTravelTime="269.83" duration="1"/>
    <step time="591.30" loaded="1384" inserted="981" running="619" waiting="2" ended="362" meanWaitingTime="0.23" meanTravelTime="269.83" duration="2"/>
    <step time="591.40" loaded="1384" inserted="981" running="619" waiting="2" ended="362" meanWaitingTime="0.23" meanTravelTime="269.83" duration="2"/>
    <step time="591.50" loaded="1384" inserted="982" running="620" waiting="2" ended="362" meanWaitingTime="0.23" meanTravelTime="269.83" duration="1"/>
    <step time="591.60" loaded="1385" inserted="982" running="618" waiting="2" ended="364" meanWaitingTime="0.23" meanTravelTime="269.88" duration="2"/>
    <step time="591.70" loaded="1385" inserted="982" running="618" waiting="2" ended="364" meanWaitingTime="0.23" meanTravelTime="269.88" duration="1"/>
    <step time="591.80" loaded="1385" inserted="983" running="619" waiting="1" ended="364" meanWaitingTime="0.23" meanTravelTime="269.88" duration="2"/>
    <step time="591.90" loaded="1385" inserted="983" running="619" waiting="1" ended="364" meanWaitingTime="0.23" meanTravelTime="269.88" duration="1"/>
    <step time="592.00" loaded="1385" inserted="984" running="620" waiting="1" ended="364" meanWaitingTime="0.23" meanTravelTime="269.88" duration="2"/>
    <step time="592.10" loaded="1386" inserted="984" running="620" waiting="1" ended="364" meanWaitingTime="0.23" meanTravelTime="269.88" duration="1"/>
    <step time="592.20" loaded="1386" inserted="984" running="620" waiting="1" ended="364" meanWaitingTime="0.23" meanTravelTime="269.88" duration="2"/>
    <step time="592.30" loaded="1386" inserted="984" running="620" waiting="1" ended="364" meanWaitingTime="0.23" meanTravelTime="269.88" duration="2"/>
    <step time="592.40" loaded="1386" inserted="984" running="620" waiting="1" ended="364" meanWaitingTime="0.23" meanTravelTime="269.88" duration="1"/>
    <step time="592.50" loaded="1386" inserted="984" running="620" waiting="2" ended="364" meanWaitingTime="0.23" meanTravelTime="269.88" duration="2"/>
    <step time="592.60" loaded="1387" inserted="984" running="620" waiting="2" ended="364" meanWaitingTime="0.23" meanTravelTime="269.88" duration="1"/>
    <step time="592.70" loaded="1387" inserted="984" running="620" waiting="2" ended="364" meanWaitingTime="0.23" meanTravelTime="269.88" duration="2"/>
    <step time="592.80" loaded="1387" inserted="984" running="620" waiting="2" ended="364" meanWaitingTime="0.23" meanTravelTime="269.88" duration="1"/>
    <step time="592.90" loaded="1387" inserted="984" running="620" waiting="2" ended="364" meanWaitingTime="0.23" meanTravelTime="269.88" duration="2"/>
    <step time="593.00" loaded="1387" inserted="985" running="621" waiting="2" ended="364" meanWaitingTime="0.23" meanTravelTime="269.88" duration="2"/>
    <step time="593.10" loaded="1388" inserted="985" running="621" waiting="2" ended="364" meanWaitingTime="0.23" meanTravelTime="269.88" duration="1"/>
    <step time="593.20" loaded="1388" inserted="985" running="621" waiting="2" ended="364" meanWaitingTime="0.23" meanTravelTime="269.88" duration="2"/>
    <step time="593.30" loaded="1388" inserted="985" running="621" waiting="2" ended="364" meanWaitingTime="0.23" meanTravelTime="269.88" duration="1"/>
    <step time="593.40" loaded="1388" inserted="985" running="621" waiting="2" ended="364" meanWaitingTime="0.23" meanTravelTime="269.88" duration="2"/>
    <step time="593.50" loaded="1388" inserted="985" running="621" waiting="3" ended="364" meanWaitingTime="0.23" meanTravelTime="269.88" duration="2"/>
    <step time="593.60" loaded="1389" inserted="987" running="623" waiting="1" ended="364" meanWaitingTime="0.24" meanTravelTime="269.88" duration="2"/>
    <step time="593.70" loaded="1389" inserted="987" running="623" waiting="1" ended="364" meanWaitingTime="0.24" meanTravelTime="269.88" duration="2"/>
    <step time="593.80" loaded="1389" inserted="987" running="623" waiting="1" ended="364" meanWaitingTime="0.24" meanTravelTime="269.88" duration="1"/>
    <step time="593.90" loaded="1389" inserted="987" running="622" waiting="1" ended="365" meanWaitingTime="0.24" meanTravelTime="270.08" duration="1"/>
    <step time="594.00" loaded="1389" inserted="988" running="623" waiting="1" ended="365" meanWaitingTime="0.24" meanTravelTime="270.08" duration="2"/>
    <step time="594.10" loaded="1390" inserted="988" running="623" waiting="1" ended="365" meanWaitingTime="0.24" meanTravelTime="270.08" duration="1"/>
    <step time="594.20" loaded="1390" inserted="988" running="623" waiting="1" ended="365" meanWaitingTime="0.24" meanTravelTime="270.08" duration="2"/>
    <step time="594.30" loaded="1390" inserted="988" running="623" waiting="1" ended="365" meanWaitingTime="0.24" meanTravelTime="270.08" duration="1"/>
    <step time="594.40" loaded="1390" inserted="988" running="623" waiting="1" ended="365" meanWaitingTime="0.24" meanTravelTime="270.08" duration="2"/>
    <step time="594.50" loaded="1390" inserted="989" running="624" waiting="1" ended="365" meanWaitingTime="0.24" meanTravelTime="270.08" duration="2"/>
    <step time="594.60" loaded="1391" inserted="989" running="623" waiting="1" ended="366" meanWaitingTime="0.24" meanTravelTime="270.34" duration="2"/>
    <step time="594.70" loaded="1391" inserted="989" running="622" waiting="1" ended="367" meanWaitingTime="0.24" meanTravelTime="270.54" duration="1"/>
    <step time="594.80" loaded="1391" inserted="989" running="622" waiting="1" ended="367" meanWaitingTime="0.24" meanTravelTime="270.54" duration="2"/>
    <step time="594.90" loaded="1391" inserted="989" running="618" waiting="1" ended="371" meanWaitingTime="0.24" meanTravelTime="271.41" duration="2"/>
    <step time="595.00" loaded="1391" inserted="990" running="616" waiting="1" ended="374" meanWaitingTime="0.24" meanTravelTime="272.14" duration="1"/>
    <step time="595.10" loaded="1392" inserted="990" running="616" waiting="1" ended="374" meanWaitingTime="0.24" meanTravelTime="272.14" duration="1"/>
    <step time="595.20" loaded="1392" inserted="990" running="616" waiting="1" ended="374" meanWaitingTime="0.24" meanTravelTime="272.14" duration="2"/>
    <step time="595.30" loaded="1392" inserted="990" running="613" waiting="1" ended="377" meanWaitingTime="0.24" meanTravelTime="272.77" duration="1"/>
    <step time="595.40" loaded="1392" inserted="990" running="613" waiting="1" ended="377" meanWaitingTime="0.24" meanTravelTime="272.77" duration="1"/>
    <step time="595.50" loaded="1392" inserted="990" running="613" waiting="2" ended="377" meanWaitingTime="0.24" meanTravelTime="272.77" duration="1"/>
    <step time="595.60" loaded="1393" inserted="990" running="613" waiting="2" ended="377" meanWaitingTime="0.24" meanTravelTime="272.77" duration="2"/>
    <step time="595.70" loaded="1393" inserted="990" running="613" waiting="2" ended="377" meanWaitingTime="0.24" meanTravelTime="272.77" duration="1"/>
    <step time="595.80" loaded="1393" inserted="990" running="612" waiting="2" ended="378" meanWaitingTime="0.24" meanTravelTime="272.61" duration="1"/>
    <step time="595.90" loaded="1393" inserted="990" running="612" waiting="2" ended="378" meanWaitingTime="0.24" meanTravelTime="272.61" duration="2"/>
    <step time="596.00" loaded="1393" inserted="991" running="612" waiting="2" ended="379" meanWaitingTime="0.24" meanTravelTime="272.74" duration="2"/>
    <step time="596.10" loaded="1394" inserted="991" running="612" waiting="2" ended="379" meanWaitingTime="0.24" meanTravelTime="272.74" duration="1"/>
    <step time="596.20" loaded="1394" inserted="991" running="610" waiting="2" ended="381" meanWaitingTime="0.24" meanTravelTime="272.93" duration="2"/>
    <step time="596.30" loaded="1394" inserted="991" running="610" waiting="2" ended="381" meanWaitingTime="0.24" meanTravelTime="272.93" duration="1"/>
    <step time="596.40" loaded="1394" inserted="991" running="610" waiting="2" ended="381" meanWaitingTime="0.24" meanTravelTime="272.93" duration="2"/>
    <step time="596.50" loaded="1394" inserted="992" running="611" waiting="2" ended="381" meanWaitingTime="0.24" meanTravelTime="272.93" duration="2"/>
    <step time="596.60" loaded="1395" inserted="992" running="611" waiting="2" ended="381" meanWaitingTime="0.24" meanTravelTime="272.93" duration="1"/>
    <step time="596.70" loaded="1395" inserted="992" running="608" waiting="2" ended="384" meanWaitingTime="0.24" meanTravelTime="273.47" duration="1"/>
    <step time="596.80" loaded="1395" inserted="992" running="608" waiting="2" ended="384" meanWaitingTime="0.24" meanTravelTime="273.47" duration="2"/>
    <step time="596.90" loaded="1395" inserted="992" running="608" waiting="2" ended="384" meanWaitingTime="0.24" meanTravelTime="273.47" duration="1"/>
    <step time="597.00" loaded="1395" inserted="993" running="609" waiting="2" ended="384" meanWaitingTime="0.24" meanTravelTime="273.47" duration="1"/>
    <step time="597.10" loaded="1396" inserted="993" running="609" waiting="2" ended="384" meanWaitingTime="0.24" meanTravelTime="273.47" duration="3"/>
    <step time="597.20" loaded="1396" inserted="993" running="608" waiting="2" ended="385" meanWaitingTime="0.24" meanTravelTime="273.80" duration="2"/>
    <step time="597.30" loaded="1396" inserted="993" running="608" waiting="2" ended="385" meanWaitingTime="0.24" meanTravelTime="273.80" duration="2"/>
    <step time="597.40" loaded="1396" inserted="993" running="608" waiting="2" ended="385" meanWaitingTime="0.24" meanTravelTime="273.80" duration="1"/>
    <step time="597.50" loaded="1396" inserted="993" running="607" waiting="3" ended="386" meanWaitingTime="0.24" meanTravelTime="274.07" duration="2"/>
    <step time="597.60" loaded="1397" inserted="993" running="607" waiting="3" ended="386" meanWaitingTime="0.24" meanTravelTime="274.07" duration="1"/>
    <step time="597.70" loaded="1397" inserted="993" running="607" waiting="3" ended="386" meanWaitingTime="0.24" meanTravelTime="274.07" duration="1"/>
    <step time="597.80" loaded="1397" inserted="993" running="607" waiting="3" ended="386" meanWaitingTime="0.24" meanTravelTime="274.07" duration="2"/>
    <step time="597.90" loaded="1397" inserted="993" running="607" waiting="3" ended="386" meanWaitingTime="0.24" meanTravelTime="274.07" duration="1"/>
    <step time="598.00" loaded="1397" inserted="993" running="607" waiting="4" ended="386" meanWaitingTime="0.24" meanTravelTime="274.07" duration="1"/>
    <step time="598.10" loaded="1398" inserted="993" running="607" waiting="4" ended="386" meanWaitingTime="0.24" meanTravelTime="274.07" duration="1"/>
    <step time="598.20" loaded="1398" inserted="993" running="607" waiting="4" ended="386" meanWaitingTime="0.24" meanTravelTime="274.07" duration="2"/>
    <step time="598.30" loaded="1398" inserted="993" running="607" waiting="4" ended="386" meanWaitingTime="0.24" meanTravelTime="274.07" duration="1"/>
    <step time="598.40" loaded="1398" inserted="995" running="609" waiting="2" ended="386" meanWaitingTime="0.24" meanTravelTime="274.07" duration="1"/>
    <step time="598.50" loaded="1398" inserted="996" running="609" waiting="2" ended="387" meanWaitingTime="0.24" meanTravelTime="274.00" duration="1"/>
    <step time="598.60" loaded="1399" inserted="996" running="609" waiting="2" ended="387" meanWaitingTime="0.24" meanTravelTime="274.00" duration="2"/>
    <step time="598.70" loaded="1399" inserted="996" running="609" waiting="2" ended="387" meanWaitingTime="0.24" meanTravelTime="274.00" duration="1"/>
    <step time="598.80" loaded="1399" inserted="996" running="609" waiting="2" ended="387" meanWaitingTime="0.24" meanTravelTime="274.00" duration="1"/>
    <step time="598.90" loaded="1399" inserted="996" running="609" waiting="2" ended="387" meanWaitingTime="0.24" meanTravelTime="274.00" duration="1"/>
    <step time="599.00" loaded="1399" inserted="997" running="608" waiting="2" ended="389" meanWaitingTime="0.24" meanTravelTime="274.06" duration="1"/>
    <step time="599.10" loaded="1400" inserted="997" running="608" waiting="2" ended="389" meanWaitingTime="0.24" meanTravelTime="274.06" duration="1"/>
    <step time="599.20" loaded="1400" inserted="997" running="608" waiting="2" ended="389" meanWaitingTime="0.24" meanTravelTime="274.06" duration="2"/>
    <step time="599.30" loaded="1400" inserted="997" running="608" waiting="2" ended="389" meanWaitingTime="0.24" meanTravelTime="274.06" duration="1"/>
    <step time="599.40" loaded="1400" inserted="997" running="608" waiting="2" ended="389" meanWaitingTime="0.24" meanTravelTime="274.06" duration="1"/>
    <step time="599.50" loaded="1400" inserted="998" running="609" waiting="2" ended="389" meanWaitingTime="0.24" meanTravelTime="274.06" duration="1"/>
    <step time="599.60" loaded="1401" inserted="998" running="609" waiting="2" ended="389" meanWaitingTime="0.24" meanTravelTime="274.06" duration="2"/>
    <step time="599.70" loaded="1401" inserted="998" running="609" waiting="2" ended="389" meanWaitingTime="0.24" meanTravelTime="274.06" duration="1"/>
    <step time="599.80" loaded="1401" inserted="998" running="609" waiting="2" ended="389" meanWaitingTime="0.24" meanTravelTime="274.06" duration="1"/>
    <step time="599.90" loaded="1401" inserted="999" running="610" waiting="1" ended="389" meanWaitingTime="0.24" meanTravelTime="274.06" duration="1"/>
</summary>
